#
# A fatal error has been detected by the Java Runtime Environment:
#
#  SIGSEGV (0xb) at pc=0x00007fb0d552f613, pid=6006, tid=140395875604224
#
# JRE version: Java(TM) SE Runtime Environment (8.0_51-b16) (build 1.8.0_51-b16)
# Java VM: Java HotSpot(TM) 64-Bit Server VM (25.51-b03 mixed mode linux-amd64 compressed oops)
# Problematic frame:
# V  [libjvm.so+0x7e8613]  LinkResolver::resolve_invokevirtual(CallInfo&, Handle, constantPoolHandle, int, Thread*)+0x233
#
# Failed to write core dump. Core dumps have been disabled. To enable core dumping, try "ulimit -c unlimited" before starting Java again
#
# If you would like to submit a bug report, please visit:
#   http://bugreport.java.com/bugreport/crash.jsp
#

---------------  T H R E A D  ---------------

Current thread (0x00007fb0d028d800):  JavaThread "JavaFX Application Thread" [_thread_in_vm, id=6030, stack(0x00007fb0763b1000,0x00007fb0764b2000)]

siginfo: si_signo: 11 (SIGSEGV), si_code: 2 (SEGV_ACCERR), si_addr: 0x00000000d0070c98

Registers:
RAX=0x00007fb0d5cb82b0, RBX=0x00007fb0d028d1e0, RCX=0x000000000000001f, RDX=0x00000000d0070c90
RSP=0x00007fb0764af150, RBP=0x00007fb0764af1f0, RSI=0x00007fb0bdbb3c60, RDI=0x000000000000000c
R8 =0x00007fb0d028d1e0, R9 =0x000000000000000c, R10=0x000000000000000b, R11=0x000000010000da28
R12=0x0000000000000000, R13=0x00007fb0d028d800, R14=0x00007fb0bdbb3c60, R15=0x000000000000001a
RIP=0x00007fb0d552f613, EFLAGS=0x0000000000010202, CSGSFS=0x0000000000000033, ERR=0x0000000000000004
  TRAPNO=0x000000000000000e

Top of Stack: (sp=0x00007fb0764af150)
0x00007fb0764af150:   00007fb0d028d800 00007fb07d26d069
0x00007fb0764af160:   00007fb0bdbb3c60 00007fb0d028d800
0x00007fb0764af170:   00007fb0d028d110 00007fb0764af310
0x00007fb0764af180:   00007fb0bdbb3c60 00007fb0d028d800
0x00007fb0764af190:   000000010009b348 00007fb0d67cf610
0x00007fb0764af1a0:   00007fb0d67ac920 00007fb0d67a89d0
0x00007fb0764af1b0:   000000010000da28 000000010009b348
0x00007fb0764af1c0:   0000000000000001 00007fb0d028d1e0
0x00007fb0764af1d0:   0000000000000000 00007fb0d028d800
0x00007fb0764af1e0:   000000000000001a 00007fb0764af310
0x00007fb0764af1f0:   00007fb0764af2a0 00007fb0d5530f64
0x00007fb0764af200:   000000000000029c 00007fb0764af220
0x00007fb0764af210:   00007fb0764af230 00007fb0d5618749
0x00007fb0764af220:   00007fb0764af260 0000000000000000
0x00007fb0764af230:   00007fb0764af250 00007fb0d53c3135
0x00007fb0764af240:   00007fb0bdbb3c60 00007fb0d028d800
0x00007fb0764af250:   00007fb0764af2a0 00007fb0d53c31d0
0x00007fb0764af260:   00007fb0764af5c8 00007fb0c07d40c3
0x00007fb0764af270:   00007fb0c07b85d0 000000000000001a
0x00007fb0764af280:   0000000000000000 00007fb0d028d800
0x00007fb0764af290:   00007fb0764af480 00007fb0764af310
0x00007fb0764af2a0:   00007fb0764af5b0 00007fb0d53c1972
0x00007fb0764af2b0:   00007fb0764af440 00000003d5dfd139
0x00007fb0764af2c0:   0000000000000000 00007fb07d26adfe
0x00007fb0764af2d0:   0004000500000007 00007fb09c26a9a3
0x00007fb0764af2e0:   000000b6764af340 00007fb090000e60
0x00007fb0764af2f0:   00007fb090000e70 00007fb090001248
0x00007fb0764af300:   00000000000003d8 00007fb0d028d110
0x00007fb0764af310:   0000000000000000 0000000000000000
0x00007fb0764af320:   0000000000000000 0000000000000000
0x00007fb0764af330:   0000000000000000 0000000000000000
0x00007fb0764af340:   00007fb0764af390 0000000000000000 

Instructions: (pc=0x00007fb0d552f613)
0x00007fb0d552f5f3:   83 7d 80 00 74 26 48 8b 45 80 48 8b 10 48 8b 05
0x00007fb0d552f603:   49 c3 76 00 80 38 00 74 69 48 8b 05 a5 9d 76 00
0x00007fb0d552f613:   8b 52 08 8b 48 08 48 d3 e2 48 03 10 48 8b 4d c0
0x00007fb0d552f623:   4c 89 6c 24 18 c7 44 24 10 01 00 00 00 c7 44 24 

Register to memory mapping:

RAX=0x00007fb0d5cb82b0: <offset 0xf712b0> in /usr/lib/jvm/jre1.8.0_51/lib/amd64/server/libjvm.so at 0x00007fb0d4d47000
RBX=0x00007fb0d028d1e0 is an unknown value
RCX=0x000000000000001f is an unknown value
RDX=0x00000000d0070c90 is an unallocated location in the heap
RSP=0x00007fb0764af150 is pointing into the stack for thread: 0x00007fb0d028d800
RBP=0x00007fb0764af1f0 is pointing into the stack for thread: 0x00007fb0d028d800
RSI=0x00007fb0bdbb3c60 is pointing into metadata
RDI=0x000000000000000c is an unknown value
R8 =0x00007fb0d028d1e0 is an unknown value
R9 =0x000000000000000c is an unknown value
R10=0x000000000000000b is an unknown value
R11=0x000000010000da28 is pointing into metadata
R12=0x0000000000000000 is an unknown value
R13=0x00007fb0d028d800 is a thread
R14=0x00007fb0bdbb3c60 is pointing into metadata
R15=0x000000000000001a is an unknown value


Stack: [0x00007fb0763b1000,0x00007fb0764b2000],  sp=0x00007fb0764af150,  free space=1016k
Native frames: (J=compiled Java code, j=interpreted, Vv=VM code, C=native code)
V  [libjvm.so+0x7e8613]  LinkResolver::resolve_invokevirtual(CallInfo&, Handle, constantPoolHandle, int, Thread*)+0x233
V  [libjvm.so+0x7e9f64]  LinkResolver::resolve_invoke(CallInfo&, Handle, constantPoolHandle, int, Bytecodes::Code, Thread*)+0x2e4
V  [libjvm.so+0x67a972]  InterpreterRuntime::resolve_invoke(JavaThread*, Bytecodes::Code)+0x1b2
j  com.sun.glass.ui.gtk.GtkView.notifyInputMethodDraw(Ljava/lang/String;III[B)V+50
v  ~StubRoutines::call_stub
V  [libjvm.so+0x681a26]  JavaCalls::call_helper(JavaValue*, methodHandle*, JavaCallArguments*, Thread*)+0x1056
V  [libjvm.so+0x6c432b]  jni_invoke_nonstatic(JNIEnv_*, JavaValue*, _jobject*, JNICallType, _jmethodID*, JNI_ArgumentPusher*, Thread*)+0x41b
V  [libjvm.so+0x6c86ef]  jni_CallVoidMethodV+0x10f
C  [libglass.so+0x1b798]  JNIEnv_::CallVoidMethod(_jobject*, _jmethodID*, ...)+0x98
C  [libglass.so+0x22955]  im_preedit_draw(_XIM*, char*, char*)+0x1f5
C  [libX11.so.6+0x591d8]
C  0x0000000000000001

Java frames: (J=compiled Java code, j=interpreted, Vv=VM code)
j  com.sun.glass.ui.gtk.GtkView.notifyInputMethodDraw(Ljava/lang/String;III[B)V+50
v  ~StubRoutines::call_stub
j  com.sun.glass.ui.gtk.GtkApplication._runLoop(Ljava/lang/Runnable;Z)V+0
j  com.sun.glass.ui.gtk.GtkApplication.lambda$null$48(Ljava/lang/Runnable;Z)V+7
j  com.sun.glass.ui.gtk.GtkApplication$$Lambda$41.run()V+12
j  java.lang.Thread.run()V+11
v  ~StubRoutines::call_stub

---------------  P R O C E S S  ---------------

Java Threads: ( => current thread )
  0x00007fb06032c800 JavaThread "Prism Font Disposer" daemon [_thread_blocked, id=6032, stack(0x00007fb07505f000,0x00007fb075160000)]
  0x00007fb0d0291000 JavaThread "JavaFX-Launcher" [_thread_blocked, id=6031, stack(0x00007fb0762a0000,0x00007fb0763a1000)]
=>0x00007fb0d028d800 JavaThread "JavaFX Application Thread" [_thread_in_vm, id=6030, stack(0x00007fb0763b1000,0x00007fb0764b2000)]
  0x00007fb0d0287800 JavaThread "Thread-1" daemon [_thread_blocked, id=6029, stack(0x00007fb0764b2000,0x00007fb0765b3000)]
  0x00007fb0d01cd800 JavaThread "QuantumRenderer-0" daemon [_thread_blocked, id=6026, stack(0x00007fb09f1e7000,0x00007fb09f2e8000)]
  0x00007fb0d00c0000 JavaThread "Service Thread" daemon [_thread_blocked, id=6023, stack(0x00007fb09f3e9000,0x00007fb09f4ea000)]
  0x00007fb0d00bb000 JavaThread "C1 CompilerThread2" daemon [_thread_blocked, id=6022, stack(0x00007fb09f4ea000,0x00007fb09f5eb000)]
  0x00007fb0d00b9000 JavaThread "C2 CompilerThread1" daemon [_thread_blocked, id=6021, stack(0x00007fb09f5eb000,0x00007fb09f6ec000)]
  0x00007fb0d00b6000 JavaThread "C2 CompilerThread0" daemon [_thread_blocked, id=6020, stack(0x00007fb09f6ec000,0x00007fb09f7ed000)]
  0x00007fb0d00b4800 JavaThread "Signal Dispatcher" daemon [_thread_blocked, id=6019, stack(0x00007fb0bc0c9000,0x00007fb0bc1ca000)]
  0x00007fb0d007f000 JavaThread "Finalizer" daemon [_thread_blocked, id=6018, stack(0x00007fb0bc1ca000,0x00007fb0bc2cb000)]
  0x00007fb0d007c800 JavaThread "Reference Handler" daemon [_thread_blocked, id=6017, stack(0x00007fb0bc2cb000,0x00007fb0bc3cc000)]
  0x00007fb0d000a000 JavaThread "main" [_thread_blocked, id=6008, stack(0x00007fb0d680a000,0x00007fb0d690b000)]

Other Threads:
  0x00007fb0d0077800 VMThread [stack: 0x00007fb0bc3cc000,0x00007fb0bc4cd000] [id=6016]
  0x00007fb0d00c2800 WatcherThread [stack: 0x00007fb09f2e8000,0x00007fb09f3e9000] [id=6024]

VM state:not at safepoint (normal execution)

VM Mutex/Monitor currently owned by a thread: None

Heap:
 PSYoungGen      total 17920K, used 7725K [0x00000000ec000000, 0x00000000ee300000, 0x0000000100000000)
  eden space 15360K, 33% used [0x00000000ec000000,0x00000000ec5106c8,0x00000000ecf00000)
  from space 2560K, 99% used [0x00000000ed180000,0x00000000ed3fadd8,0x00000000ed400000)
  to   space 2560K, 0% used [0x00000000ecf00000,0x00000000ecf00000,0x00000000ed180000)
 ParOldGen       total 40960K, used 2564K [0x00000000c4000000, 0x00000000c6800000, 0x00000000ec000000)
  object space 40960K, 6% used [0x00000000c4000000,0x00000000c4281370,0x00000000c6800000)
 Metaspace       used 16654K, capacity 17574K, committed 17792K, reserved 1064960K
  class space    used 2425K, capacity 2619K, committed 2688K, reserved 1048576K

Card table byte_map: [0x00007fb0d4013000,0x00007fb0d41f4000] byte_map_base: 0x00007fb0d39f3000

Marking Bits: (ParMarkBitMap*) 0x00007fb0d5ce5660
 Begin Bits: [0x00007fb0be0af000, 0x00007fb0befaf000)
 End Bits:   [0x00007fb0befaf000, 0x00007fb0bfeaf000)

Polling page: 0x00007fb0d692c000

CodeCache: size=245760Kb used=5566Kb max_used=5566Kb free=240193Kb
 bounds [0x00007fb0c07b3000, 0x00007fb0c0d33000, 0x00007fb0cf7b3000]
 total_blobs=2521 nmethods=1886 adapters=548
 compilation: enabled

Compilation events (10 events):
Event: 5.872 Thread 0x00007fb0d00bb000 1882       3       javafx.scene.Node::getLayoutY (19 bytes)
Event: 5.872 Thread 0x00007fb0d00bb000 nmethod 1882 0x00007fb0c0d202d0 code [0x00007fb0c0d20460, 0x00007fb0c0d20828]
Event: 5.872 Thread 0x00007fb0d00bb000 1884       3       com.sun.javafx.geom.transform.Affine3D::transform (352 bytes)
Event: 5.874 Thread 0x00007fb0d00bb000 nmethod 1884 0x00007fb0c0d20950 code [0x00007fb0c0d20cc0, 0x00007fb0c0d22928]
Event: 5.874 Thread 0x00007fb0d00bb000 1886       3       java.lang.Math::floor (5 bytes)
Event: 5.874 Thread 0x00007fb0d00bb000 nmethod 1886 0x00007fb0c0d23150 code [0x00007fb0c0d232e0, 0x00007fb0c0d234a8]
Event: 5.874 Thread 0x00007fb0d00bb000 1885       1       com.sun.javafx.geom.BoxBounds::is2D (2 bytes)
Event: 5.874 Thread 0x00007fb0d00bb000 nmethod 1885 0x00007fb0c0d23590 code [0x00007fb0c0d236e0, 0x00007fb0c0d237f0]
Event: 5.874 Thread 0x00007fb0d00bb000 1883       3       com.sun.javafx.sg.prism.NGNode::accumulateDirtyRegions (112 bytes)
Event: 5.875 Thread 0x00007fb0d00bb000 nmethod 1883 0x00007fb0c0d23850 code [0x00007fb0c0d23a00, 0x00007fb0c0d23fc8]

GC Heap History (4 events):
Event: 0.550 GC heap before
{Heap before GC invocations=1 (full 0):
 PSYoungGen      total 17920K, used 15360K [0x00000000ec000000, 0x00000000ed400000, 0x0000000100000000)
  eden space 15360K, 100% used [0x00000000ec000000,0x00000000ecf00000,0x00000000ecf00000)
  from space 2560K, 0% used [0x00000000ed180000,0x00000000ed180000,0x00000000ed400000)
  to   space 2560K, 0% used [0x00000000ecf00000,0x00000000ecf00000,0x00000000ed180000)
 ParOldGen       total 40960K, used 0K [0x00000000c4000000, 0x00000000c6800000, 0x00000000ec000000)
  object space 40960K, 0% used [0x00000000c4000000,0x00000000c4000000,0x00000000c6800000)
 Metaspace       used 9501K, capacity 9908K, committed 10112K, reserved 1058816K
  class space    used 1197K, capacity 1321K, committed 1408K, reserved 1048576K
Event: 0.554 GC heap after
Heap after GC invocations=1 (full 0):
 PSYoungGen      total 17920K, used 2544K [0x00000000ec000000, 0x00000000ed400000, 0x0000000100000000)
  eden space 15360K, 0% used [0x00000000ec000000,0x00000000ec000000,0x00000000ecf00000)
  from space 2560K, 99% used [0x00000000ecf00000,0x00000000ed17c060,0x00000000ed180000)
  to   space 2560K, 0% used [0x00000000ed180000,0x00000000ed180000,0x00000000ed400000)
 ParOldGen       total 40960K, used 296K [0x00000000c4000000, 0x00000000c6800000, 0x00000000ec000000)
  object space 40960K, 0% used [0x00000000c4000000,0x00000000c404a000,0x00000000c6800000)
 Metaspace       used 9501K, capacity 9908K, committed 10112K, reserved 1058816K
  class space    used 1197K, capacity 1321K, committed 1408K, reserved 1048576K
}
Event: 1.074 GC heap before
{Heap before GC invocations=2 (full 0):
 PSYoungGen      total 17920K, used 17904K [0x00000000ec000000, 0x00000000ed400000, 0x0000000100000000)
  eden space 15360K, 100% used [0x00000000ec000000,0x00000000ecf00000,0x00000000ecf00000)
  from space 2560K, 99% used [0x00000000ecf00000,0x00000000ed17c060,0x00000000ed180000)
  to   space 2560K, 0% used [0x00000000ed180000,0x00000000ed180000,0x00000000ed400000)
 ParOldGen       total 40960K, used 296K [0x00000000c4000000, 0x00000000c6800000, 0x00000000ec000000)
  object space 40960K, 0% used [0x00000000c4000000,0x00000000c404a000,0x00000000c6800000)
 Metaspace       used 15242K, capacity 16132K, committed 16384K, reserved 1062912K
  class space    used 2283K, capacity 2444K, committed 2560K, reserved 1048576K
Event: 1.083 GC heap after
Heap after GC invocations=2 (full 0):
 PSYoungGen      total 17920K, used 2539K [0x00000000ec000000, 0x00000000ee300000, 0x0000000100000000)
  eden space 15360K, 0% used [0x00000000ec000000,0x00000000ec000000,0x00000000ecf00000)
  from space 2560K, 99% used [0x00000000ed180000,0x00000000ed3fadd8,0x00000000ed400000)
  to   space 2560K, 0% used [0x00000000ecf00000,0x00000000ecf00000,0x00000000ed180000)
 ParOldGen       total 40960K, used 2564K [0x00000000c4000000, 0x00000000c6800000, 0x00000000ec000000)
  object space 40960K, 6% used [0x00000000c4000000,0x00000000c4281370,0x00000000c6800000)
 Metaspace       used 15242K, capacity 16132K, committed 16384K, reserved 1062912K
  class space    used 2283K, capacity 2444K, committed 2560K, reserved 1048576K
}

Deoptimization events (10 events):
Event: 0.820 Thread 0x00007fb0d028d800 Uncommon trap: reason=class_check action=maybe_recompile pc=0x00007fb0c09fa334 method=java.io.DataInputStream.readShort()S @ 4
Event: 0.821 Thread 0x00007fb0d028d800 Uncommon trap: reason=class_check action=maybe_recompile pc=0x00007fb0c09fa334 method=java.io.DataInputStream.readShort()S @ 4
Event: 0.821 Thread 0x00007fb0d028d800 Uncommon trap: reason=class_check action=maybe_recompile pc=0x00007fb0c09fa334 method=java.io.DataInputStream.readShort()S @ 4
Event: 0.829 Thread 0x00007fb0d028d800 Uncommon trap: reason=class_check action=maybe_recompile pc=0x00007fb0c08d5db8 method=java.lang.String.equals(Ljava/lang/Object;)Z @ 8
Event: 0.829 Thread 0x00007fb0d028d800 Uncommon trap: reason=class_check action=maybe_recompile pc=0x00007fb0c08d5db8 method=java.lang.String.equals(Ljava/lang/Object;)Z @ 8
Event: 0.829 Thread 0x00007fb0d028d800 Uncommon trap: reason=class_check action=maybe_recompile pc=0x00007fb0c08d5db8 method=java.lang.String.equals(Ljava/lang/Object;)Z @ 8
Event: 0.832 Thread 0x00007fb0d028d800 Uncommon trap: reason=class_check action=maybe_recompile pc=0x00007fb0c08d5db8 method=java.lang.String.equals(Ljava/lang/Object;)Z @ 8
Event: 1.051 Thread 0x00007fb0d028d800 Uncommon trap: reason=unstable_if action=reinterpret pc=0x00007fb0c09f33e0 method=java.lang.CharacterData.of(I)Ljava/lang/CharacterData; @ 4
Event: 1.297 Thread 0x00007fb0d028d800 Uncommon trap: reason=unstable_if action=reinterpret pc=0x00007fb0c0b158a4 method=jdk.internal.org.objectweb.asm.Type.getArgumentsAndReturnSizes(Ljava/lang/String;)I @ 47
Event: 2.510 Thread 0x00007fb0d01cd800 Uncommon trap: reason=unstable_if action=reinterpret pc=0x00007fb0c0bfd994 method=java.lang.StrictMath.floorOrCeil(DDDD)D @ 115

Internal exceptions (10 events):
Event: 0.163 Thread 0x00007fb0d000a000 Exception <a 'java/lang/NullPointerException'> (0x00000000ec2c58f8) thrown at [/HUDSON/workspace/8-2-build-linux-amd64/jdk8u51/3951/hotspot/src/share/vm/interpreter/linkResolver.cpp, line 1178]
Event: 0.435 Thread 0x00007fb0d028d800 Exception <a 'java/lang/NullPointerException'> (0x00000000ecb0e1b0) thrown at [/HUDSON/workspace/8-2-build-linux-amd64/jdk8u51/3951/hotspot/src/share/vm/interpreter/linkResolver.cpp, line 1178]
Event: 0.435 Thread 0x00007fb0d028d800 Exception <a 'java/lang/NullPointerException'> (0x00000000ecb0e1b0) thrown at [/HUDSON/workspace/8-2-build-linux-amd64/jdk8u51/3951/hotspot/src/share/vm/prims/jvm.cpp, line 1386]
Event: 0.603 Thread 0x00007fb0d028d800 Exception <a 'java/lang/ArrayIndexOutOfBoundsException'> (0x00000000ec1974b0) thrown at [/HUDSON/workspace/8-2-build-linux-amd64/jdk8u51/3951/hotspot/src/share/vm/runtime/sharedRuntime.cpp, line 605]
Event: 0.604 Thread 0x00007fb0d028d800 Exception <a 'java/lang/ArrayIndexOutOfBoundsException'> (0x00000000ec198100) thrown at [/HUDSON/workspace/8-2-build-linux-amd64/jdk8u51/3951/hotspot/src/share/vm/runtime/sharedRuntime.cpp, line 605]
Event: 0.604 Thread 0x00007fb0d028d800 Exception <a 'java/lang/ArrayIndexOutOfBoundsException'> (0x00000000ec1993f8) thrown at [/HUDSON/workspace/8-2-build-linux-amd64/jdk8u51/3951/hotspot/src/share/vm/runtime/sharedRuntime.cpp, line 605]
Event: 0.638 Thread 0x00007fb0d028d800 Exception <a 'java/lang/ArrayIndexOutOfBoundsException'> (0x00000000ec31ad78) thrown at [/HUDSON/workspace/8-2-build-linux-amd64/jdk8u51/3951/hotspot/src/share/vm/runtime/sharedRuntime.cpp, line 605]
Event: 0.639 Thread 0x00007fb0d028d800 Exception <a 'java/lang/ArrayIndexOutOfBoundsException'> (0x00000000ec31bcc8) thrown at [/HUDSON/workspace/8-2-build-linux-amd64/jdk8u51/3951/hotspot/src/share/vm/runtime/sharedRuntime.cpp, line 605]
Event: 0.639 Thread 0x00007fb0d028d800 Exception <a 'java/lang/ArrayIndexOutOfBoundsException'> (0x00000000ec31d488) thrown at [/HUDSON/workspace/8-2-build-linux-amd64/jdk8u51/3951/hotspot/src/share/vm/runtime/sharedRuntime.cpp, line 605]
Event: 0.741 Thread 0x00007fb0d028d800 Implicit null exception at 0x00007fb0c0a85875 to 0x00007fb0c0a85a91

Events (10 events):
Event: 4.965 loading class com/sun/javafx/tk/quantum/GlassViewEventHandler$1
Event: 4.965 loading class com/sun/javafx/tk/quantum/GlassViewEventHandler$1 done
Event: 4.970 loading class com/sun/prism/shape/ShapeRep$InvalidationType
Event: 4.970 loading class com/sun/prism/shape/ShapeRep$InvalidationType done
Event: 5.110 loading class com/sun/javafx/tk/quantum/GlassViewEventHandler
Event: 5.110 loading class com/sun/javafx/tk/quantum/GlassViewEventHandler done
Event: 5.111 loading class com/sun/javafx/scene/input/KeyCodeMap
Event: 5.111 loading class com/sun/javafx/scene/input/KeyCodeMap done
Event: 5.606 loading class com/sun/javafx/geometry/BoundsUtils
Event: 5.606 loading class com/sun/javafx/geometry/BoundsUtils done


Dynamic libraries:
00400000-00401000 r-xp 00000000 08:03 3937306                            /usr/lib/jvm/jre1.8.0_51/bin/java
00600000-00601000 rw-p 00000000 08:03 3937306                            /usr/lib/jvm/jre1.8.0_51/bin/java
00c66000-00c87000 rw-p 00000000 00:00 0                                  [heap]
c4000000-c6800000 rw-p 00000000 00:00 0 
c6800000-ec000000 ---p 00000000 00:00 0 
ec000000-ee300000 rw-p 00000000 00:00 0 
ee300000-100000000 ---p 00000000 00:00 0 
100000000-1002a0000 rw-p 00000000 00:00 0 
1002a0000-140000000 ---p 00000000 00:00 0 
7fb058000000-7fb058021000 rw-p 00000000 00:00 0 
7fb058021000-7fb05c000000 ---p 00000000 00:00 0 
7fb060000000-7fb060632000 rw-p 00000000 00:00 0 
7fb060632000-7fb064000000 ---p 00000000 00:00 0 
7fb064000000-7fb064021000 rw-p 00000000 00:00 0 
7fb064021000-7fb068000000 ---p 00000000 00:00 0 
7fb068000000-7fb068022000 rw-p 00000000 00:00 0 
7fb068022000-7fb06c000000 ---p 00000000 00:00 0 
7fb06c000000-7fb06c021000 rw-p 00000000 00:00 0 
7fb06c021000-7fb070000000 ---p 00000000 00:00 0 
7fb070000000-7fb070021000 rw-p 00000000 00:00 0 
7fb070021000-7fb074000000 ---p 00000000 00:00 0 
7fb0745a4000-7fb0745b4000 rw-s 00000000 00:04 36665                      /drm mm object (deleted)
7fb0745b4000-7fb0745b5000 rw-s 00000000 00:04 38034                      /drm mm object (deleted)
7fb0745b5000-7fb0745bd000 rw-s 00000000 00:04 36656                      /drm mm object (deleted)
7fb0745bd000-7fb0745cd000 rw-s 00000000 00:04 38044                      /drm mm object (deleted)
7fb0745cd000-7fb07468d000 rw-p 00000000 00:00 0 
7fb07468d000-7fb0747cd000 ---p 00000000 00:00 0 
7fb0747d1000-7fb074991000 rw-s 00000000 00:04 36651                      /drm mm object (deleted)
7fb074991000-7fb074994000 rw-p 00000000 00:00 0 
7fb074994000-7fb074995000 rw-s 00000000 00:04 36666                      /drm mm object (deleted)
7fb074995000-7fb074997000 rw-s 00000000 00:04 38040                      /drm mm object (deleted)
7fb074997000-7fb074998000 rw-s 00000000 00:04 38032                      /drm mm object (deleted)
7fb074998000-7fb0749f8000 rw-s 00000000 00:04 38039                      /drm mm object (deleted)
7fb0749f8000-7fb074a06000 rw-s 00000000 00:04 38038                      /drm mm object (deleted)
7fb074a06000-7fb074a07000 rw-s 00000000 00:04 38031                      /drm mm object (deleted)
7fb074a07000-7fb074a17000 rw-s 00000000 00:04 38037                      /drm mm object (deleted)
7fb074a17000-7fb074a18000 rw-s 00000000 00:04 38026                      /drm mm object (deleted)
7fb074a18000-7fb074a19000 rw-s 00000000 00:04 38036                      /drm mm object (deleted)
7fb074a19000-7fb074a29000 rw-s 00000000 00:04 38035                      /drm mm object (deleted)
7fb074a29000-7fb074a35000 rw-s 00000000 00:04 38025                      /drm mm object (deleted)
7fb074a35000-7fb074a48000 r--s 00344000 08:03 3937243                    /usr/lib/jvm/jre1.8.0_51/lib/resources.jar
7fb074a48000-7fb074e5f000 r--p 00000000 08:03 10748738                   /usr/share/fonts/truetype/nanum/NanumGothicBold.ttf
7fb074e5f000-7fb07505f000 rw-p 00000000 00:00 0 
7fb07505f000-7fb075062000 ---p 00000000 00:00 0 
7fb075062000-7fb075160000 rw-p 00000000 00:00 0                          [stack:6032]
7fb075160000-7fb075585000 r--p 00000000 08:03 10748737                   /usr/share/fonts/truetype/nanum/NanumGothic.ttf
7fb075585000-7fb07558a000 r--s 00083000 08:03 3937215                    /usr/lib/jvm/jre1.8.0_51/lib/jfr.jar
7fb07558a000-7fb07578a000 rw-p 00000000 00:00 0 
7fb07578a000-7fb0757ad000 r--p 00000000 08:03 8259164                    /usr/share/fonts/truetype/msttcorefonts/Georgia.ttf
7fb0757ad000-7fb0757c0000 r--p 00000000 08:03 3937208                    /usr/lib/jvm/jre1.8.0_51/lib/fonts/LucidaBrightDemiBold.ttf
7fb0757c0000-7fb07580e000 r--p 00000000 08:03 3937209                    /usr/lib/jvm/jre1.8.0_51/lib/fonts/LucidaSansDemiBold.ttf
7fb07580e000-7fb075863000 r--p 00000000 08:03 3937204                    /usr/lib/jvm/jre1.8.0_51/lib/fonts/LucidaBrightRegular.ttf
7fb075863000-7fb075877000 r--p 00000000 08:03 3937203                    /usr/lib/jvm/jre1.8.0_51/lib/fonts/LucidaBrightItalic.ttf
7fb075877000-7fb0758b1000 r--p 00000000 08:03 3937205                    /usr/lib/jvm/jre1.8.0_51/lib/fonts/LucidaTypewriterBold.ttf
7fb0758b1000-7fb0758ed000 r--p 00000000 08:03 3937202                    /usr/lib/jvm/jre1.8.0_51/lib/fonts/LucidaTypewriterRegular.ttf
7fb0758ed000-7fb075900000 r--p 00000000 08:03 3937207                    /usr/lib/jvm/jre1.8.0_51/lib/fonts/LucidaBrightDemiItalic.ttf
7fb075900000-7fb0759ab000 r--p 00000000 08:03 3937206                    /usr/lib/jvm/jre1.8.0_51/lib/fonts/LucidaSansRegular.ttf
7fb0759ab000-7fb0759af000 r-xp 00000000 08:03 3937192                    /usr/lib/jvm/jre1.8.0_51/lib/amd64/libjavafx_font_pango.so
7fb0759af000-7fb075bae000 ---p 00004000 08:03 3937192                    /usr/lib/jvm/jre1.8.0_51/lib/amd64/libjavafx_font_pango.so
7fb075bae000-7fb075baf000 r--p 00003000 08:03 3937192                    /usr/lib/jvm/jre1.8.0_51/lib/amd64/libjavafx_font_pango.so
7fb075baf000-7fb075bb0000 rw-p 00004000 08:03 3937192                    /usr/lib/jvm/jre1.8.0_51/lib/amd64/libjavafx_font_pango.so
7fb075bb0000-7fb075bb1000 r--s 00000000 08:03 526163                     /var/cache/fontconfig/c05880de57d1f5e948fdfacc138775d9-le64.cache-4
7fb075bb1000-7fb075bbc000 r--s 00000000 08:03 526157                     /var/cache/fontconfig/945677eb7aeaf62f1d50efc3fb3ec7d8-le64.cache-4
7fb075bbc000-7fb075bbe000 r--s 00000000 08:03 527549                     /var/cache/fontconfig/99e8ed0e538f840c565b6ed5dad60d56-le64.cache-4
7fb075bbe000-7fb075bc7000 r--s 00000000 08:03 526799                     /var/cache/fontconfig/a6d8cf8e4ec09cdbc8633c31745a07dd-le64.cache-4
7fb075bc7000-7fb075bcd000 r--s 00000000 08:03 526143                     /var/cache/fontconfig/2cd17615ca594fa2959ae173292e504c-le64.cache-4
7fb075bcd000-7fb075bce000 r--s 00000000 08:03 526173                     /var/cache/fontconfig/e7071f4a29fa870f4323321c154eba04-le64.cache-4
7fb075bce000-7fb075bcf000 r--s 00000000 08:03 526140                     /var/cache/fontconfig/0d8c3b2ac0904cb8a57a757ad11a4a08-le64.cache-4
7fb075bcf000-7fb075bd6000 r--s 00000000 08:03 526160                     /var/cache/fontconfig/a755afe4a08bf5b97852ceb7400b47bc-le64.cache-4
7fb075bd6000-7fb075bea000 r--s 00000000 08:03 526138                     /var/cache/fontconfig/04aabc0a78ac019cf9454389977116d2-le64.cache-4
7fb075bea000-7fb075beb000 r--s 00000000 08:03 526142                     /var/cache/fontconfig/1ac9eb803944fde146138c791f5cc56a-le64.cache-4
7fb075beb000-7fb075bef000 r--s 00000000 08:03 526146                     /var/cache/fontconfig/385c0604a188198f04d133e54aba7fe7-le64.cache-4
7fb075bef000-7fb075bf0000 r--s 00000000 08:03 526170                     /var/cache/fontconfig/dc05db6664285cc2f12bf69c139ae4c3-le64.cache-4
7fb075bf0000-7fb075bf2000 r--s 00000000 08:03 526154                     /var/cache/fontconfig/767a8244fc0220cfb567a839d0392e0b-le64.cache-4
7fb075bf2000-7fb075bf3000 r--s 00000000 08:03 527396                     /var/cache/fontconfig/4794a0821666d79190d59a36cb4f44b5-le64.cache-4
7fb075bf3000-7fb075bf9000 r--s 00000000 08:03 526798                     /var/cache/fontconfig/8801497958630a81b71ace7c5f9b32a8-le64.cache-4
7fb075bf9000-7fb075c34000 r--s 00000000 08:03 526450                     /var/cache/fontconfig/365b55f210c0a22e9a19e35191240f32-le64.cache-4
7fb075c34000-7fb075c3b000 r--s 00000000 08:03 526144                     /var/cache/fontconfig/3047814df9a2f067bd2d96a2b9c36e5a-le64.cache-4
7fb075c3b000-7fb075c41000 r--s 00000000 08:03 526161                     /var/cache/fontconfig/b47c4e1ecd0709278f4910c18777a504-le64.cache-4
7fb075c41000-7fb075c4a000 r--s 00000000 08:03 527548                     /var/cache/fontconfig/52f7bdb7ce746bfd7eaa1985bd9cfa93-le64.cache-4
7fb075c4a000-7fb075c5d000 r--s 00000000 08:03 526167                     /var/cache/fontconfig/d52a8644073d54c13679302ca1180695-le64.cache-4
7fb075c5d000-7fb075c66000 r--s 00000000 08:03 527397                     /var/cache/fontconfig/3f7329c5293ffd510edef78f73874cfd-le64.cache-4
7fb075c66000-7fb075c71000 r--s 00000000 08:03 529955                     /var/cache/fontconfig/d589a48862398ed80a3d6066f4f56f4c-le64.cache-4
7fb075c71000-7fb075c7e000 r--s 00000000 08:03 526149                     /var/cache/fontconfig/e13b20fdb08344e0e664864cc2ede53d-le64.cache-4
7fb075c7e000-7fb075c82000 r--s 00000000 08:03 526224                     /var/cache/fontconfig/7ef2298fde41cc6eeb7af42e48b7d293-le64.cache-4
7fb075c82000-7fb075c87000 r-xp 00000000 08:03 3937136                    /usr/lib/jvm/jre1.8.0_51/lib/amd64/libjavafx_font_freetype.so
7fb075c87000-7fb075e86000 ---p 00005000 08:03 3937136                    /usr/lib/jvm/jre1.8.0_51/lib/amd64/libjavafx_font_freetype.so
7fb075e86000-7fb075e87000 r--p 00004000 08:03 3937136                    /usr/lib/jvm/jre1.8.0_51/lib/amd64/libjavafx_font_freetype.so
7fb075e87000-7fb075e88000 rw-p 00005000 08:03 3937136                    /usr/lib/jvm/jre1.8.0_51/lib/amd64/libjavafx_font_freetype.so
7fb075e88000-7fb075e8b000 r-xp 00000000 08:03 3937140                    /usr/lib/jvm/jre1.8.0_51/lib/amd64/libjavafx_font.so
7fb075e8b000-7fb07608a000 ---p 00003000 08:03 3937140                    /usr/lib/jvm/jre1.8.0_51/lib/amd64/libjavafx_font.so
7fb07608a000-7fb07608b000 r--p 00002000 08:03 3937140                    /usr/lib/jvm/jre1.8.0_51/lib/amd64/libjavafx_font.so
7fb07608b000-7fb07608c000 rw-p 00003000 08:03 3937140                    /usr/lib/jvm/jre1.8.0_51/lib/amd64/libjavafx_font.so
7fb07608c000-7fb07628c000 rw-p 00000000 00:00 0 
7fb07628c000-7fb076293000 r--s 00049000 08:03 4593731                    /home/dexterastin/Java/JavaClass/lib/httpcore-4.4.3.jar
7fb076293000-7fb0762a0000 r--s 000a6000 08:03 4593727                    /home/dexterastin/Java/JavaClass/lib/httpclient-4.5.1.jar
7fb0762a0000-7fb0762a3000 ---p 00000000 00:00 0 
7fb0762a3000-7fb0763a1000 rw-p 00000000 00:00 0                          [stack:6031]
7fb0763a1000-7fb0763a9000 rw-s 00000000 00:04 39087                      /drm mm object (deleted)
7fb0763a9000-7fb0763b1000 rw-s 00000000 00:04 39086                      /drm mm object (deleted)
7fb0763b1000-7fb0763b4000 ---p 00000000 00:00 0 
7fb0763b4000-7fb0764b2000 rw-p 00000000 00:00 0                          [stack:6030]
7fb0764b2000-7fb0764b5000 ---p 00000000 00:00 0 
7fb0764b5000-7fb0765b3000 rw-p 00000000 00:00 0                          [stack:6029]
7fb0765b3000-7fb0765b4000 ---p 00000000 00:00 0 
7fb0765b4000-7fb076db4000 rw-p 00000000 00:00 0                          [stack:6028]
7fb076db4000-7fb076db5000 ---p 00000000 00:00 0 
7fb076db5000-7fb0775b5000 rw-p 00000000 00:00 0                          [stack:6027]
7fb0775b5000-7fb0775c0000 r-xp 00000000 08:03 10093528                   /usr/lib/x86_64-linux-gnu/gio/modules/libdconfsettings.so
7fb0775c0000-7fb0777c0000 ---p 0000b000 08:03 10093528                   /usr/lib/x86_64-linux-gnu/gio/modules/libdconfsettings.so
7fb0777c0000-7fb0777c1000 r--p 0000b000 08:03 10093528                   /usr/lib/x86_64-linux-gnu/gio/modules/libdconfsettings.so
7fb0777c1000-7fb0777c2000 rw-p 0000c000 08:03 10093528                   /usr/lib/x86_64-linux-gnu/gio/modules/libdconfsettings.so
7fb0777c2000-7fb077804000 r--p 00000000 08:03 10761820                   /usr/share/glib-2.0/schemas/gschemas.compiled
7fb077804000-7fb07780b000 r-xp 00000000 08:03 9708107                    /usr/lib/x86_64-linux-gnu/libogg.so.0.8.1
7fb07780b000-7fb077a0b000 ---p 00007000 08:03 9708107                    /usr/lib/x86_64-linux-gnu/libogg.so.0.8.1
7fb077a0b000-7fb077a0c000 r--p 00007000 08:03 9708107                    /usr/lib/x86_64-linux-gnu/libogg.so.0.8.1
7fb077a0c000-7fb077a0d000 rw-p 00008000 08:03 9708107                    /usr/lib/x86_64-linux-gnu/libogg.so.0.8.1
7fb077a0d000-7fb077a39000 r-xp 00000000 08:03 9708383                    /usr/lib/x86_64-linux-gnu/libvorbis.so.0.4.5
7fb077a39000-7fb077c38000 ---p 0002c000 08:03 9708383                    /usr/lib/x86_64-linux-gnu/libvorbis.so.0.4.5
7fb077c38000-7fb077c39000 r--p 0002b000 08:03 9708383                    /usr/lib/x86_64-linux-gnu/libvorbis.so.0.4.5
7fb077c39000-7fb077c3a000 rw-p 0002c000 08:03 9708383                    /usr/lib/x86_64-linux-gnu/libvorbis.so.0.4.5
7fb077c3a000-7fb077c43000 r-xp 00000000 08:03 9708013                    /usr/lib/x86_64-linux-gnu/libltdl.so.7.3.0
7fb077c43000-7fb077e42000 ---p 00009000 08:03 9708013                    /usr/lib/x86_64-linux-gnu/libltdl.so.7.3.0
7fb077e42000-7fb077e43000 r--p 00008000 08:03 9708013                    /usr/lib/x86_64-linux-gnu/libltdl.so.7.3.0
7fb077e43000-7fb077e44000 rw-p 00009000 08:03 9708013                    /usr/lib/x86_64-linux-gnu/libltdl.so.7.3.0
7fb077e44000-7fb077e55000 r-xp 00000000 08:03 9708302                    /usr/lib/x86_64-linux-gnu/libtdb.so.1.2.12
7fb077e55000-7fb078054000 ---p 00011000 08:03 9708302                    /usr/lib/x86_64-linux-gnu/libtdb.so.1.2.12
7fb078054000-7fb078055000 r--p 00010000 08:03 9708302                    /usr/lib/x86_64-linux-gnu/libtdb.so.1.2.12
7fb078055000-7fb078056000 rw-p 00011000 08:03 9708302                    /usr/lib/x86_64-linux-gnu/libtdb.so.1.2.12
7fb078056000-7fb07805d000 r-xp 00000000 08:03 9708387                    /usr/lib/x86_64-linux-gnu/libvorbisfile.so.3.3.4
7fb07805d000-7fb07825c000 ---p 00007000 08:03 9708387                    /usr/lib/x86_64-linux-gnu/libvorbisfile.so.3.3.4
7fb07825c000-7fb07825d000 r--p 00006000 08:03 9708387                    /usr/lib/x86_64-linux-gnu/libvorbisfile.so.3.3.4
7fb07825d000-7fb07825e000 rw-p 00007000 08:03 9708387                    /usr/lib/x86_64-linux-gnu/libvorbisfile.so.3.3.4
7fb07825e000-7fb07826d000 r-xp 00000000 08:03 9707527                    /usr/lib/x86_64-linux-gnu/libcanberra.so.0.2.5
7fb07826d000-7fb07846c000 ---p 0000f000 08:03 9707527                    /usr/lib/x86_64-linux-gnu/libcanberra.so.0.2.5
7fb07846c000-7fb07846d000 r--p 0000e000 08:03 9707527                    /usr/lib/x86_64-linux-gnu/libcanberra.so.0.2.5
7fb07846d000-7fb07846e000 rw-p 0000f000 08:03 9707527                    /usr/lib/x86_64-linux-gnu/libcanberra.so.0.2.5
7fb07846e000-7fb078472000 r-xp 00000000 08:03 9707523                    /usr/lib/x86_64-linux-gnu/libcanberra-gtk.so.0.1.9
7fb078472000-7fb078671000 ---p 00004000 08:03 9707523                    /usr/lib/x86_64-linux-gnu/libcanberra-gtk.so.0.1.9
7fb078671000-7fb078672000 r--p 00003000 08:03 9707523                    /usr/lib/x86_64-linux-gnu/libcanberra-gtk.so.0.1.9
7fb078672000-7fb078673000 rw-p 00004000 08:03 9707523                    /usr/lib/x86_64-linux-gnu/libcanberra-gtk.so.0.1.9
7fb078673000-7fb078678000 r-xp 00000000 08:03 10093783                   /usr/lib/x86_64-linux-gnu/gtk-2.0/modules/libcanberra-gtk-module.so
7fb078678000-7fb078877000 ---p 00005000 08:03 10093783                   /usr/lib/x86_64-linux-gnu/gtk-2.0/modules/libcanberra-gtk-module.so
7fb078877000-7fb078878000 r--p 00004000 08:03 10093783                   /usr/lib/x86_64-linux-gnu/gtk-2.0/modules/libcanberra-gtk-module.so
7fb078878000-7fb078879000 rw-p 00005000 08:03 10093783                   /usr/lib/x86_64-linux-gnu/gtk-2.0/modules/libcanberra-gtk-module.so
7fb078879000-7fb0788a8000 r-xp 00000000 08:03 10093765                   /usr/lib/x86_64-linux-gnu/gtk-2.0/2.10.0/engines/libmurrine.so
7fb0788a8000-7fb078aa8000 ---p 0002f000 08:03 10093765                   /usr/lib/x86_64-linux-gnu/gtk-2.0/2.10.0/engines/libmurrine.so
7fb078aa8000-7fb078aa9000 r--p 0002f000 08:03 10093765                   /usr/lib/x86_64-linux-gnu/gtk-2.0/2.10.0/engines/libmurrine.so
7fb078aa9000-7fb078aaa000 rw-p 00030000 08:03 10093765                   /usr/lib/x86_64-linux-gnu/gtk-2.0/2.10.0/engines/libmurrine.so
7fb078aaa000-7fb078aba000 r-xp 00000000 08:03 9708351                    /usr/lib/x86_64-linux-gnu/libunity-gtk2-parser.so.0.0.0
7fb078aba000-7fb078cb9000 ---p 00010000 08:03 9708351                    /usr/lib/x86_64-linux-gnu/libunity-gtk2-parser.so.0.0.0
7fb078cb9000-7fb078cba000 r--p 0000f000 08:03 9708351                    /usr/lib/x86_64-linux-gnu/libunity-gtk2-parser.so.0.0.0
7fb078cba000-7fb078cbb000 rw-p 00010000 08:03 9708351                    /usr/lib/x86_64-linux-gnu/libunity-gtk2-parser.so.0.0.0
7fb078cbb000-7fb078cbc000 r--s 00000000 08:03 526150                     /var/cache/fontconfig/56cf4f4769d0f4abc89a4895d7bd3ae1-le64.cache-4
7fb078cbc000-7fb078cbd000 r--s 00000000 08:03 526162                     /var/cache/fontconfig/b9d506c9ac06c20b433354fa67a72993-le64.cache-4
7fb078cbd000-7fb078cbf000 r--s 0000e000 08:03 4593428                    /home/dexterastin/Java/JavaClass/lib/commons-logging-1.2.jar
7fb078cbf000-7fb078cd9000 r--p 00000000 08:03 10358167                   /usr/share/locale-langpack/ko/LC_MESSAGES/glib20.mo
7fb078cd9000-7fb078cde000 r-xp 00000000 08:03 10093787                   /usr/lib/x86_64-linux-gnu/gtk-2.0/modules/libunity-gtk-module.so
7fb078cde000-7fb078edd000 ---p 00005000 08:03 10093787                   /usr/lib/x86_64-linux-gnu/gtk-2.0/modules/libunity-gtk-module.so
7fb078edd000-7fb078ede000 r--p 00004000 08:03 10093787                   /usr/lib/x86_64-linux-gnu/gtk-2.0/modules/libunity-gtk-module.so
7fb078ede000-7fb078edf000 rw-p 00005000 08:03 10093787                   /usr/lib/x86_64-linux-gnu/gtk-2.0/modules/libunity-gtk-module.so
7fb078edf000-7fb078ef0000 r-xp 00000000 08:03 10093786                   /usr/lib/x86_64-linux-gnu/gtk-2.0/modules/liboverlay-scrollbar.so
7fb078ef0000-7fb0790ef000 ---p 00011000 08:03 10093786                   /usr/lib/x86_64-linux-gnu/gtk-2.0/modules/liboverlay-scrollbar.so
7fb0790ef000-7fb0790f0000 r--p 00010000 08:03 10093786                   /usr/lib/x86_64-linux-gnu/gtk-2.0/modules/liboverlay-scrollbar.so
7fb0790f0000-7fb0790f1000 rw-p 00011000 08:03 10093786                   /usr/lib/x86_64-linux-gnu/gtk-2.0/modules/liboverlay-scrollbar.so
7fb0790f1000-7fb07911c000 r-xp 00000000 08:03 3937145                    /usr/lib/jvm/jre1.8.0_51/lib/amd64/libglass.so
7fb07911c000-7fb07931b000 ---p 0002b000 08:03 3937145                    /usr/lib/jvm/jre1.8.0_51/lib/amd64/libglass.so
7fb07931b000-7fb07931d000 r--p 0002a000 08:03 3937145                    /usr/lib/jvm/jre1.8.0_51/lib/amd64/libglass.so
7fb07931d000-7fb07931e000 rw-p 0002c000 08:03 3937145                    /usr/lib/jvm/jre1.8.0_51/lib/amd64/libglass.so
7fb07931e000-7fb07931f000 rw-p 00000000 00:00 0 
7fb07931f000-7fb079356000 r-xp 00000000 08:03 9708334                    /usr/lib/x86_64-linux-gnu/libtxc_dxtn_s2tc.so.0.0.0
7fb079356000-7fb079555000 ---p 00037000 08:03 9708334                    /usr/lib/x86_64-linux-gnu/libtxc_dxtn_s2tc.so.0.0.0
7fb079555000-7fb079556000 r--p 00036000 08:03 9708334                    /usr/lib/x86_64-linux-gnu/libtxc_dxtn_s2tc.so.0.0.0
7fb079556000-7fb079557000 rw-p 00037000 08:03 9708334                    /usr/lib/x86_64-linux-gnu/libtxc_dxtn_s2tc.so.0.0.0
7fb079557000-7fb07955f000 r-xp 00000000 08:03 9708139                    /usr/lib/x86_64-linux-gnu/libpciaccess.so.0.11.1
7fb07955f000-7fb07975e000 ---p 00008000 08:03 9708139                    /usr/lib/x86_64-linux-gnu/libpciaccess.so.0.11.1
7fb07975e000-7fb07975f000 r--p 00007000 08:03 9708139                    /usr/lib/x86_64-linux-gnu/libpciaccess.so.0.11.1
7fb07975f000-7fb079760000 rw-p 00008000 08:03 9708139                    /usr/lib/x86_64-linux-gnu/libpciaccess.so.0.11.1
7fb079760000-7fb07976c000 r-xp 00000000 08:03 9710672                    /usr/lib/x86_64-linux-gnu/libdrm_radeon.so.1.0.1
7fb07976c000-7fb07996b000 ---p 0000c000 08:03 9710672                    /usr/lib/x86_64-linux-gnu/libdrm_radeon.so.1.0.1
7fb07996b000-7fb07996c000 r--p 0000b000 08:03 9710672                    /usr/lib/x86_64-linux-gnu/libdrm_radeon.so.1.0.1
7fb07996c000-7fb07996d000 rw-p 0000c000 08:03 9710672                    /usr/lib/x86_64-linux-gnu/libdrm_radeon.so.1.0.1
7fb07996d000-7fb079973000 r-xp 00000000 08:03 9710669                    /usr/lib/x86_64-linux-gnu/libdrm_nouveau.so.2.0.0
7fb079973000-7fb079b72000 ---p 00006000 08:03 9710669                    /usr/lib/x86_64-linux-gnu/libdrm_nouveau.so.2.0.0
7fb079b72000-7fb079b73000 r--p 00005000 08:03 9710669                    /usr/lib/x86_64-linux-gnu/libdrm_nouveau.so.2.0.0
7fb079b73000-7fb079b74000 rw-p 00006000 08:03 9710669                    /usr/lib/x86_64-linux-gnu/libdrm_nouveau.so.2.0.0
7fb079b74000-7fb079b94000 r-xp 00000000 08:03 9710664                    /usr/lib/x86_64-linux-gnu/libdrm_intel.so.1.0.0
7fb079b94000-7fb079d93000 ---p 00020000 08:03 9710664                    /usr/lib/x86_64-linux-gnu/libdrm_intel.so.1.0.0
7fb079d93000-7fb079d94000 r--p 0001f000 08:03 9710664                    /usr/lib/x86_64-linux-gnu/libdrm_intel.so.1.0.0
7fb079d94000-7fb079d95000 rw-p 00020000 08:03 9710664                    /usr/lib/x86_64-linux-gnu/libdrm_intel.so.1.0.0
7fb079d95000-7fb07a29d000 r-xp 00000000 08:03 10092866                   /usr/lib/x86_64-linux-gnu/dri/i965_dri.so
7fb07a29d000-7fb07a49c000 ---p 00508000 08:03 10092866                   /usr/lib/x86_64-linux-gnu/dri/i965_dri.so
7fb07a49c000-7fb07a4b6000 r--p 00507000 08:03 10092866                   /usr/lib/x86_64-linux-gnu/dri/i965_dri.so
7fb07a4b6000-7fb07a4bc000 rw-p 00521000 08:03 10092866                   /usr/lib/x86_64-linux-gnu/dri/i965_dri.so
7fb07a4bc000-7fb07a4c7000 rw-p 00000000 00:00 0 
7fb07a4c7000-7fb07a50b000 r-xp 00000000 08:03 11276251                   /lib/x86_64-linux-gnu/libdbus-1.so.3.7.6
7fb07a50b000-7fb07a70a000 ---p 00044000 08:03 11276251                   /lib/x86_64-linux-gnu/libdbus-1.so.3.7.6
7fb07a70a000-7fb07a70b000 r--p 00043000 08:03 11276251                   /lib/x86_64-linux-gnu/libdbus-1.so.3.7.6
7fb07a70b000-7fb07a70c000 rw-p 00044000 08:03 11276251                   /lib/x86_64-linux-gnu/libdbus-1.so.3.7.6
7fb07a70c000-7fb07a714000 r-xp 00000000 08:03 11276299                   /lib/x86_64-linux-gnu/libnih-dbus.so.1.0.0
7fb07a714000-7fb07a914000 ---p 00008000 08:03 11276299                   /lib/x86_64-linux-gnu/libnih-dbus.so.1.0.0
7fb07a914000-7fb07a915000 r--p 00008000 08:03 11276299                   /lib/x86_64-linux-gnu/libnih-dbus.so.1.0.0
7fb07a915000-7fb07a916000 rw-p 00009000 08:03 11276299                   /lib/x86_64-linux-gnu/libnih-dbus.so.1.0.0
7fb07a916000-7fb07a92d000 r-xp 00000000 08:03 11276301                   /lib/x86_64-linux-gnu/libnih.so.1.0.0
7fb07a92d000-7fb07ab2c000 ---p 00017000 08:03 11276301                   /lib/x86_64-linux-gnu/libnih.so.1.0.0
7fb07ab2c000-7fb07ab2d000 r--p 00016000 08:03 11276301                   /lib/x86_64-linux-gnu/libnih.so.1.0.0
7fb07ab2d000-7fb07ab2e000 rw-p 00017000 08:03 11276301                   /lib/x86_64-linux-gnu/libnih.so.1.0.0
7fb07ab2e000-7fb07ab47000 r-xp 00000000 08:03 11276242                   /lib/x86_64-linux-gnu/libcgmanager.so.0.0.0
7fb07ab47000-7fb07ad46000 ---p 00019000 08:03 11276242                   /lib/x86_64-linux-gnu/libcgmanager.so.0.0.0
7fb07ad46000-7fb07ad48000 r--p 00018000 08:03 11276242                   /lib/x86_64-linux-gnu/libcgmanager.so.0.0.0
7fb07ad48000-7fb07ad49000 rw-p 0001a000 08:03 11276242                   /lib/x86_64-linux-gnu/libcgmanager.so.0.0.0
7fb07ad49000-7fb07ad59000 r-xp 00000000 08:03 11276384                   /lib/x86_64-linux-gnu/libudev.so.1.3.5
7fb07ad59000-7fb07af58000 ---p 00010000 08:03 11276384                   /lib/x86_64-linux-gnu/libudev.so.1.3.5
7fb07af58000-7fb07af59000 r--p 0000f000 08:03 11276384                   /lib/x86_64-linux-gnu/libudev.so.1.3.5
7fb07af59000-7fb07af5a000 rw-p 00010000 08:03 11276384                   /lib/x86_64-linux-gnu/libudev.so.1.3.5
7fb07af5a000-7fb07af60000 r-xp 00000000 08:03 9707591                    /usr/lib/x86_64-linux-gnu/libdatrie.so.1.3.1
7fb07af60000-7fb07b15f000 ---p 00006000 08:03 9707591                    /usr/lib/x86_64-linux-gnu/libdatrie.so.1.3.1
7fb07b15f000-7fb07b160000 r--p 00005000 08:03 9707591                    /usr/lib/x86_64-linux-gnu/libdatrie.so.1.3.1
7fb07b160000-7fb07b161000 rw-p 00006000 08:03 9707591                    /usr/lib/x86_64-linux-gnu/libdatrie.so.1.3.1
7fb07b161000-7fb07b166000 r-xp 00000000 08:03 9707399                    /usr/lib/x86_64-linux-gnu/libXdmcp.so.6.0.0
7fb07b166000-7fb07b365000 ---p 00005000 08:03 9707399                    /usr/lib/x86_64-linux-gnu/libXdmcp.so.6.0.0
7fb07b365000-7fb07b366000 r--p 00004000 08:03 9707399                    /usr/lib/x86_64-linux-gnu/libXdmcp.so.6.0.0
7fb07b366000-7fb07b367000 rw-p 00005000 08:03 9707399                    /usr/lib/x86_64-linux-gnu/libXdmcp.so.6.0.0
7fb07b367000-7fb07b369000 r-xp 00000000 08:03 9707388                    /usr/lib/x86_64-linux-gnu/libXau.so.6.0.0
7fb07b369000-7fb07b569000 ---p 00002000 08:03 9707388                    /usr/lib/x86_64-linux-gnu/libXau.so.6.0.0
7fb07b569000-7fb07b56a000 r--p 00002000 08:03 9707388                    /usr/lib/x86_64-linux-gnu/libXau.so.6.0.0
7fb07b56a000-7fb07b56b000 rw-p 00003000 08:03 9707388                    /usr/lib/x86_64-linux-gnu/libXau.so.6.0.0
7fb07b56b000-7fb07b585000 r-xp 00000000 08:03 9707817                    /usr/lib/x86_64-linux-gnu/libgraphite2.so.3.0.1
7fb07b585000-7fb07b784000 ---p 0001a000 08:03 9707817                    /usr/lib/x86_64-linux-gnu/libgraphite2.so.3.0.1
7fb07b784000-7fb07b786000 r--p 00019000 08:03 9707817                    /usr/lib/x86_64-linux-gnu/libgraphite2.so.3.0.1
7fb07b786000-7fb07b787000 rw-p 0001b000 08:03 9707817                    /usr/lib/x86_64-linux-gnu/libgraphite2.so.3.0.1
7fb07b787000-7fb07b792000 r-xp 00000000 08:03 9703857                    /usr/lib/x86_64-linux-gnu/libdrm.so.2.4.0
7fb07b792000-7fb07b991000 ---p 0000b000 08:03 9703857                    /usr/lib/x86_64-linux-gnu/libdrm.so.2.4.0
7fb07b991000-7fb07b992000 r--p 0000a000 08:03 9703857                    /usr/lib/x86_64-linux-gnu/libdrm.so.2.4.0
7fb07b992000-7fb07b993000 rw-p 0000b000 08:03 9703857                    /usr/lib/x86_64-linux-gnu/libdrm.so.2.4.0
7fb07b993000-7fb07b994000 r-xp 00000000 08:03 9708466                    /usr/lib/x86_64-linux-gnu/libxshmfence.so.1.0.0
7fb07b994000-7fb07bb93000 ---p 00001000 08:03 9708466                    /usr/lib/x86_64-linux-gnu/libxshmfence.so.1.0.0
7fb07bb93000-7fb07bb94000 r--p 00000000 08:03 9708466                    /usr/lib/x86_64-linux-gnu/libxshmfence.so.1.0.0
7fb07bb94000-7fb07bb95000 rw-p 00001000 08:03 9708466                    /usr/lib/x86_64-linux-gnu/libxshmfence.so.1.0.0
7fb07bb95000-7fb07bb9a000 r-xp 00000000 08:03 9708448                    /usr/lib/x86_64-linux-gnu/libxcb-sync.so.1.0.0
7fb07bb9a000-7fb07bd99000 ---p 00005000 08:03 9708448                    /usr/lib/x86_64-linux-gnu/libxcb-sync.so.1.0.0
7fb07bd99000-7fb07bd9a000 r--p 00004000 08:03 9708448                    /usr/lib/x86_64-linux-gnu/libxcb-sync.so.1.0.0
7fb07bd9a000-7fb07bd9b000 rw-p 00005000 08:03 9708448                    /usr/lib/x86_64-linux-gnu/libxcb-sync.so.1.0.0
7fb07bd9b000-7fb07bd9d000 r-xp 00000000 08:03 9708436                    /usr/lib/x86_64-linux-gnu/libxcb-present.so.0.0.0
7fb07bd9d000-7fb07bf9c000 ---p 00002000 08:03 9708436                    /usr/lib/x86_64-linux-gnu/libxcb-present.so.0.0.0
7fb07bf9c000-7fb07bf9d000 r--p 00001000 08:03 9708436                    /usr/lib/x86_64-linux-gnu/libxcb-present.so.0.0.0
7fb07bf9d000-7fb07bf9e000 rw-p 00002000 08:03 9708436                    /usr/lib/x86_64-linux-gnu/libxcb-present.so.0.0.0
7fb07bf9e000-7fb07bfa0000 r-xp 00000000 08:03 9708426                    /usr/lib/x86_64-linux-gnu/libxcb-dri3.so.0.0.0
7fb07bfa0000-7fb07c19f000 ---p 00002000 08:03 9708426                    /usr/lib/x86_64-linux-gnu/libxcb-dri3.so.0.0.0
7fb07c19f000-7fb07c1a0000 r--p 00001000 08:03 9708426                    /usr/lib/x86_64-linux-gnu/libxcb-dri3.so.0.0.0
7fb07c1a0000-7fb07c1a1000 rw-p 00002000 08:03 9708426                    /usr/lib/x86_64-linux-gnu/libxcb-dri3.so.0.0.0
7fb07c1a1000-7fb07c1a4000 r-xp 00000000 08:03 9708424                    /usr/lib/x86_64-linux-gnu/libxcb-dri2.so.0.0.0
7fb07c1a4000-7fb07c3a4000 ---p 00003000 08:03 9708424                    /usr/lib/x86_64-linux-gnu/libxcb-dri2.so.0.0.0
7fb07c3a4000-7fb07c3a5000 r--p 00003000 08:03 9708424                    /usr/lib/x86_64-linux-gnu/libxcb-dri2.so.0.0.0
7fb07c3a5000-7fb07c3a6000 rw-p 00004000 08:03 9708424                    /usr/lib/x86_64-linux-gnu/libxcb-dri2.so.0.0.0
7fb07c3a6000-7fb07c3bb000 r-xp 00000000 08:03 9708428                    /usr/lib/x86_64-linux-gnu/libxcb-glx.so.0.0.0
7fb07c3bb000-7fb07c5ba000 ---p 00015000 08:03 9708428                    /usr/lib/x86_64-linux-gnu/libxcb-glx.so.0.0.0
7fb07c5ba000-7fb07c5bc000 r--p 00014000 08:03 9708428                    /usr/lib/x86_64-linux-gnu/libxcb-glx.so.0.0.0
7fb07c5bc000-7fb07c5bd000 rw-p 00016000 08:03 9708428                    /usr/lib/x86_64-linux-gnu/libxcb-glx.so.0.0.0
7fb07c5bd000-7fb07c5be000 r-xp 00000000 08:03 9707382                    /usr/lib/x86_64-linux-gnu/libX11-xcb.so.1.0.0
7fb07c5be000-7fb07c7bd000 ---p 00001000 08:03 9707382                    /usr/lib/x86_64-linux-gnu/libX11-xcb.so.1.0.0
7fb07c7bd000-7fb07c7be000 r--p 00000000 08:03 9707382                    /usr/lib/x86_64-linux-gnu/libX11-xcb.so.1.0.0
7fb07c7be000-7fb07c7bf000 rw-p 00001000 08:03 9707382                    /usr/lib/x86_64-linux-gnu/libX11-xcb.so.1.0.0
7fb07c7bf000-7fb07c7e3000 r-xp 00000000 08:03 9707775                    /usr/lib/x86_64-linux-gnu/libglapi.so.0.0.0
7fb07c7e3000-7fb07c9e3000 ---p 00024000 08:03 9707775                    /usr/lib/x86_64-linux-gnu/libglapi.so.0.0.0
7fb07c9e3000-7fb07c9e6000 r--p 00024000 08:03 9707775                    /usr/lib/x86_64-linux-gnu/libglapi.so.0.0.0
7fb07c9e6000-7fb07c9e7000 rw-p 00027000 08:03 9707775                    /usr/lib/x86_64-linux-gnu/libglapi.so.0.0.0
7fb07c9e7000-7fb07c9e8000 rw-p 00000000 00:00 0 
7fb07c9e8000-7fb07ca25000 r-xp 00000000 08:03 11276290                   /lib/x86_64-linux-gnu/libpcre.so.3.13.1
7fb07ca25000-7fb07cc24000 ---p 0003d000 08:03 11276290                   /lib/x86_64-linux-gnu/libpcre.so.3.13.1
7fb07cc24000-7fb07cc25000 r--p 0003c000 08:03 11276290                   /lib/x86_64-linux-gnu/libpcre.so.3.13.1
7fb07cc25000-7fb07cc26000 rw-p 0003d000 08:03 11276290                   /lib/x86_64-linux-gnu/libpcre.so.3.13.1
7fb07cc26000-7fb07cc2d000 r-xp 00000000 08:03 9707670                    /usr/lib/x86_64-linux-gnu/libffi.so.6.0.1
7fb07cc2d000-7fb07ce2c000 ---p 00007000 08:03 9707670                    /usr/lib/x86_64-linux-gnu/libffi.so.6.0.1
7fb07ce2c000-7fb07ce2d000 r--p 00006000 08:03 9707670                    /usr/lib/x86_64-linux-gnu/libffi.so.6.0.1
7fb07ce2d000-7fb07ce2e000 rw-p 00007000 08:03 9707670                    /usr/lib/x86_64-linux-gnu/libffi.so.6.0.1
7fb07ce2e000-7fb07ce55000 r-xp 00000000 08:03 11280221                   /lib/x86_64-linux-gnu/libexpat.so.1.6.0
7fb07ce55000-7fb07d055000 ---p 00027000 08:03 11280221                   /lib/x86_64-linux-gnu/libexpat.so.1.6.0
7fb07d055000-7fb07d057000 r--p 00027000 08:03 11280221                   /lib/x86_64-linux-gnu/libexpat.so.1.6.0
7fb07d057000-7fb07d058000 rw-p 00029000 08:03 11280221                   /lib/x86_64-linux-gnu/libexpat.so.1.6.0
7fb07d058000-7fb07d060000 r-xp 00000000 08:03 9708314                    /usr/lib/x86_64-linux-gnu/libthai.so.0.2.0
7fb07d060000-7fb07d25f000 ---p 00008000 08:03 9708314                    /usr/lib/x86_64-linux-gnu/libthai.so.0.2.0
7fb07d25f000-7fb07d260000 r--p 00007000 08:03 9708314                    /usr/lib/x86_64-linux-gnu/libthai.so.0.2.0
7fb07d260000-7fb07d261000 rw-p 00008000 08:03 9708314                    /usr/lib/x86_64-linux-gnu/libthai.so.0.2.0
7fb07d261000-7fb07d27e000 r-xp 00000000 08:03 9708456                    /usr/lib/x86_64-linux-gnu/libxcb.so.1.1.0
7fb07d27e000-7fb07d47e000 ---p 0001d000 08:03 9708456                    /usr/lib/x86_64-linux-gnu/libxcb.so.1.1.0
7fb07d47e000-7fb07d47f000 r--p 0001d000 08:03 9708456                    /usr/lib/x86_64-linux-gnu/libxcb.so.1.1.0
7fb07d47f000-7fb07d480000 rw-p 0001e000 08:03 9708456                    /usr/lib/x86_64-linux-gnu/libxcb.so.1.1.0
7fb07d480000-7fb07d488000 r-xp 00000000 08:03 9708442                    /usr/lib/x86_64-linux-gnu/libxcb-render.so.0.0.0
7fb07d488000-7fb07d687000 ---p 00008000 08:03 9708442                    /usr/lib/x86_64-linux-gnu/libxcb-render.so.0.0.0
7fb07d687000-7fb07d688000 r--p 00007000 08:03 9708442                    /usr/lib/x86_64-linux-gnu/libxcb-render.so.0.0.0
7fb07d688000-7fb07d689000 rw-p 00008000 08:03 9708442                    /usr/lib/x86_64-linux-gnu/libxcb-render.so.0.0.0
7fb07d689000-7fb07d68b000 r-xp 00000000 08:03 9708446                    /usr/lib/x86_64-linux-gnu/libxcb-shm.so.0.0.0
7fb07d68b000-7fb07d88a000 ---p 00002000 08:03 9708446                    /usr/lib/x86_64-linux-gnu/libxcb-shm.so.0.0.0
7fb07d88a000-7fb07d88b000 r--p 00001000 08:03 9708446                    /usr/lib/x86_64-linux-gnu/libxcb-shm.so.0.0.0
7fb07d88b000-7fb07d88c000 rw-p 00002000 08:03 9708446                    /usr/lib/x86_64-linux-gnu/libxcb-shm.so.0.0.0
7fb07d88c000-7fb07d8b1000 r-xp 00000000 08:03 11276352                   /lib/x86_64-linux-gnu/libpng12.so.0.50.0
7fb07d8b1000-7fb07dab0000 ---p 00025000 08:03 11276352                   /lib/x86_64-linux-gnu/libpng12.so.0.50.0
7fb07dab0000-7fb07dab1000 r--p 00024000 08:03 11276352                   /lib/x86_64-linux-gnu/libpng12.so.0.50.0
7fb07dab1000-7fb07dab2000 rw-p 00025000 08:03 11276352                   /lib/x86_64-linux-gnu/libpng12.so.0.50.0
7fb07dab2000-7fb07db53000 r-xp 00000000 08:03 9708146                    /usr/lib/x86_64-linux-gnu/libpixman-1.so.0.30.2
7fb07db53000-7fb07dd53000 ---p 000a1000 08:03 9708146                    /usr/lib/x86_64-linux-gnu/libpixman-1.so.0.30.2
7fb07dd53000-7fb07dd5a000 r--p 000a1000 08:03 9708146                    /usr/lib/x86_64-linux-gnu/libpixman-1.so.0.30.2
7fb07dd5a000-7fb07dd5b000 rw-p 000a8000 08:03 9708146                    /usr/lib/x86_64-linux-gnu/libpixman-1.so.0.30.2
7fb07dd5b000-7fb07ddae000 r-xp 00000000 08:03 9707930                    /usr/lib/x86_64-linux-gnu/libharfbuzz.so.0.927.0
7fb07ddae000-7fb07dfae000 ---p 00053000 08:03 9707930                    /usr/lib/x86_64-linux-gnu/libharfbuzz.so.0.927.0
7fb07dfae000-7fb07dfaf000 r--p 00053000 08:03 9707930                    /usr/lib/x86_64-linux-gnu/libharfbuzz.so.0.927.0
7fb07dfaf000-7fb07dfb0000 rw-p 00054000 08:03 9707930                    /usr/lib/x86_64-linux-gnu/libharfbuzz.so.0.927.0
7fb07dfb0000-7fb07dfc7000 r-xp 00000000 08:03 11283434                   /lib/x86_64-linux-gnu/libresolv-2.19.so
7fb07dfc7000-7fb07e1c7000 ---p 00017000 08:03 11283434                   /lib/x86_64-linux-gnu/libresolv-2.19.so
7fb07e1c7000-7fb07e1c8000 r--p 00017000 08:03 11283434                   /lib/x86_64-linux-gnu/libresolv-2.19.so
7fb07e1c8000-7fb07e1c9000 rw-p 00018000 08:03 11283434                   /lib/x86_64-linux-gnu/libresolv-2.19.so
7fb07e1c9000-7fb07e1cb000 rw-p 00000000 00:00 0 
7fb07e1cb000-7fb07e1eb000 r-xp 00000000 08:03 11276367                   /lib/x86_64-linux-gnu/libselinux.so.1
7fb07e1eb000-7fb07e3ea000 ---p 00020000 08:03 11276367                   /lib/x86_64-linux-gnu/libselinux.so.1
7fb07e3ea000-7fb07e3eb000 r--p 0001f000 08:03 11276367                   /lib/x86_64-linux-gnu/libselinux.so.1
7fb07e3eb000-7fb07e3ec000 rw-p 00020000 08:03 11276367                   /lib/x86_64-linux-gnu/libselinux.so.1
7fb07e3ec000-7fb07e3ee000 rw-p 00000000 00:00 0 
7fb07e3ee000-7fb07e406000 r-xp 00000000 08:03 11276400                   /lib/x86_64-linux-gnu/libz.so.1.2.8
7fb07e406000-7fb07e605000 ---p 00018000 08:03 11276400                   /lib/x86_64-linux-gnu/libz.so.1.2.8
7fb07e605000-7fb07e606000 r--p 00017000 08:03 11276400                   /lib/x86_64-linux-gnu/libz.so.1.2.8
7fb07e606000-7fb07e607000 rw-p 00018000 08:03 11276400                   /lib/x86_64-linux-gnu/libz.so.1.2.8
7fb07e607000-7fb07e618000 r-xp 00000000 08:03 9705975                    /usr/lib/x86_64-linux-gnu/libXext.so.6.4.0
7fb07e618000-7fb07e817000 ---p 00011000 08:03 9705975                    /usr/lib/x86_64-linux-gnu/libXext.so.6.4.0
7fb07e817000-7fb07e818000 r--p 00010000 08:03 9705975                    /usr/lib/x86_64-linux-gnu/libXext.so.6.4.0
7fb07e818000-7fb07e819000 rw-p 00011000 08:03 9705975                    /usr/lib/x86_64-linux-gnu/libXext.so.6.4.0
7fb07e819000-7fb07e81b000 r-xp 00000000 08:03 9707397                    /usr/lib/x86_64-linux-gnu/libXdamage.so.1.1.0
7fb07e81b000-7fb07ea1a000 ---p 00002000 08:03 9707397                    /usr/lib/x86_64-linux-gnu/libXdamage.so.1.1.0
7fb07ea1a000-7fb07ea1b000 r--p 00001000 08:03 9707397                    /usr/lib/x86_64-linux-gnu/libXdamage.so.1.1.0
7fb07ea1b000-7fb07ea1c000 rw-p 00002000 08:03 9707397                    /usr/lib/x86_64-linux-gnu/libXdamage.so.1.1.0
7fb07ea1c000-7fb07ea1e000 r-xp 00000000 08:03 9707393                    /usr/lib/x86_64-linux-gnu/libXcomposite.so.1.0.0
7fb07ea1e000-7fb07ec1d000 ---p 00002000 08:03 9707393                    /usr/lib/x86_64-linux-gnu/libXcomposite.so.1.0.0
7fb07ec1d000-7fb07ec1e000 r--p 00001000 08:03 9707393                    /usr/lib/x86_64-linux-gnu/libXcomposite.so.1.0.0
7fb07ec1e000-7fb07ec1f000 rw-p 00002000 08:03 9707393                    /usr/lib/x86_64-linux-gnu/libXcomposite.so.1.0.0
7fb07ec1f000-7fb07ec28000 r-xp 00000000 08:03 9707395                    /usr/lib/x86_64-linux-gnu/libXcursor.so.1.0.2
7fb07ec28000-7fb07ee27000 ---p 00009000 08:03 9707395                    /usr/lib/x86_64-linux-gnu/libXcursor.so.1.0.2
7fb07ee27000-7fb07ee28000 r--p 00008000 08:03 9707395                    /usr/lib/x86_64-linux-gnu/libXcursor.so.1.0.2
7fb07ee28000-7fb07ee29000 rw-p 00009000 08:03 9707395                    /usr/lib/x86_64-linux-gnu/libXcursor.so.1.0.2
7fb07ee29000-7fb07ee32000 r-xp 00000000 08:03 9707421                    /usr/lib/x86_64-linux-gnu/libXrandr.so.2.2.0
7fb07ee32000-7fb07f031000 ---p 00009000 08:03 9707421                    /usr/lib/x86_64-linux-gnu/libXrandr.so.2.2.0
7fb07f031000-7fb07f032000 r--p 00008000 08:03 9707421                    /usr/lib/x86_64-linux-gnu/libXrandr.so.2.2.0
7fb07f032000-7fb07f033000 rw-p 00009000 08:03 9707421                    /usr/lib/x86_64-linux-gnu/libXrandr.so.2.2.0
7fb07f033000-7fb07f042000 r-xp 00000000 08:03 9706596                    /usr/lib/x86_64-linux-gnu/libXi.so.6.1.0
7fb07f042000-7fb07f241000 ---p 0000f000 08:03 9706596                    /usr/lib/x86_64-linux-gnu/libXi.so.6.1.0
7fb07f241000-7fb07f242000 r--p 0000e000 08:03 9706596                    /usr/lib/x86_64-linux-gnu/libXi.so.6.1.0
7fb07f242000-7fb07f243000 rw-p 0000f000 08:03 9706596                    /usr/lib/x86_64-linux-gnu/libXi.so.6.1.0
7fb07f243000-7fb07f245000 r-xp 00000000 08:03 9707411                    /usr/lib/x86_64-linux-gnu/libXinerama.so.1.0.0
7fb07f245000-7fb07f444000 ---p 00002000 08:03 9707411                    /usr/lib/x86_64-linux-gnu/libXinerama.so.1.0.0
7fb07f444000-7fb07f445000 r--p 00001000 08:03 9707411                    /usr/lib/x86_64-linux-gnu/libXinerama.so.1.0.0
7fb07f445000-7fb07f446000 rw-p 00002000 08:03 9707411                    /usr/lib/x86_64-linux-gnu/libXinerama.so.1.0.0
7fb07f446000-7fb07f44f000 r-xp 00000000 08:03 9706586                    /usr/lib/x86_64-linux-gnu/libXrender.so.1.3.0
7fb07f44f000-7fb07f64e000 ---p 00009000 08:03 9706586                    /usr/lib/x86_64-linux-gnu/libXrender.so.1.3.0
7fb07f64e000-7fb07f64f000 r--p 00008000 08:03 9706586                    /usr/lib/x86_64-linux-gnu/libXrender.so.1.3.0
7fb07f64f000-7fb07f650000 rw-p 00009000 08:03 9706586                    /usr/lib/x86_64-linux-gnu/libXrender.so.1.3.0
7fb07f650000-7fb07f655000 r-xp 00000000 08:03 9710704                    /usr/lib/x86_64-linux-gnu/libXfixes.so.3.1.0
7fb07f655000-7fb07f854000 ---p 00005000 08:03 9710704                    /usr/lib/x86_64-linux-gnu/libXfixes.so.3.1.0
7fb07f854000-7fb07f855000 r--p 00004000 08:03 9710704                    /usr/lib/x86_64-linux-gnu/libXfixes.so.3.1.0
7fb07f855000-7fb07f856000 rw-p 00005000 08:03 9710704                    /usr/lib/x86_64-linux-gnu/libXfixes.so.3.1.0
7fb07f856000-7fb07f86c000 r-xp 00000000 08:03 11276264                   /lib/x86_64-linux-gnu/libgcc_s.so.1
7fb07f86c000-7fb07fa6b000 ---p 00016000 08:03 11276264                   /lib/x86_64-linux-gnu/libgcc_s.so.1
7fb07fa6b000-7fb07fa6c000 rw-p 00015000 08:03 11276264                   /lib/x86_64-linux-gnu/libgcc_s.so.1
7fb07fa6c000-7fb07fb52000 r-xp 00000000 08:03 9703313                    /usr/lib/x86_64-linux-gnu/libstdc++.so.6.0.19
7fb07fb52000-7fb07fd51000 ---p 000e6000 08:03 9703313                    /usr/lib/x86_64-linux-gnu/libstdc++.so.6.0.19
7fb07fd51000-7fb07fd59000 r--p 000e5000 08:03 9703313                    /usr/lib/x86_64-linux-gnu/libstdc++.so.6.0.19
7fb07fd59000-7fb07fd5b000 rw-p 000ed000 08:03 9703313                    /usr/lib/x86_64-linux-gnu/libstdc++.so.6.0.19
7fb07fd5b000-7fb07fd70000 rw-p 00000000 00:00 0 
7fb07fd70000-7fb07fdfc000 r-xp 00000000 08:03 10093974                   /usr/lib/x86_64-linux-gnu/mesa/libGL.so.1.2.0
7fb07fdfc000-7fb07fffb000 ---p 0008c000 08:03 10093974                   /usr/lib/x86_64-linux-gnu/mesa/libGL.so.1.2.0
7fb07fffb000-7fb07fffe000 r--p 0008b000 08:03 10093974                   /usr/lib/x86_64-linux-gnu/mesa/libGL.so.1.2.0
7fb07fffe000-7fb07ffff000 rw-p 0008e000 08:03 10093974                   /usr/lib/x86_64-linux-gnu/mesa/libGL.so.1.2.0
7fb07ffff000-7fb080000000 rw-p 00000000 00:00 0 
7fb080000000-7fb080021000 rw-p 00000000 00:00 0 
7fb080021000-7fb084000000 ---p 00000000 00:00 0 
7fb084000000-7fb085e02000 rw-p 00000000 00:00 0 
7fb085e02000-7fb088000000 ---p 00000000 00:00 0 
7fb088000000-7fb0882e7000 rw-p 00000000 00:00 0 
7fb0882e7000-7fb08c000000 ---p 00000000 00:00 0 
7fb08c000000-7fb08c021000 rw-p 00000000 00:00 0 
7fb08c021000-7fb090000000 ---p 00000000 00:00 0 
7fb090000000-7fb09033a000 rw-p 00000000 00:00 0 
7fb09033a000-7fb094000000 ---p 00000000 00:00 0 
7fb094000000-7fb0942fd000 rw-p 00000000 00:00 0 
7fb0942fd000-7fb098000000 ---p 00000000 00:00 0 
7fb098000000-7fb098021000 rw-p 00000000 00:00 0 
7fb098021000-7fb09c000000 ---p 00000000 00:00 0 
7fb09c000000-7fb09c001000 r--s 00000000 08:03 526139                     /var/cache/fontconfig/0c9eb80ebd1c36541ebe2852d3bb0c49-le64.cache-4
7fb09c001000-7fb09c002000 r--s 00005000 08:03 4593031                    /home/dexterastin/Java/JavaClass/lib/json-simple-1.1.1.jar
7fb09c002000-7fb09c003000 r--s 00009000 08:03 4593732                    /home/dexterastin/Java/JavaClass/lib/httpmime-4.5.1.jar
7fb09c003000-7fb09c006000 r--s 00024000 08:03 4593729                    /home/dexterastin/Java/JavaClass/lib/httpclient-cache-4.5.1.jar
7fb09c006000-7fb09c02e000 r--p 00000000 08:03 10358202                   /usr/share/locale-langpack/ko/LC_MESSAGES/gtk20-properties.mo
7fb09c02e000-7fb09c03d000 r--p 00000000 08:03 10358204                   /usr/share/locale-langpack/ko/LC_MESSAGES/gtk20.mo
7fb09c03d000-7fb09c041000 r-xp 00000000 08:03 9707439                    /usr/lib/x86_64-linux-gnu/libXxf86vm.so.1.0.0
7fb09c041000-7fb09c241000 ---p 00004000 08:03 9707439                    /usr/lib/x86_64-linux-gnu/libXxf86vm.so.1.0.0
7fb09c241000-7fb09c242000 r--p 00004000 08:03 9707439                    /usr/lib/x86_64-linux-gnu/libXxf86vm.so.1.0.0
7fb09c242000-7fb09c243000 rw-p 00005000 08:03 9707439                    /usr/lib/x86_64-linux-gnu/libXxf86vm.so.1.0.0
7fb09c243000-7fb09c373000 r-xp 00000000 08:03 9707384                    /usr/lib/x86_64-linux-gnu/libX11.so.6.3.0
7fb09c373000-7fb09c573000 ---p 00130000 08:03 9707384                    /usr/lib/x86_64-linux-gnu/libX11.so.6.3.0
7fb09c573000-7fb09c574000 r--p 00130000 08:03 9707384                    /usr/lib/x86_64-linux-gnu/libX11.so.6.3.0
7fb09c574000-7fb09c578000 rw-p 00131000 08:03 9707384                    /usr/lib/x86_64-linux-gnu/libX11.so.6.3.0
7fb09c578000-7fb09c57d000 r-xp 00000000 08:03 9707429                    /usr/lib/x86_64-linux-gnu/libXtst.so.6.1.0
7fb09c57d000-7fb09c77c000 ---p 00005000 08:03 9707429                    /usr/lib/x86_64-linux-gnu/libXtst.so.6.1.0
7fb09c77c000-7fb09c77d000 r--p 00004000 08:03 9707429                    /usr/lib/x86_64-linux-gnu/libXtst.so.6.1.0
7fb09c77d000-7fb09c77e000 rw-p 00005000 08:03 9707429                    /usr/lib/x86_64-linux-gnu/libXtst.so.6.1.0
7fb09c77e000-7fb09c884000 r-xp 00000000 08:03 11276268                   /lib/x86_64-linux-gnu/libglib-2.0.so.0.4002.0
7fb09c884000-7fb09ca83000 ---p 00106000 08:03 11276268                   /lib/x86_64-linux-gnu/libglib-2.0.so.0.4002.0
7fb09ca83000-7fb09ca84000 r--p 00105000 08:03 11276268                   /lib/x86_64-linux-gnu/libglib-2.0.so.0.4002.0
7fb09ca84000-7fb09ca85000 rw-p 00106000 08:03 11276268                   /lib/x86_64-linux-gnu/libglib-2.0.so.0.4002.0
7fb09ca85000-7fb09ca86000 rw-p 00000000 00:00 0 
7fb09ca86000-7fb09ca87000 r-xp 00000000 08:03 9707906                    /usr/lib/x86_64-linux-gnu/libgthread-2.0.so.0.4002.0
7fb09ca87000-7fb09cc86000 ---p 00001000 08:03 9707906                    /usr/lib/x86_64-linux-gnu/libgthread-2.0.so.0.4002.0
7fb09cc86000-7fb09cc87000 r--p 00000000 08:03 9707906                    /usr/lib/x86_64-linux-gnu/libgthread-2.0.so.0.4002.0
7fb09cc87000-7fb09cc88000 rw-p 00001000 08:03 9707906                    /usr/lib/x86_64-linux-gnu/libgthread-2.0.so.0.4002.0
7fb09cc88000-7fb09cc8b000 r-xp 00000000 08:03 9707783                    /usr/lib/x86_64-linux-gnu/libgmodule-2.0.so.0.4002.0
7fb09cc8b000-7fb09ce8a000 ---p 00003000 08:03 9707783                    /usr/lib/x86_64-linux-gnu/libgmodule-2.0.so.0.4002.0
7fb09ce8a000-7fb09ce8b000 r--p 00002000 08:03 9707783                    /usr/lib/x86_64-linux-gnu/libgmodule-2.0.so.0.4002.0
7fb09ce8b000-7fb09ce8c000 rw-p 00003000 08:03 9707783                    /usr/lib/x86_64-linux-gnu/libgmodule-2.0.so.0.4002.0
7fb09ce8c000-7fb09cedb000 r-xp 00000000 08:03 9707799                    /usr/lib/x86_64-linux-gnu/libgobject-2.0.so.0.4002.0
7fb09cedb000-7fb09d0db000 ---p 0004f000 08:03 9707799                    /usr/lib/x86_64-linux-gnu/libgobject-2.0.so.0.4002.0
7fb09d0db000-7fb09d0dc000 r--p 0004f000 08:03 9707799                    /usr/lib/x86_64-linux-gnu/libgobject-2.0.so.0.4002.0
7fb09d0dc000-7fb09d0dd000 rw-p 00050000 08:03 9707799                    /usr/lib/x86_64-linux-gnu/libgobject-2.0.so.0.4002.0
7fb09d0dd000-7fb09d117000 r-xp 00000000 08:03 9707684                    /usr/lib/x86_64-linux-gnu/libfontconfig.so.1.8.0
7fb09d117000-7fb09d316000 ---p 0003a000 08:03 9707684                    /usr/lib/x86_64-linux-gnu/libfontconfig.so.1.8.0
7fb09d316000-7fb09d318000 r--p 00039000 08:03 9707684                    /usr/lib/x86_64-linux-gnu/libfontconfig.so.1.8.0
7fb09d318000-7fb09d319000 rw-p 0003b000 08:03 9707684                    /usr/lib/x86_64-linux-gnu/libfontconfig.so.1.8.0
7fb09d319000-7fb09d3b6000 r-xp 00000000 08:03 9718020                    /usr/lib/x86_64-linux-gnu/libfreetype.so.6.11.1
7fb09d3b6000-7fb09d5b5000 ---p 0009d000 08:03 9718020                    /usr/lib/x86_64-linux-gnu/libfreetype.so.6.11.1
7fb09d5b5000-7fb09d5bb000 r--p 0009c000 08:03 9718020                    /usr/lib/x86_64-linux-gnu/libfreetype.so.6.11.1
7fb09d5bb000-7fb09d5bc000 rw-p 000a2000 08:03 9718020                    /usr/lib/x86_64-linux-gnu/libfreetype.so.6.11.1
7fb09d5bc000-7fb09d606000 r-xp 00000000 08:03 9708123                    /usr/lib/x86_64-linux-gnu/libpango-1.0.so.0.3600.3
7fb09d606000-7fb09d806000 ---p 0004a000 08:03 9708123                    /usr/lib/x86_64-linux-gnu/libpango-1.0.so.0.3600.3
7fb09d806000-7fb09d808000 r--p 0004a000 08:03 9708123                    /usr/lib/x86_64-linux-gnu/libpango-1.0.so.0.3600.3
7fb09d808000-7fb09d809000 rw-p 0004c000 08:03 9708123                    /usr/lib/x86_64-linux-gnu/libpango-1.0.so.0.3600.3
7fb09d809000-7fb09d90f000 r-xp 00000000 08:03 9707519                    /usr/lib/x86_64-linux-gnu/libcairo.so.2.11301.0
7fb09d90f000-7fb09db0e000 ---p 00106000 08:03 9707519                    /usr/lib/x86_64-linux-gnu/libcairo.so.2.11301.0
7fb09db0e000-7fb09db11000 r--p 00105000 08:03 9707519                    /usr/lib/x86_64-linux-gnu/libcairo.so.2.11301.0
7fb09db11000-7fb09db12000 rw-p 00108000 08:03 9707519                    /usr/lib/x86_64-linux-gnu/libcairo.so.2.11301.0
7fb09db12000-7fb09db14000 rw-p 00000000 00:00 0 
7fb09db14000-7fb09db1f000 r-xp 00000000 08:03 9708125                    /usr/lib/x86_64-linux-gnu/libpangocairo-1.0.so.0.3600.3
7fb09db1f000-7fb09dd1f000 ---p 0000b000 08:03 9708125                    /usr/lib/x86_64-linux-gnu/libpangocairo-1.0.so.0.3600.3
7fb09dd1f000-7fb09dd20000 r--p 0000b000 08:03 9708125                    /usr/lib/x86_64-linux-gnu/libpangocairo-1.0.so.0.3600.3
7fb09dd20000-7fb09dd21000 rw-p 0000c000 08:03 9708125                    /usr/lib/x86_64-linux-gnu/libpangocairo-1.0.so.0.3600.3
7fb09dd21000-7fb09dd40000 r-xp 00000000 08:03 9703410                    /usr/lib/x86_64-linux-gnu/libgdk_pixbuf-2.0.so.0.3000.7
7fb09dd40000-7fb09df40000 ---p 0001f000 08:03 9703410                    /usr/lib/x86_64-linux-gnu/libgdk_pixbuf-2.0.so.0.3000.7
7fb09df40000-7fb09df41000 r--p 0001f000 08:03 9703410                    /usr/lib/x86_64-linux-gnu/libgdk_pixbuf-2.0.so.0.3000.7
7fb09df41000-7fb09df42000 rw-p 00020000 08:03 9703410                    /usr/lib/x86_64-linux-gnu/libgdk_pixbuf-2.0.so.0.3000.7
7fb09df42000-7fb09df56000 r-xp 00000000 08:03 9708127                    /usr/lib/x86_64-linux-gnu/libpangoft2-1.0.so.0.3600.3
7fb09df56000-7fb09e155000 ---p 00014000 08:03 9708127                    /usr/lib/x86_64-linux-gnu/libpangoft2-1.0.so.0.3600.3
7fb09e155000-7fb09e156000 r--p 00013000 08:03 9708127                    /usr/lib/x86_64-linux-gnu/libpangoft2-1.0.so.0.3600.3
7fb09e156000-7fb09e157000 rw-p 00014000 08:03 9708127                    /usr/lib/x86_64-linux-gnu/libpangoft2-1.0.so.0.3600.3
7fb09e157000-7fb09e2c3000 r-xp 00000000 08:03 9707771                    /usr/lib/x86_64-linux-gnu/libgio-2.0.so.0.4002.0
7fb09e2c3000-7fb09e4c2000 ---p 0016c000 08:03 9707771                    /usr/lib/x86_64-linux-gnu/libgio-2.0.so.0.4002.0
7fb09e4c2000-7fb09e4c6000 r--p 0016b000 08:03 9707771                    /usr/lib/x86_64-linux-gnu/libgio-2.0.so.0.4002.0
7fb09e4c6000-7fb09e4c8000 rw-p 0016f000 08:03 9707771                    /usr/lib/x86_64-linux-gnu/libgio-2.0.so.0.4002.0
7fb09e4c8000-7fb09e4ca000 rw-p 00000000 00:00 0 
7fb09e4ca000-7fb09e4e9000 r-xp 00000000 08:03 9707480                    /usr/lib/x86_64-linux-gnu/libatk-1.0.so.0.21009.1
7fb09e4e9000-7fb09e6e9000 ---p 0001f000 08:03 9707480                    /usr/lib/x86_64-linux-gnu/libatk-1.0.so.0.21009.1
7fb09e6e9000-7fb09e6eb000 r--p 0001f000 08:03 9707480                    /usr/lib/x86_64-linux-gnu/libatk-1.0.so.0.21009.1
7fb09e6eb000-7fb09e6ec000 rw-p 00021000 08:03 9707480                    /usr/lib/x86_64-linux-gnu/libatk-1.0.so.0.21009.1
7fb09e6ec000-7fb09e799000 r-xp 00000000 08:03 9706813                    /usr/lib/x86_64-linux-gnu/libgdk-x11-2.0.so.0.2400.23
7fb09e799000-7fb09e998000 ---p 000ad000 08:03 9706813                    /usr/lib/x86_64-linux-gnu/libgdk-x11-2.0.so.0.2400.23
7fb09e998000-7fb09e99c000 r--p 000ac000 08:03 9706813                    /usr/lib/x86_64-linux-gnu/libgdk-x11-2.0.so.0.2400.23
7fb09e99c000-7fb09e99e000 rw-p 000b0000 08:03 9706813                    /usr/lib/x86_64-linux-gnu/libgdk-x11-2.0.so.0.2400.23
7fb09e99e000-7fb09edcd000 r-xp 00000000 08:03 9706819                    /usr/lib/x86_64-linux-gnu/libgtk-x11-2.0.so.0.2400.23
7fb09edcd000-7fb09efcc000 ---p 0042f000 08:03 9706819                    /usr/lib/x86_64-linux-gnu/libgtk-x11-2.0.so.0.2400.23
7fb09efcc000-7fb09efd3000 r--p 0042e000 08:03 9706819                    /usr/lib/x86_64-linux-gnu/libgtk-x11-2.0.so.0.2400.23
7fb09efd3000-7fb09efd7000 rw-p 00435000 08:03 9706819                    /usr/lib/x86_64-linux-gnu/libgtk-x11-2.0.so.0.2400.23
7fb09efd7000-7fb09efda000 rw-p 00000000 00:00 0 
7fb09efda000-7fb09efe6000 r-xp 00000000 08:03 3937186                    /usr/lib/jvm/jre1.8.0_51/lib/amd64/libprism_es2.so
7fb09efe6000-7fb09f1e5000 ---p 0000c000 08:03 3937186                    /usr/lib/jvm/jre1.8.0_51/lib/amd64/libprism_es2.so
7fb09f1e5000-7fb09f1e6000 r--p 0000b000 08:03 3937186                    /usr/lib/jvm/jre1.8.0_51/lib/amd64/libprism_es2.so
7fb09f1e6000-7fb09f1e7000 rw-p 0000c000 08:03 3937186                    /usr/lib/jvm/jre1.8.0_51/lib/amd64/libprism_es2.so
7fb09f1e7000-7fb09f1ea000 ---p 00000000 00:00 0 
7fb09f1ea000-7fb09f2e8000 rw-p 00000000 00:00 0                          [stack:6026]
7fb09f2e8000-7fb09f2e9000 ---p 00000000 00:00 0 
7fb09f2e9000-7fb09f3e9000 rw-p 00000000 00:00 0                          [stack:6024]
7fb09f3e9000-7fb09f3ec000 ---p 00000000 00:00 0 
7fb09f3ec000-7fb09f4ea000 rw-p 00000000 00:00 0                          [stack:6023]
7fb09f4ea000-7fb09f4ed000 ---p 00000000 00:00 0 
7fb09f4ed000-7fb09f5eb000 rw-p 00000000 00:00 0                          [stack:6022]
7fb09f5eb000-7fb09f5ee000 ---p 00000000 00:00 0 
7fb09f5ee000-7fb09f6ec000 rw-p 00000000 00:00 0                          [stack:6021]
7fb09f6ec000-7fb09f6ef000 ---p 00000000 00:00 0 
7fb09f6ef000-7fb09f7ed000 rw-p 00000000 00:00 0                          [stack:6020]
7fb09f7ed000-7fb0a0000000 r--p 00000000 08:03 9706382                    /usr/lib/locale/locale-archive
7fb0a0000000-7fb0a0021000 rw-p 00000000 00:00 0 
7fb0a0021000-7fb0a4000000 ---p 00000000 00:00 0 
7fb0a4000000-7fb0a4021000 rw-p 00000000 00:00 0 
7fb0a4021000-7fb0a8000000 ---p 00000000 00:00 0 
7fb0a8000000-7fb0a8021000 rw-p 00000000 00:00 0 
7fb0a8021000-7fb0ac000000 ---p 00000000 00:00 0 
7fb0ac000000-7fb0ac021000 rw-p 00000000 00:00 0 
7fb0ac021000-7fb0b0000000 ---p 00000000 00:00 0 
7fb0b0000000-7fb0b0021000 rw-p 00000000 00:00 0 
7fb0b0021000-7fb0b4000000 ---p 00000000 00:00 0 
7fb0b4000000-7fb0b4021000 rw-p 00000000 00:00 0 
7fb0b4021000-7fb0b8000000 ---p 00000000 00:00 0 
7fb0b8000000-7fb0b8021000 rw-p 00000000 00:00 0 
7fb0b8021000-7fb0bc000000 ---p 00000000 00:00 0 
7fb0bc000000-7fb0bc008000 rw-s 00000000 00:04 39082                      /drm mm object (deleted)
7fb0bc008000-7fb0bc00e000 r--p 00000000 08:03 3939238                    /home/dexterastin/.config/dconf/user
7fb0bc00e000-7fb0bc034000 r--p 00000000 08:03 10358353                   /usr/share/locale-langpack/ko/LC_MESSAGES/libc.mo
7fb0bc034000-7fb0bc0c9000 r--s 010fb000 08:03 3937228                    /usr/lib/jvm/jre1.8.0_51/lib/ext/jfxrt.jar
7fb0bc0c9000-7fb0bc0cc000 ---p 00000000 00:00 0 
7fb0bc0cc000-7fb0bc1ca000 rw-p 00000000 00:00 0                          [stack:6019]
7fb0bc1ca000-7fb0bc1cd000 ---p 00000000 00:00 0 
7fb0bc1cd000-7fb0bc2cb000 rw-p 00000000 00:00 0                          [stack:6018]
7fb0bc2cb000-7fb0bc2ce000 ---p 00000000 00:00 0 
7fb0bc2ce000-7fb0bc3cc000 rw-p 00000000 00:00 0                          [stack:6017]
7fb0bc3cc000-7fb0bc3cd000 ---p 00000000 00:00 0 
7fb0bc3cd000-7fb0bd481000 rw-p 00000000 00:00 0                          [stack:6016]
7fb0bd481000-7fb0bd659000 r--s 03d0c000 08:03 3937214                    /usr/lib/jvm/jre1.8.0_51/lib/rt.jar
7fb0bd659000-7fb0bfeaf000 rw-p 00000000 00:00 0 
7fb0bfeaf000-7fb0bfeb0000 ---p 00000000 00:00 0 
7fb0bfeb0000-7fb0bffb0000 rw-p 00000000 00:00 0                          [stack:6014]
7fb0bffb0000-7fb0bffb1000 ---p 00000000 00:00 0 
7fb0bffb1000-7fb0c00b1000 rw-p 00000000 00:00 0                          [stack:6013]
7fb0c00b1000-7fb0c00b2000 ---p 00000000 00:00 0 
7fb0c00b2000-7fb0c01b2000 rw-p 00000000 00:00 0                          [stack:6012]
7fb0c01b2000-7fb0c01b3000 ---p 00000000 00:00 0 
7fb0c01b3000-7fb0c02c7000 rw-p 00000000 00:00 0                          [stack:6011]
7fb0c02c7000-7fb0c03f3000 ---p 00000000 00:00 0 
7fb0c03f3000-7fb0c0409000 rw-p 00000000 00:00 0 
7fb0c0409000-7fb0c07b3000 ---p 00000000 00:00 0 
7fb0c07b3000-7fb0c0d33000 rwxp 00000000 00:00 0 
7fb0c0d33000-7fb0cf7b3000 ---p 00000000 00:00 0 
7fb0cf7b3000-7fb0cf7cd000 r-xp 00000000 08:03 3937165                    /usr/lib/jvm/jre1.8.0_51/lib/amd64/libzip.so
7fb0cf7cd000-7fb0cf9cd000 ---p 0001a000 08:03 3937165                    /usr/lib/jvm/jre1.8.0_51/lib/amd64/libzip.so
7fb0cf9cd000-7fb0cf9ce000 rw-p 0001a000 08:03 3937165                    /usr/lib/jvm/jre1.8.0_51/lib/amd64/libzip.so
7fb0cf9ce000-7fb0cf9d9000 r-xp 00000000 08:03 11283436                   /lib/x86_64-linux-gnu/libnss_files-2.19.so
7fb0cf9d9000-7fb0cfbd8000 ---p 0000b000 08:03 11283436                   /lib/x86_64-linux-gnu/libnss_files-2.19.so
7fb0cfbd8000-7fb0cfbd9000 r--p 0000a000 08:03 11283436                   /lib/x86_64-linux-gnu/libnss_files-2.19.so
7fb0cfbd9000-7fb0cfbda000 rw-p 0000b000 08:03 11283436                   /lib/x86_64-linux-gnu/libnss_files-2.19.so
7fb0cfbda000-7fb0cfbe5000 r-xp 00000000 08:03 11283456                   /lib/x86_64-linux-gnu/libnss_nis-2.19.so
7fb0cfbe5000-7fb0cfde4000 ---p 0000b000 08:03 11283456                   /lib/x86_64-linux-gnu/libnss_nis-2.19.so
7fb0cfde4000-7fb0cfde5000 r--p 0000a000 08:03 11283456                   /lib/x86_64-linux-gnu/libnss_nis-2.19.so
7fb0cfde5000-7fb0cfde6000 rw-p 0000b000 08:03 11283456                   /lib/x86_64-linux-gnu/libnss_nis-2.19.so
7fb0cfde6000-7fb0cfdfd000 r-xp 00000000 08:03 11283445                   /lib/x86_64-linux-gnu/libnsl-2.19.so
7fb0cfdfd000-7fb0cfffc000 ---p 00017000 08:03 11283445                   /lib/x86_64-linux-gnu/libnsl-2.19.so
7fb0cfffc000-7fb0cfffd000 r--p 00016000 08:03 11283445                   /lib/x86_64-linux-gnu/libnsl-2.19.so
7fb0cfffd000-7fb0cfffe000 rw-p 00017000 08:03 11283445                   /lib/x86_64-linux-gnu/libnsl-2.19.so
7fb0cfffe000-7fb0d0000000 rw-p 00000000 00:00 0 
7fb0d0000000-7fb0d0418000 rw-p 00000000 00:00 0 
7fb0d0418000-7fb0d4000000 ---p 00000000 00:00 0 
7fb0d4000000-7fb0d4002000 r--s 00003000 08:03 4593730                    /home/dexterastin/Java/JavaClass/lib/httpclient-win-4.5.1.jar
7fb0d4002000-7fb0d4003000 rw-s 00000000 00:04 39083                      /drm mm object (deleted)
7fb0d4003000-7fb0d400b000 rw-s 00000000 00:04 37378                      /drm mm object (deleted)
7fb0d400b000-7fb0d4013000 rw-s 00000000 00:04 37374                      /drm mm object (deleted)
7fb0d4013000-7fb0d4027000 rw-p 00000000 00:00 0 
7fb0d4027000-7fb0d4153000 ---p 00000000 00:00 0 
7fb0d4153000-7fb0d4165000 rw-p 00000000 00:00 0 
7fb0d4165000-7fb0d41f3000 ---p 00000000 00:00 0 
7fb0d41f3000-7fb0d41f4000 rw-p 00000000 00:00 0 
7fb0d41f4000-7fb0d41fd000 r-xp 00000000 08:03 11283444                   /lib/x86_64-linux-gnu/libnss_compat-2.19.so
7fb0d41fd000-7fb0d43fc000 ---p 00009000 08:03 11283444                   /lib/x86_64-linux-gnu/libnss_compat-2.19.so
7fb0d43fc000-7fb0d43fd000 r--p 00008000 08:03 11283444                   /lib/x86_64-linux-gnu/libnss_compat-2.19.so
7fb0d43fd000-7fb0d43fe000 rw-p 00009000 08:03 11283444                   /lib/x86_64-linux-gnu/libnss_compat-2.19.so
7fb0d43fe000-7fb0d4428000 r-xp 00000000 08:03 3937144                    /usr/lib/jvm/jre1.8.0_51/lib/amd64/libjava.so
7fb0d4428000-7fb0d4628000 ---p 0002a000 08:03 3937144                    /usr/lib/jvm/jre1.8.0_51/lib/amd64/libjava.so
7fb0d4628000-7fb0d462a000 rw-p 0002a000 08:03 3937144                    /usr/lib/jvm/jre1.8.0_51/lib/amd64/libjava.so
7fb0d462a000-7fb0d4637000 r-xp 00000000 08:03 3937159                    /usr/lib/jvm/jre1.8.0_51/lib/amd64/libverify.so
7fb0d4637000-7fb0d4837000 ---p 0000d000 08:03 3937159                    /usr/lib/jvm/jre1.8.0_51/lib/amd64/libverify.so
7fb0d4837000-7fb0d4839000 rw-p 0000d000 08:03 3937159                    /usr/lib/jvm/jre1.8.0_51/lib/amd64/libverify.so
7fb0d4839000-7fb0d4840000 r-xp 00000000 08:03 11283453                   /lib/x86_64-linux-gnu/librt-2.19.so
7fb0d4840000-7fb0d4a3f000 ---p 00007000 08:03 11283453                   /lib/x86_64-linux-gnu/librt-2.19.so
7fb0d4a3f000-7fb0d4a40000 r--p 00006000 08:03 11283453                   /lib/x86_64-linux-gnu/librt-2.19.so
7fb0d4a40000-7fb0d4a41000 rw-p 00007000 08:03 11283453                   /lib/x86_64-linux-gnu/librt-2.19.so
7fb0d4a41000-7fb0d4b46000 r-xp 00000000 08:03 11283435                   /lib/x86_64-linux-gnu/libm-2.19.so
7fb0d4b46000-7fb0d4d45000 ---p 00105000 08:03 11283435                   /lib/x86_64-linux-gnu/libm-2.19.so
7fb0d4d45000-7fb0d4d46000 r--p 00104000 08:03 11283435                   /lib/x86_64-linux-gnu/libm-2.19.so
7fb0d4d46000-7fb0d4d47000 rw-p 00105000 08:03 11283435                   /lib/x86_64-linux-gnu/libm-2.19.so
7fb0d4d47000-7fb0d59f5000 r-xp 00000000 08:03 3937180                    /usr/lib/jvm/jre1.8.0_51/lib/amd64/server/libjvm.so
7fb0d59f5000-7fb0d5bf5000 ---p 00cae000 08:03 3937180                    /usr/lib/jvm/jre1.8.0_51/lib/amd64/server/libjvm.so
7fb0d5bf5000-7fb0d5ccc000 rw-p 00cae000 08:03 3937180                    /usr/lib/jvm/jre1.8.0_51/lib/amd64/server/libjvm.so
7fb0d5ccc000-7fb0d5d10000 rw-p 00000000 00:00 0 
7fb0d5d10000-7fb0d5ecb000 r-xp 00000000 08:03 11283450                   /lib/x86_64-linux-gnu/libc-2.19.so
7fb0d5ecb000-7fb0d60ca000 ---p 001bb000 08:03 11283450                   /lib/x86_64-linux-gnu/libc-2.19.so
7fb0d60ca000-7fb0d60ce000 r--p 001ba000 08:03 11283450                   /lib/x86_64-linux-gnu/libc-2.19.so
7fb0d60ce000-7fb0d60d0000 rw-p 001be000 08:03 11283450                   /lib/x86_64-linux-gnu/libc-2.19.so
7fb0d60d0000-7fb0d60d5000 rw-p 00000000 00:00 0 
7fb0d60d5000-7fb0d60d8000 r-xp 00000000 08:03 11283439                   /lib/x86_64-linux-gnu/libdl-2.19.so
7fb0d60d8000-7fb0d62d7000 ---p 00003000 08:03 11283439                   /lib/x86_64-linux-gnu/libdl-2.19.so
7fb0d62d7000-7fb0d62d8000 r--p 00002000 08:03 11283439                   /lib/x86_64-linux-gnu/libdl-2.19.so
7fb0d62d8000-7fb0d62d9000 rw-p 00003000 08:03 11283439                   /lib/x86_64-linux-gnu/libdl-2.19.so
7fb0d62d9000-7fb0d62ee000 r-xp 00000000 08:03 3937154                    /usr/lib/jvm/jre1.8.0_51/lib/amd64/jli/libjli.so
7fb0d62ee000-7fb0d64ee000 ---p 00015000 08:03 3937154                    /usr/lib/jvm/jre1.8.0_51/lib/amd64/jli/libjli.so
7fb0d64ee000-7fb0d64ef000 rw-p 00015000 08:03 3937154                    /usr/lib/jvm/jre1.8.0_51/lib/amd64/jli/libjli.so
7fb0d64ef000-7fb0d6508000 r-xp 00000000 08:03 11283451                   /lib/x86_64-linux-gnu/libpthread-2.19.so
7fb0d6508000-7fb0d6707000 ---p 00019000 08:03 11283451                   /lib/x86_64-linux-gnu/libpthread-2.19.so
7fb0d6707000-7fb0d6708000 r--p 00018000 08:03 11283451                   /lib/x86_64-linux-gnu/libpthread-2.19.so
7fb0d6708000-7fb0d6709000 rw-p 00019000 08:03 11283451                   /lib/x86_64-linux-gnu/libpthread-2.19.so
7fb0d6709000-7fb0d670d000 rw-p 00000000 00:00 0 
7fb0d670d000-7fb0d6730000 r-xp 00000000 08:03 11283447                   /lib/x86_64-linux-gnu/ld-2.19.so
7fb0d6730000-7fb0d6731000 r--s 00000000 00:15 29829                      /run/user/1000/dconf/user
7fb0d6731000-7fb0d6738000 r--s 00000000 08:03 10101283                   /usr/lib/x86_64-linux-gnu/gconv/gconv-modules.cache
7fb0d6738000-7fb0d680a000 rw-p 00000000 00:00 0 
7fb0d680a000-7fb0d680d000 ---p 00000000 00:00 0 
7fb0d680d000-7fb0d690f000 rw-p 00000000 00:00 0                          [stack:6008]
7fb0d690f000-7fb0d6910000 rw-s 00000000 00:04 37375                      /drm mm object (deleted)
7fb0d6910000-7fb0d6923000 rw-p 00000000 00:00 0 
7fb0d6923000-7fb0d692b000 rw-s 00000000 08:03 8257565                    /tmp/hsperfdata_dexterastin/6006
7fb0d692b000-7fb0d692c000 rw-p 00000000 00:00 0 
7fb0d692c000-7fb0d692d000 r--p 00000000 00:00 0 
7fb0d692d000-7fb0d692f000 rw-p 00000000 00:00 0 
7fb0d692f000-7fb0d6930000 r--p 00022000 08:03 11283447                   /lib/x86_64-linux-gnu/ld-2.19.so
7fb0d6930000-7fb0d6931000 rw-p 00023000 08:03 11283447                   /lib/x86_64-linux-gnu/ld-2.19.so
7fb0d6931000-7fb0d6932000 rw-p 00000000 00:00 0 
7ffcc6f87000-7ffcc6fa8000 rw-p 00000000 00:00 0                          [stack]
7ffcc6fd9000-7ffcc6fdb000 r-xp 00000000 00:00 0                          [vdso]
7ffcc6fdb000-7ffcc6fdd000 r--p 00000000 00:00 0                          [vvar]
ffffffffff600000-ffffffffff601000 r-xp 00000000 00:00 0                  [vsyscall]

VM Arguments:
jvm_args: -Dfile.encoding=UTF-8 
java_command: org.dimigo.pay.ShopMain
java_class_path (initial): /home/dexterastin/git/OnlyOne/Pay/bin:/home/dexterastin/Java/JavaClass/lib/httpclient-4.5.1.jar:/home/dexterastin/Java/JavaClass/lib/httpclient-cache-4.5.1.jar:/home/dexterastin/Java/JavaClass/lib/httpclient-win-4.5.1.jar:/home/dexterastin/Java/JavaClass/lib/httpcore-4.4.3.jar:/home/dexterastin/Java/JavaClass/lib/httpmime-4.5.1.jar:/home/dexterastin/Java/JavaClass/lib/json-simple-1.1.1.jar:/home/dexterastin/Java/JavaClass/lib/commons-logging-1.2.jar
Launcher Type: SUN_STANDARD

Environment Variables:
JAVA_HOME=/usr/lib/jvm/java-7-oracle
PATH=/usr/local/sbin:/usr/local/bin:/usr/sbin:/usr/bin:/sbin:/bin:/usr/games:/usr/local/games:/usr/lib/java/jdk1.8.0_51:/usr/lib/jvm/java-7-oracle/bin:/usr/lib/jvm/java-7-oracle/db/bin:/usr/lib/jvm/java-7-oracle/jre/bin:/usr/local/go/bin
SHELL=/bin/bash
DISPLAY=:0

Signal Handlers:
SIGSEGV: [libjvm.so+0xaad540], sa_mask[0]=11111111011111111101111111111110, sa_flags=SA_RESTART|SA_SIGINFO
SIGBUS: [libjvm.so+0xaad540], sa_mask[0]=11111111011111111101111111111110, sa_flags=SA_RESTART|SA_SIGINFO
SIGFPE: [libjvm.so+0x90b6b0], sa_mask[0]=11111111011111111101111111111110, sa_flags=SA_RESTART|SA_SIGINFO
SIGPIPE: SIG_IGN, sa_mask[0]=00000000000010000000000000000000, sa_flags=SA_RESTART
SIGXFSZ: [libjvm.so+0x90b6b0], sa_mask[0]=11111111011111111101111111111110, sa_flags=SA_RESTART|SA_SIGINFO
SIGILL: [libjvm.so+0x90b6b0], sa_mask[0]=11111111011111111101111111111110, sa_flags=SA_RESTART|SA_SIGINFO
SIGUSR1: SIG_DFL, sa_mask[0]=00000000000000000000000000000000, sa_flags=none
SIGUSR2: [libjvm.so+0x90ccf0], sa_mask[0]=00100000000000000000000000000000, sa_flags=SA_RESTART|SA_SIGINFO
SIGHUP: [libjvm.so+0x90e040], sa_mask[0]=11111111011111111101111111111110, sa_flags=SA_RESTART|SA_SIGINFO
SIGINT: [libjvm.so+0x90e040], sa_mask[0]=11111111011111111101111111111110, sa_flags=SA_RESTART|SA_SIGINFO
SIGTERM: [libjvm.so+0x90e040], sa_mask[0]=11111111011111111101111111111110, sa_flags=SA_RESTART|SA_SIGINFO
SIGQUIT: [libjvm.so+0x90e040], sa_mask[0]=11111111011111111101111111111110, sa_flags=SA_RESTART|SA_SIGINFO


---------------  S Y S T E M  ---------------

OS:DISTRIB_ID=Ubuntu
DISTRIB_RELEASE=14.04
DISTRIB_CODENAME=trusty
DISTRIB_DESCRIPTION="Ubuntu 14.04.3 LTS"

uname:Linux 3.16.0-49-generic #65~14.04.1-Ubuntu SMP Wed Sep 9 10:03:23 UTC 2015 x86_64
libc:glibc 2.19 NPTL 2.19 
rlimit: STACK 8192k, CORE 0k, NPROC 15271, NOFILE 4096, AS infinity
load average:1.18 0.95 0.70

/proc/meminfo:
MemTotal:        3930944 kB
MemFree:         1343652 kB
MemAvailable:    2016888 kB
Buffers:          108800 kB
Cached:          1042556 kB
SwapCached:            0 kB
Active:          1608776 kB
Inactive:         784124 kB
Active(anon):    1243348 kB
Inactive(anon):   328592 kB
Active(file):     365428 kB
Inactive(file):   455532 kB
Unevictable:          32 kB
Mlocked:              32 kB
SwapTotal:      14401532 kB
SwapFree:       14401532 kB
Dirty:               168 kB
Writeback:             0 kB
AnonPages:       1241572 kB
Mapped:           292328 kB
Shmem:            330400 kB
Slab:              70364 kB
SReclaimable:      42440 kB
SUnreclaim:        27924 kB
KernelStack:        7392 kB
PageTables:        30272 kB
NFS_Unstable:          0 kB
Bounce:                0 kB
WritebackTmp:          0 kB
CommitLimit:    16367004 kB
Committed_AS:    4674652 kB
VmallocTotal:   34359738367 kB
VmallocUsed:      366540 kB
VmallocChunk:   34359328872 kB
HardwareCorrupted:     0 kB
AnonHugePages:    577536 kB
HugePages_Total:       0
HugePages_Free:        0
HugePages_Rsvd:        0
HugePages_Surp:        0
Hugepagesize:       2048 kB
DirectMap4k:       79772 kB
DirectMap2M:     3997696 kB


CPU:total 4 (2 cores per cpu, 2 threads per core) family 6 model 58 stepping 9, cmov, cx8, fxsr, mmx, sse, sse2, sse3, ssse3, sse4.1, sse4.2, popcnt, avx, aes, clmul, erms, ht, tsc, tscinvbit, tscinv

/proc/cpuinfo:
processor	: 0
vendor_id	: GenuineIntel
cpu family	: 6
model		: 58
model name	: Intel(R) Core(TM) i5-3230M CPU @ 2.60GHz
stepping	: 9
microcode	: 0x17
cpu MHz		: 3008.078
cache size	: 3072 KB
physical id	: 0
siblings	: 4
core id		: 0
cpu cores	: 2
apicid		: 0
initial apicid	: 0
fpu		: yes
fpu_exception	: yes
cpuid level	: 13
wp		: yes
flags		: fpu vme de pse tsc msr pae mce cx8 apic sep mtrr pge mca cmov pat pse36 clflush dts acpi mmx fxsr sse sse2 ss ht tm pbe syscall nx rdtscp lm constant_tsc arch_perfmon pebs bts rep_good nopl xtopology nonstop_tsc aperfmperf eagerfpu pni pclmulqdq dtes64 monitor ds_cpl vmx est tm2 ssse3 cx16 xtpr pdcm pcid sse4_1 sse4_2 x2apic popcnt tsc_deadline_timer aes xsave avx f16c rdrand lahf_lm ida arat epb xsaveopt pln pts dtherm tpr_shadow vnmi flexpriority ept vpid fsgsbase smep erms
bogomips	: 5188.27
clflush size	: 64
cache_alignment	: 64
address sizes	: 36 bits physical, 48 bits virtual
power management:

processor	: 1
vendor_id	: GenuineIntel
cpu family	: 6
model		: 58
model name	: Intel(R) Core(TM) i5-3230M CPU @ 2.60GHz
stepping	: 9
microcode	: 0x17
cpu MHz		: 1573.609
cache size	: 3072 KB
physical id	: 0
siblings	: 4
core id		: 1
cpu cores	: 2
apicid		: 2
initial apicid	: 2
fpu		: yes
fpu_exception	: yes
cpuid level	: 13
wp		: yes
flags		: fpu vme de pse tsc msr pae mce cx8 apic sep mtrr pge mca cmov pat pse36 clflush dts acpi mmx fxsr sse sse2 ss ht tm pbe syscall nx rdtscp lm constant_tsc arch_perfmon pebs bts rep_good nopl xtopology nonstop_tsc aperfmperf eagerfpu pni pclmulqdq dtes64 monitor ds_cpl vmx est tm2 ssse3 cx16 xtpr pdcm pcid sse4_1 sse4_2 x2apic popcnt tsc_deadline_timer aes xsave avx f16c rdrand lahf_lm ida arat epb xsaveopt pln pts dtherm tpr_shadow vnmi flexpriority ept vpid fsgsbase smep erms
bogomips	: 5188.27
clflush size	: 64
cache_alignment	: 64
address sizes	: 36 bits physical, 48 bits virtual
power management:

processor	: 2
vendor_id	: GenuineIntel
cpu family	: 6
model		: 58
model name	: Intel(R) Core(TM) i5-3230M CPU @ 2.60GHz
stepping	: 9
microcode	: 0x17
cpu MHz		: 2813.382
cache size	: 3072 KB
physical id	: 0
siblings	: 4
core id		: 0
cpu cores	: 2
apicid		: 1
initial apicid	: 1
fpu		: yes
fpu_exception	: yes
cpuid level	: 13
wp		: yes
flags		: fpu vme de pse tsc msr pae mce cx8 apic sep mtrr pge mca cmov pat pse36 clflush dts acpi mmx fxsr sse sse2 ss ht tm pbe syscall nx rdtscp lm constant_tsc arch_perfmon pebs bts rep_good nopl xtopology nonstop_tsc aperfmperf eagerfpu pni pclmulqdq dtes64 monitor ds_cpl vmx est tm2 ssse3 cx16 xtpr pdcm pcid sse4_1 sse4_2 x2apic popcnt tsc_deadline_timer aes xsave avx f16c rdrand lahf_lm ida arat epb xsaveopt pln pts dtherm tpr_shadow vnmi flexpriority ept vpid fsgsbase smep erms
bogomips	: 5188.27
clflush size	: 64
cache_alignment	: 64
address sizes	: 36 bits physical, 48 bits virtual
power management:

processor	: 3
vendor_id	: GenuineIntel
cpu family	: 6
model		: 58
model name	: Intel(R) Core(TM) i5-3230M CPU @ 2.60GHz
stepping	: 9
microcode	: 0x17
cpu MHz		: 1199.960
cache size	: 3072 KB
physical id	: 0
siblings	: 4
core id		: 1
cpu cores	: 2
apicid		: 3
initial apicid	: 3
fpu		: yes
fpu_exception	: yes
cpuid level	: 13
wp		: yes
flags		: fpu vme de pse tsc msr pae mce cx8 apic sep mtrr pge mca cmov pat pse36 clflush dts acpi mmx fxsr sse sse2 ss ht tm pbe syscall nx rdtscp lm constant_tsc arch_perfmon pebs bts rep_good nopl xtopology nonstop_tsc aperfmperf eagerfpu pni pclmulqdq dtes64 monitor ds_cpl vmx est tm2 ssse3 cx16 xtpr pdcm pcid sse4_1 sse4_2 x2apic popcnt tsc_deadline_timer aes xsave avx f16c rdrand lahf_lm ida arat epb xsaveopt pln pts dtherm tpr_shadow vnmi flexpriority ept vpid fsgsbase smep erms
bogomips	: 5188.27
clflush size	: 64
cache_alignment	: 64
address sizes	: 36 bits physical, 48 bits virtual
power management:



Memory: 4k page, physical 3930944k(1343652k free), swap 14401532k(14401532k free)

vm_info: Java HotSpot(TM) 64-Bit Server VM (25.51-b03) for linux-amd64 JRE (1.8.0_51-b16), built on Jun  8 2015 19:28:07 by "java_re" with gcc 4.3.0 20080428 (Red Hat 4.3.0-8)

time: Sat Nov 28 12:38:08 2015
elapsed time: 6 seconds (0d 0h 0m 6s)

