#
# A fatal error has been detected by the Java Runtime Environment:
#
#  SIGSEGV (0xb) at pc=0x00007f18dd020e28, pid=10227, tid=139743621490432
#
# JRE version: Java(TM) SE Runtime Environment (8.0_51-b16) (build 1.8.0_51-b16)
# Java VM: Java HotSpot(TM) 64-Bit Server VM (25.51-b03 mixed mode linux-amd64 compressed oops)
# Problematic frame:
# j  com.sun.glass.ui.gtk.GtkView.notifyInputMethodDraw(Ljava/lang/String;III[B)V+16
#
# Failed to write core dump. Core dumps have been disabled. To enable core dumping, try "ulimit -c unlimited" before starting Java again
#
# If you would like to submit a bug report, please visit:
#   http://bugreport.java.com/bugreport/crash.jsp
#

---------------  T H R E A D  ---------------

Current thread (0x00007f18ec285000):  JavaThread "JavaFX Application Thread" [_thread_in_Java, id=10250, stack(0x00007f1898db2000,0x00007f1898eb3000)]

siginfo: si_signo: 11 (SIGSEGV), si_code: 1 (SEGV_MAPERR), si_addr: 0x00007f587e083386

Registers:
RAX=0x00000000ec5fa6e0, RBX=0x000000000000003c, RCX=0x0000003f8c760386, RDX=0x0000000000000000
RSP=0x00007f1898eb0460, RBP=0x00007f1898eb04a0, RSI=0x00007f1898eb0400, RDI=0x000000000000030d
R8 =0x0000000000000000, R9 =0x0000000000000004, R10=0x00007f18f1923000, R11=0x00007f18dd438b60
R12=0x0000000000000000, R13=0x00007f18f1505233, R14=0x00007f1898eb0518, R15=0x00007f18ec285000
RIP=0x00007f18dd020e28, EFLAGS=0x0000000000010202, CSGSFS=0x0000000000000033, ERR=0x0000000000000006
  TRAPNO=0x000000000000000e

Top of Stack: (sp=0x00007f1898eb0460)
0x00007f1898eb0460:   00007f1898eb0460 00007f18f1505230
0x00007f1898eb0470:   00007f1898eb0518 00007f18f151a060
0x00007f1898eb0480:   0000000000000000 00007f18f1505420
0x00007f1898eb0490:   0000000000000000 00007f1898eb04f0
0x00007f1898eb04a0:   00007f1898eb0580 00007f18dd0007a7
0x00007f1898eb04b0:   0000000000000000 0000000000000000
0x00007f1898eb04c0:   0000000000000000 0000000000000000
0x00007f1898eb04d0:   0000000000000000 0000000000000000
0x00007f1898eb04e0:   0000000000000000 0000000000000000
0x00007f1898eb04f0:   00000000ec5fa6c8 00007f1800000001
0x00007f1898eb0500:   00007f1800000000 00007f1800000000
0x00007f1898eb0510:   00000000ec5fa698 00007f18ec070c38
0x00007f1898eb0520:   0000000000001fa0 00007f18ec2849f8
0x00007f1898eb0530:   00007f18ec285000 00007f1898eb0600
0x00007f1898eb0540:   00007f18ec070c38 00007f1898eb05c0
0x00007f1898eb0550:   00007f1898eb05c0 00007f1898eb0918
0x00007f1898eb0560:   00007f180000000a 00007f18f1505420
0x00007f1898eb0570:   00007f18dd010c00 00007f1898eb0768
0x00007f1898eb0580:   00007f1898eb06f0 00007f18f3f05a26
0x00007f1898eb0590:   00007f1800000006 00007f18ec285000
0x00007f1898eb05a0:   00007f1898eb0760 00007f1898eb0910
0x00007f1898eb05b0:   00007f18dd010c00 000000000000000a
0x00007f1898eb05c0:   00007f18ec285000 00007f1880000a30
0x00007f1898eb05d0:   00007f18f1505420 00007f18ec070c38
0x00007f1898eb05e0:   00007f1898eb1680 00007f18dd015968
0x00007f1898eb05f0:   00007f1898eb16e0 00007f1898eb0910
0x00007f1898eb0600:   00007f18ec285000 00007f18ec2849a0
0x00007f1898eb0610:   00007f18ec2849e0 00007f18ec284a00
0x00007f1898eb0620:   00007f18ec284ac8 00000000000000d8
0x00007f1898eb0630:   00007f1898eb1910 00007f1898eb0950
0x00007f1898eb0640:   00007f18f1505420 00007f18ec285000
0x00007f1898eb0650:   00007f18ec2849e0 f2a230cf275c8200 

Instructions: (pc=0x00007f18dd020e28)
0x00007f18dd020e08:   00 83 f8 07 0f 85 4b 00 00 00 58 59 48 3b 01 89
0x00007f18dd020e18:   04 19 48 c1 e9 09 49 ba 00 30 92 f1 18 7f 00 00
0x00007f18dd020e28:   41 c6 04 0a 00 41 0f b7 4d 01 48 8b 5d d8 c1 e1
0x00007f18dd020e38:   02 8b 5c cb 10 c1 eb 18 81 e3 ff 00 00 00 b9 d3 

Register to memory mapping:

RAX=0x00000000ec5fa6e0 is an oop
java.nio.HeapByteBuffer 
 - klass: 'java/nio/HeapByteBuffer'
RBX=0x000000000000003c is an unknown value
RCX=0x0000003f8c760386 is an unknown value
RDX=0x0000000000000000 is an unknown value
RSP=0x00007f1898eb0460 is pointing into the stack for thread: 0x00007f18ec285000
RBP=0x00007f1898eb04a0 is pointing into the stack for thread: 0x00007f18ec285000
RSI=0x00007f1898eb0400 is pointing into the stack for thread: 0x00007f18ec285000
RDI=0x000000000000030d is an unknown value
R8 =0x0000000000000000 is an unknown value
R9 =0x0000000000000004 is an unknown value
R10=0x00007f18f1923000 is an unknown value
R11=0x00007f18dd438b60 is at entry_point+32 in (nmethod*)0x00007f18dd4389d0
R12=0x0000000000000000 is an unknown value
R13=0x00007f18f1505233 is pointing into metadata
R14=0x00007f1898eb0518 is pointing into the stack for thread: 0x00007f18ec285000
R15=0x00007f18ec285000 is a thread


Stack: [0x00007f1898db2000,0x00007f1898eb3000],  sp=0x00007f1898eb0460,  free space=1017k
Native frames: (J=compiled Java code, j=interpreted, Vv=VM code, C=native code)
j  com.sun.glass.ui.gtk.GtkView.notifyInputMethodDraw(Ljava/lang/String;III[B)V+16
v  ~StubRoutines::call_stub
V  [libjvm.so+0x681a26]  JavaCalls::call_helper(JavaValue*, methodHandle*, JavaCallArguments*, Thread*)+0x1056
V  [libjvm.so+0x6c432b]  jni_invoke_nonstatic(JNIEnv_*, JavaValue*, _jobject*, JNICallType, _jmethodID*, JNI_ArgumentPusher*, Thread*)+0x41b
V  [libjvm.so+0x6c86ef]  jni_CallVoidMethodV+0x10f
C  [libglass.so+0x1b798]  JNIEnv_::CallVoidMethod(_jobject*, _jmethodID*, ...)+0x98
C  [libglass.so+0x22955]  im_preedit_draw(_XIM*, char*, char*)+0x1f5
C  [libX11.so.6+0x591d8]
C  0x0000000000000001


---------------  P R O C E S S  ---------------

Java Threads: ( => current thread )
  0x00007f18802ec800 JavaThread "Prism Font Disposer" daemon [_thread_blocked, id=10252, stack(0x00007f187fada000,0x00007f187fbdb000)]
  0x00007f18ec288800 JavaThread "JavaFX-Launcher" [_thread_blocked, id=10251, stack(0x00007f1898cb1000,0x00007f1898db2000)]
=>0x00007f18ec285000 JavaThread "JavaFX Application Thread" [_thread_in_Java, id=10250, stack(0x00007f1898db2000,0x00007f1898eb3000)]
  0x00007f18ec27f000 JavaThread "Thread-1" daemon [_thread_blocked, id=10249, stack(0x00007f18d0009000,0x00007f18d010a000)]
  0x00007f18ec1c5000 JavaThread "QuantumRenderer-0" daemon [_thread_blocked, id=10246, stack(0x00007f18d9d4c000,0x00007f18d9e4d000)]
  0x00007f18ec0c7800 JavaThread "Service Thread" daemon [_thread_blocked, id=10244, stack(0x00007f18d9fe3000,0x00007f18da0e4000)]
  0x00007f18ec0ba800 JavaThread "C1 CompilerThread2" daemon [_thread_blocked, id=10243, stack(0x00007f18da0e4000,0x00007f18da1e5000)]
  0x00007f18ec0b9000 JavaThread "C2 CompilerThread1" daemon [_thread_blocked, id=10242, stack(0x00007f18da1e5000,0x00007f18da2e6000)]
  0x00007f18ec0b6000 JavaThread "C2 CompilerThread0" daemon [_thread_blocked, id=10241, stack(0x00007f18da2e6000,0x00007f18da3e7000)]
  0x00007f18ec0b4800 JavaThread "Signal Dispatcher" daemon [_thread_blocked, id=10240, stack(0x00007f18da3e7000,0x00007f18da4e8000)]
  0x00007f18ec07f000 JavaThread "Finalizer" daemon [_thread_blocked, id=10239, stack(0x00007f18dacfb000,0x00007f18dadfc000)]
  0x00007f18ec07c800 JavaThread "Reference Handler" daemon [_thread_blocked, id=10238, stack(0x00007f18dadfc000,0x00007f18daefd000)]
  0x00007f18ec00a000 JavaThread "main" [_thread_blocked, id=10232, stack(0x00007f18f5347000,0x00007f18f5448000)]

Other Threads:
  0x00007f18ec077800 VMThread [stack: 0x00007f18daefd000,0x00007f18daffe000] [id=10237]
  0x00007f18ec0ca000 WatcherThread [stack: 0x00007f18d9ee2000,0x00007f18d9fe3000] [id=10245]

VM state:not at safepoint (normal execution)

VM Mutex/Monitor currently owned by a thread: None

Heap:
 PSYoungGen      total 17920K, used 8790K [0x00000000ec000000, 0x00000000ee300000, 0x0000000100000000)
  eden space 15360K, 40% used [0x00000000ec000000,0x00000000ec617aa8,0x00000000ecf00000)
  from space 2560K, 99% used [0x00000000ed180000,0x00000000ed3fddd0,0x00000000ed400000)
  to   space 2560K, 0% used [0x00000000ecf00000,0x00000000ecf00000,0x00000000ed180000)
 ParOldGen       total 40960K, used 2517K [0x00000000c4000000, 0x00000000c6800000, 0x00000000ec000000)
  object space 40960K, 6% used [0x00000000c4000000,0x00000000c4275740,0x00000000c6800000)
 Metaspace       used 17008K, capacity 17956K, committed 18048K, reserved 1064960K
  class space    used 2445K, capacity 2621K, committed 2688K, reserved 1048576K

Card table byte_map: [0x00007f18f1f43000,0x00007f18f2124000] byte_map_base: 0x00007f18f1923000

Marking Bits: (ParMarkBitMap*) 0x00007f18f4822660
 Begin Bits: [0x00007f18db200000, 0x00007f18dc100000)
 End Bits:   [0x00007f18dc100000, 0x00007f18dd000000)

Polling page: 0x00007f18f5469000

CodeCache: size=245760Kb used=6419Kb max_used=6419Kb free=239340Kb
 bounds [0x00007f18dd000000, 0x00007f18dd650000, 0x00007f18ec000000]
 total_blobs=2749 nmethods=2114 adapters=547
 compilation: enabled

Compilation events (10 events):
Event: 28.343 Thread 0x00007f18ec0ba800 2110       3       java.util.EnumMap::values (26 bytes)
Event: 28.343 Thread 0x00007f18ec0ba800 nmethod 2110 0x00007f18dd644f90 code [0x00007f18dd645120, 0x00007f18dd6454b0]
Event: 28.582 Thread 0x00007f18ec0ba800 2111       1       com.sun.javafx.geom.transform.AffineBase::getMxt (5 bytes)
Event: 28.582 Thread 0x00007f18ec0ba800 nmethod 2111 0x00007f18dd645650 code [0x00007f18dd6457a0, 0x00007f18dd6458b0]
Event: 28.583 Thread 0x00007f18ec0ba800 2112       3       com.sun.prism.impl.ps.BaseShaderGraphics::setPaint (47 bytes)
Event: 28.583 Thread 0x00007f18ec0ba800 nmethod 2112 0x00007f18dd645910 code [0x00007f18dd645aa0, 0x00007f18dd646008]
Event: 28.583 Thread 0x00007f18ec0ba800 2114       3       com.sun.prism.es2.ES2Shader::setMatrix (67 bytes)
Event: 28.585 Thread 0x00007f18ec0ba800 nmethod 2114 0x00007f18dd646190 code [0x00007f18dd646340, 0x00007f18dd646898]
Event: 28.585 Thread 0x00007f18ec0ba800 2113       3       com.sun.prism.impl.BaseGraphics::setPaint (10 bytes)
Event: 28.585 Thread 0x00007f18ec0ba800 nmethod 2113 0x00007f18dd646ad0 code [0x00007f18dd646c40, 0x00007f18dd646de8]

GC Heap History (4 events):
Event: 0.521 GC heap before
{Heap before GC invocations=1 (full 0):
 PSYoungGen      total 17920K, used 15360K [0x00000000ec000000, 0x00000000ed400000, 0x0000000100000000)
  eden space 15360K, 100% used [0x00000000ec000000,0x00000000ecf00000,0x00000000ecf00000)
  from space 2560K, 0% used [0x00000000ed180000,0x00000000ed180000,0x00000000ed400000)
  to   space 2560K, 0% used [0x00000000ecf00000,0x00000000ecf00000,0x00000000ed180000)
 ParOldGen       total 40960K, used 0K [0x00000000c4000000, 0x00000000c6800000, 0x00000000ec000000)
  object space 40960K, 0% used [0x00000000c4000000,0x00000000c4000000,0x00000000c6800000)
 Metaspace       used 9488K, capacity 9892K, committed 10112K, reserved 1058816K
  class space    used 1197K, capacity 1321K, committed 1408K, reserved 1048576K
Event: 0.526 GC heap after
Heap after GC invocations=1 (full 0):
 PSYoungGen      total 17920K, used 2528K [0x00000000ec000000, 0x00000000ed400000, 0x0000000100000000)
  eden space 15360K, 0% used [0x00000000ec000000,0x00000000ec000000,0x00000000ecf00000)
  from space 2560K, 98% used [0x00000000ecf00000,0x00000000ed178050,0x00000000ed180000)
  to   space 2560K, 0% used [0x00000000ed180000,0x00000000ed180000,0x00000000ed400000)
 ParOldGen       total 40960K, used 272K [0x00000000c4000000, 0x00000000c6800000, 0x00000000ec000000)
  object space 40960K, 0% used [0x00000000c4000000,0x00000000c4044000,0x00000000c6800000)
 Metaspace       used 9488K, capacity 9892K, committed 10112K, reserved 1058816K
  class space    used 1197K, capacity 1321K, committed 1408K, reserved 1048576K
}
Event: 1.025 GC heap before
{Heap before GC invocations=2 (full 0):
 PSYoungGen      total 17920K, used 17888K [0x00000000ec000000, 0x00000000ed400000, 0x0000000100000000)
  eden space 15360K, 100% used [0x00000000ec000000,0x00000000ecf00000,0x00000000ecf00000)
  from space 2560K, 98% used [0x00000000ecf00000,0x00000000ed178050,0x00000000ed180000)
  to   space 2560K, 0% used [0x00000000ed180000,0x00000000ed180000,0x00000000ed400000)
 ParOldGen       total 40960K, used 272K [0x00000000c4000000, 0x00000000c6800000, 0x00000000ec000000)
  object space 40960K, 0% used [0x00000000c4000000,0x00000000c4044000,0x00000000c6800000)
 Metaspace       used 15218K, capacity 16116K, committed 16384K, reserved 1062912K
  class space    used 2283K, capacity 2444K, committed 2560K, reserved 1048576K
Event: 1.034 GC heap after
Heap after GC invocations=2 (full 0):
 PSYoungGen      total 17920K, used 2551K [0x00000000ec000000, 0x00000000ee300000, 0x0000000100000000)
  eden space 15360K, 0% used [0x00000000ec000000,0x00000000ec000000,0x00000000ecf00000)
  from space 2560K, 99% used [0x00000000ed180000,0x00000000ed3fddd0,0x00000000ed400000)
  to   space 2560K, 0% used [0x00000000ecf00000,0x00000000ecf00000,0x00000000ed180000)
 ParOldGen       total 40960K, used 2517K [0x00000000c4000000, 0x00000000c6800000, 0x00000000ec000000)
  object space 40960K, 6% used [0x00000000c4000000,0x00000000c4275740,0x00000000c6800000)
 Metaspace       used 15218K, capacity 16116K, committed 16384K, reserved 1062912K
  class space    used 2283K, capacity 2444K, committed 2560K, reserved 1048576K
}

Deoptimization events (10 events):
Event: 0.796 Thread 0x00007f18ec285000 Uncommon trap: reason=class_check action=maybe_recompile pc=0x00007f18dd23ca34 method=java.io.DataInputStream.readShort()S @ 4
Event: 0.796 Thread 0x00007f18ec285000 Uncommon trap: reason=class_check action=maybe_recompile pc=0x00007f18dd23ca34 method=java.io.DataInputStream.readShort()S @ 4
Event: 0.804 Thread 0x00007f18ec285000 Uncommon trap: reason=class_check action=maybe_recompile pc=0x00007f18dd11ab78 method=java.lang.String.equals(Ljava/lang/Object;)Z @ 8
Event: 0.804 Thread 0x00007f18ec285000 Uncommon trap: reason=class_check action=maybe_recompile pc=0x00007f18dd11ab78 method=java.lang.String.equals(Ljava/lang/Object;)Z @ 8
Event: 0.804 Thread 0x00007f18ec285000 Uncommon trap: reason=class_check action=maybe_recompile pc=0x00007f18dd11ab78 method=java.lang.String.equals(Ljava/lang/Object;)Z @ 8
Event: 0.807 Thread 0x00007f18ec285000 Uncommon trap: reason=class_check action=maybe_recompile pc=0x00007f18dd11ab78 method=java.lang.String.equals(Ljava/lang/Object;)Z @ 8
Event: 1.008 Thread 0x00007f18ec285000 Uncommon trap: reason=unstable_if action=reinterpret pc=0x00007f18dd2310e0 method=java.lang.CharacterData.of(I)Ljava/lang/CharacterData; @ 4
Event: 1.232 Thread 0x00007f18ec285000 Uncommon trap: reason=unstable_if action=reinterpret pc=0x00007f18dd35fea4 method=jdk.internal.org.objectweb.asm.Type.getArgumentsAndReturnSizes(Ljava/lang/String;)I @ 47
Event: 3.072 Thread 0x00007f18ec1c5000 Uncommon trap: reason=unstable_if action=reinterpret pc=0x00007f18dd43d054 method=java.lang.StrictMath.floorOrCeil(DDDD)D @ 115
Event: 27.030 Thread 0x00007f18ec285000 Uncommon trap: reason=unstable_if action=reinterpret pc=0x00007f18dd4fdf34 method=javafx.scene.Node.updateLocalToParentTransform()V @ 4

Internal exceptions (10 events):
Event: 0.178 Thread 0x00007f18ec00a000 Exception <a 'java/lang/NullPointerException'> (0x00000000ec2c57e0) thrown at [/HUDSON/workspace/8-2-build-linux-amd64/jdk8u51/3951/hotspot/src/share/vm/interpreter/linkResolver.cpp, line 1178]
Event: 0.432 Thread 0x00007f18ec285000 Exception <a 'java/lang/NullPointerException'> (0x00000000ecb0e078) thrown at [/HUDSON/workspace/8-2-build-linux-amd64/jdk8u51/3951/hotspot/src/share/vm/interpreter/linkResolver.cpp, line 1178]
Event: 0.432 Thread 0x00007f18ec285000 Exception <a 'java/lang/NullPointerException'> (0x00000000ecb0e078) thrown at [/HUDSON/workspace/8-2-build-linux-amd64/jdk8u51/3951/hotspot/src/share/vm/prims/jvm.cpp, line 1386]
Event: 0.568 Thread 0x00007f18ec285000 Exception <a 'java/lang/ArrayIndexOutOfBoundsException'> (0x00000000ec1974e0) thrown at [/HUDSON/workspace/8-2-build-linux-amd64/jdk8u51/3951/hotspot/src/share/vm/runtime/sharedRuntime.cpp, line 605]
Event: 0.568 Thread 0x00007f18ec285000 Exception <a 'java/lang/ArrayIndexOutOfBoundsException'> (0x00000000ec198130) thrown at [/HUDSON/workspace/8-2-build-linux-amd64/jdk8u51/3951/hotspot/src/share/vm/runtime/sharedRuntime.cpp, line 605]
Event: 0.569 Thread 0x00007f18ec285000 Exception <a 'java/lang/ArrayIndexOutOfBoundsException'> (0x00000000ec199428) thrown at [/HUDSON/workspace/8-2-build-linux-amd64/jdk8u51/3951/hotspot/src/share/vm/runtime/sharedRuntime.cpp, line 605]
Event: 0.613 Thread 0x00007f18ec285000 Exception <a 'java/lang/ArrayIndexOutOfBoundsException'> (0x00000000ec31add8) thrown at [/HUDSON/workspace/8-2-build-linux-amd64/jdk8u51/3951/hotspot/src/share/vm/runtime/sharedRuntime.cpp, line 605]
Event: 0.614 Thread 0x00007f18ec285000 Exception <a 'java/lang/ArrayIndexOutOfBoundsException'> (0x00000000ec31bd28) thrown at [/HUDSON/workspace/8-2-build-linux-amd64/jdk8u51/3951/hotspot/src/share/vm/runtime/sharedRuntime.cpp, line 605]
Event: 0.614 Thread 0x00007f18ec285000 Exception <a 'java/lang/ArrayIndexOutOfBoundsException'> (0x00000000ec31d4e8) thrown at [/HUDSON/workspace/8-2-build-linux-amd64/jdk8u51/3951/hotspot/src/share/vm/runtime/sharedRuntime.cpp, line 605]
Event: 0.715 Thread 0x00007f18ec285000 Implicit null exception at 0x00007f18dd24d9b5 to 0x00007f18dd24dcad

Events (10 events):
Event: 27.029 loading class com/sun/prism/GraphicsResource done
Event: 27.029 loading class com/sun/prism/GraphicsResource
Event: 27.029 loading class com/sun/prism/GraphicsResource done
Event: 27.030 loading class com/sun/javafx/tk/quantum/ViewScene
Event: 27.030 loading class com/sun/javafx/tk/quantum/ViewScene done
Event: 27.030 Thread 0x00007f18ec285000 Uncommon trap: trap_request=0xffffff65 fr.pc=0x00007f18dd4fdf34
Event: 27.030 Thread 0x00007f18ec285000 DEOPT PACKING pc=0x00007f18dd4fdf34 sp=0x00007f1898eaddb0
Event: 27.030 Thread 0x00007f18ec285000 DEOPT UNPACKING pc=0x00007f18dd005229 sp=0x00007f1898eadd30 mode 2
Event: 27.067 Executing VM operation: RevokeBias
Event: 27.067 Executing VM operation: RevokeBias done


Dynamic libraries:
00400000-00401000 r-xp 00000000 08:03 3937306                            /usr/lib/jvm/jre1.8.0_51/bin/java
00600000-00601000 rw-p 00000000 08:03 3937306                            /usr/lib/jvm/jre1.8.0_51/bin/java
01691000-016b2000 rw-p 00000000 00:00 0                                  [heap]
c4000000-c6800000 rw-p 00000000 00:00 0 
c6800000-ec000000 ---p 00000000 00:00 0 
ec000000-ee300000 rw-p 00000000 00:00 0 
ee300000-100000000 ---p 00000000 00:00 0 
100000000-1002a0000 rw-p 00000000 00:00 0 
1002a0000-140000000 ---p 00000000 00:00 0 
7f1878000000-7f1878021000 rw-p 00000000 00:00 0 
7f1878021000-7f187c000000 ---p 00000000 00:00 0 
7f187f0a5000-7f187f0a7000 rw-p 00000000 00:00 0 
7f187f0a7000-7f187f0b7000 rw-s 00000000 00:04 79082                      /drm mm object (deleted)
7f187f0b7000-7f187f0bf000 rw-s 00000000 00:04 79081                      /drm mm object (deleted)
7f187f0bf000-7f187f0db000 r--s 00393000 08:03 3937229                    /usr/lib/jvm/jre1.8.0_51/lib/ext/cldrdata.jar
7f187f0db000-7f187f0eb000 rw-s 00000000 00:04 78226                      /drm mm object (deleted)
7f187f0eb000-7f187f0f3000 rw-s 00000000 00:04 80949                      /drm mm object (deleted)
7f187f0f3000-7f187f103000 rw-s 00000000 00:04 78232                      /drm mm object (deleted)
7f187f103000-7f187f203000 rw-p 00000000 00:00 0 
7f187f203000-7f187f303000 ---p 00000000 00:00 0 
7f187f303000-7f187f4c3000 rw-s 00000000 00:04 80940                      /drm mm object (deleted)
7f187f4c3000-7f187f8da000 r--p 00000000 08:03 10748738                   /usr/share/fonts/truetype/nanum/NanumGothicBold.ttf
7f187f8da000-7f187fada000 rw-p 00000000 00:00 0 
7f187fada000-7f187fadd000 ---p 00000000 00:00 0 
7f187fadd000-7f187fbdb000 rw-p 00000000 00:00 0                          [stack:10252]
7f187fbdb000-7f1880000000 r--p 00000000 08:03 10748737                   /usr/share/fonts/truetype/nanum/NanumGothic.ttf
7f1880000000-7f18805e6000 rw-p 00000000 00:00 0 
7f18805e6000-7f1884000000 ---p 00000000 00:00 0 
7f1884000000-7f1884021000 rw-p 00000000 00:00 0 
7f1884021000-7f1888000000 ---p 00000000 00:00 0 
7f1888000000-7f1888022000 rw-p 00000000 00:00 0 
7f1888022000-7f188c000000 ---p 00000000 00:00 0 
7f188c000000-7f188c021000 rw-p 00000000 00:00 0 
7f188c021000-7f1890000000 ---p 00000000 00:00 0 
7f1890000000-7f1890021000 rw-p 00000000 00:00 0 
7f1890021000-7f1894000000 ---p 00000000 00:00 0 
7f1894000000-7f1895e02000 rw-p 00000000 00:00 0 
7f1895e02000-7f1898000000 ---p 00000000 00:00 0 
7f1898000000-7f1898001000 rw-p 00000000 00:00 0 
7f1898001000-7f1898002000 rw-s 00000000 00:04 79080                      /drm mm object (deleted)
7f1898002000-7f1898004000 rw-s 00000000 00:04 79078                      /drm mm object (deleted)
7f1898004000-7f189800e000 r--s 00116000 08:03 3937223                    /usr/lib/jvm/jre1.8.0_51/lib/ext/localedata.jar
7f189800e000-7f189806e000 rw-s 00000000 00:04 80291                      /drm mm object (deleted)
7f189806e000-7f189807c000 rw-s 00000000 00:04 80290                      /drm mm object (deleted)
7f189807c000-7f189808c000 rw-s 00000000 00:04 80978                      /drm mm object (deleted)
7f189808c000-7f189809c000 rw-s 00000000 00:04 78222                      /drm mm object (deleted)
7f189809c000-7f18980a8000 rw-s 00000000 00:04 80284                      /drm mm object (deleted)
7f18980a8000-7f18980bb000 r--s 00344000 08:03 3937243                    /usr/lib/jvm/jre1.8.0_51/lib/resources.jar
7f18980bb000-7f18982bb000 rw-p 00000000 00:00 0 
7f18982bb000-7f18982de000 r--p 00000000 08:03 8259164                    /usr/share/fonts/truetype/msttcorefonts/Georgia.ttf
7f18982de000-7f189832c000 r--p 00000000 08:03 3937209                    /usr/lib/jvm/jre1.8.0_51/lib/fonts/LucidaSansDemiBold.ttf
7f189832c000-7f1898381000 r--p 00000000 08:03 3937204                    /usr/lib/jvm/jre1.8.0_51/lib/fonts/LucidaBrightRegular.ttf
7f1898381000-7f18983bb000 r--p 00000000 08:03 3937205                    /usr/lib/jvm/jre1.8.0_51/lib/fonts/LucidaTypewriterBold.ttf
7f18983bb000-7f18983f7000 r--p 00000000 08:03 3937202                    /usr/lib/jvm/jre1.8.0_51/lib/fonts/LucidaTypewriterRegular.ttf
7f18983f7000-7f18984a2000 r--p 00000000 08:03 3937206                    /usr/lib/jvm/jre1.8.0_51/lib/fonts/LucidaSansRegular.ttf
7f18984a2000-7f18984a6000 r-xp 00000000 08:03 3937192                    /usr/lib/jvm/jre1.8.0_51/lib/amd64/libjavafx_font_pango.so
7f18984a6000-7f18986a5000 ---p 00004000 08:03 3937192                    /usr/lib/jvm/jre1.8.0_51/lib/amd64/libjavafx_font_pango.so
7f18986a5000-7f18986a6000 r--p 00003000 08:03 3937192                    /usr/lib/jvm/jre1.8.0_51/lib/amd64/libjavafx_font_pango.so
7f18986a6000-7f18986a7000 rw-p 00004000 08:03 3937192                    /usr/lib/jvm/jre1.8.0_51/lib/amd64/libjavafx_font_pango.so
7f18986a7000-7f18986ac000 r-xp 00000000 08:03 3937136                    /usr/lib/jvm/jre1.8.0_51/lib/amd64/libjavafx_font_freetype.so
7f18986ac000-7f18988ab000 ---p 00005000 08:03 3937136                    /usr/lib/jvm/jre1.8.0_51/lib/amd64/libjavafx_font_freetype.so
7f18988ab000-7f18988ac000 r--p 00004000 08:03 3937136                    /usr/lib/jvm/jre1.8.0_51/lib/amd64/libjavafx_font_freetype.so
7f18988ac000-7f18988ad000 rw-p 00005000 08:03 3937136                    /usr/lib/jvm/jre1.8.0_51/lib/amd64/libjavafx_font_freetype.so
7f18988ad000-7f18988b0000 r-xp 00000000 08:03 3937140                    /usr/lib/jvm/jre1.8.0_51/lib/amd64/libjavafx_font.so
7f18988b0000-7f1898aaf000 ---p 00003000 08:03 3937140                    /usr/lib/jvm/jre1.8.0_51/lib/amd64/libjavafx_font.so
7f1898aaf000-7f1898ab0000 r--p 00002000 08:03 3937140                    /usr/lib/jvm/jre1.8.0_51/lib/amd64/libjavafx_font.so
7f1898ab0000-7f1898ab1000 rw-p 00003000 08:03 3937140                    /usr/lib/jvm/jre1.8.0_51/lib/amd64/libjavafx_font.so
7f1898ab1000-7f1898cb1000 rw-p 00000000 00:00 0 
7f1898cb1000-7f1898cb4000 ---p 00000000 00:00 0 
7f1898cb4000-7f1898db2000 rw-p 00000000 00:00 0                          [stack:10251]
7f1898db2000-7f1898db5000 ---p 00000000 00:00 0 
7f1898db5000-7f1898eb3000 rw-p 00000000 00:00 0                          [stack:10250]
7f1898eb3000-7f1898eb4000 ---p 00000000 00:00 0 
7f1898eb4000-7f18996b4000 rw-p 00000000 00:00 0                          [stack:10248]
7f18996b4000-7f18996b5000 ---p 00000000 00:00 0 
7f18996b5000-7f1899eb5000 rw-p 00000000 00:00 0                          [stack:10247]
7f1899eb5000-7f1899ec0000 r-xp 00000000 08:03 10093528                   /usr/lib/x86_64-linux-gnu/gio/modules/libdconfsettings.so
7f1899ec0000-7f189a0c0000 ---p 0000b000 08:03 10093528                   /usr/lib/x86_64-linux-gnu/gio/modules/libdconfsettings.so
7f189a0c0000-7f189a0c1000 r--p 0000b000 08:03 10093528                   /usr/lib/x86_64-linux-gnu/gio/modules/libdconfsettings.so
7f189a0c1000-7f189a0c2000 rw-p 0000c000 08:03 10093528                   /usr/lib/x86_64-linux-gnu/gio/modules/libdconfsettings.so
7f189a0c2000-7f189a0c9000 r-xp 00000000 08:03 9708107                    /usr/lib/x86_64-linux-gnu/libogg.so.0.8.1
7f189a0c9000-7f189a2c9000 ---p 00007000 08:03 9708107                    /usr/lib/x86_64-linux-gnu/libogg.so.0.8.1
7f189a2c9000-7f189a2ca000 r--p 00007000 08:03 9708107                    /usr/lib/x86_64-linux-gnu/libogg.so.0.8.1
7f189a2ca000-7f189a2cb000 rw-p 00008000 08:03 9708107                    /usr/lib/x86_64-linux-gnu/libogg.so.0.8.1
7f189a2cb000-7f189a2f7000 r-xp 00000000 08:03 9708383                    /usr/lib/x86_64-linux-gnu/libvorbis.so.0.4.5
7f189a2f7000-7f189a4f6000 ---p 0002c000 08:03 9708383                    /usr/lib/x86_64-linux-gnu/libvorbis.so.0.4.5
7f189a4f6000-7f189a4f7000 r--p 0002b000 08:03 9708383                    /usr/lib/x86_64-linux-gnu/libvorbis.so.0.4.5
7f189a4f7000-7f189a4f8000 rw-p 0002c000 08:03 9708383                    /usr/lib/x86_64-linux-gnu/libvorbis.so.0.4.5
7f189a4f8000-7f189a501000 r-xp 00000000 08:03 9708013                    /usr/lib/x86_64-linux-gnu/libltdl.so.7.3.0
7f189a501000-7f189a700000 ---p 00009000 08:03 9708013                    /usr/lib/x86_64-linux-gnu/libltdl.so.7.3.0
7f189a700000-7f189a701000 r--p 00008000 08:03 9708013                    /usr/lib/x86_64-linux-gnu/libltdl.so.7.3.0
7f189a701000-7f189a702000 rw-p 00009000 08:03 9708013                    /usr/lib/x86_64-linux-gnu/libltdl.so.7.3.0
7f189a702000-7f189a713000 r-xp 00000000 08:03 9708302                    /usr/lib/x86_64-linux-gnu/libtdb.so.1.2.12
7f189a713000-7f189a912000 ---p 00011000 08:03 9708302                    /usr/lib/x86_64-linux-gnu/libtdb.so.1.2.12
7f189a912000-7f189a913000 r--p 00010000 08:03 9708302                    /usr/lib/x86_64-linux-gnu/libtdb.so.1.2.12
7f189a913000-7f189a914000 rw-p 00011000 08:03 9708302                    /usr/lib/x86_64-linux-gnu/libtdb.so.1.2.12
7f189a914000-7f189a91b000 r-xp 00000000 08:03 9708387                    /usr/lib/x86_64-linux-gnu/libvorbisfile.so.3.3.4
7f189a91b000-7f189ab1a000 ---p 00007000 08:03 9708387                    /usr/lib/x86_64-linux-gnu/libvorbisfile.so.3.3.4
7f189ab1a000-7f189ab1b000 r--p 00006000 08:03 9708387                    /usr/lib/x86_64-linux-gnu/libvorbisfile.so.3.3.4
7f189ab1b000-7f189ab1c000 rw-p 00007000 08:03 9708387                    /usr/lib/x86_64-linux-gnu/libvorbisfile.so.3.3.4
7f189ab1c000-7f189ab2b000 r-xp 00000000 08:03 9707527                    /usr/lib/x86_64-linux-gnu/libcanberra.so.0.2.5
7f189ab2b000-7f189ad2a000 ---p 0000f000 08:03 9707527                    /usr/lib/x86_64-linux-gnu/libcanberra.so.0.2.5
7f189ad2a000-7f189ad2b000 r--p 0000e000 08:03 9707527                    /usr/lib/x86_64-linux-gnu/libcanberra.so.0.2.5
7f189ad2b000-7f189ad2c000 rw-p 0000f000 08:03 9707527                    /usr/lib/x86_64-linux-gnu/libcanberra.so.0.2.5
7f189ad2c000-7f189ad30000 r-xp 00000000 08:03 9707523                    /usr/lib/x86_64-linux-gnu/libcanberra-gtk.so.0.1.9
7f189ad30000-7f189af2f000 ---p 00004000 08:03 9707523                    /usr/lib/x86_64-linux-gnu/libcanberra-gtk.so.0.1.9
7f189af2f000-7f189af30000 r--p 00003000 08:03 9707523                    /usr/lib/x86_64-linux-gnu/libcanberra-gtk.so.0.1.9
7f189af30000-7f189af31000 rw-p 00004000 08:03 9707523                    /usr/lib/x86_64-linux-gnu/libcanberra-gtk.so.0.1.9
7f189af31000-7f189af36000 r-xp 00000000 08:03 10093783                   /usr/lib/x86_64-linux-gnu/gtk-2.0/modules/libcanberra-gtk-module.so
7f189af36000-7f189b135000 ---p 00005000 08:03 10093783                   /usr/lib/x86_64-linux-gnu/gtk-2.0/modules/libcanberra-gtk-module.so
7f189b135000-7f189b136000 r--p 00004000 08:03 10093783                   /usr/lib/x86_64-linux-gnu/gtk-2.0/modules/libcanberra-gtk-module.so
7f189b136000-7f189b137000 rw-p 00005000 08:03 10093783                   /usr/lib/x86_64-linux-gnu/gtk-2.0/modules/libcanberra-gtk-module.so
7f189b137000-7f189b166000 r-xp 00000000 08:03 10093765                   /usr/lib/x86_64-linux-gnu/gtk-2.0/2.10.0/engines/libmurrine.so
7f189b166000-7f189b366000 ---p 0002f000 08:03 10093765                   /usr/lib/x86_64-linux-gnu/gtk-2.0/2.10.0/engines/libmurrine.so
7f189b366000-7f189b367000 r--p 0002f000 08:03 10093765                   /usr/lib/x86_64-linux-gnu/gtk-2.0/2.10.0/engines/libmurrine.so
7f189b367000-7f189b368000 rw-p 00030000 08:03 10093765                   /usr/lib/x86_64-linux-gnu/gtk-2.0/2.10.0/engines/libmurrine.so
7f189b368000-7f189b378000 r-xp 00000000 08:03 9708351                    /usr/lib/x86_64-linux-gnu/libunity-gtk2-parser.so.0.0.0
7f189b378000-7f189b577000 ---p 00010000 08:03 9708351                    /usr/lib/x86_64-linux-gnu/libunity-gtk2-parser.so.0.0.0
7f189b577000-7f189b578000 r--p 0000f000 08:03 9708351                    /usr/lib/x86_64-linux-gnu/libunity-gtk2-parser.so.0.0.0
7f189b578000-7f189b579000 rw-p 00010000 08:03 9708351                    /usr/lib/x86_64-linux-gnu/libunity-gtk2-parser.so.0.0.0
7f189b579000-7f189b57e000 r-xp 00000000 08:03 10093787                   /usr/lib/x86_64-linux-gnu/gtk-2.0/modules/libunity-gtk-module.so
7f189b57e000-7f189b77d000 ---p 00005000 08:03 10093787                   /usr/lib/x86_64-linux-gnu/gtk-2.0/modules/libunity-gtk-module.so
7f189b77d000-7f189b77e000 r--p 00004000 08:03 10093787                   /usr/lib/x86_64-linux-gnu/gtk-2.0/modules/libunity-gtk-module.so
7f189b77e000-7f189b77f000 rw-p 00005000 08:03 10093787                   /usr/lib/x86_64-linux-gnu/gtk-2.0/modules/libunity-gtk-module.so
7f189b77f000-7f189b790000 r-xp 00000000 08:03 10093786                   /usr/lib/x86_64-linux-gnu/gtk-2.0/modules/liboverlay-scrollbar.so
7f189b790000-7f189b98f000 ---p 00011000 08:03 10093786                   /usr/lib/x86_64-linux-gnu/gtk-2.0/modules/liboverlay-scrollbar.so
7f189b98f000-7f189b990000 r--p 00010000 08:03 10093786                   /usr/lib/x86_64-linux-gnu/gtk-2.0/modules/liboverlay-scrollbar.so
7f189b990000-7f189b991000 rw-p 00011000 08:03 10093786                   /usr/lib/x86_64-linux-gnu/gtk-2.0/modules/liboverlay-scrollbar.so
7f189b991000-7f189b9bc000 r-xp 00000000 08:03 3937145                    /usr/lib/jvm/jre1.8.0_51/lib/amd64/libglass.so
7f189b9bc000-7f189bbbb000 ---p 0002b000 08:03 3937145                    /usr/lib/jvm/jre1.8.0_51/lib/amd64/libglass.so
7f189bbbb000-7f189bbbd000 r--p 0002a000 08:03 3937145                    /usr/lib/jvm/jre1.8.0_51/lib/amd64/libglass.so
7f189bbbd000-7f189bbbe000 rw-p 0002c000 08:03 3937145                    /usr/lib/jvm/jre1.8.0_51/lib/amd64/libglass.so
7f189bbbe000-7f189bbbf000 rw-p 00000000 00:00 0 
7f189bbbf000-7f189bbf6000 r-xp 00000000 08:03 9708334                    /usr/lib/x86_64-linux-gnu/libtxc_dxtn_s2tc.so.0.0.0
7f189bbf6000-7f189bdf5000 ---p 00037000 08:03 9708334                    /usr/lib/x86_64-linux-gnu/libtxc_dxtn_s2tc.so.0.0.0
7f189bdf5000-7f189bdf6000 r--p 00036000 08:03 9708334                    /usr/lib/x86_64-linux-gnu/libtxc_dxtn_s2tc.so.0.0.0
7f189bdf6000-7f189bdf7000 rw-p 00037000 08:03 9708334                    /usr/lib/x86_64-linux-gnu/libtxc_dxtn_s2tc.so.0.0.0
7f189bdf7000-7f189bdff000 r-xp 00000000 08:03 9708139                    /usr/lib/x86_64-linux-gnu/libpciaccess.so.0.11.1
7f189bdff000-7f189bffe000 ---p 00008000 08:03 9708139                    /usr/lib/x86_64-linux-gnu/libpciaccess.so.0.11.1
7f189bffe000-7f189bfff000 r--p 00007000 08:03 9708139                    /usr/lib/x86_64-linux-gnu/libpciaccess.so.0.11.1
7f189bfff000-7f189c000000 rw-p 00008000 08:03 9708139                    /usr/lib/x86_64-linux-gnu/libpciaccess.so.0.11.1
7f189c000000-7f189c021000 rw-p 00000000 00:00 0 
7f189c021000-7f18a0000000 ---p 00000000 00:00 0 
7f18a0000000-7f18a0021000 rw-p 00000000 00:00 0 
7f18a0021000-7f18a4000000 ---p 00000000 00:00 0 
7f18a4000000-7f18a4358000 rw-p 00000000 00:00 0 
7f18a4358000-7f18a8000000 ---p 00000000 00:00 0 
7f18a8000000-7f18a843e000 rw-p 00000000 00:00 0 
7f18a843e000-7f18ac000000 ---p 00000000 00:00 0 
7f18ac000000-7f18ac021000 rw-p 00000000 00:00 0 
7f18ac021000-7f18b0000000 ---p 00000000 00:00 0 
7f18b0000000-7f18b084f000 rw-p 00000000 00:00 0 
7f18b084f000-7f18b4000000 ---p 00000000 00:00 0 
7f18b4000000-7f18b4021000 rw-p 00000000 00:00 0 
7f18b4021000-7f18b8000000 ---p 00000000 00:00 0 
7f18b8000000-7f18b8021000 rw-p 00000000 00:00 0 
7f18b8021000-7f18bc000000 ---p 00000000 00:00 0 
7f18bc000000-7f18bc021000 rw-p 00000000 00:00 0 
7f18bc021000-7f18c0000000 ---p 00000000 00:00 0 
7f18c0000000-7f18c0021000 rw-p 00000000 00:00 0 
7f18c0021000-7f18c4000000 ---p 00000000 00:00 0 
7f18c4000000-7f18c4021000 rw-p 00000000 00:00 0 
7f18c4021000-7f18c8000000 ---p 00000000 00:00 0 
7f18c8000000-7f18c8002000 rw-s 00000000 00:04 78227                      /drm mm object (deleted)
7f18c8002000-7f18c8003000 rw-s 00000000 00:04 78221                      /drm mm object (deleted)
7f18c8003000-7f18c8004000 rw-s 00000000 00:04 78244                      /drm mm object (deleted)
7f18c8004000-7f18c8005000 rw-s 00000000 00:04 78218                      /drm mm object (deleted)
7f18c8005000-7f18c8006000 rw-s 00000000 00:04 78213                      /drm mm object (deleted)
7f18c8006000-7f18c8007000 rw-s 00000000 00:04 80313                      /drm mm object (deleted)
7f18c8007000-7f18c800c000 r--s 00083000 08:03 3937215                    /usr/lib/jvm/jre1.8.0_51/lib/jfr.jar
7f18c800c000-7f18c801f000 r--p 00000000 08:03 3937208                    /usr/lib/jvm/jre1.8.0_51/lib/fonts/LucidaBrightDemiBold.ttf
7f18c801f000-7f18c8033000 r--p 00000000 08:03 3937203                    /usr/lib/jvm/jre1.8.0_51/lib/fonts/LucidaBrightItalic.ttf
7f18c8033000-7f18c8046000 r--p 00000000 08:03 3937207                    /usr/lib/jvm/jre1.8.0_51/lib/fonts/LucidaBrightDemiItalic.ttf
7f18c8046000-7f18c8047000 r--s 00000000 08:03 526163                     /var/cache/fontconfig/c05880de57d1f5e948fdfacc138775d9-le64.cache-4
7f18c8047000-7f18c8052000 r--s 00000000 08:03 526157                     /var/cache/fontconfig/945677eb7aeaf62f1d50efc3fb3ec7d8-le64.cache-4
7f18c8052000-7f18c8054000 r--s 00000000 08:03 527549                     /var/cache/fontconfig/99e8ed0e538f840c565b6ed5dad60d56-le64.cache-4
7f18c8054000-7f18c805d000 r--s 00000000 08:03 526799                     /var/cache/fontconfig/a6d8cf8e4ec09cdbc8633c31745a07dd-le64.cache-4
7f18c805d000-7f18c8063000 r--s 00000000 08:03 526143                     /var/cache/fontconfig/2cd17615ca594fa2959ae173292e504c-le64.cache-4
7f18c8063000-7f18c8064000 r--s 00000000 08:03 526173                     /var/cache/fontconfig/e7071f4a29fa870f4323321c154eba04-le64.cache-4
7f18c8064000-7f18c8065000 r--s 00000000 08:03 526140                     /var/cache/fontconfig/0d8c3b2ac0904cb8a57a757ad11a4a08-le64.cache-4
7f18c8065000-7f18c806c000 r--s 00000000 08:03 526160                     /var/cache/fontconfig/a755afe4a08bf5b97852ceb7400b47bc-le64.cache-4
7f18c806c000-7f18c8080000 r--s 00000000 08:03 526138                     /var/cache/fontconfig/04aabc0a78ac019cf9454389977116d2-le64.cache-4
7f18c8080000-7f18c8081000 r--s 00000000 08:03 526142                     /var/cache/fontconfig/1ac9eb803944fde146138c791f5cc56a-le64.cache-4
7f18c8081000-7f18c8085000 r--s 00000000 08:03 526146                     /var/cache/fontconfig/385c0604a188198f04d133e54aba7fe7-le64.cache-4
7f18c8085000-7f18c8086000 r--s 00000000 08:03 526170                     /var/cache/fontconfig/dc05db6664285cc2f12bf69c139ae4c3-le64.cache-4
7f18c8086000-7f18c8088000 r--s 00000000 08:03 526154                     /var/cache/fontconfig/767a8244fc0220cfb567a839d0392e0b-le64.cache-4
7f18c8088000-7f18c8089000 r--s 00000000 08:03 527396                     /var/cache/fontconfig/4794a0821666d79190d59a36cb4f44b5-le64.cache-4
7f18c8089000-7f18c808f000 r--s 00000000 08:03 526798                     /var/cache/fontconfig/8801497958630a81b71ace7c5f9b32a8-le64.cache-4
7f18c808f000-7f18c80ca000 r--s 00000000 08:03 526450                     /var/cache/fontconfig/365b55f210c0a22e9a19e35191240f32-le64.cache-4
7f18c80ca000-7f18c80d1000 r--s 00000000 08:03 526144                     /var/cache/fontconfig/3047814df9a2f067bd2d96a2b9c36e5a-le64.cache-4
7f18c80d1000-7f18c80d7000 r--s 00000000 08:03 526161                     /var/cache/fontconfig/b47c4e1ecd0709278f4910c18777a504-le64.cache-4
7f18c80d7000-7f18c80e3000 r-xp 00000000 08:03 9710672                    /usr/lib/x86_64-linux-gnu/libdrm_radeon.so.1.0.1
7f18c80e3000-7f18c82e2000 ---p 0000c000 08:03 9710672                    /usr/lib/x86_64-linux-gnu/libdrm_radeon.so.1.0.1
7f18c82e2000-7f18c82e3000 r--p 0000b000 08:03 9710672                    /usr/lib/x86_64-linux-gnu/libdrm_radeon.so.1.0.1
7f18c82e3000-7f18c82e4000 rw-p 0000c000 08:03 9710672                    /usr/lib/x86_64-linux-gnu/libdrm_radeon.so.1.0.1
7f18c82e4000-7f18c82ea000 r-xp 00000000 08:03 9710669                    /usr/lib/x86_64-linux-gnu/libdrm_nouveau.so.2.0.0
7f18c82ea000-7f18c84e9000 ---p 00006000 08:03 9710669                    /usr/lib/x86_64-linux-gnu/libdrm_nouveau.so.2.0.0
7f18c84e9000-7f18c84ea000 r--p 00005000 08:03 9710669                    /usr/lib/x86_64-linux-gnu/libdrm_nouveau.so.2.0.0
7f18c84ea000-7f18c84eb000 rw-p 00006000 08:03 9710669                    /usr/lib/x86_64-linux-gnu/libdrm_nouveau.so.2.0.0
7f18c84eb000-7f18c850b000 r-xp 00000000 08:03 9710664                    /usr/lib/x86_64-linux-gnu/libdrm_intel.so.1.0.0
7f18c850b000-7f18c870a000 ---p 00020000 08:03 9710664                    /usr/lib/x86_64-linux-gnu/libdrm_intel.so.1.0.0
7f18c870a000-7f18c870b000 r--p 0001f000 08:03 9710664                    /usr/lib/x86_64-linux-gnu/libdrm_intel.so.1.0.0
7f18c870b000-7f18c870c000 rw-p 00020000 08:03 9710664                    /usr/lib/x86_64-linux-gnu/libdrm_intel.so.1.0.0
7f18c870c000-7f18c8c14000 r-xp 00000000 08:03 10092866                   /usr/lib/x86_64-linux-gnu/dri/i965_dri.so
7f18c8c14000-7f18c8e13000 ---p 00508000 08:03 10092866                   /usr/lib/x86_64-linux-gnu/dri/i965_dri.so
7f18c8e13000-7f18c8e2d000 r--p 00507000 08:03 10092866                   /usr/lib/x86_64-linux-gnu/dri/i965_dri.so
7f18c8e2d000-7f18c8e33000 rw-p 00521000 08:03 10092866                   /usr/lib/x86_64-linux-gnu/dri/i965_dri.so
7f18c8e33000-7f18c8e3e000 rw-p 00000000 00:00 0 
7f18c8e3e000-7f18c8e82000 r-xp 00000000 08:03 11276251                   /lib/x86_64-linux-gnu/libdbus-1.so.3.7.6
7f18c8e82000-7f18c9081000 ---p 00044000 08:03 11276251                   /lib/x86_64-linux-gnu/libdbus-1.so.3.7.6
7f18c9081000-7f18c9082000 r--p 00043000 08:03 11276251                   /lib/x86_64-linux-gnu/libdbus-1.so.3.7.6
7f18c9082000-7f18c9083000 rw-p 00044000 08:03 11276251                   /lib/x86_64-linux-gnu/libdbus-1.so.3.7.6
7f18c9083000-7f18c908b000 r-xp 00000000 08:03 11276299                   /lib/x86_64-linux-gnu/libnih-dbus.so.1.0.0
7f18c908b000-7f18c928b000 ---p 00008000 08:03 11276299                   /lib/x86_64-linux-gnu/libnih-dbus.so.1.0.0
7f18c928b000-7f18c928c000 r--p 00008000 08:03 11276299                   /lib/x86_64-linux-gnu/libnih-dbus.so.1.0.0
7f18c928c000-7f18c928d000 rw-p 00009000 08:03 11276299                   /lib/x86_64-linux-gnu/libnih-dbus.so.1.0.0
7f18c928d000-7f18c92a4000 r-xp 00000000 08:03 11276301                   /lib/x86_64-linux-gnu/libnih.so.1.0.0
7f18c92a4000-7f18c94a3000 ---p 00017000 08:03 11276301                   /lib/x86_64-linux-gnu/libnih.so.1.0.0
7f18c94a3000-7f18c94a4000 r--p 00016000 08:03 11276301                   /lib/x86_64-linux-gnu/libnih.so.1.0.0
7f18c94a4000-7f18c94a5000 rw-p 00017000 08:03 11276301                   /lib/x86_64-linux-gnu/libnih.so.1.0.0
7f18c94a5000-7f18c94be000 r-xp 00000000 08:03 11276242                   /lib/x86_64-linux-gnu/libcgmanager.so.0.0.0
7f18c94be000-7f18c96bd000 ---p 00019000 08:03 11276242                   /lib/x86_64-linux-gnu/libcgmanager.so.0.0.0
7f18c96bd000-7f18c96bf000 r--p 00018000 08:03 11276242                   /lib/x86_64-linux-gnu/libcgmanager.so.0.0.0
7f18c96bf000-7f18c96c0000 rw-p 0001a000 08:03 11276242                   /lib/x86_64-linux-gnu/libcgmanager.so.0.0.0
7f18c96c0000-7f18c96d0000 r-xp 00000000 08:03 11276384                   /lib/x86_64-linux-gnu/libudev.so.1.3.5
7f18c96d0000-7f18c98cf000 ---p 00010000 08:03 11276384                   /lib/x86_64-linux-gnu/libudev.so.1.3.5
7f18c98cf000-7f18c98d0000 r--p 0000f000 08:03 11276384                   /lib/x86_64-linux-gnu/libudev.so.1.3.5
7f18c98d0000-7f18c98d1000 rw-p 00010000 08:03 11276384                   /lib/x86_64-linux-gnu/libudev.so.1.3.5
7f18c98d1000-7f18c98d7000 r-xp 00000000 08:03 9707591                    /usr/lib/x86_64-linux-gnu/libdatrie.so.1.3.1
7f18c98d7000-7f18c9ad6000 ---p 00006000 08:03 9707591                    /usr/lib/x86_64-linux-gnu/libdatrie.so.1.3.1
7f18c9ad6000-7f18c9ad7000 r--p 00005000 08:03 9707591                    /usr/lib/x86_64-linux-gnu/libdatrie.so.1.3.1
7f18c9ad7000-7f18c9ad8000 rw-p 00006000 08:03 9707591                    /usr/lib/x86_64-linux-gnu/libdatrie.so.1.3.1
7f18c9ad8000-7f18c9add000 r-xp 00000000 08:03 9707399                    /usr/lib/x86_64-linux-gnu/libXdmcp.so.6.0.0
7f18c9add000-7f18c9cdc000 ---p 00005000 08:03 9707399                    /usr/lib/x86_64-linux-gnu/libXdmcp.so.6.0.0
7f18c9cdc000-7f18c9cdd000 r--p 00004000 08:03 9707399                    /usr/lib/x86_64-linux-gnu/libXdmcp.so.6.0.0
7f18c9cdd000-7f18c9cde000 rw-p 00005000 08:03 9707399                    /usr/lib/x86_64-linux-gnu/libXdmcp.so.6.0.0
7f18c9cde000-7f18c9ce0000 r-xp 00000000 08:03 9707388                    /usr/lib/x86_64-linux-gnu/libXau.so.6.0.0
7f18c9ce0000-7f18c9ee0000 ---p 00002000 08:03 9707388                    /usr/lib/x86_64-linux-gnu/libXau.so.6.0.0
7f18c9ee0000-7f18c9ee1000 r--p 00002000 08:03 9707388                    /usr/lib/x86_64-linux-gnu/libXau.so.6.0.0
7f18c9ee1000-7f18c9ee2000 rw-p 00003000 08:03 9707388                    /usr/lib/x86_64-linux-gnu/libXau.so.6.0.0
7f18c9ee2000-7f18c9efc000 r-xp 00000000 08:03 9707817                    /usr/lib/x86_64-linux-gnu/libgraphite2.so.3.0.1
7f18c9efc000-7f18ca0fb000 ---p 0001a000 08:03 9707817                    /usr/lib/x86_64-linux-gnu/libgraphite2.so.3.0.1
7f18ca0fb000-7f18ca0fd000 r--p 00019000 08:03 9707817                    /usr/lib/x86_64-linux-gnu/libgraphite2.so.3.0.1
7f18ca0fd000-7f18ca0fe000 rw-p 0001b000 08:03 9707817                    /usr/lib/x86_64-linux-gnu/libgraphite2.so.3.0.1
7f18ca0fe000-7f18ca109000 r-xp 00000000 08:03 9703857                    /usr/lib/x86_64-linux-gnu/libdrm.so.2.4.0
7f18ca109000-7f18ca308000 ---p 0000b000 08:03 9703857                    /usr/lib/x86_64-linux-gnu/libdrm.so.2.4.0
7f18ca308000-7f18ca309000 r--p 0000a000 08:03 9703857                    /usr/lib/x86_64-linux-gnu/libdrm.so.2.4.0
7f18ca309000-7f18ca30a000 rw-p 0000b000 08:03 9703857                    /usr/lib/x86_64-linux-gnu/libdrm.so.2.4.0
7f18ca30a000-7f18ca30b000 r-xp 00000000 08:03 9708466                    /usr/lib/x86_64-linux-gnu/libxshmfence.so.1.0.0
7f18ca30b000-7f18ca50a000 ---p 00001000 08:03 9708466                    /usr/lib/x86_64-linux-gnu/libxshmfence.so.1.0.0
7f18ca50a000-7f18ca50b000 r--p 00000000 08:03 9708466                    /usr/lib/x86_64-linux-gnu/libxshmfence.so.1.0.0
7f18ca50b000-7f18ca50c000 rw-p 00001000 08:03 9708466                    /usr/lib/x86_64-linux-gnu/libxshmfence.so.1.0.0
7f18ca50c000-7f18ca511000 r-xp 00000000 08:03 9708448                    /usr/lib/x86_64-linux-gnu/libxcb-sync.so.1.0.0
7f18ca511000-7f18ca710000 ---p 00005000 08:03 9708448                    /usr/lib/x86_64-linux-gnu/libxcb-sync.so.1.0.0
7f18ca710000-7f18ca711000 r--p 00004000 08:03 9708448                    /usr/lib/x86_64-linux-gnu/libxcb-sync.so.1.0.0
7f18ca711000-7f18ca712000 rw-p 00005000 08:03 9708448                    /usr/lib/x86_64-linux-gnu/libxcb-sync.so.1.0.0
7f18ca712000-7f18ca714000 r-xp 00000000 08:03 9708436                    /usr/lib/x86_64-linux-gnu/libxcb-present.so.0.0.0
7f18ca714000-7f18ca913000 ---p 00002000 08:03 9708436                    /usr/lib/x86_64-linux-gnu/libxcb-present.so.0.0.0
7f18ca913000-7f18ca914000 r--p 00001000 08:03 9708436                    /usr/lib/x86_64-linux-gnu/libxcb-present.so.0.0.0
7f18ca914000-7f18ca915000 rw-p 00002000 08:03 9708436                    /usr/lib/x86_64-linux-gnu/libxcb-present.so.0.0.0
7f18ca915000-7f18ca917000 r-xp 00000000 08:03 9708426                    /usr/lib/x86_64-linux-gnu/libxcb-dri3.so.0.0.0
7f18ca917000-7f18cab16000 ---p 00002000 08:03 9708426                    /usr/lib/x86_64-linux-gnu/libxcb-dri3.so.0.0.0
7f18cab16000-7f18cab17000 r--p 00001000 08:03 9708426                    /usr/lib/x86_64-linux-gnu/libxcb-dri3.so.0.0.0
7f18cab17000-7f18cab18000 rw-p 00002000 08:03 9708426                    /usr/lib/x86_64-linux-gnu/libxcb-dri3.so.0.0.0
7f18cab18000-7f18cab1b000 r-xp 00000000 08:03 9708424                    /usr/lib/x86_64-linux-gnu/libxcb-dri2.so.0.0.0
7f18cab1b000-7f18cad1b000 ---p 00003000 08:03 9708424                    /usr/lib/x86_64-linux-gnu/libxcb-dri2.so.0.0.0
7f18cad1b000-7f18cad1c000 r--p 00003000 08:03 9708424                    /usr/lib/x86_64-linux-gnu/libxcb-dri2.so.0.0.0
7f18cad1c000-7f18cad1d000 rw-p 00004000 08:03 9708424                    /usr/lib/x86_64-linux-gnu/libxcb-dri2.so.0.0.0
7f18cad1d000-7f18cad32000 r-xp 00000000 08:03 9708428                    /usr/lib/x86_64-linux-gnu/libxcb-glx.so.0.0.0
7f18cad32000-7f18caf31000 ---p 00015000 08:03 9708428                    /usr/lib/x86_64-linux-gnu/libxcb-glx.so.0.0.0
7f18caf31000-7f18caf33000 r--p 00014000 08:03 9708428                    /usr/lib/x86_64-linux-gnu/libxcb-glx.so.0.0.0
7f18caf33000-7f18caf34000 rw-p 00016000 08:03 9708428                    /usr/lib/x86_64-linux-gnu/libxcb-glx.so.0.0.0
7f18caf34000-7f18caf35000 r-xp 00000000 08:03 9707382                    /usr/lib/x86_64-linux-gnu/libX11-xcb.so.1.0.0
7f18caf35000-7f18cb134000 ---p 00001000 08:03 9707382                    /usr/lib/x86_64-linux-gnu/libX11-xcb.so.1.0.0
7f18cb134000-7f18cb135000 r--p 00000000 08:03 9707382                    /usr/lib/x86_64-linux-gnu/libX11-xcb.so.1.0.0
7f18cb135000-7f18cb136000 rw-p 00001000 08:03 9707382                    /usr/lib/x86_64-linux-gnu/libX11-xcb.so.1.0.0
7f18cb136000-7f18cb15a000 r-xp 00000000 08:03 9707775                    /usr/lib/x86_64-linux-gnu/libglapi.so.0.0.0
7f18cb15a000-7f18cb35a000 ---p 00024000 08:03 9707775                    /usr/lib/x86_64-linux-gnu/libglapi.so.0.0.0
7f18cb35a000-7f18cb35d000 r--p 00024000 08:03 9707775                    /usr/lib/x86_64-linux-gnu/libglapi.so.0.0.0
7f18cb35d000-7f18cb35e000 rw-p 00027000 08:03 9707775                    /usr/lib/x86_64-linux-gnu/libglapi.so.0.0.0
7f18cb35e000-7f18cb35f000 rw-p 00000000 00:00 0 
7f18cb35f000-7f18cb39c000 r-xp 00000000 08:03 11276290                   /lib/x86_64-linux-gnu/libpcre.so.3.13.1
7f18cb39c000-7f18cb59b000 ---p 0003d000 08:03 11276290                   /lib/x86_64-linux-gnu/libpcre.so.3.13.1
7f18cb59b000-7f18cb59c000 r--p 0003c000 08:03 11276290                   /lib/x86_64-linux-gnu/libpcre.so.3.13.1
7f18cb59c000-7f18cb59d000 rw-p 0003d000 08:03 11276290                   /lib/x86_64-linux-gnu/libpcre.so.3.13.1
7f18cb59d000-7f18cb5a4000 r-xp 00000000 08:03 9707670                    /usr/lib/x86_64-linux-gnu/libffi.so.6.0.1
7f18cb5a4000-7f18cb7a3000 ---p 00007000 08:03 9707670                    /usr/lib/x86_64-linux-gnu/libffi.so.6.0.1
7f18cb7a3000-7f18cb7a4000 r--p 00006000 08:03 9707670                    /usr/lib/x86_64-linux-gnu/libffi.so.6.0.1
7f18cb7a4000-7f18cb7a5000 rw-p 00007000 08:03 9707670                    /usr/lib/x86_64-linux-gnu/libffi.so.6.0.1
7f18cb7a5000-7f18cb7cc000 r-xp 00000000 08:03 11280221                   /lib/x86_64-linux-gnu/libexpat.so.1.6.0
7f18cb7cc000-7f18cb9cc000 ---p 00027000 08:03 11280221                   /lib/x86_64-linux-gnu/libexpat.so.1.6.0
7f18cb9cc000-7f18cb9ce000 r--p 00027000 08:03 11280221                   /lib/x86_64-linux-gnu/libexpat.so.1.6.0
7f18cb9ce000-7f18cb9cf000 rw-p 00029000 08:03 11280221                   /lib/x86_64-linux-gnu/libexpat.so.1.6.0
7f18cb9cf000-7f18cb9d7000 r-xp 00000000 08:03 9708314                    /usr/lib/x86_64-linux-gnu/libthai.so.0.2.0
7f18cb9d7000-7f18cbbd6000 ---p 00008000 08:03 9708314                    /usr/lib/x86_64-linux-gnu/libthai.so.0.2.0
7f18cbbd6000-7f18cbbd7000 r--p 00007000 08:03 9708314                    /usr/lib/x86_64-linux-gnu/libthai.so.0.2.0
7f18cbbd7000-7f18cbbd8000 rw-p 00008000 08:03 9708314                    /usr/lib/x86_64-linux-gnu/libthai.so.0.2.0
7f18cbbd8000-7f18cbbf5000 r-xp 00000000 08:03 9708456                    /usr/lib/x86_64-linux-gnu/libxcb.so.1.1.0
7f18cbbf5000-7f18cbdf5000 ---p 0001d000 08:03 9708456                    /usr/lib/x86_64-linux-gnu/libxcb.so.1.1.0
7f18cbdf5000-7f18cbdf6000 r--p 0001d000 08:03 9708456                    /usr/lib/x86_64-linux-gnu/libxcb.so.1.1.0
7f18cbdf6000-7f18cbdf7000 rw-p 0001e000 08:03 9708456                    /usr/lib/x86_64-linux-gnu/libxcb.so.1.1.0
7f18cbdf7000-7f18cbdff000 r-xp 00000000 08:03 9708442                    /usr/lib/x86_64-linux-gnu/libxcb-render.so.0.0.0
7f18cbdff000-7f18cbffe000 ---p 00008000 08:03 9708442                    /usr/lib/x86_64-linux-gnu/libxcb-render.so.0.0.0
7f18cbffe000-7f18cbfff000 r--p 00007000 08:03 9708442                    /usr/lib/x86_64-linux-gnu/libxcb-render.so.0.0.0
7f18cbfff000-7f18cc000000 rw-p 00008000 08:03 9708442                    /usr/lib/x86_64-linux-gnu/libxcb-render.so.0.0.0
7f18cc000000-7f18cc021000 rw-p 00000000 00:00 0 
7f18cc021000-7f18d0000000 ---p 00000000 00:00 0 
7f18d0000000-7f18d0009000 r--s 00000000 08:03 527548                     /var/cache/fontconfig/52f7bdb7ce746bfd7eaa1985bd9cfa93-le64.cache-4
7f18d0009000-7f18d000c000 ---p 00000000 00:00 0 
7f18d000c000-7f18d010a000 rw-p 00000000 00:00 0                          [stack:10249]
7f18d010a000-7f18d010c000 r-xp 00000000 08:03 9708446                    /usr/lib/x86_64-linux-gnu/libxcb-shm.so.0.0.0
7f18d010c000-7f18d030b000 ---p 00002000 08:03 9708446                    /usr/lib/x86_64-linux-gnu/libxcb-shm.so.0.0.0
7f18d030b000-7f18d030c000 r--p 00001000 08:03 9708446                    /usr/lib/x86_64-linux-gnu/libxcb-shm.so.0.0.0
7f18d030c000-7f18d030d000 rw-p 00002000 08:03 9708446                    /usr/lib/x86_64-linux-gnu/libxcb-shm.so.0.0.0
7f18d030d000-7f18d0332000 r-xp 00000000 08:03 11276352                   /lib/x86_64-linux-gnu/libpng12.so.0.50.0
7f18d0332000-7f18d0531000 ---p 00025000 08:03 11276352                   /lib/x86_64-linux-gnu/libpng12.so.0.50.0
7f18d0531000-7f18d0532000 r--p 00024000 08:03 11276352                   /lib/x86_64-linux-gnu/libpng12.so.0.50.0
7f18d0532000-7f18d0533000 rw-p 00025000 08:03 11276352                   /lib/x86_64-linux-gnu/libpng12.so.0.50.0
7f18d0533000-7f18d05d4000 r-xp 00000000 08:03 9708146                    /usr/lib/x86_64-linux-gnu/libpixman-1.so.0.30.2
7f18d05d4000-7f18d07d4000 ---p 000a1000 08:03 9708146                    /usr/lib/x86_64-linux-gnu/libpixman-1.so.0.30.2
7f18d07d4000-7f18d07db000 r--p 000a1000 08:03 9708146                    /usr/lib/x86_64-linux-gnu/libpixman-1.so.0.30.2
7f18d07db000-7f18d07dc000 rw-p 000a8000 08:03 9708146                    /usr/lib/x86_64-linux-gnu/libpixman-1.so.0.30.2
7f18d07dc000-7f18d082f000 r-xp 00000000 08:03 9707930                    /usr/lib/x86_64-linux-gnu/libharfbuzz.so.0.927.0
7f18d082f000-7f18d0a2f000 ---p 00053000 08:03 9707930                    /usr/lib/x86_64-linux-gnu/libharfbuzz.so.0.927.0
7f18d0a2f000-7f18d0a30000 r--p 00053000 08:03 9707930                    /usr/lib/x86_64-linux-gnu/libharfbuzz.so.0.927.0
7f18d0a30000-7f18d0a31000 rw-p 00054000 08:03 9707930                    /usr/lib/x86_64-linux-gnu/libharfbuzz.so.0.927.0
7f18d0a31000-7f18d0a48000 r-xp 00000000 08:03 11283434                   /lib/x86_64-linux-gnu/libresolv-2.19.so
7f18d0a48000-7f18d0c48000 ---p 00017000 08:03 11283434                   /lib/x86_64-linux-gnu/libresolv-2.19.so
7f18d0c48000-7f18d0c49000 r--p 00017000 08:03 11283434                   /lib/x86_64-linux-gnu/libresolv-2.19.so
7f18d0c49000-7f18d0c4a000 rw-p 00018000 08:03 11283434                   /lib/x86_64-linux-gnu/libresolv-2.19.so
7f18d0c4a000-7f18d0c4c000 rw-p 00000000 00:00 0 
7f18d0c4c000-7f18d0c6c000 r-xp 00000000 08:03 11276367                   /lib/x86_64-linux-gnu/libselinux.so.1
7f18d0c6c000-7f18d0e6b000 ---p 00020000 08:03 11276367                   /lib/x86_64-linux-gnu/libselinux.so.1
7f18d0e6b000-7f18d0e6c000 r--p 0001f000 08:03 11276367                   /lib/x86_64-linux-gnu/libselinux.so.1
7f18d0e6c000-7f18d0e6d000 rw-p 00020000 08:03 11276367                   /lib/x86_64-linux-gnu/libselinux.so.1
7f18d0e6d000-7f18d0e6f000 rw-p 00000000 00:00 0 
7f18d0e6f000-7f18d0e87000 r-xp 00000000 08:03 11276400                   /lib/x86_64-linux-gnu/libz.so.1.2.8
7f18d0e87000-7f18d1086000 ---p 00018000 08:03 11276400                   /lib/x86_64-linux-gnu/libz.so.1.2.8
7f18d1086000-7f18d1087000 r--p 00017000 08:03 11276400                   /lib/x86_64-linux-gnu/libz.so.1.2.8
7f18d1087000-7f18d1088000 rw-p 00018000 08:03 11276400                   /lib/x86_64-linux-gnu/libz.so.1.2.8
7f18d1088000-7f18d1099000 r-xp 00000000 08:03 9705975                    /usr/lib/x86_64-linux-gnu/libXext.so.6.4.0
7f18d1099000-7f18d1298000 ---p 00011000 08:03 9705975                    /usr/lib/x86_64-linux-gnu/libXext.so.6.4.0
7f18d1298000-7f18d1299000 r--p 00010000 08:03 9705975                    /usr/lib/x86_64-linux-gnu/libXext.so.6.4.0
7f18d1299000-7f18d129a000 rw-p 00011000 08:03 9705975                    /usr/lib/x86_64-linux-gnu/libXext.so.6.4.0
7f18d129a000-7f18d129c000 r-xp 00000000 08:03 9707397                    /usr/lib/x86_64-linux-gnu/libXdamage.so.1.1.0
7f18d129c000-7f18d149b000 ---p 00002000 08:03 9707397                    /usr/lib/x86_64-linux-gnu/libXdamage.so.1.1.0
7f18d149b000-7f18d149c000 r--p 00001000 08:03 9707397                    /usr/lib/x86_64-linux-gnu/libXdamage.so.1.1.0
7f18d149c000-7f18d149d000 rw-p 00002000 08:03 9707397                    /usr/lib/x86_64-linux-gnu/libXdamage.so.1.1.0
7f18d149d000-7f18d149f000 r-xp 00000000 08:03 9707393                    /usr/lib/x86_64-linux-gnu/libXcomposite.so.1.0.0
7f18d149f000-7f18d169e000 ---p 00002000 08:03 9707393                    /usr/lib/x86_64-linux-gnu/libXcomposite.so.1.0.0
7f18d169e000-7f18d169f000 r--p 00001000 08:03 9707393                    /usr/lib/x86_64-linux-gnu/libXcomposite.so.1.0.0
7f18d169f000-7f18d16a0000 rw-p 00002000 08:03 9707393                    /usr/lib/x86_64-linux-gnu/libXcomposite.so.1.0.0
7f18d16a0000-7f18d16a9000 r-xp 00000000 08:03 9707395                    /usr/lib/x86_64-linux-gnu/libXcursor.so.1.0.2
7f18d16a9000-7f18d18a8000 ---p 00009000 08:03 9707395                    /usr/lib/x86_64-linux-gnu/libXcursor.so.1.0.2
7f18d18a8000-7f18d18a9000 r--p 00008000 08:03 9707395                    /usr/lib/x86_64-linux-gnu/libXcursor.so.1.0.2
7f18d18a9000-7f18d18aa000 rw-p 00009000 08:03 9707395                    /usr/lib/x86_64-linux-gnu/libXcursor.so.1.0.2
7f18d18aa000-7f18d18b3000 r-xp 00000000 08:03 9707421                    /usr/lib/x86_64-linux-gnu/libXrandr.so.2.2.0
7f18d18b3000-7f18d1ab2000 ---p 00009000 08:03 9707421                    /usr/lib/x86_64-linux-gnu/libXrandr.so.2.2.0
7f18d1ab2000-7f18d1ab3000 r--p 00008000 08:03 9707421                    /usr/lib/x86_64-linux-gnu/libXrandr.so.2.2.0
7f18d1ab3000-7f18d1ab4000 rw-p 00009000 08:03 9707421                    /usr/lib/x86_64-linux-gnu/libXrandr.so.2.2.0
7f18d1ab4000-7f18d1ac3000 r-xp 00000000 08:03 9706596                    /usr/lib/x86_64-linux-gnu/libXi.so.6.1.0
7f18d1ac3000-7f18d1cc2000 ---p 0000f000 08:03 9706596                    /usr/lib/x86_64-linux-gnu/libXi.so.6.1.0
7f18d1cc2000-7f18d1cc3000 r--p 0000e000 08:03 9706596                    /usr/lib/x86_64-linux-gnu/libXi.so.6.1.0
7f18d1cc3000-7f18d1cc4000 rw-p 0000f000 08:03 9706596                    /usr/lib/x86_64-linux-gnu/libXi.so.6.1.0
7f18d1cc4000-7f18d1cc6000 r-xp 00000000 08:03 9707411                    /usr/lib/x86_64-linux-gnu/libXinerama.so.1.0.0
7f18d1cc6000-7f18d1ec5000 ---p 00002000 08:03 9707411                    /usr/lib/x86_64-linux-gnu/libXinerama.so.1.0.0
7f18d1ec5000-7f18d1ec6000 r--p 00001000 08:03 9707411                    /usr/lib/x86_64-linux-gnu/libXinerama.so.1.0.0
7f18d1ec6000-7f18d1ec7000 rw-p 00002000 08:03 9707411                    /usr/lib/x86_64-linux-gnu/libXinerama.so.1.0.0
7f18d1ec7000-7f18d1ed0000 r-xp 00000000 08:03 9706586                    /usr/lib/x86_64-linux-gnu/libXrender.so.1.3.0
7f18d1ed0000-7f18d20cf000 ---p 00009000 08:03 9706586                    /usr/lib/x86_64-linux-gnu/libXrender.so.1.3.0
7f18d20cf000-7f18d20d0000 r--p 00008000 08:03 9706586                    /usr/lib/x86_64-linux-gnu/libXrender.so.1.3.0
7f18d20d0000-7f18d20d1000 rw-p 00009000 08:03 9706586                    /usr/lib/x86_64-linux-gnu/libXrender.so.1.3.0
7f18d20d1000-7f18d20d6000 r-xp 00000000 08:03 9710704                    /usr/lib/x86_64-linux-gnu/libXfixes.so.3.1.0
7f18d20d6000-7f18d22d5000 ---p 00005000 08:03 9710704                    /usr/lib/x86_64-linux-gnu/libXfixes.so.3.1.0
7f18d22d5000-7f18d22d6000 r--p 00004000 08:03 9710704                    /usr/lib/x86_64-linux-gnu/libXfixes.so.3.1.0
7f18d22d6000-7f18d22d7000 rw-p 00005000 08:03 9710704                    /usr/lib/x86_64-linux-gnu/libXfixes.so.3.1.0
7f18d22d7000-7f18d22ed000 r-xp 00000000 08:03 11276264                   /lib/x86_64-linux-gnu/libgcc_s.so.1
7f18d22ed000-7f18d24ec000 ---p 00016000 08:03 11276264                   /lib/x86_64-linux-gnu/libgcc_s.so.1
7f18d24ec000-7f18d24ed000 rw-p 00015000 08:03 11276264                   /lib/x86_64-linux-gnu/libgcc_s.so.1
7f18d24ed000-7f18d25d3000 r-xp 00000000 08:03 9703313                    /usr/lib/x86_64-linux-gnu/libstdc++.so.6.0.19
7f18d25d3000-7f18d27d2000 ---p 000e6000 08:03 9703313                    /usr/lib/x86_64-linux-gnu/libstdc++.so.6.0.19
7f18d27d2000-7f18d27da000 r--p 000e5000 08:03 9703313                    /usr/lib/x86_64-linux-gnu/libstdc++.so.6.0.19
7f18d27da000-7f18d27dc000 rw-p 000ed000 08:03 9703313                    /usr/lib/x86_64-linux-gnu/libstdc++.so.6.0.19
7f18d27dc000-7f18d27f1000 rw-p 00000000 00:00 0 
7f18d27f1000-7f18d287d000 r-xp 00000000 08:03 10093974                   /usr/lib/x86_64-linux-gnu/mesa/libGL.so.1.2.0
7f18d287d000-7f18d2a7c000 ---p 0008c000 08:03 10093974                   /usr/lib/x86_64-linux-gnu/mesa/libGL.so.1.2.0
7f18d2a7c000-7f18d2a7f000 r--p 0008b000 08:03 10093974                   /usr/lib/x86_64-linux-gnu/mesa/libGL.so.1.2.0
7f18d2a7f000-7f18d2a80000 rw-p 0008e000 08:03 10093974                   /usr/lib/x86_64-linux-gnu/mesa/libGL.so.1.2.0
7f18d2a80000-7f18d2a81000 rw-p 00000000 00:00 0 
7f18d2a81000-7f18d2a85000 r-xp 00000000 08:03 9707439                    /usr/lib/x86_64-linux-gnu/libXxf86vm.so.1.0.0
7f18d2a85000-7f18d2c85000 ---p 00004000 08:03 9707439                    /usr/lib/x86_64-linux-gnu/libXxf86vm.so.1.0.0
7f18d2c85000-7f18d2c86000 r--p 00004000 08:03 9707439                    /usr/lib/x86_64-linux-gnu/libXxf86vm.so.1.0.0
7f18d2c86000-7f18d2c87000 rw-p 00005000 08:03 9707439                    /usr/lib/x86_64-linux-gnu/libXxf86vm.so.1.0.0
7f18d2c87000-7f18d2db7000 r-xp 00000000 08:03 9707384                    /usr/lib/x86_64-linux-gnu/libX11.so.6.3.0
7f18d2db7000-7f18d2fb7000 ---p 00130000 08:03 9707384                    /usr/lib/x86_64-linux-gnu/libX11.so.6.3.0
7f18d2fb7000-7f18d2fb8000 r--p 00130000 08:03 9707384                    /usr/lib/x86_64-linux-gnu/libX11.so.6.3.0
7f18d2fb8000-7f18d2fbc000 rw-p 00131000 08:03 9707384                    /usr/lib/x86_64-linux-gnu/libX11.so.6.3.0
7f18d2fbc000-7f18d2fc1000 r-xp 00000000 08:03 9707429                    /usr/lib/x86_64-linux-gnu/libXtst.so.6.1.0
7f18d2fc1000-7f18d31c0000 ---p 00005000 08:03 9707429                    /usr/lib/x86_64-linux-gnu/libXtst.so.6.1.0
7f18d31c0000-7f18d31c1000 r--p 00004000 08:03 9707429                    /usr/lib/x86_64-linux-gnu/libXtst.so.6.1.0
7f18d31c1000-7f18d31c2000 rw-p 00005000 08:03 9707429                    /usr/lib/x86_64-linux-gnu/libXtst.so.6.1.0
7f18d31c2000-7f18d32c8000 r-xp 00000000 08:03 11276268                   /lib/x86_64-linux-gnu/libglib-2.0.so.0.4002.0
7f18d32c8000-7f18d34c7000 ---p 00106000 08:03 11276268                   /lib/x86_64-linux-gnu/libglib-2.0.so.0.4002.0
7f18d34c7000-7f18d34c8000 r--p 00105000 08:03 11276268                   /lib/x86_64-linux-gnu/libglib-2.0.so.0.4002.0
7f18d34c8000-7f18d34c9000 rw-p 00106000 08:03 11276268                   /lib/x86_64-linux-gnu/libglib-2.0.so.0.4002.0
7f18d34c9000-7f18d34ca000 rw-p 00000000 00:00 0 
7f18d34ca000-7f18d34cb000 r-xp 00000000 08:03 9707906                    /usr/lib/x86_64-linux-gnu/libgthread-2.0.so.0.4002.0
7f18d34cb000-7f18d36ca000 ---p 00001000 08:03 9707906                    /usr/lib/x86_64-linux-gnu/libgthread-2.0.so.0.4002.0
7f18d36ca000-7f18d36cb000 r--p 00000000 08:03 9707906                    /usr/lib/x86_64-linux-gnu/libgthread-2.0.so.0.4002.0
7f18d36cb000-7f18d36cc000 rw-p 00001000 08:03 9707906                    /usr/lib/x86_64-linux-gnu/libgthread-2.0.so.0.4002.0
7f18d36cc000-7f18d36cf000 r-xp 00000000 08:03 9707783                    /usr/lib/x86_64-linux-gnu/libgmodule-2.0.so.0.4002.0
7f18d36cf000-7f18d38ce000 ---p 00003000 08:03 9707783                    /usr/lib/x86_64-linux-gnu/libgmodule-2.0.so.0.4002.0
7f18d38ce000-7f18d38cf000 r--p 00002000 08:03 9707783                    /usr/lib/x86_64-linux-gnu/libgmodule-2.0.so.0.4002.0
7f18d38cf000-7f18d38d0000 rw-p 00003000 08:03 9707783                    /usr/lib/x86_64-linux-gnu/libgmodule-2.0.so.0.4002.0
7f18d38d0000-7f18d391f000 r-xp 00000000 08:03 9707799                    /usr/lib/x86_64-linux-gnu/libgobject-2.0.so.0.4002.0
7f18d391f000-7f18d3b1f000 ---p 0004f000 08:03 9707799                    /usr/lib/x86_64-linux-gnu/libgobject-2.0.so.0.4002.0
7f18d3b1f000-7f18d3b20000 r--p 0004f000 08:03 9707799                    /usr/lib/x86_64-linux-gnu/libgobject-2.0.so.0.4002.0
7f18d3b20000-7f18d3b21000 rw-p 00050000 08:03 9707799                    /usr/lib/x86_64-linux-gnu/libgobject-2.0.so.0.4002.0
7f18d3b21000-7f18d3b5b000 r-xp 00000000 08:03 9707684                    /usr/lib/x86_64-linux-gnu/libfontconfig.so.1.8.0
7f18d3b5b000-7f18d3d5a000 ---p 0003a000 08:03 9707684                    /usr/lib/x86_64-linux-gnu/libfontconfig.so.1.8.0
7f18d3d5a000-7f18d3d5c000 r--p 00039000 08:03 9707684                    /usr/lib/x86_64-linux-gnu/libfontconfig.so.1.8.0
7f18d3d5c000-7f18d3d5d000 rw-p 0003b000 08:03 9707684                    /usr/lib/x86_64-linux-gnu/libfontconfig.so.1.8.0
7f18d3d5d000-7f18d3dfa000 r-xp 00000000 08:03 9718020                    /usr/lib/x86_64-linux-gnu/libfreetype.so.6.11.1
7f18d3dfa000-7f18d3ff9000 ---p 0009d000 08:03 9718020                    /usr/lib/x86_64-linux-gnu/libfreetype.so.6.11.1
7f18d3ff9000-7f18d3fff000 r--p 0009c000 08:03 9718020                    /usr/lib/x86_64-linux-gnu/libfreetype.so.6.11.1
7f18d3fff000-7f18d4000000 rw-p 000a2000 08:03 9718020                    /usr/lib/x86_64-linux-gnu/libfreetype.so.6.11.1
7f18d4000000-7f18d4021000 rw-p 00000000 00:00 0 
7f18d4021000-7f18d8000000 ---p 00000000 00:00 0 
7f18d8000000-7f18d8001000 r--s 00000000 08:03 526150                     /var/cache/fontconfig/56cf4f4769d0f4abc89a4895d7bd3ae1-le64.cache-4
7f18d8001000-7f18d8002000 r--s 00000000 08:03 526162                     /var/cache/fontconfig/b9d506c9ac06c20b433354fa67a72993-le64.cache-4
7f18d8002000-7f18d8015000 r--s 00000000 08:03 526167                     /var/cache/fontconfig/d52a8644073d54c13679302ca1180695-le64.cache-4
7f18d8015000-7f18d801e000 r--s 00000000 08:03 527397                     /var/cache/fontconfig/3f7329c5293ffd510edef78f73874cfd-le64.cache-4
7f18d801e000-7f18d8029000 r--s 00000000 08:03 529955                     /var/cache/fontconfig/d589a48862398ed80a3d6066f4f56f4c-le64.cache-4
7f18d8029000-7f18d802a000 r--s 00000000 08:03 526139                     /var/cache/fontconfig/0c9eb80ebd1c36541ebe2852d3bb0c49-le64.cache-4
7f18d802a000-7f18d8037000 r--s 00000000 08:03 526149                     /var/cache/fontconfig/e13b20fdb08344e0e664864cc2ede53d-le64.cache-4
7f18d8037000-7f18d803b000 r--s 00000000 08:03 526224                     /var/cache/fontconfig/7ef2298fde41cc6eeb7af42e48b7d293-le64.cache-4
7f18d803b000-7f18d803d000 r--s 0000e000 08:03 4593428                    /home/dexterastin/Java/JavaClass/lib/commons-logging-1.2.jar
7f18d803d000-7f18d803e000 r--s 00005000 08:03 4593031                    /home/dexterastin/Java/JavaClass/lib/json-simple-1.1.1.jar
7f18d803e000-7f18d803f000 r--s 00009000 08:03 4593732                    /home/dexterastin/Java/JavaClass/lib/httpmime-4.5.1.jar
7f18d803f000-7f18d8046000 r--s 00049000 08:03 4593731                    /home/dexterastin/Java/JavaClass/lib/httpcore-4.4.3.jar
7f18d8046000-7f18d8048000 r--s 00003000 08:03 4593730                    /home/dexterastin/Java/JavaClass/lib/httpclient-win-4.5.1.jar
7f18d8048000-7f18d804b000 r--s 00024000 08:03 4593729                    /home/dexterastin/Java/JavaClass/lib/httpclient-cache-4.5.1.jar
7f18d804b000-7f18d8058000 r--s 000a6000 08:03 4593727                    /home/dexterastin/Java/JavaClass/lib/httpclient-4.5.1.jar
7f18d8058000-7f18d8060000 rw-s 00000000 00:04 80979                      /drm mm object (deleted)
7f18d8060000-7f18d8068000 rw-s 00000000 00:04 80278                      /drm mm object (deleted)
7f18d8068000-7f18d8069000 rw-s 00000000 00:04 80275                      /drm mm object (deleted)
7f18d8069000-7f18d8071000 rw-s 00000000 00:04 80274                      /drm mm object (deleted)
7f18d8071000-7f18d8077000 r--p 00000000 08:03 3937974                    /home/dexterastin/.config/dconf/user
7f18d8077000-7f18d80b9000 r--p 00000000 08:03 10761820                   /usr/share/glib-2.0/schemas/gschemas.compiled
7f18d80b9000-7f18d80d3000 r--p 00000000 08:03 10358167                   /usr/share/locale-langpack/ko/LC_MESSAGES/glib20.mo
7f18d80d3000-7f18d80fb000 r--p 00000000 08:03 10358202                   /usr/share/locale-langpack/ko/LC_MESSAGES/gtk20-properties.mo
7f18d80fb000-7f18d8121000 r--p 00000000 08:03 10358353                   /usr/share/locale-langpack/ko/LC_MESSAGES/libc.mo
7f18d8121000-7f18d816b000 r-xp 00000000 08:03 9708123                    /usr/lib/x86_64-linux-gnu/libpango-1.0.so.0.3600.3
7f18d816b000-7f18d836b000 ---p 0004a000 08:03 9708123                    /usr/lib/x86_64-linux-gnu/libpango-1.0.so.0.3600.3
7f18d836b000-7f18d836d000 r--p 0004a000 08:03 9708123                    /usr/lib/x86_64-linux-gnu/libpango-1.0.so.0.3600.3
7f18d836d000-7f18d836e000 rw-p 0004c000 08:03 9708123                    /usr/lib/x86_64-linux-gnu/libpango-1.0.so.0.3600.3
7f18d836e000-7f18d8474000 r-xp 00000000 08:03 9707519                    /usr/lib/x86_64-linux-gnu/libcairo.so.2.11301.0
7f18d8474000-7f18d8673000 ---p 00106000 08:03 9707519                    /usr/lib/x86_64-linux-gnu/libcairo.so.2.11301.0
7f18d8673000-7f18d8676000 r--p 00105000 08:03 9707519                    /usr/lib/x86_64-linux-gnu/libcairo.so.2.11301.0
7f18d8676000-7f18d8677000 rw-p 00108000 08:03 9707519                    /usr/lib/x86_64-linux-gnu/libcairo.so.2.11301.0
7f18d8677000-7f18d8679000 rw-p 00000000 00:00 0 
7f18d8679000-7f18d8684000 r-xp 00000000 08:03 9708125                    /usr/lib/x86_64-linux-gnu/libpangocairo-1.0.so.0.3600.3
7f18d8684000-7f18d8884000 ---p 0000b000 08:03 9708125                    /usr/lib/x86_64-linux-gnu/libpangocairo-1.0.so.0.3600.3
7f18d8884000-7f18d8885000 r--p 0000b000 08:03 9708125                    /usr/lib/x86_64-linux-gnu/libpangocairo-1.0.so.0.3600.3
7f18d8885000-7f18d8886000 rw-p 0000c000 08:03 9708125                    /usr/lib/x86_64-linux-gnu/libpangocairo-1.0.so.0.3600.3
7f18d8886000-7f18d88a5000 r-xp 00000000 08:03 9703410                    /usr/lib/x86_64-linux-gnu/libgdk_pixbuf-2.0.so.0.3000.7
7f18d88a5000-7f18d8aa5000 ---p 0001f000 08:03 9703410                    /usr/lib/x86_64-linux-gnu/libgdk_pixbuf-2.0.so.0.3000.7
7f18d8aa5000-7f18d8aa6000 r--p 0001f000 08:03 9703410                    /usr/lib/x86_64-linux-gnu/libgdk_pixbuf-2.0.so.0.3000.7
7f18d8aa6000-7f18d8aa7000 rw-p 00020000 08:03 9703410                    /usr/lib/x86_64-linux-gnu/libgdk_pixbuf-2.0.so.0.3000.7
7f18d8aa7000-7f18d8abb000 r-xp 00000000 08:03 9708127                    /usr/lib/x86_64-linux-gnu/libpangoft2-1.0.so.0.3600.3
7f18d8abb000-7f18d8cba000 ---p 00014000 08:03 9708127                    /usr/lib/x86_64-linux-gnu/libpangoft2-1.0.so.0.3600.3
7f18d8cba000-7f18d8cbb000 r--p 00013000 08:03 9708127                    /usr/lib/x86_64-linux-gnu/libpangoft2-1.0.so.0.3600.3
7f18d8cbb000-7f18d8cbc000 rw-p 00014000 08:03 9708127                    /usr/lib/x86_64-linux-gnu/libpangoft2-1.0.so.0.3600.3
7f18d8cbc000-7f18d8e28000 r-xp 00000000 08:03 9707771                    /usr/lib/x86_64-linux-gnu/libgio-2.0.so.0.4002.0
7f18d8e28000-7f18d9027000 ---p 0016c000 08:03 9707771                    /usr/lib/x86_64-linux-gnu/libgio-2.0.so.0.4002.0
7f18d9027000-7f18d902b000 r--p 0016b000 08:03 9707771                    /usr/lib/x86_64-linux-gnu/libgio-2.0.so.0.4002.0
7f18d902b000-7f18d902d000 rw-p 0016f000 08:03 9707771                    /usr/lib/x86_64-linux-gnu/libgio-2.0.so.0.4002.0
7f18d902d000-7f18d902f000 rw-p 00000000 00:00 0 
7f18d902f000-7f18d904e000 r-xp 00000000 08:03 9707480                    /usr/lib/x86_64-linux-gnu/libatk-1.0.so.0.21009.1
7f18d904e000-7f18d924e000 ---p 0001f000 08:03 9707480                    /usr/lib/x86_64-linux-gnu/libatk-1.0.so.0.21009.1
7f18d924e000-7f18d9250000 r--p 0001f000 08:03 9707480                    /usr/lib/x86_64-linux-gnu/libatk-1.0.so.0.21009.1
7f18d9250000-7f18d9251000 rw-p 00021000 08:03 9707480                    /usr/lib/x86_64-linux-gnu/libatk-1.0.so.0.21009.1
7f18d9251000-7f18d92fe000 r-xp 00000000 08:03 9706813                    /usr/lib/x86_64-linux-gnu/libgdk-x11-2.0.so.0.2400.23
7f18d92fe000-7f18d94fd000 ---p 000ad000 08:03 9706813                    /usr/lib/x86_64-linux-gnu/libgdk-x11-2.0.so.0.2400.23
7f18d94fd000-7f18d9501000 r--p 000ac000 08:03 9706813                    /usr/lib/x86_64-linux-gnu/libgdk-x11-2.0.so.0.2400.23
7f18d9501000-7f18d9503000 rw-p 000b0000 08:03 9706813                    /usr/lib/x86_64-linux-gnu/libgdk-x11-2.0.so.0.2400.23
7f18d9503000-7f18d9932000 r-xp 00000000 08:03 9706819                    /usr/lib/x86_64-linux-gnu/libgtk-x11-2.0.so.0.2400.23
7f18d9932000-7f18d9b31000 ---p 0042f000 08:03 9706819                    /usr/lib/x86_64-linux-gnu/libgtk-x11-2.0.so.0.2400.23
7f18d9b31000-7f18d9b38000 r--p 0042e000 08:03 9706819                    /usr/lib/x86_64-linux-gnu/libgtk-x11-2.0.so.0.2400.23
7f18d9b38000-7f18d9b3c000 rw-p 00435000 08:03 9706819                    /usr/lib/x86_64-linux-gnu/libgtk-x11-2.0.so.0.2400.23
7f18d9b3c000-7f18d9b3f000 rw-p 00000000 00:00 0 
7f18d9b3f000-7f18d9b4b000 r-xp 00000000 08:03 3937186                    /usr/lib/jvm/jre1.8.0_51/lib/amd64/libprism_es2.so
7f18d9b4b000-7f18d9d4a000 ---p 0000c000 08:03 3937186                    /usr/lib/jvm/jre1.8.0_51/lib/amd64/libprism_es2.so
7f18d9d4a000-7f18d9d4b000 r--p 0000b000 08:03 3937186                    /usr/lib/jvm/jre1.8.0_51/lib/amd64/libprism_es2.so
7f18d9d4b000-7f18d9d4c000 rw-p 0000c000 08:03 3937186                    /usr/lib/jvm/jre1.8.0_51/lib/amd64/libprism_es2.so
7f18d9d4c000-7f18d9d4f000 ---p 00000000 00:00 0 
7f18d9d4f000-7f18d9e4d000 rw-p 00000000 00:00 0                          [stack:10246]
7f18d9e4d000-7f18d9ee2000 r--s 010fb000 08:03 3937228                    /usr/lib/jvm/jre1.8.0_51/lib/ext/jfxrt.jar
7f18d9ee2000-7f18d9ee3000 ---p 00000000 00:00 0 
7f18d9ee3000-7f18d9fe3000 rw-p 00000000 00:00 0                          [stack:10245]
7f18d9fe3000-7f18d9fe6000 ---p 00000000 00:00 0 
7f18d9fe6000-7f18da0e4000 rw-p 00000000 00:00 0                          [stack:10244]
7f18da0e4000-7f18da0e7000 ---p 00000000 00:00 0 
7f18da0e7000-7f18da1e5000 rw-p 00000000 00:00 0                          [stack:10243]
7f18da1e5000-7f18da1e8000 ---p 00000000 00:00 0 
7f18da1e8000-7f18da2e6000 rw-p 00000000 00:00 0                          [stack:10242]
7f18da2e6000-7f18da2e9000 ---p 00000000 00:00 0 
7f18da2e9000-7f18da3e7000 rw-p 00000000 00:00 0                          [stack:10241]
7f18da3e7000-7f18da3ea000 ---p 00000000 00:00 0 
7f18da3ea000-7f18da4e8000 rw-p 00000000 00:00 0                          [stack:10240]
7f18da4e8000-7f18dacfb000 r--p 00000000 08:03 9706382                    /usr/lib/locale/locale-archive
7f18dacfb000-7f18dacfe000 ---p 00000000 00:00 0 
7f18dacfe000-7f18dadfc000 rw-p 00000000 00:00 0                          [stack:10239]
7f18dadfc000-7f18dadff000 ---p 00000000 00:00 0 
7f18dadff000-7f18daefd000 rw-p 00000000 00:00 0                          [stack:10238]
7f18daefd000-7f18daefe000 ---p 00000000 00:00 0 
7f18daefe000-7f18dd000000 rw-p 00000000 00:00 0                          [stack:10237]
7f18dd000000-7f18dd650000 rwxp 00000000 00:00 0 
7f18dd650000-7f18ec000000 ---p 00000000 00:00 0 
7f18ec000000-7f18ec410000 rw-p 00000000 00:00 0 
7f18ec410000-7f18f0000000 ---p 00000000 00:00 0 
7f18f0000000-7f18f000f000 r--p 00000000 08:03 10358204                   /usr/share/locale-langpack/ko/LC_MESSAGES/gtk20.mo
7f18f000f000-7f18f0017000 rw-s 00000000 00:04 80263                      /drm mm object (deleted)
7f18f0017000-7f18f001f000 rw-s 00000000 00:04 80259                      /drm mm object (deleted)
7f18f001f000-7f18f0dd1000 rw-p 00000000 00:00 0 
7f18f0dd1000-7f18f0fa9000 r--s 03d0c000 08:03 3937214                    /usr/lib/jvm/jre1.8.0_51/lib/rt.jar
7f18f0fa9000-7f18f19ff000 rw-p 00000000 00:00 0 
7f18f19ff000-7f18f1a00000 ---p 00000000 00:00 0 
7f18f1a00000-7f18f1b00000 rw-p 00000000 00:00 0                          [stack:10236]
7f18f1b00000-7f18f1b01000 ---p 00000000 00:00 0 
7f18f1b01000-7f18f1c01000 rw-p 00000000 00:00 0                          [stack:10235]
7f18f1c01000-7f18f1c02000 ---p 00000000 00:00 0 
7f18f1c02000-7f18f1d02000 rw-p 00000000 00:00 0                          [stack:10234]
7f18f1d02000-7f18f1d03000 ---p 00000000 00:00 0 
7f18f1d03000-7f18f1e17000 rw-p 00000000 00:00 0                          [stack:10233]
7f18f1e17000-7f18f1f43000 ---p 00000000 00:00 0 
7f18f1f43000-7f18f1f57000 rw-p 00000000 00:00 0 
7f18f1f57000-7f18f2083000 ---p 00000000 00:00 0 
7f18f2083000-7f18f2095000 rw-p 00000000 00:00 0 
7f18f2095000-7f18f2123000 ---p 00000000 00:00 0 
7f18f2123000-7f18f213e000 rw-p 00000000 00:00 0 
7f18f213e000-7f18f24e4000 ---p 00000000 00:00 0 
7f18f24e4000-7f18f24fe000 r-xp 00000000 08:03 3937165                    /usr/lib/jvm/jre1.8.0_51/lib/amd64/libzip.so
7f18f24fe000-7f18f26fe000 ---p 0001a000 08:03 3937165                    /usr/lib/jvm/jre1.8.0_51/lib/amd64/libzip.so
7f18f26fe000-7f18f26ff000 rw-p 0001a000 08:03 3937165                    /usr/lib/jvm/jre1.8.0_51/lib/amd64/libzip.so
7f18f26ff000-7f18f270a000 r-xp 00000000 08:03 11283436                   /lib/x86_64-linux-gnu/libnss_files-2.19.so
7f18f270a000-7f18f2909000 ---p 0000b000 08:03 11283436                   /lib/x86_64-linux-gnu/libnss_files-2.19.so
7f18f2909000-7f18f290a000 r--p 0000a000 08:03 11283436                   /lib/x86_64-linux-gnu/libnss_files-2.19.so
7f18f290a000-7f18f290b000 rw-p 0000b000 08:03 11283436                   /lib/x86_64-linux-gnu/libnss_files-2.19.so
7f18f290b000-7f18f2916000 r-xp 00000000 08:03 11283456                   /lib/x86_64-linux-gnu/libnss_nis-2.19.so
7f18f2916000-7f18f2b15000 ---p 0000b000 08:03 11283456                   /lib/x86_64-linux-gnu/libnss_nis-2.19.so
7f18f2b15000-7f18f2b16000 r--p 0000a000 08:03 11283456                   /lib/x86_64-linux-gnu/libnss_nis-2.19.so
7f18f2b16000-7f18f2b17000 rw-p 0000b000 08:03 11283456                   /lib/x86_64-linux-gnu/libnss_nis-2.19.so
7f18f2b17000-7f18f2b2e000 r-xp 00000000 08:03 11283445                   /lib/x86_64-linux-gnu/libnsl-2.19.so
7f18f2b2e000-7f18f2d2d000 ---p 00017000 08:03 11283445                   /lib/x86_64-linux-gnu/libnsl-2.19.so
7f18f2d2d000-7f18f2d2e000 r--p 00016000 08:03 11283445                   /lib/x86_64-linux-gnu/libnsl-2.19.so
7f18f2d2e000-7f18f2d2f000 rw-p 00017000 08:03 11283445                   /lib/x86_64-linux-gnu/libnsl-2.19.so
7f18f2d2f000-7f18f2d31000 rw-p 00000000 00:00 0 
7f18f2d31000-7f18f2d3a000 r-xp 00000000 08:03 11283444                   /lib/x86_64-linux-gnu/libnss_compat-2.19.so
7f18f2d3a000-7f18f2f39000 ---p 00009000 08:03 11283444                   /lib/x86_64-linux-gnu/libnss_compat-2.19.so
7f18f2f39000-7f18f2f3a000 r--p 00008000 08:03 11283444                   /lib/x86_64-linux-gnu/libnss_compat-2.19.so
7f18f2f3a000-7f18f2f3b000 rw-p 00009000 08:03 11283444                   /lib/x86_64-linux-gnu/libnss_compat-2.19.so
7f18f2f3b000-7f18f2f65000 r-xp 00000000 08:03 3937144                    /usr/lib/jvm/jre1.8.0_51/lib/amd64/libjava.so
7f18f2f65000-7f18f3165000 ---p 0002a000 08:03 3937144                    /usr/lib/jvm/jre1.8.0_51/lib/amd64/libjava.so
7f18f3165000-7f18f3167000 rw-p 0002a000 08:03 3937144                    /usr/lib/jvm/jre1.8.0_51/lib/amd64/libjava.so
7f18f3167000-7f18f3174000 r-xp 00000000 08:03 3937159                    /usr/lib/jvm/jre1.8.0_51/lib/amd64/libverify.so
7f18f3174000-7f18f3374000 ---p 0000d000 08:03 3937159                    /usr/lib/jvm/jre1.8.0_51/lib/amd64/libverify.so
7f18f3374000-7f18f3376000 rw-p 0000d000 08:03 3937159                    /usr/lib/jvm/jre1.8.0_51/lib/amd64/libverify.so
7f18f3376000-7f18f337d000 r-xp 00000000 08:03 11283453                   /lib/x86_64-linux-gnu/librt-2.19.so
7f18f337d000-7f18f357c000 ---p 00007000 08:03 11283453                   /lib/x86_64-linux-gnu/librt-2.19.so
7f18f357c000-7f18f357d000 r--p 00006000 08:03 11283453                   /lib/x86_64-linux-gnu/librt-2.19.so
7f18f357d000-7f18f357e000 rw-p 00007000 08:03 11283453                   /lib/x86_64-linux-gnu/librt-2.19.so
7f18f357e000-7f18f3683000 r-xp 00000000 08:03 11283435                   /lib/x86_64-linux-gnu/libm-2.19.so
7f18f3683000-7f18f3882000 ---p 00105000 08:03 11283435                   /lib/x86_64-linux-gnu/libm-2.19.so
7f18f3882000-7f18f3883000 r--p 00104000 08:03 11283435                   /lib/x86_64-linux-gnu/libm-2.19.so
7f18f3883000-7f18f3884000 rw-p 00105000 08:03 11283435                   /lib/x86_64-linux-gnu/libm-2.19.so
7f18f3884000-7f18f4532000 r-xp 00000000 08:03 3937180                    /usr/lib/jvm/jre1.8.0_51/lib/amd64/server/libjvm.so
7f18f4532000-7f18f4732000 ---p 00cae000 08:03 3937180                    /usr/lib/jvm/jre1.8.0_51/lib/amd64/server/libjvm.so
7f18f4732000-7f18f4809000 rw-p 00cae000 08:03 3937180                    /usr/lib/jvm/jre1.8.0_51/lib/amd64/server/libjvm.so
7f18f4809000-7f18f484d000 rw-p 00000000 00:00 0 
7f18f484d000-7f18f4a08000 r-xp 00000000 08:03 11283450                   /lib/x86_64-linux-gnu/libc-2.19.so
7f18f4a08000-7f18f4c07000 ---p 001bb000 08:03 11283450                   /lib/x86_64-linux-gnu/libc-2.19.so
7f18f4c07000-7f18f4c0b000 r--p 001ba000 08:03 11283450                   /lib/x86_64-linux-gnu/libc-2.19.so
7f18f4c0b000-7f18f4c0d000 rw-p 001be000 08:03 11283450                   /lib/x86_64-linux-gnu/libc-2.19.so
7f18f4c0d000-7f18f4c12000 rw-p 00000000 00:00 0 
7f18f4c12000-7f18f4c15000 r-xp 00000000 08:03 11283439                   /lib/x86_64-linux-gnu/libdl-2.19.so
7f18f4c15000-7f18f4e14000 ---p 00003000 08:03 11283439                   /lib/x86_64-linux-gnu/libdl-2.19.so
7f18f4e14000-7f18f4e15000 r--p 00002000 08:03 11283439                   /lib/x86_64-linux-gnu/libdl-2.19.so
7f18f4e15000-7f18f4e16000 rw-p 00003000 08:03 11283439                   /lib/x86_64-linux-gnu/libdl-2.19.so
7f18f4e16000-7f18f4e2b000 r-xp 00000000 08:03 3937154                    /usr/lib/jvm/jre1.8.0_51/lib/amd64/jli/libjli.so
7f18f4e2b000-7f18f502b000 ---p 00015000 08:03 3937154                    /usr/lib/jvm/jre1.8.0_51/lib/amd64/jli/libjli.so
7f18f502b000-7f18f502c000 rw-p 00015000 08:03 3937154                    /usr/lib/jvm/jre1.8.0_51/lib/amd64/jli/libjli.so
7f18f502c000-7f18f5045000 r-xp 00000000 08:03 11283451                   /lib/x86_64-linux-gnu/libpthread-2.19.so
7f18f5045000-7f18f5244000 ---p 00019000 08:03 11283451                   /lib/x86_64-linux-gnu/libpthread-2.19.so
7f18f5244000-7f18f5245000 r--p 00018000 08:03 11283451                   /lib/x86_64-linux-gnu/libpthread-2.19.so
7f18f5245000-7f18f5246000 rw-p 00019000 08:03 11283451                   /lib/x86_64-linux-gnu/libpthread-2.19.so
7f18f5246000-7f18f524a000 rw-p 00000000 00:00 0 
7f18f524a000-7f18f526d000 r-xp 00000000 08:03 11283447                   /lib/x86_64-linux-gnu/ld-2.19.so
7f18f526d000-7f18f526e000 r--s 00000000 00:15 78192                      /run/user/1000/dconf/user
7f18f526e000-7f18f5275000 r--s 00000000 08:03 10101283                   /usr/lib/x86_64-linux-gnu/gconv/gconv-modules.cache
7f18f5275000-7f18f5347000 rw-p 00000000 00:00 0 
7f18f5347000-7f18f534a000 ---p 00000000 00:00 0 
7f18f534a000-7f18f544c000 rw-p 00000000 00:00 0                          [stack:10232]
7f18f544c000-7f18f544d000 rw-s 00000000 00:04 80260                      /drm mm object (deleted)
7f18f544d000-7f18f5460000 rw-p 00000000 00:00 0 
7f18f5460000-7f18f5468000 rw-s 00000000 08:03 8257570                    /tmp/hsperfdata_dexterastin/10227
7f18f5468000-7f18f5469000 rw-p 00000000 00:00 0 
7f18f5469000-7f18f546a000 r--p 00000000 00:00 0 
7f18f546a000-7f18f546c000 rw-p 00000000 00:00 0 
7f18f546c000-7f18f546d000 r--p 00022000 08:03 11283447                   /lib/x86_64-linux-gnu/ld-2.19.so
7f18f546d000-7f18f546e000 rw-p 00023000 08:03 11283447                   /lib/x86_64-linux-gnu/ld-2.19.so
7f18f546e000-7f18f546f000 rw-p 00000000 00:00 0 
7ffebafdd000-7ffebaffe000 rw-p 00000000 00:00 0                          [stack]
7ffebb130000-7ffebb132000 r-xp 00000000 00:00 0                          [vdso]
7ffebb132000-7ffebb134000 r--p 00000000 00:00 0                          [vvar]
ffffffffff600000-ffffffffff601000 r-xp 00000000 00:00 0                  [vsyscall]

VM Arguments:
jvm_args: -Dfile.encoding=UTF-8 
java_command: org.dimigo.pay.ShopMain
java_class_path (initial): /home/dexterastin/git/OnlyOne/Pay/bin:/home/dexterastin/Java/JavaClass/lib/httpclient-4.5.1.jar:/home/dexterastin/Java/JavaClass/lib/httpclient-cache-4.5.1.jar:/home/dexterastin/Java/JavaClass/lib/httpclient-win-4.5.1.jar:/home/dexterastin/Java/JavaClass/lib/httpcore-4.4.3.jar:/home/dexterastin/Java/JavaClass/lib/httpmime-4.5.1.jar:/home/dexterastin/Java/JavaClass/lib/json-simple-1.1.1.jar:/home/dexterastin/Java/JavaClass/lib/commons-logging-1.2.jar
Launcher Type: SUN_STANDARD

Environment Variables:
JAVA_HOME=/usr/lib/jvm/java-7-oracle
PATH=/usr/local/sbin:/usr/local/bin:/usr/sbin:/usr/bin:/sbin:/bin:/usr/games:/usr/local/games:/usr/lib/java/jdk1.8.0_51:/usr/lib/jvm/java-7-oracle/bin:/usr/lib/jvm/java-7-oracle/db/bin:/usr/lib/jvm/java-7-oracle/jre/bin:/usr/local/go/bin
SHELL=/bin/bash
DISPLAY=:0

Signal Handlers:
SIGSEGV: [libjvm.so+0xaad540], sa_mask[0]=11111111011111111101111111111110, sa_flags=SA_RESTART|SA_SIGINFO
SIGBUS: [libjvm.so+0xaad540], sa_mask[0]=11111111011111111101111111111110, sa_flags=SA_RESTART|SA_SIGINFO
SIGFPE: [libjvm.so+0x90b6b0], sa_mask[0]=11111111011111111101111111111110, sa_flags=SA_RESTART|SA_SIGINFO
SIGPIPE: SIG_IGN, sa_mask[0]=00000000000010000000000000000000, sa_flags=SA_RESTART
SIGXFSZ: [libjvm.so+0x90b6b0], sa_mask[0]=11111111011111111101111111111110, sa_flags=SA_RESTART|SA_SIGINFO
SIGILL: [libjvm.so+0x90b6b0], sa_mask[0]=11111111011111111101111111111110, sa_flags=SA_RESTART|SA_SIGINFO
SIGUSR1: SIG_DFL, sa_mask[0]=00000000000000000000000000000000, sa_flags=none
SIGUSR2: [libjvm.so+0x90ccf0], sa_mask[0]=00100000000000000000000000000000, sa_flags=SA_RESTART|SA_SIGINFO
SIGHUP: [libjvm.so+0x90e040], sa_mask[0]=11111111011111111101111111111110, sa_flags=SA_RESTART|SA_SIGINFO
SIGINT: [libjvm.so+0x90e040], sa_mask[0]=11111111011111111101111111111110, sa_flags=SA_RESTART|SA_SIGINFO
SIGTERM: [libjvm.so+0x90e040], sa_mask[0]=11111111011111111101111111111110, sa_flags=SA_RESTART|SA_SIGINFO
SIGQUIT: [libjvm.so+0x90e040], sa_mask[0]=11111111011111111101111111111110, sa_flags=SA_RESTART|SA_SIGINFO


---------------  S Y S T E M  ---------------

OS:DISTRIB_ID=Ubuntu
DISTRIB_RELEASE=14.04
DISTRIB_CODENAME=trusty
DISTRIB_DESCRIPTION="Ubuntu 14.04.3 LTS"

uname:Linux 3.16.0-49-generic #65~14.04.1-Ubuntu SMP Wed Sep 9 10:03:23 UTC 2015 x86_64
libc:glibc 2.19 NPTL 2.19 
rlimit: STACK 8192k, CORE 0k, NPROC 15271, NOFILE 4096, AS infinity
load average:0.37 0.57 0.72

/proc/meminfo:
MemTotal:        3930944 kB
MemFree:          880464 kB
MemAvailable:    1760464 kB
Buffers:          115860 kB
Cached:          1272324 kB
SwapCached:            0 kB
Active:          1956356 kB
Inactive:         882332 kB
Active(anon):    1452500 kB
Inactive(anon):   365180 kB
Active(file):     503856 kB
Inactive(file):   517152 kB
Unevictable:          32 kB
Mlocked:              32 kB
SwapTotal:      14401532 kB
SwapFree:       14401532 kB
Dirty:                40 kB
Writeback:             0 kB
AnonPages:       1450624 kB
Mapped:           291044 kB
Shmem:            367180 kB
Slab:              86580 kB
SReclaimable:      55872 kB
SUnreclaim:        30708 kB
KernelStack:        7904 kB
PageTables:        31116 kB
NFS_Unstable:          0 kB
Bounce:                0 kB
WritebackTmp:          0 kB
CommitLimit:    16367004 kB
Committed_AS:    4969388 kB
VmallocTotal:   34359738367 kB
VmallocUsed:      366508 kB
VmallocChunk:   34359353500 kB
HardwareCorrupted:     0 kB
AnonHugePages:    935936 kB
HugePages_Total:       0
HugePages_Free:        0
HugePages_Rsvd:        0
HugePages_Surp:        0
Hugepagesize:       2048 kB
DirectMap4k:       79772 kB
DirectMap2M:     3997696 kB


CPU:total 4 (2 cores per cpu, 2 threads per core) family 6 model 58 stepping 9, cmov, cx8, fxsr, mmx, sse, sse2, sse3, ssse3, sse4.1, sse4.2, popcnt, avx, aes, clmul, erms, ht, tsc, tscinvbit, tscinv

/proc/cpuinfo:
processor	: 0
vendor_id	: GenuineIntel
cpu family	: 6
model		: 58
model name	: Intel(R) Core(TM) i5-3230M CPU @ 2.60GHz
stepping	: 9
microcode	: 0x17
cpu MHz		: 1200.062
cache size	: 3072 KB
physical id	: 0
siblings	: 4
core id		: 0
cpu cores	: 2
apicid		: 0
initial apicid	: 0
fpu		: yes
fpu_exception	: yes
cpuid level	: 13
wp		: yes
flags		: fpu vme de pse tsc msr pae mce cx8 apic sep mtrr pge mca cmov pat pse36 clflush dts acpi mmx fxsr sse sse2 ss ht tm pbe syscall nx rdtscp lm constant_tsc arch_perfmon pebs bts rep_good nopl xtopology nonstop_tsc aperfmperf eagerfpu pni pclmulqdq dtes64 monitor ds_cpl vmx est tm2 ssse3 cx16 xtpr pdcm pcid sse4_1 sse4_2 x2apic popcnt tsc_deadline_timer aes xsave avx f16c rdrand lahf_lm ida arat epb xsaveopt pln pts dtherm tpr_shadow vnmi flexpriority ept vpid fsgsbase smep erms
bogomips	: 5188.27
clflush size	: 64
cache_alignment	: 64
address sizes	: 36 bits physical, 48 bits virtual
power management:

processor	: 1
vendor_id	: GenuineIntel
cpu family	: 6
model		: 58
model name	: Intel(R) Core(TM) i5-3230M CPU @ 2.60GHz
stepping	: 9
microcode	: 0x17
cpu MHz		: 1200.062
cache size	: 3072 KB
physical id	: 0
siblings	: 4
core id		: 1
cpu cores	: 2
apicid		: 2
initial apicid	: 2
fpu		: yes
fpu_exception	: yes
cpuid level	: 13
wp		: yes
flags		: fpu vme de pse tsc msr pae mce cx8 apic sep mtrr pge mca cmov pat pse36 clflush dts acpi mmx fxsr sse sse2 ss ht tm pbe syscall nx rdtscp lm constant_tsc arch_perfmon pebs bts rep_good nopl xtopology nonstop_tsc aperfmperf eagerfpu pni pclmulqdq dtes64 monitor ds_cpl vmx est tm2 ssse3 cx16 xtpr pdcm pcid sse4_1 sse4_2 x2apic popcnt tsc_deadline_timer aes xsave avx f16c rdrand lahf_lm ida arat epb xsaveopt pln pts dtherm tpr_shadow vnmi flexpriority ept vpid fsgsbase smep erms
bogomips	: 5188.27
clflush size	: 64
cache_alignment	: 64
address sizes	: 36 bits physical, 48 bits virtual
power management:

processor	: 2
vendor_id	: GenuineIntel
cpu family	: 6
model		: 58
model name	: Intel(R) Core(TM) i5-3230M CPU @ 2.60GHz
stepping	: 9
microcode	: 0x17
cpu MHz		: 1200.062
cache size	: 3072 KB
physical id	: 0
siblings	: 4
core id		: 0
cpu cores	: 2
apicid		: 1
initial apicid	: 1
fpu		: yes
fpu_exception	: yes
cpuid level	: 13
wp		: yes
flags		: fpu vme de pse tsc msr pae mce cx8 apic sep mtrr pge mca cmov pat pse36 clflush dts acpi mmx fxsr sse sse2 ss ht tm pbe syscall nx rdtscp lm constant_tsc arch_perfmon pebs bts rep_good nopl xtopology nonstop_tsc aperfmperf eagerfpu pni pclmulqdq dtes64 monitor ds_cpl vmx est tm2 ssse3 cx16 xtpr pdcm pcid sse4_1 sse4_2 x2apic popcnt tsc_deadline_timer aes xsave avx f16c rdrand lahf_lm ida arat epb xsaveopt pln pts dtherm tpr_shadow vnmi flexpriority ept vpid fsgsbase smep erms
bogomips	: 5188.27
clflush size	: 64
cache_alignment	: 64
address sizes	: 36 bits physical, 48 bits virtual
power management:

processor	: 3
vendor_id	: GenuineIntel
cpu family	: 6
model		: 58
model name	: Intel(R) Core(TM) i5-3230M CPU @ 2.60GHz
stepping	: 9
microcode	: 0x17
cpu MHz		: 1200.570
cache size	: 3072 KB
physical id	: 0
siblings	: 4
core id		: 1
cpu cores	: 2
apicid		: 3
initial apicid	: 3
fpu		: yes
fpu_exception	: yes
cpuid level	: 13
wp		: yes
flags		: fpu vme de pse tsc msr pae mce cx8 apic sep mtrr pge mca cmov pat pse36 clflush dts acpi mmx fxsr sse sse2 ss ht tm pbe syscall nx rdtscp lm constant_tsc arch_perfmon pebs bts rep_good nopl xtopology nonstop_tsc aperfmperf eagerfpu pni pclmulqdq dtes64 monitor ds_cpl vmx est tm2 ssse3 cx16 xtpr pdcm pcid sse4_1 sse4_2 x2apic popcnt tsc_deadline_timer aes xsave avx f16c rdrand lahf_lm ida arat epb xsaveopt pln pts dtherm tpr_shadow vnmi flexpriority ept vpid fsgsbase smep erms
bogomips	: 5188.27
clflush size	: 64
cache_alignment	: 64
address sizes	: 36 bits physical, 48 bits virtual
power management:



Memory: 4k page, physical 3930944k(880464k free), swap 14401532k(14401532k free)

vm_info: Java HotSpot(TM) 64-Bit Server VM (25.51-b03) for linux-amd64 JRE (1.8.0_51-b16), built on Jun  8 2015 19:28:07 by "java_re" with gcc 4.3.0 20080428 (Red Hat 4.3.0-8)

time: Sat Nov 28 13:04:06 2015
elapsed time: 28 seconds (0d 0h 0m 28s)

