#
# A fatal error has been detected by the Java Runtime Environment:
#
#  SIGSEGV (0xb) at pc=0x00007fa4461af613, pid=12854, tid=140341932766976
#
# JRE version: Java(TM) SE Runtime Environment (8.0_51-b16) (build 1.8.0_51-b16)
# Java VM: Java HotSpot(TM) 64-Bit Server VM (25.51-b03 mixed mode linux-amd64 compressed oops)
# Problematic frame:
# V  [libjvm.so+0x7e8613]  LinkResolver::resolve_invokevirtual(CallInfo&, Handle, constantPoolHandle, int, Thread*)+0x233
#
# Failed to write core dump. Core dumps have been disabled. To enable core dumping, try "ulimit -c unlimited" before starting Java again
#
# If you would like to submit a bug report, please visit:
#   http://bugreport.java.com/bugreport/crash.jsp
#

---------------  T H R E A D  ---------------

Current thread (0x00007fa44026e800):  JavaThread "JavaFX Application Thread" [_thread_in_vm, id=12877, stack(0x00007fa3e6fcb000,0x00007fa3e70cc000)]

siginfo: si_signo: 11 (SIGSEGV), si_code: 1 (SEGV_MAPERR), si_addr: 0x0000000040070c80

Registers:
RAX=0x00007fa4469382b0, RBX=0x00007fa44026e470, RCX=0x000000000000001f, RDX=0x0000000040070c78
RSP=0x00007fa3e70c9150, RBP=0x00007fa3e70c91f0, RSI=0x00007fa4305c0c60, RDI=0x000000000000000c
R8 =0x00007fa44026e470, R9 =0x000000000000000c, R10=0x000000000000000b, R11=0x000000010000da28
R12=0x0000000000000000, R13=0x00007fa44026e800, R14=0x00007fa4305c0c60, R15=0x000000000000001a
RIP=0x00007fa4461af613, EFLAGS=0x0000000000010202, CSGSFS=0x0000000000000033, ERR=0x0000000000000004
  TRAPNO=0x000000000000000e

Top of Stack: (sp=0x00007fa3e70c9150)
0x00007fa3e70c9150:   00007fa44026e800 0000000000000000
0x00007fa3e70c9160:   00007fa4305c0c60 00007fa44026e800
0x00007fa3e70c9170:   00007fa44026e3a0 00007fa3e70c9310
0x00007fa3e70c9180:   00007fa4305c0c60 00007fa44026e800
0x00007fa3e70c9190:   000000010009b348 00007fa44744f610
0x00007fa3e70c91a0:   00007fa44742c920 00007fa4474289d0
0x00007fa3e70c91b0:   000000010000da28 000000010009b348
0x00007fa3e70c91c0:   0000000000000001 00007fa44026e470
0x00007fa3e70c91d0:   0000000000000000 00007fa44026e800
0x00007fa3e70c91e0:   000000000000001a 00007fa3e70c9310
0x00007fa3e70c91f0:   00007fa3e70c92a0 00007fa4461b0f64
0x00007fa3e70c9200:   00000000ec822320 00007fa3e70c9208
0x00007fa3e70c9210:   00007fa3e70c9230 00007fa446298749
0x00007fa3e70c9220:   00007fa3e70c9260 0000000000000000
0x00007fa3e70c9230:   00007fa3e70c9250 00007fa446043135
0x00007fa3e70c9240:   00007fa4305c0c60 00007fa44026e800
0x00007fa3e70c9250:   00007fa3e70c92a0 00007fa4460431d0
0x00007fa3e70c9260:   00007fa3e70c95c8 00007fa4310210c3
0x00007fa3e70c9270:   00007fa4310055d0 000000000000001a
0x00007fa3e70c9280:   0000000000000000 00007fa44026e800
0x00007fa3e70c9290:   00007fa3e70c9480 00007fa3e70c9310
0x00007fa3e70c92a0:   00007fa3e70c95b0 00007fa446041972
0x00007fa3e70c92b0:   00007fa3e70c9340 00007fa44026e800
0x00007fa3e70c92c0:   00007fa3e70c9430 00007fa446048ba5
0x00007fa3e70c92d0:   0005000500000001 00007fa44026e800
0x00007fa3e70c92e0:   000000b6e70c9b70 00007fa3fc07f1d0
0x00007fa3e70c92f0:   00007fa3fc07f1e0 00007fa3fc07f5b8
0x00007fa3e70c9300:   00000000000003d8 00007fa44026e3a0
0x00007fa3e70c9310:   0000000000000000 0000000000000000
0x00007fa3e70c9320:   0000000000000000 0000000000000000
0x00007fa3e70c9330:   0000000000000000 0000000000000000
0x00007fa3e70c9340:   00007fa3e70c9390 0000000000000000 

Instructions: (pc=0x00007fa4461af613)
0x00007fa4461af5f3:   83 7d 80 00 74 26 48 8b 45 80 48 8b 10 48 8b 05
0x00007fa4461af603:   49 c3 76 00 80 38 00 74 69 48 8b 05 a5 9d 76 00
0x00007fa4461af613:   8b 52 08 8b 48 08 48 d3 e2 48 03 10 48 8b 4d c0
0x00007fa4461af623:   4c 89 6c 24 18 c7 44 24 10 01 00 00 00 c7 44 24 

Register to memory mapping:

RAX=0x00007fa4469382b0: <offset 0xf712b0> in /usr/lib/jvm/jre1.8.0_51/lib/amd64/server/libjvm.so at 0x00007fa4459c7000
RBX=0x00007fa44026e470 is an unknown value
RCX=0x000000000000001f is an unknown value
RDX=0x0000000040070c78 is an unknown value
RSP=0x00007fa3e70c9150 is pointing into the stack for thread: 0x00007fa44026e800
RBP=0x00007fa3e70c91f0 is pointing into the stack for thread: 0x00007fa44026e800
RSI=0x00007fa4305c0c60 is pointing into metadata
RDI=0x000000000000000c is an unknown value
R8 =0x00007fa44026e470 is an unknown value
R9 =0x000000000000000c is an unknown value
R10=0x000000000000000b is an unknown value
R11=0x000000010000da28 is pointing into metadata
R12=0x0000000000000000 is an unknown value
R13=0x00007fa44026e800 is a thread
R14=0x00007fa4305c0c60 is pointing into metadata
R15=0x000000000000001a is an unknown value


Stack: [0x00007fa3e6fcb000,0x00007fa3e70cc000],  sp=0x00007fa3e70c9150,  free space=1016k
Native frames: (J=compiled Java code, j=interpreted, Vv=VM code, C=native code)
V  [libjvm.so+0x7e8613]  LinkResolver::resolve_invokevirtual(CallInfo&, Handle, constantPoolHandle, int, Thread*)+0x233
V  [libjvm.so+0x7e9f64]  LinkResolver::resolve_invoke(CallInfo&, Handle, constantPoolHandle, int, Bytecodes::Code, Thread*)+0x2e4
V  [libjvm.so+0x67a972]  InterpreterRuntime::resolve_invoke(JavaThread*, Bytecodes::Code)+0x1b2
j  com.sun.glass.ui.gtk.GtkView.notifyInputMethodDraw(Ljava/lang/String;III[B)V+50
v  ~StubRoutines::call_stub
V  [libjvm.so+0x681a26]  JavaCalls::call_helper(JavaValue*, methodHandle*, JavaCallArguments*, Thread*)+0x1056
V  [libjvm.so+0x6c432b]  jni_invoke_nonstatic(JNIEnv_*, JavaValue*, _jobject*, JNICallType, _jmethodID*, JNI_ArgumentPusher*, Thread*)+0x41b
V  [libjvm.so+0x6c86ef]  jni_CallVoidMethodV+0x10f
C  [libglass.so+0x1b798]  JNIEnv_::CallVoidMethod(_jobject*, _jmethodID*, ...)+0x98
C  [libglass.so+0x22955]  im_preedit_draw(_XIM*, char*, char*)+0x1f5
C  [libX11.so.6+0x591d8]
C  0x0000000000000001

Java frames: (J=compiled Java code, j=interpreted, Vv=VM code)
j  com.sun.glass.ui.gtk.GtkView.notifyInputMethodDraw(Ljava/lang/String;III[B)V+50
v  ~StubRoutines::call_stub
j  com.sun.glass.ui.gtk.GtkApplication._runLoop(Ljava/lang/Runnable;Z)V+0
j  com.sun.glass.ui.gtk.GtkApplication.lambda$null$48(Ljava/lang/Runnable;Z)V+7
j  com.sun.glass.ui.gtk.GtkApplication$$Lambda$41.run()V+12
j  java.lang.Thread.run()V+11
v  ~StubRoutines::call_stub

---------------  P R O C E S S  ---------------

Java Threads: ( => current thread )
  0x00007fa3d0315000 JavaThread "Prism Font Disposer" daemon [_thread_blocked, id=12879, stack(0x00007fa3e5cdf000,0x00007fa3e5de0000)]
  0x00007fa440272000 JavaThread "JavaFX-Launcher" [_thread_blocked, id=12878, stack(0x00007fa3e6eca000,0x00007fa3e6fcb000)]
=>0x00007fa44026e800 JavaThread "JavaFX Application Thread" [_thread_in_vm, id=12877, stack(0x00007fa3e6fcb000,0x00007fa3e70cc000)]
  0x00007fa440269000 JavaThread "Thread-1" daemon [_thread_blocked, id=12876, stack(0x00007fa3e70cc000,0x00007fa3e71cd000)]
  0x00007fa4401af000 JavaThread "QuantumRenderer-0" daemon [_thread_blocked, id=12873, stack(0x00007fa403dfe000,0x00007fa403eff000)]
  0x00007fa4400c1800 JavaThread "Service Thread" daemon [_thread_blocked, id=12871, stack(0x00007fa4280fe000,0x00007fa4281ff000)]
  0x00007fa4400bc800 JavaThread "C1 CompilerThread2" daemon [_thread_blocked, id=12870, stack(0x00007fa4281ff000,0x00007fa428300000)]
  0x00007fa4400bb000 JavaThread "C2 CompilerThread1" daemon [_thread_blocked, id=12869, stack(0x00007fa428300000,0x00007fa428401000)]
  0x00007fa4400b8000 JavaThread "C2 CompilerThread0" daemon [_thread_blocked, id=12868, stack(0x00007fa428401000,0x00007fa428502000)]
  0x00007fa4400b6800 JavaThread "Signal Dispatcher" daemon [_thread_blocked, id=12867, stack(0x00007fa428502000,0x00007fa428603000)]
  0x00007fa44007f000 JavaThread "Finalizer" daemon [_thread_blocked, id=12866, stack(0x00007fa428e16000,0x00007fa428f17000)]
  0x00007fa44007c800 JavaThread "Reference Handler" daemon [_thread_blocked, id=12865, stack(0x00007fa428f17000,0x00007fa429018000)]
  0x00007fa44000a000 JavaThread "main" [_thread_blocked, id=12859, stack(0x00007fa44748a000,0x00007fa44758b000)]

Other Threads:
  0x00007fa440077800 VMThread [stack: 0x00007fa429018000,0x00007fa429119000] [id=12864]
  0x00007fa4400c4000 WatcherThread [stack: 0x00007fa403eff000,0x00007fa404000000] [id=12872]

VM state:not at safepoint (normal execution)

VM Mutex/Monitor currently owned by a thread: None

Heap:
 PSYoungGen      total 17920K, used 11382K [0x00000000ec000000, 0x00000000ee300000, 0x0000000100000000)
  eden space 15360K, 57% used [0x00000000ec000000,0x00000000ec8a3c40,0x00000000ecf00000)
  from space 2560K, 99% used [0x00000000ed180000,0x00000000ed3f9dc0,0x00000000ed400000)
  to   space 2560K, 0% used [0x00000000ecf00000,0x00000000ecf00000,0x00000000ed180000)
 ParOldGen       total 40960K, used 2557K [0x00000000c4000000, 0x00000000c6800000, 0x00000000ec000000)
  object space 40960K, 6% used [0x00000000c4000000,0x00000000c427f700,0x00000000c6800000)
 Metaspace       used 17139K, capacity 18214K, committed 18432K, reserved 1064960K
  class space    used 2487K, capacity 2711K, committed 2816K, reserved 1048576K

Card table byte_map: [0x00007fa444086000,0x00007fa444267000] byte_map_base: 0x00007fa443a66000

Marking Bits: (ParMarkBitMap*) 0x00007fa446965660
 Begin Bits: [0x00007fa42a200000, 0x00007fa42b100000)
 End Bits:   [0x00007fa42b100000, 0x00007fa42c000000)

Polling page: 0x00007fa4475ac000

CodeCache: size=245760Kb used=6536Kb max_used=6536Kb free=239223Kb
 bounds [0x00007fa431000000, 0x00007fa431670000, 0x00007fa440000000]
 total_blobs=2843 nmethods=2204 adapters=551
 compilation: enabled

Compilation events (10 events):
Event: 7.482 Thread 0x00007fa4400bc800 2199       3       javafx.scene.Scene::access$3500 (5 bytes)
Event: 7.482 Thread 0x00007fa4400bc800 nmethod 2199 0x00007fa43164ca10 code [0x00007fa43164cb80, 0x00007fa43164cce8]
Event: 7.482 Thread 0x00007fa4400bc800 2200       3       javafx.scene.Scene::disposeAccessibles (147 bytes)
Event: 7.484 Thread 0x00007fa4400bc800 nmethod 2200 0x00007fa431647c90 code [0x00007fa431647f60, 0x00007fa4316495c8]
Event: 7.484 Thread 0x00007fa4400bc800 2202       3       com.sun.javafx.tk.quantum.MasterTimer::recordAnimationEnd (7 bytes)
Event: 7.484 Thread 0x00007fa4400bc800 nmethod 2202 0x00007fa43164c010 code [0x00007fa43164c1e0, 0x00007fa43164c748]
Event: 7.485 Thread 0x00007fa4400bc800 2203       3       com.sun.scenario.animation.AnimationPulse::recordAnimationEnd (22 bytes)
Event: 7.485 Thread 0x00007fa4400bc800 nmethod 2203 0x00007fa431647510 code [0x00007fa4316476c0, 0x00007fa431647ae8]
Event: 7.490 Thread 0x00007fa4400bc800 2204       1       javafx.scene.input.MouseEvent::getPickResult (5 bytes)
Event: 7.490 Thread 0x00007fa4400bc800 nmethod 2204 0x00007fa431647250 code [0x00007fa4316473a0, 0x00007fa4316474b0]

GC Heap History (4 events):
Event: 0.543 GC heap before
{Heap before GC invocations=1 (full 0):
 PSYoungGen      total 17920K, used 15360K [0x00000000ec000000, 0x00000000ed400000, 0x0000000100000000)
  eden space 15360K, 100% used [0x00000000ec000000,0x00000000ecf00000,0x00000000ecf00000)
  from space 2560K, 0% used [0x00000000ed180000,0x00000000ed180000,0x00000000ed400000)
  to   space 2560K, 0% used [0x00000000ecf00000,0x00000000ecf00000,0x00000000ed180000)
 ParOldGen       total 40960K, used 0K [0x00000000c4000000, 0x00000000c6800000, 0x00000000ec000000)
  object space 40960K, 0% used [0x00000000c4000000,0x00000000c4000000,0x00000000c6800000)
 Metaspace       used 9530K, capacity 9916K, committed 10112K, reserved 1058816K
  class space    used 1202K, capacity 1321K, committed 1408K, reserved 1048576K
Event: 0.546 GC heap after
Heap after GC invocations=1 (full 0):
 PSYoungGen      total 17920K, used 2528K [0x00000000ec000000, 0x00000000ed400000, 0x0000000100000000)
  eden space 15360K, 0% used [0x00000000ec000000,0x00000000ec000000,0x00000000ecf00000)
  from space 2560K, 98% used [0x00000000ecf00000,0x00000000ed178050,0x00000000ed180000)
  to   space 2560K, 0% used [0x00000000ed180000,0x00000000ed180000,0x00000000ed400000)
 ParOldGen       total 40960K, used 248K [0x00000000c4000000, 0x00000000c6800000, 0x00000000ec000000)
  object space 40960K, 0% used [0x00000000c4000000,0x00000000c403e000,0x00000000c6800000)
 Metaspace       used 9530K, capacity 9916K, committed 10112K, reserved 1058816K
  class space    used 1202K, capacity 1321K, committed 1408K, reserved 1048576K
}
Event: 1.134 GC heap before
{Heap before GC invocations=2 (full 0):
 PSYoungGen      total 17920K, used 17888K [0x00000000ec000000, 0x00000000ed400000, 0x0000000100000000)
  eden space 15360K, 100% used [0x00000000ec000000,0x00000000ecf00000,0x00000000ecf00000)
  from space 2560K, 98% used [0x00000000ecf00000,0x00000000ed178050,0x00000000ed180000)
  to   space 2560K, 0% used [0x00000000ed180000,0x00000000ed180000,0x00000000ed400000)
 ParOldGen       total 40960K, used 248K [0x00000000c4000000, 0x00000000c6800000, 0x00000000ec000000)
  object space 40960K, 0% used [0x00000000c4000000,0x00000000c403e000,0x00000000c6800000)
 Metaspace       used 15211K, capacity 16008K, committed 16128K, reserved 1062912K
  class space    used 2284K, capacity 2444K, committed 2560K, reserved 1048576K
Event: 1.154 GC heap after
Heap after GC invocations=2 (full 0):
 PSYoungGen      total 17920K, used 2535K [0x00000000ec000000, 0x00000000ee300000, 0x0000000100000000)
  eden space 15360K, 0% used [0x00000000ec000000,0x00000000ec000000,0x00000000ecf00000)
  from space 2560K, 99% used [0x00000000ed180000,0x00000000ed3f9dc0,0x00000000ed400000)
  to   space 2560K, 0% used [0x00000000ecf00000,0x00000000ecf00000,0x00000000ed180000)
 ParOldGen       total 40960K, used 2557K [0x00000000c4000000, 0x00000000c6800000, 0x00000000ec000000)
  object space 40960K, 6% used [0x00000000c4000000,0x00000000c427f700,0x00000000c6800000)
 Metaspace       used 15211K, capacity 16008K, committed 16128K, reserved 1062912K
  class space    used 2284K, capacity 2444K, committed 2560K, reserved 1048576K
}

Deoptimization events (10 events):
Event: 1.105 Thread 0x00007fa44026e800 Uncommon trap: reason=unstable_if action=reinterpret pc=0x00007fa4312469e0 method=java.lang.CharacterData.of(I)Ljava/lang/CharacterData; @ 4
Event: 1.246 Thread 0x00007fa44026e800 Uncommon trap: reason=unstable_if action=reinterpret pc=0x00007fa43135e7a4 method=jdk.internal.org.objectweb.asm.Type.getArgumentsAndReturnSizes(Ljava/lang/String;)I @ 47
Event: 2.956 Thread 0x00007fa4401af000 Uncommon trap: reason=unstable_if action=reinterpret pc=0x00007fa431439b60 method=java.lang.StrictMath.floorOrCeil(DDDD)D @ 115
Event: 3.180 Thread 0x00007fa44026e800 Uncommon trap: reason=unstable_if action=reinterpret pc=0x00007fa4313e95fc method=com.sun.javafx.css.BitSet.add(Ljava/lang/Object;)Z @ 91
Event: 4.714 Thread 0x00007fa44026e800 Uncommon trap: reason=array_check action=maybe_recompile pc=0x00007fa431543b44 method=com.sun.javafx.css.SimpleSelector.applies(Ljavafx/css/Styleable;[Ljava/util/Set;I)Z @ 37
Event: 4.715 Thread 0x00007fa44026e800 Uncommon trap: reason=array_check action=maybe_recompile pc=0x00007fa431543b44 method=com.sun.javafx.css.SimpleSelector.applies(Ljavafx/css/Styleable;[Ljava/util/Set;I)Z @ 37
Event: 4.715 Thread 0x00007fa44026e800 Uncommon trap: reason=array_check action=maybe_recompile pc=0x00007fa431543b44 method=com.sun.javafx.css.SimpleSelector.applies(Ljavafx/css/Styleable;[Ljava/util/Set;I)Z @ 37
Event: 4.715 Thread 0x00007fa44026e800 Uncommon trap: reason=array_check action=maybe_recompile pc=0x00007fa431543b44 method=com.sun.javafx.css.SimpleSelector.applies(Ljavafx/css/Styleable;[Ljava/util/Set;I)Z @ 37
Event: 6.988 Thread 0x00007fa44026e800 Uncommon trap: reason=unstable_if action=reinterpret pc=0x00007fa4315a5af8 method=javafx.scene.CssStyleHelper.lookup(Ljavafx/css/Styleable;Ljavafx/css/CssMetaData;Lcom/sun/javafx/css/StyleMap;Ljava/util/Set;Ljavafx/css/Styleable;Lcom/sun/javafx/css/Calcul
Event: 6.991 Thread 0x00007fa44026e800 Uncommon trap: reason=unstable_if action=reinterpret pc=0x00007fa431580938 method=com.sun.javafx.css.StyleManager.getStyleMap(Ljavafx/css/Styleable;Ljavafx/scene/SubScene;I)Lcom/sun/javafx/css/StyleMap; @ 2

Internal exceptions (10 events):
Event: 0.448 Thread 0x00007fa44026e800 Exception <a 'java/lang/NullPointerException'> (0x00000000ecb0ea80) thrown at [/HUDSON/workspace/8-2-build-linux-amd64/jdk8u51/3951/hotspot/src/share/vm/prims/jvm.cpp, line 1386]
Event: 0.534 Thread 0x00007fa44026e800 Exception <a 'java/lang/NullPointerException'> (0x00000000ece747e0) thrown at [/HUDSON/workspace/8-2-build-linux-amd64/jdk8u51/3951/hotspot/src/share/vm/interpreter/linkResolver.cpp, line 1178]
Event: 0.580 Thread 0x00007fa44026e800 Exception <a 'java/lang/ArrayIndexOutOfBoundsException'> (0x00000000ec172050) thrown at [/HUDSON/workspace/8-2-build-linux-amd64/jdk8u51/3951/hotspot/src/share/vm/runtime/sharedRuntime.cpp, line 605]
Event: 0.581 Thread 0x00007fa44026e800 Exception <a 'java/lang/ArrayIndexOutOfBoundsException'> (0x00000000ec172ca0) thrown at [/HUDSON/workspace/8-2-build-linux-amd64/jdk8u51/3951/hotspot/src/share/vm/runtime/sharedRuntime.cpp, line 605]
Event: 0.581 Thread 0x00007fa44026e800 Exception <a 'java/lang/ArrayIndexOutOfBoundsException'> (0x00000000ec173f98) thrown at [/HUDSON/workspace/8-2-build-linux-amd64/jdk8u51/3951/hotspot/src/share/vm/runtime/sharedRuntime.cpp, line 605]
Event: 0.606 Thread 0x00007fa44026e800 Exception <a 'java/lang/ArrayIndexOutOfBoundsException'> (0x00000000ec2a81e0) thrown at [/HUDSON/workspace/8-2-build-linux-amd64/jdk8u51/3951/hotspot/src/share/vm/runtime/sharedRuntime.cpp, line 605]
Event: 0.606 Thread 0x00007fa44026e800 Exception <a 'java/lang/ArrayIndexOutOfBoundsException'> (0x00000000ec2a9130) thrown at [/HUDSON/workspace/8-2-build-linux-amd64/jdk8u51/3951/hotspot/src/share/vm/runtime/sharedRuntime.cpp, line 605]
Event: 0.606 Thread 0x00007fa44026e800 Exception <a 'java/lang/ArrayIndexOutOfBoundsException'> (0x00000000ec2aa8f0) thrown at [/HUDSON/workspace/8-2-build-linux-amd64/jdk8u51/3951/hotspot/src/share/vm/runtime/sharedRuntime.cpp, line 605]
Event: 0.744 Thread 0x00007fa44026e800 Implicit null exception at 0x00007fa4312eb435 to 0x00007fa4312eb651
Event: 6.977 Thread 0x00007fa44026e800 Exception <a 'java/lang/NullPointerException'> (0x00000000ec799230) thrown at [/HUDSON/workspace/8-2-build-linux-amd64/jdk8u51/3951/hotspot/src/share/vm/interpreter/linkResolver.cpp, line 1178]

Events (10 events):
Event: 6.987 loading class com/sun/javafx/tk/quantum/ViewScene
Event: 6.987 loading class com/sun/javafx/tk/quantum/ViewScene done
Event: 6.988 Thread 0x00007fa44026e800 Uncommon trap: trap_request=0xffffff65 fr.pc=0x00007fa4315a5af8
Event: 6.988 Thread 0x00007fa44026e800 DEOPT PACKING pc=0x00007fa4315a5af8 sp=0x00007fa3e70c7090
Event: 6.988 Thread 0x00007fa44026e800 DEOPT UNPACKING pc=0x00007fa431005229 sp=0x00007fa3e70c7038 mode 2
Event: 6.991 Thread 0x00007fa44026e800 Uncommon trap: trap_request=0xffffff65 fr.pc=0x00007fa431580938
Event: 6.991 Thread 0x00007fa44026e800 DEOPT PACKING pc=0x00007fa431580938 sp=0x00007fa3e70c68d0
Event: 6.991 Thread 0x00007fa44026e800 DEOPT UNPACKING pc=0x00007fa431005229 sp=0x00007fa3e70c6830 mode 2
Event: 7.016 Executing VM operation: RevokeBias
Event: 7.016 Executing VM operation: RevokeBias done


Dynamic libraries:
00400000-00401000 r-xp 00000000 08:03 3937306                            /usr/lib/jvm/jre1.8.0_51/bin/java
00600000-00601000 rw-p 00000000 08:03 3937306                            /usr/lib/jvm/jre1.8.0_51/bin/java
011fb000-0121c000 rw-p 00000000 00:00 0                                  [heap]
c4000000-c6800000 rw-p 00000000 00:00 0 
c6800000-ec000000 ---p 00000000 00:00 0 
ec000000-ee300000 rw-p 00000000 00:00 0 
ee300000-100000000 ---p 00000000 00:00 0 
100000000-1002c0000 rw-p 00000000 00:00 0 
1002c0000-140000000 ---p 00000000 00:00 0 
7fa3c8000000-7fa3c8021000 rw-p 00000000 00:00 0 
7fa3c8021000-7fa3cc000000 ---p 00000000 00:00 0 
7fa3d0000000-7fa3d061f000 rw-p 00000000 00:00 0 
7fa3d061f000-7fa3d4000000 ---p 00000000 00:00 0 
7fa3d4000000-7fa3d4021000 rw-p 00000000 00:00 0 
7fa3d4021000-7fa3d8000000 ---p 00000000 00:00 0 
7fa3d8000000-7fa3d8022000 rw-p 00000000 00:00 0 
7fa3d8022000-7fa3dc000000 ---p 00000000 00:00 0 
7fa3dc000000-7fa3dc021000 rw-p 00000000 00:00 0 
7fa3dc021000-7fa3e0000000 ---p 00000000 00:00 0 
7fa3e0000000-7fa3e0021000 rw-p 00000000 00:00 0 
7fa3e0021000-7fa3e4000000 ---p 00000000 00:00 0 
7fa3e51d5000-7fa3e51dd000 rw-s 00000000 00:04 150412                     /drm mm object (deleted)
7fa3e51dd000-7fa3e51ed000 rw-s 00000000 00:04 150411                     /drm mm object (deleted)
7fa3e51ed000-7fa3e51f5000 rw-s 00000000 00:04 150410                     /drm mm object (deleted)
7fa3e51f5000-7fa3e5205000 rw-s 00000000 00:04 152747                     /drm mm object (deleted)
7fa3e5205000-7fa3e520d000 rw-s 00000000 00:04 152746                     /drm mm object (deleted)
7fa3e520d000-7fa3e521d000 rw-s 00000000 00:04 152745                     /drm mm object (deleted)
7fa3e521d000-7fa3e5225000 rw-s 00000000 00:04 152744                     /drm mm object (deleted)
7fa3e5225000-7fa3e5235000 rw-s 00000000 00:04 152743                     /drm mm object (deleted)
7fa3e5235000-7fa3e523d000 rw-s 00000000 00:04 151318                     /drm mm object (deleted)
7fa3e523d000-7fa3e524d000 rw-s 00000000 00:04 151317                     /drm mm object (deleted)
7fa3e524f000-7fa3e5252000 rw-p 00000000 00:00 0 
7fa3e5252000-7fa3e5253000 rw-s 00000000 00:04 151302                     /drm mm object (deleted)
7fa3e5253000-7fa3e5413000 rw-s 00000000 00:04 151309                     /drm mm object (deleted)
7fa3e5413000-7fa3e5415000 rw-s 00000000 00:04 151311                     /drm mm object (deleted)
7fa3e5415000-7fa3e5417000 rw-s 00000000 00:04 152748                     /drm mm object (deleted)
7fa3e5417000-7fa3e5418000 rw-s 00000000 00:04 151300                     /drm mm object (deleted)
7fa3e5418000-7fa3e5558000 rw-p 00000000 00:00 0 
7fa3e5558000-7fa3e5618000 ---p 00000000 00:00 0 
7fa3e5618000-7fa3e5678000 rw-s 00000000 00:04 151307                     /drm mm object (deleted)
7fa3e5678000-7fa3e5686000 rw-s 00000000 00:04 151306                     /drm mm object (deleted)
7fa3e5686000-7fa3e5687000 rw-s 00000000 00:04 151299                     /drm mm object (deleted)
7fa3e5687000-7fa3e5697000 rw-s 00000000 00:04 151305                     /drm mm object (deleted)
7fa3e5697000-7fa3e5698000 rw-s 00000000 00:04 151294                     /drm mm object (deleted)
7fa3e5698000-7fa3e5699000 rw-s 00000000 00:04 151304                     /drm mm object (deleted)
7fa3e5699000-7fa3e56a9000 rw-s 00000000 00:04 151303                     /drm mm object (deleted)
7fa3e56a9000-7fa3e56b5000 rw-s 00000000 00:04 151291                     /drm mm object (deleted)
7fa3e56b5000-7fa3e56c8000 r--s 00344000 08:03 3937243                    /usr/lib/jvm/jre1.8.0_51/lib/resources.jar
7fa3e56c8000-7fa3e5adf000 r--p 00000000 08:03 10748738                   /usr/share/fonts/truetype/nanum/NanumGothicBold.ttf
7fa3e5adf000-7fa3e5cdf000 rw-p 00000000 00:00 0 
7fa3e5cdf000-7fa3e5ce2000 ---p 00000000 00:00 0 
7fa3e5ce2000-7fa3e5de0000 rw-p 00000000 00:00 0                          [stack:12879]
7fa3e5de0000-7fa3e6205000 r--p 00000000 08:03 10748737                   /usr/share/fonts/truetype/nanum/NanumGothic.ttf
7fa3e6205000-7fa3e620a000 r--s 00083000 08:03 3937215                    /usr/lib/jvm/jre1.8.0_51/lib/jfr.jar
7fa3e620a000-7fa3e640a000 rw-p 00000000 00:00 0 
7fa3e640a000-7fa3e642d000 r--p 00000000 08:03 8259164                    /usr/share/fonts/truetype/msttcorefonts/Georgia.ttf
7fa3e642d000-7fa3e6440000 r--p 00000000 08:03 3937208                    /usr/lib/jvm/jre1.8.0_51/lib/fonts/LucidaBrightDemiBold.ttf
7fa3e6440000-7fa3e648e000 r--p 00000000 08:03 3937209                    /usr/lib/jvm/jre1.8.0_51/lib/fonts/LucidaSansDemiBold.ttf
7fa3e648e000-7fa3e64e3000 r--p 00000000 08:03 3937204                    /usr/lib/jvm/jre1.8.0_51/lib/fonts/LucidaBrightRegular.ttf
7fa3e64e3000-7fa3e64f7000 r--p 00000000 08:03 3937203                    /usr/lib/jvm/jre1.8.0_51/lib/fonts/LucidaBrightItalic.ttf
7fa3e64f7000-7fa3e6531000 r--p 00000000 08:03 3937205                    /usr/lib/jvm/jre1.8.0_51/lib/fonts/LucidaTypewriterBold.ttf
7fa3e6531000-7fa3e656d000 r--p 00000000 08:03 3937202                    /usr/lib/jvm/jre1.8.0_51/lib/fonts/LucidaTypewriterRegular.ttf
7fa3e656d000-7fa3e6580000 r--p 00000000 08:03 3937207                    /usr/lib/jvm/jre1.8.0_51/lib/fonts/LucidaBrightDemiItalic.ttf
7fa3e6580000-7fa3e662b000 r--p 00000000 08:03 3937206                    /usr/lib/jvm/jre1.8.0_51/lib/fonts/LucidaSansRegular.ttf
7fa3e662b000-7fa3e662f000 r-xp 00000000 08:03 3937192                    /usr/lib/jvm/jre1.8.0_51/lib/amd64/libjavafx_font_pango.so
7fa3e662f000-7fa3e682e000 ---p 00004000 08:03 3937192                    /usr/lib/jvm/jre1.8.0_51/lib/amd64/libjavafx_font_pango.so
7fa3e682e000-7fa3e682f000 r--p 00003000 08:03 3937192                    /usr/lib/jvm/jre1.8.0_51/lib/amd64/libjavafx_font_pango.so
7fa3e682f000-7fa3e6830000 rw-p 00004000 08:03 3937192                    /usr/lib/jvm/jre1.8.0_51/lib/amd64/libjavafx_font_pango.so
7fa3e6830000-7fa3e6831000 r--s 00000000 08:03 526163                     /var/cache/fontconfig/c05880de57d1f5e948fdfacc138775d9-le64.cache-4
7fa3e6831000-7fa3e683c000 r--s 00000000 08:03 526157                     /var/cache/fontconfig/945677eb7aeaf62f1d50efc3fb3ec7d8-le64.cache-4
7fa3e683c000-7fa3e683e000 r--s 00000000 08:03 527549                     /var/cache/fontconfig/99e8ed0e538f840c565b6ed5dad60d56-le64.cache-4
7fa3e683e000-7fa3e6847000 r--s 00000000 08:03 526799                     /var/cache/fontconfig/a6d8cf8e4ec09cdbc8633c31745a07dd-le64.cache-4
7fa3e6847000-7fa3e684d000 r--s 00000000 08:03 526143                     /var/cache/fontconfig/2cd17615ca594fa2959ae173292e504c-le64.cache-4
7fa3e684d000-7fa3e684e000 r--s 00000000 08:03 526173                     /var/cache/fontconfig/e7071f4a29fa870f4323321c154eba04-le64.cache-4
7fa3e684e000-7fa3e684f000 r--s 00000000 08:03 526140                     /var/cache/fontconfig/0d8c3b2ac0904cb8a57a757ad11a4a08-le64.cache-4
7fa3e684f000-7fa3e6856000 r--s 00000000 08:03 526160                     /var/cache/fontconfig/a755afe4a08bf5b97852ceb7400b47bc-le64.cache-4
7fa3e6856000-7fa3e686a000 r--s 00000000 08:03 526138                     /var/cache/fontconfig/04aabc0a78ac019cf9454389977116d2-le64.cache-4
7fa3e686a000-7fa3e686b000 r--s 00000000 08:03 526142                     /var/cache/fontconfig/1ac9eb803944fde146138c791f5cc56a-le64.cache-4
7fa3e686b000-7fa3e686f000 r--s 00000000 08:03 526146                     /var/cache/fontconfig/385c0604a188198f04d133e54aba7fe7-le64.cache-4
7fa3e686f000-7fa3e6870000 r--s 00000000 08:03 526170                     /var/cache/fontconfig/dc05db6664285cc2f12bf69c139ae4c3-le64.cache-4
7fa3e6870000-7fa3e6872000 r--s 00000000 08:03 526154                     /var/cache/fontconfig/767a8244fc0220cfb567a839d0392e0b-le64.cache-4
7fa3e6872000-7fa3e6878000 r--s 00000000 08:03 526798                     /var/cache/fontconfig/8801497958630a81b71ace7c5f9b32a8-le64.cache-4
7fa3e6878000-7fa3e68b3000 r--s 00000000 08:03 526450                     /var/cache/fontconfig/365b55f210c0a22e9a19e35191240f32-le64.cache-4
7fa3e68b3000-7fa3e68ba000 r--s 00000000 08:03 526144                     /var/cache/fontconfig/3047814df9a2f067bd2d96a2b9c36e5a-le64.cache-4
7fa3e68ba000-7fa3e68c0000 r--s 00000000 08:03 526161                     /var/cache/fontconfig/b47c4e1ecd0709278f4910c18777a504-le64.cache-4
7fa3e68c0000-7fa3e68c5000 r-xp 00000000 08:03 3937136                    /usr/lib/jvm/jre1.8.0_51/lib/amd64/libjavafx_font_freetype.so
7fa3e68c5000-7fa3e6ac4000 ---p 00005000 08:03 3937136                    /usr/lib/jvm/jre1.8.0_51/lib/amd64/libjavafx_font_freetype.so
7fa3e6ac4000-7fa3e6ac5000 r--p 00004000 08:03 3937136                    /usr/lib/jvm/jre1.8.0_51/lib/amd64/libjavafx_font_freetype.so
7fa3e6ac5000-7fa3e6ac6000 rw-p 00005000 08:03 3937136                    /usr/lib/jvm/jre1.8.0_51/lib/amd64/libjavafx_font_freetype.so
7fa3e6ac6000-7fa3e6ac9000 r-xp 00000000 08:03 3937140                    /usr/lib/jvm/jre1.8.0_51/lib/amd64/libjavafx_font.so
7fa3e6ac9000-7fa3e6cc8000 ---p 00003000 08:03 3937140                    /usr/lib/jvm/jre1.8.0_51/lib/amd64/libjavafx_font.so
7fa3e6cc8000-7fa3e6cc9000 r--p 00002000 08:03 3937140                    /usr/lib/jvm/jre1.8.0_51/lib/amd64/libjavafx_font.so
7fa3e6cc9000-7fa3e6cca000 rw-p 00003000 08:03 3937140                    /usr/lib/jvm/jre1.8.0_51/lib/amd64/libjavafx_font.so
7fa3e6cca000-7fa3e6eca000 rw-p 00000000 00:00 0 
7fa3e6eca000-7fa3e6ecd000 ---p 00000000 00:00 0 
7fa3e6ecd000-7fa3e6fcb000 rw-p 00000000 00:00 0                          [stack:12878]
7fa3e6fcb000-7fa3e6fce000 ---p 00000000 00:00 0 
7fa3e6fce000-7fa3e70cc000 rw-p 00000000 00:00 0                          [stack:12877]
7fa3e70cc000-7fa3e70cf000 ---p 00000000 00:00 0 
7fa3e70cf000-7fa3e71cd000 rw-p 00000000 00:00 0                          [stack:12876]
7fa3e71cd000-7fa3e71ce000 ---p 00000000 00:00 0 
7fa3e71ce000-7fa3e79ce000 rw-p 00000000 00:00 0                          [stack:12875]
7fa3e79ce000-7fa3e79cf000 ---p 00000000 00:00 0 
7fa3e79cf000-7fa3e81cf000 rw-p 00000000 00:00 0                          [stack:12874]
7fa3e81cf000-7fa3e81da000 r-xp 00000000 08:03 10093528                   /usr/lib/x86_64-linux-gnu/gio/modules/libdconfsettings.so
7fa3e81da000-7fa3e83da000 ---p 0000b000 08:03 10093528                   /usr/lib/x86_64-linux-gnu/gio/modules/libdconfsettings.so
7fa3e83da000-7fa3e83db000 r--p 0000b000 08:03 10093528                   /usr/lib/x86_64-linux-gnu/gio/modules/libdconfsettings.so
7fa3e83db000-7fa3e83dc000 rw-p 0000c000 08:03 10093528                   /usr/lib/x86_64-linux-gnu/gio/modules/libdconfsettings.so
7fa3e83dc000-7fa3e83e3000 r-xp 00000000 08:03 9708107                    /usr/lib/x86_64-linux-gnu/libogg.so.0.8.1
7fa3e83e3000-7fa3e85e3000 ---p 00007000 08:03 9708107                    /usr/lib/x86_64-linux-gnu/libogg.so.0.8.1
7fa3e85e3000-7fa3e85e4000 r--p 00007000 08:03 9708107                    /usr/lib/x86_64-linux-gnu/libogg.so.0.8.1
7fa3e85e4000-7fa3e85e5000 rw-p 00008000 08:03 9708107                    /usr/lib/x86_64-linux-gnu/libogg.so.0.8.1
7fa3e85e5000-7fa3e8611000 r-xp 00000000 08:03 9708383                    /usr/lib/x86_64-linux-gnu/libvorbis.so.0.4.5
7fa3e8611000-7fa3e8810000 ---p 0002c000 08:03 9708383                    /usr/lib/x86_64-linux-gnu/libvorbis.so.0.4.5
7fa3e8810000-7fa3e8811000 r--p 0002b000 08:03 9708383                    /usr/lib/x86_64-linux-gnu/libvorbis.so.0.4.5
7fa3e8811000-7fa3e8812000 rw-p 0002c000 08:03 9708383                    /usr/lib/x86_64-linux-gnu/libvorbis.so.0.4.5
7fa3e8812000-7fa3e881b000 r-xp 00000000 08:03 9708013                    /usr/lib/x86_64-linux-gnu/libltdl.so.7.3.0
7fa3e881b000-7fa3e8a1a000 ---p 00009000 08:03 9708013                    /usr/lib/x86_64-linux-gnu/libltdl.so.7.3.0
7fa3e8a1a000-7fa3e8a1b000 r--p 00008000 08:03 9708013                    /usr/lib/x86_64-linux-gnu/libltdl.so.7.3.0
7fa3e8a1b000-7fa3e8a1c000 rw-p 00009000 08:03 9708013                    /usr/lib/x86_64-linux-gnu/libltdl.so.7.3.0
7fa3e8a1c000-7fa3e8a2d000 r-xp 00000000 08:03 9708302                    /usr/lib/x86_64-linux-gnu/libtdb.so.1.2.12
7fa3e8a2d000-7fa3e8c2c000 ---p 00011000 08:03 9708302                    /usr/lib/x86_64-linux-gnu/libtdb.so.1.2.12
7fa3e8c2c000-7fa3e8c2d000 r--p 00010000 08:03 9708302                    /usr/lib/x86_64-linux-gnu/libtdb.so.1.2.12
7fa3e8c2d000-7fa3e8c2e000 rw-p 00011000 08:03 9708302                    /usr/lib/x86_64-linux-gnu/libtdb.so.1.2.12
7fa3e8c2e000-7fa3e8c35000 r-xp 00000000 08:03 9708387                    /usr/lib/x86_64-linux-gnu/libvorbisfile.so.3.3.4
7fa3e8c35000-7fa3e8e34000 ---p 00007000 08:03 9708387                    /usr/lib/x86_64-linux-gnu/libvorbisfile.so.3.3.4
7fa3e8e34000-7fa3e8e35000 r--p 00006000 08:03 9708387                    /usr/lib/x86_64-linux-gnu/libvorbisfile.so.3.3.4
7fa3e8e35000-7fa3e8e36000 rw-p 00007000 08:03 9708387                    /usr/lib/x86_64-linux-gnu/libvorbisfile.so.3.3.4
7fa3e8e36000-7fa3e8e45000 r-xp 00000000 08:03 9707527                    /usr/lib/x86_64-linux-gnu/libcanberra.so.0.2.5
7fa3e8e45000-7fa3e9044000 ---p 0000f000 08:03 9707527                    /usr/lib/x86_64-linux-gnu/libcanberra.so.0.2.5
7fa3e9044000-7fa3e9045000 r--p 0000e000 08:03 9707527                    /usr/lib/x86_64-linux-gnu/libcanberra.so.0.2.5
7fa3e9045000-7fa3e9046000 rw-p 0000f000 08:03 9707527                    /usr/lib/x86_64-linux-gnu/libcanberra.so.0.2.5
7fa3e9046000-7fa3e904a000 r-xp 00000000 08:03 9707523                    /usr/lib/x86_64-linux-gnu/libcanberra-gtk.so.0.1.9
7fa3e904a000-7fa3e9249000 ---p 00004000 08:03 9707523                    /usr/lib/x86_64-linux-gnu/libcanberra-gtk.so.0.1.9
7fa3e9249000-7fa3e924a000 r--p 00003000 08:03 9707523                    /usr/lib/x86_64-linux-gnu/libcanberra-gtk.so.0.1.9
7fa3e924a000-7fa3e924b000 rw-p 00004000 08:03 9707523                    /usr/lib/x86_64-linux-gnu/libcanberra-gtk.so.0.1.9
7fa3e924b000-7fa3e9250000 r-xp 00000000 08:03 10093783                   /usr/lib/x86_64-linux-gnu/gtk-2.0/modules/libcanberra-gtk-module.so
7fa3e9250000-7fa3e944f000 ---p 00005000 08:03 10093783                   /usr/lib/x86_64-linux-gnu/gtk-2.0/modules/libcanberra-gtk-module.so
7fa3e944f000-7fa3e9450000 r--p 00004000 08:03 10093783                   /usr/lib/x86_64-linux-gnu/gtk-2.0/modules/libcanberra-gtk-module.so
7fa3e9450000-7fa3e9451000 rw-p 00005000 08:03 10093783                   /usr/lib/x86_64-linux-gnu/gtk-2.0/modules/libcanberra-gtk-module.so
7fa3e9451000-7fa3e9480000 r-xp 00000000 08:03 10093765                   /usr/lib/x86_64-linux-gnu/gtk-2.0/2.10.0/engines/libmurrine.so
7fa3e9480000-7fa3e9680000 ---p 0002f000 08:03 10093765                   /usr/lib/x86_64-linux-gnu/gtk-2.0/2.10.0/engines/libmurrine.so
7fa3e9680000-7fa3e9681000 r--p 0002f000 08:03 10093765                   /usr/lib/x86_64-linux-gnu/gtk-2.0/2.10.0/engines/libmurrine.so
7fa3e9681000-7fa3e9682000 rw-p 00030000 08:03 10093765                   /usr/lib/x86_64-linux-gnu/gtk-2.0/2.10.0/engines/libmurrine.so
7fa3e9682000-7fa3e9692000 r-xp 00000000 08:03 9708351                    /usr/lib/x86_64-linux-gnu/libunity-gtk2-parser.so.0.0.0
7fa3e9692000-7fa3e9891000 ---p 00010000 08:03 9708351                    /usr/lib/x86_64-linux-gnu/libunity-gtk2-parser.so.0.0.0
7fa3e9891000-7fa3e9892000 r--p 0000f000 08:03 9708351                    /usr/lib/x86_64-linux-gnu/libunity-gtk2-parser.so.0.0.0
7fa3e9892000-7fa3e9893000 rw-p 00010000 08:03 9708351                    /usr/lib/x86_64-linux-gnu/libunity-gtk2-parser.so.0.0.0
7fa3e9893000-7fa3e9898000 r-xp 00000000 08:03 10093787                   /usr/lib/x86_64-linux-gnu/gtk-2.0/modules/libunity-gtk-module.so
7fa3e9898000-7fa3e9a97000 ---p 00005000 08:03 10093787                   /usr/lib/x86_64-linux-gnu/gtk-2.0/modules/libunity-gtk-module.so
7fa3e9a97000-7fa3e9a98000 r--p 00004000 08:03 10093787                   /usr/lib/x86_64-linux-gnu/gtk-2.0/modules/libunity-gtk-module.so
7fa3e9a98000-7fa3e9a99000 rw-p 00005000 08:03 10093787                   /usr/lib/x86_64-linux-gnu/gtk-2.0/modules/libunity-gtk-module.so
7fa3e9a99000-7fa3e9aaa000 r-xp 00000000 08:03 10093786                   /usr/lib/x86_64-linux-gnu/gtk-2.0/modules/liboverlay-scrollbar.so
7fa3e9aaa000-7fa3e9ca9000 ---p 00011000 08:03 10093786                   /usr/lib/x86_64-linux-gnu/gtk-2.0/modules/liboverlay-scrollbar.so
7fa3e9ca9000-7fa3e9caa000 r--p 00010000 08:03 10093786                   /usr/lib/x86_64-linux-gnu/gtk-2.0/modules/liboverlay-scrollbar.so
7fa3e9caa000-7fa3e9cab000 rw-p 00011000 08:03 10093786                   /usr/lib/x86_64-linux-gnu/gtk-2.0/modules/liboverlay-scrollbar.so
7fa3e9cab000-7fa3e9cd6000 r-xp 00000000 08:03 3937145                    /usr/lib/jvm/jre1.8.0_51/lib/amd64/libglass.so
7fa3e9cd6000-7fa3e9ed5000 ---p 0002b000 08:03 3937145                    /usr/lib/jvm/jre1.8.0_51/lib/amd64/libglass.so
7fa3e9ed5000-7fa3e9ed7000 r--p 0002a000 08:03 3937145                    /usr/lib/jvm/jre1.8.0_51/lib/amd64/libglass.so
7fa3e9ed7000-7fa3e9ed8000 rw-p 0002c000 08:03 3937145                    /usr/lib/jvm/jre1.8.0_51/lib/amd64/libglass.so
7fa3e9ed8000-7fa3e9ed9000 rw-p 00000000 00:00 0 
7fa3e9ed9000-7fa3e9f10000 r-xp 00000000 08:03 9708334                    /usr/lib/x86_64-linux-gnu/libtxc_dxtn_s2tc.so.0.0.0
7fa3e9f10000-7fa3ea10f000 ---p 00037000 08:03 9708334                    /usr/lib/x86_64-linux-gnu/libtxc_dxtn_s2tc.so.0.0.0
7fa3ea10f000-7fa3ea110000 r--p 00036000 08:03 9708334                    /usr/lib/x86_64-linux-gnu/libtxc_dxtn_s2tc.so.0.0.0
7fa3ea110000-7fa3ea111000 rw-p 00037000 08:03 9708334                    /usr/lib/x86_64-linux-gnu/libtxc_dxtn_s2tc.so.0.0.0
7fa3ea111000-7fa3ea119000 r-xp 00000000 08:03 9708139                    /usr/lib/x86_64-linux-gnu/libpciaccess.so.0.11.1
7fa3ea119000-7fa3ea318000 ---p 00008000 08:03 9708139                    /usr/lib/x86_64-linux-gnu/libpciaccess.so.0.11.1
7fa3ea318000-7fa3ea319000 r--p 00007000 08:03 9708139                    /usr/lib/x86_64-linux-gnu/libpciaccess.so.0.11.1
7fa3ea319000-7fa3ea31a000 rw-p 00008000 08:03 9708139                    /usr/lib/x86_64-linux-gnu/libpciaccess.so.0.11.1
7fa3ea31a000-7fa3ea326000 r-xp 00000000 08:03 9710672                    /usr/lib/x86_64-linux-gnu/libdrm_radeon.so.1.0.1
7fa3ea326000-7fa3ea525000 ---p 0000c000 08:03 9710672                    /usr/lib/x86_64-linux-gnu/libdrm_radeon.so.1.0.1
7fa3ea525000-7fa3ea526000 r--p 0000b000 08:03 9710672                    /usr/lib/x86_64-linux-gnu/libdrm_radeon.so.1.0.1
7fa3ea526000-7fa3ea527000 rw-p 0000c000 08:03 9710672                    /usr/lib/x86_64-linux-gnu/libdrm_radeon.so.1.0.1
7fa3ea527000-7fa3ea52d000 r-xp 00000000 08:03 9710669                    /usr/lib/x86_64-linux-gnu/libdrm_nouveau.so.2.0.0
7fa3ea52d000-7fa3ea72c000 ---p 00006000 08:03 9710669                    /usr/lib/x86_64-linux-gnu/libdrm_nouveau.so.2.0.0
7fa3ea72c000-7fa3ea72d000 r--p 00005000 08:03 9710669                    /usr/lib/x86_64-linux-gnu/libdrm_nouveau.so.2.0.0
7fa3ea72d000-7fa3ea72e000 rw-p 00006000 08:03 9710669                    /usr/lib/x86_64-linux-gnu/libdrm_nouveau.so.2.0.0
7fa3ea72e000-7fa3ea74e000 r-xp 00000000 08:03 9710664                    /usr/lib/x86_64-linux-gnu/libdrm_intel.so.1.0.0
7fa3ea74e000-7fa3ea94d000 ---p 00020000 08:03 9710664                    /usr/lib/x86_64-linux-gnu/libdrm_intel.so.1.0.0
7fa3ea94d000-7fa3ea94e000 r--p 0001f000 08:03 9710664                    /usr/lib/x86_64-linux-gnu/libdrm_intel.so.1.0.0
7fa3ea94e000-7fa3ea94f000 rw-p 00020000 08:03 9710664                    /usr/lib/x86_64-linux-gnu/libdrm_intel.so.1.0.0
7fa3ea94f000-7fa3eae57000 r-xp 00000000 08:03 10092866                   /usr/lib/x86_64-linux-gnu/dri/i965_dri.so
7fa3eae57000-7fa3eb056000 ---p 00508000 08:03 10092866                   /usr/lib/x86_64-linux-gnu/dri/i965_dri.so
7fa3eb056000-7fa3eb070000 r--p 00507000 08:03 10092866                   /usr/lib/x86_64-linux-gnu/dri/i965_dri.so
7fa3eb070000-7fa3eb076000 rw-p 00521000 08:03 10092866                   /usr/lib/x86_64-linux-gnu/dri/i965_dri.so
7fa3eb076000-7fa3eb081000 rw-p 00000000 00:00 0 
7fa3eb081000-7fa3eb0c5000 r-xp 00000000 08:03 11276251                   /lib/x86_64-linux-gnu/libdbus-1.so.3.7.6
7fa3eb0c5000-7fa3eb2c4000 ---p 00044000 08:03 11276251                   /lib/x86_64-linux-gnu/libdbus-1.so.3.7.6
7fa3eb2c4000-7fa3eb2c5000 r--p 00043000 08:03 11276251                   /lib/x86_64-linux-gnu/libdbus-1.so.3.7.6
7fa3eb2c5000-7fa3eb2c6000 rw-p 00044000 08:03 11276251                   /lib/x86_64-linux-gnu/libdbus-1.so.3.7.6
7fa3eb2c6000-7fa3eb2ce000 r-xp 00000000 08:03 11276299                   /lib/x86_64-linux-gnu/libnih-dbus.so.1.0.0
7fa3eb2ce000-7fa3eb4ce000 ---p 00008000 08:03 11276299                   /lib/x86_64-linux-gnu/libnih-dbus.so.1.0.0
7fa3eb4ce000-7fa3eb4cf000 r--p 00008000 08:03 11276299                   /lib/x86_64-linux-gnu/libnih-dbus.so.1.0.0
7fa3eb4cf000-7fa3eb4d0000 rw-p 00009000 08:03 11276299                   /lib/x86_64-linux-gnu/libnih-dbus.so.1.0.0
7fa3eb4d0000-7fa3eb4e7000 r-xp 00000000 08:03 11276301                   /lib/x86_64-linux-gnu/libnih.so.1.0.0
7fa3eb4e7000-7fa3eb6e6000 ---p 00017000 08:03 11276301                   /lib/x86_64-linux-gnu/libnih.so.1.0.0
7fa3eb6e6000-7fa3eb6e7000 r--p 00016000 08:03 11276301                   /lib/x86_64-linux-gnu/libnih.so.1.0.0
7fa3eb6e7000-7fa3eb6e8000 rw-p 00017000 08:03 11276301                   /lib/x86_64-linux-gnu/libnih.so.1.0.0
7fa3eb6e8000-7fa3eb701000 r-xp 00000000 08:03 11276242                   /lib/x86_64-linux-gnu/libcgmanager.so.0.0.0
7fa3eb701000-7fa3eb900000 ---p 00019000 08:03 11276242                   /lib/x86_64-linux-gnu/libcgmanager.so.0.0.0
7fa3eb900000-7fa3eb902000 r--p 00018000 08:03 11276242                   /lib/x86_64-linux-gnu/libcgmanager.so.0.0.0
7fa3eb902000-7fa3eb903000 rw-p 0001a000 08:03 11276242                   /lib/x86_64-linux-gnu/libcgmanager.so.0.0.0
7fa3eb903000-7fa3eb913000 r-xp 00000000 08:03 11276384                   /lib/x86_64-linux-gnu/libudev.so.1.3.5
7fa3eb913000-7fa3ebb12000 ---p 00010000 08:03 11276384                   /lib/x86_64-linux-gnu/libudev.so.1.3.5
7fa3ebb12000-7fa3ebb13000 r--p 0000f000 08:03 11276384                   /lib/x86_64-linux-gnu/libudev.so.1.3.5
7fa3ebb13000-7fa3ebb14000 rw-p 00010000 08:03 11276384                   /lib/x86_64-linux-gnu/libudev.so.1.3.5
7fa3ebb14000-7fa3ebb1a000 r-xp 00000000 08:03 9707591                    /usr/lib/x86_64-linux-gnu/libdatrie.so.1.3.1
7fa3ebb1a000-7fa3ebd19000 ---p 00006000 08:03 9707591                    /usr/lib/x86_64-linux-gnu/libdatrie.so.1.3.1
7fa3ebd19000-7fa3ebd1a000 r--p 00005000 08:03 9707591                    /usr/lib/x86_64-linux-gnu/libdatrie.so.1.3.1
7fa3ebd1a000-7fa3ebd1b000 rw-p 00006000 08:03 9707591                    /usr/lib/x86_64-linux-gnu/libdatrie.so.1.3.1
7fa3ebd1b000-7fa3ebd20000 r-xp 00000000 08:03 9707399                    /usr/lib/x86_64-linux-gnu/libXdmcp.so.6.0.0
7fa3ebd20000-7fa3ebf1f000 ---p 00005000 08:03 9707399                    /usr/lib/x86_64-linux-gnu/libXdmcp.so.6.0.0
7fa3ebf1f000-7fa3ebf20000 r--p 00004000 08:03 9707399                    /usr/lib/x86_64-linux-gnu/libXdmcp.so.6.0.0
7fa3ebf20000-7fa3ebf21000 rw-p 00005000 08:03 9707399                    /usr/lib/x86_64-linux-gnu/libXdmcp.so.6.0.0
7fa3ebf21000-7fa3ebf23000 r-xp 00000000 08:03 9707388                    /usr/lib/x86_64-linux-gnu/libXau.so.6.0.0
7fa3ebf23000-7fa3ec123000 ---p 00002000 08:03 9707388                    /usr/lib/x86_64-linux-gnu/libXau.so.6.0.0
7fa3ec123000-7fa3ec124000 r--p 00002000 08:03 9707388                    /usr/lib/x86_64-linux-gnu/libXau.so.6.0.0
7fa3ec124000-7fa3ec125000 rw-p 00003000 08:03 9707388                    /usr/lib/x86_64-linux-gnu/libXau.so.6.0.0
7fa3ec125000-7fa3ec13f000 r-xp 00000000 08:03 9707817                    /usr/lib/x86_64-linux-gnu/libgraphite2.so.3.0.1
7fa3ec13f000-7fa3ec33e000 ---p 0001a000 08:03 9707817                    /usr/lib/x86_64-linux-gnu/libgraphite2.so.3.0.1
7fa3ec33e000-7fa3ec340000 r--p 00019000 08:03 9707817                    /usr/lib/x86_64-linux-gnu/libgraphite2.so.3.0.1
7fa3ec340000-7fa3ec341000 rw-p 0001b000 08:03 9707817                    /usr/lib/x86_64-linux-gnu/libgraphite2.so.3.0.1
7fa3ec341000-7fa3ec34c000 r-xp 00000000 08:03 9703857                    /usr/lib/x86_64-linux-gnu/libdrm.so.2.4.0
7fa3ec34c000-7fa3ec54b000 ---p 0000b000 08:03 9703857                    /usr/lib/x86_64-linux-gnu/libdrm.so.2.4.0
7fa3ec54b000-7fa3ec54c000 r--p 0000a000 08:03 9703857                    /usr/lib/x86_64-linux-gnu/libdrm.so.2.4.0
7fa3ec54c000-7fa3ec54d000 rw-p 0000b000 08:03 9703857                    /usr/lib/x86_64-linux-gnu/libdrm.so.2.4.0
7fa3ec54d000-7fa3ec54e000 r-xp 00000000 08:03 9708466                    /usr/lib/x86_64-linux-gnu/libxshmfence.so.1.0.0
7fa3ec54e000-7fa3ec74d000 ---p 00001000 08:03 9708466                    /usr/lib/x86_64-linux-gnu/libxshmfence.so.1.0.0
7fa3ec74d000-7fa3ec74e000 r--p 00000000 08:03 9708466                    /usr/lib/x86_64-linux-gnu/libxshmfence.so.1.0.0
7fa3ec74e000-7fa3ec74f000 rw-p 00001000 08:03 9708466                    /usr/lib/x86_64-linux-gnu/libxshmfence.so.1.0.0
7fa3ec74f000-7fa3ec754000 r-xp 00000000 08:03 9708448                    /usr/lib/x86_64-linux-gnu/libxcb-sync.so.1.0.0
7fa3ec754000-7fa3ec953000 ---p 00005000 08:03 9708448                    /usr/lib/x86_64-linux-gnu/libxcb-sync.so.1.0.0
7fa3ec953000-7fa3ec954000 r--p 00004000 08:03 9708448                    /usr/lib/x86_64-linux-gnu/libxcb-sync.so.1.0.0
7fa3ec954000-7fa3ec955000 rw-p 00005000 08:03 9708448                    /usr/lib/x86_64-linux-gnu/libxcb-sync.so.1.0.0
7fa3ec955000-7fa3ec957000 r-xp 00000000 08:03 9708436                    /usr/lib/x86_64-linux-gnu/libxcb-present.so.0.0.0
7fa3ec957000-7fa3ecb56000 ---p 00002000 08:03 9708436                    /usr/lib/x86_64-linux-gnu/libxcb-present.so.0.0.0
7fa3ecb56000-7fa3ecb57000 r--p 00001000 08:03 9708436                    /usr/lib/x86_64-linux-gnu/libxcb-present.so.0.0.0
7fa3ecb57000-7fa3ecb58000 rw-p 00002000 08:03 9708436                    /usr/lib/x86_64-linux-gnu/libxcb-present.so.0.0.0
7fa3ecb58000-7fa3ecb5a000 r-xp 00000000 08:03 9708426                    /usr/lib/x86_64-linux-gnu/libxcb-dri3.so.0.0.0
7fa3ecb5a000-7fa3ecd59000 ---p 00002000 08:03 9708426                    /usr/lib/x86_64-linux-gnu/libxcb-dri3.so.0.0.0
7fa3ecd59000-7fa3ecd5a000 r--p 00001000 08:03 9708426                    /usr/lib/x86_64-linux-gnu/libxcb-dri3.so.0.0.0
7fa3ecd5a000-7fa3ecd5b000 rw-p 00002000 08:03 9708426                    /usr/lib/x86_64-linux-gnu/libxcb-dri3.so.0.0.0
7fa3ecd5b000-7fa3ecd5e000 r-xp 00000000 08:03 9708424                    /usr/lib/x86_64-linux-gnu/libxcb-dri2.so.0.0.0
7fa3ecd5e000-7fa3ecf5e000 ---p 00003000 08:03 9708424                    /usr/lib/x86_64-linux-gnu/libxcb-dri2.so.0.0.0
7fa3ecf5e000-7fa3ecf5f000 r--p 00003000 08:03 9708424                    /usr/lib/x86_64-linux-gnu/libxcb-dri2.so.0.0.0
7fa3ecf5f000-7fa3ecf60000 rw-p 00004000 08:03 9708424                    /usr/lib/x86_64-linux-gnu/libxcb-dri2.so.0.0.0
7fa3ecf60000-7fa3ecf75000 r-xp 00000000 08:03 9708428                    /usr/lib/x86_64-linux-gnu/libxcb-glx.so.0.0.0
7fa3ecf75000-7fa3ed174000 ---p 00015000 08:03 9708428                    /usr/lib/x86_64-linux-gnu/libxcb-glx.so.0.0.0
7fa3ed174000-7fa3ed176000 r--p 00014000 08:03 9708428                    /usr/lib/x86_64-linux-gnu/libxcb-glx.so.0.0.0
7fa3ed176000-7fa3ed177000 rw-p 00016000 08:03 9708428                    /usr/lib/x86_64-linux-gnu/libxcb-glx.so.0.0.0
7fa3ed177000-7fa3ed178000 r-xp 00000000 08:03 9707382                    /usr/lib/x86_64-linux-gnu/libX11-xcb.so.1.0.0
7fa3ed178000-7fa3ed377000 ---p 00001000 08:03 9707382                    /usr/lib/x86_64-linux-gnu/libX11-xcb.so.1.0.0
7fa3ed377000-7fa3ed378000 r--p 00000000 08:03 9707382                    /usr/lib/x86_64-linux-gnu/libX11-xcb.so.1.0.0
7fa3ed378000-7fa3ed379000 rw-p 00001000 08:03 9707382                    /usr/lib/x86_64-linux-gnu/libX11-xcb.so.1.0.0
7fa3ed379000-7fa3ed39d000 r-xp 00000000 08:03 9707775                    /usr/lib/x86_64-linux-gnu/libglapi.so.0.0.0
7fa3ed39d000-7fa3ed59d000 ---p 00024000 08:03 9707775                    /usr/lib/x86_64-linux-gnu/libglapi.so.0.0.0
7fa3ed59d000-7fa3ed5a0000 r--p 00024000 08:03 9707775                    /usr/lib/x86_64-linux-gnu/libglapi.so.0.0.0
7fa3ed5a0000-7fa3ed5a1000 rw-p 00027000 08:03 9707775                    /usr/lib/x86_64-linux-gnu/libglapi.so.0.0.0
7fa3ed5a1000-7fa3ed5a2000 rw-p 00000000 00:00 0 
7fa3ed5a2000-7fa3ed5df000 r-xp 00000000 08:03 11276290                   /lib/x86_64-linux-gnu/libpcre.so.3.13.1
7fa3ed5df000-7fa3ed7de000 ---p 0003d000 08:03 11276290                   /lib/x86_64-linux-gnu/libpcre.so.3.13.1
7fa3ed7de000-7fa3ed7df000 r--p 0003c000 08:03 11276290                   /lib/x86_64-linux-gnu/libpcre.so.3.13.1
7fa3ed7df000-7fa3ed7e0000 rw-p 0003d000 08:03 11276290                   /lib/x86_64-linux-gnu/libpcre.so.3.13.1
7fa3ed7e0000-7fa3ed7e7000 r-xp 00000000 08:03 9707670                    /usr/lib/x86_64-linux-gnu/libffi.so.6.0.1
7fa3ed7e7000-7fa3ed9e6000 ---p 00007000 08:03 9707670                    /usr/lib/x86_64-linux-gnu/libffi.so.6.0.1
7fa3ed9e6000-7fa3ed9e7000 r--p 00006000 08:03 9707670                    /usr/lib/x86_64-linux-gnu/libffi.so.6.0.1
7fa3ed9e7000-7fa3ed9e8000 rw-p 00007000 08:03 9707670                    /usr/lib/x86_64-linux-gnu/libffi.so.6.0.1
7fa3ed9e8000-7fa3eda0f000 r-xp 00000000 08:03 11280221                   /lib/x86_64-linux-gnu/libexpat.so.1.6.0
7fa3eda0f000-7fa3edc0f000 ---p 00027000 08:03 11280221                   /lib/x86_64-linux-gnu/libexpat.so.1.6.0
7fa3edc0f000-7fa3edc11000 r--p 00027000 08:03 11280221                   /lib/x86_64-linux-gnu/libexpat.so.1.6.0
7fa3edc11000-7fa3edc12000 rw-p 00029000 08:03 11280221                   /lib/x86_64-linux-gnu/libexpat.so.1.6.0
7fa3edc12000-7fa3edc1a000 r-xp 00000000 08:03 9708314                    /usr/lib/x86_64-linux-gnu/libthai.so.0.2.0
7fa3edc1a000-7fa3ede19000 ---p 00008000 08:03 9708314                    /usr/lib/x86_64-linux-gnu/libthai.so.0.2.0
7fa3ede19000-7fa3ede1a000 r--p 00007000 08:03 9708314                    /usr/lib/x86_64-linux-gnu/libthai.so.0.2.0
7fa3ede1a000-7fa3ede1b000 rw-p 00008000 08:03 9708314                    /usr/lib/x86_64-linux-gnu/libthai.so.0.2.0
7fa3ede1b000-7fa3ede38000 r-xp 00000000 08:03 9708456                    /usr/lib/x86_64-linux-gnu/libxcb.so.1.1.0
7fa3ede38000-7fa3ee038000 ---p 0001d000 08:03 9708456                    /usr/lib/x86_64-linux-gnu/libxcb.so.1.1.0
7fa3ee038000-7fa3ee039000 r--p 0001d000 08:03 9708456                    /usr/lib/x86_64-linux-gnu/libxcb.so.1.1.0
7fa3ee039000-7fa3ee03a000 rw-p 0001e000 08:03 9708456                    /usr/lib/x86_64-linux-gnu/libxcb.so.1.1.0
7fa3ee03a000-7fa3ee042000 r-xp 00000000 08:03 9708442                    /usr/lib/x86_64-linux-gnu/libxcb-render.so.0.0.0
7fa3ee042000-7fa3ee241000 ---p 00008000 08:03 9708442                    /usr/lib/x86_64-linux-gnu/libxcb-render.so.0.0.0
7fa3ee241000-7fa3ee242000 r--p 00007000 08:03 9708442                    /usr/lib/x86_64-linux-gnu/libxcb-render.so.0.0.0
7fa3ee242000-7fa3ee243000 rw-p 00008000 08:03 9708442                    /usr/lib/x86_64-linux-gnu/libxcb-render.so.0.0.0
7fa3ee243000-7fa3ee245000 r-xp 00000000 08:03 9708446                    /usr/lib/x86_64-linux-gnu/libxcb-shm.so.0.0.0
7fa3ee245000-7fa3ee444000 ---p 00002000 08:03 9708446                    /usr/lib/x86_64-linux-gnu/libxcb-shm.so.0.0.0
7fa3ee444000-7fa3ee445000 r--p 00001000 08:03 9708446                    /usr/lib/x86_64-linux-gnu/libxcb-shm.so.0.0.0
7fa3ee445000-7fa3ee446000 rw-p 00002000 08:03 9708446                    /usr/lib/x86_64-linux-gnu/libxcb-shm.so.0.0.0
7fa3ee446000-7fa3ee46b000 r-xp 00000000 08:03 11276352                   /lib/x86_64-linux-gnu/libpng12.so.0.50.0
7fa3ee46b000-7fa3ee66a000 ---p 00025000 08:03 11276352                   /lib/x86_64-linux-gnu/libpng12.so.0.50.0
7fa3ee66a000-7fa3ee66b000 r--p 00024000 08:03 11276352                   /lib/x86_64-linux-gnu/libpng12.so.0.50.0
7fa3ee66b000-7fa3ee66c000 rw-p 00025000 08:03 11276352                   /lib/x86_64-linux-gnu/libpng12.so.0.50.0
7fa3ee66c000-7fa3ee70d000 r-xp 00000000 08:03 9708146                    /usr/lib/x86_64-linux-gnu/libpixman-1.so.0.30.2
7fa3ee70d000-7fa3ee90d000 ---p 000a1000 08:03 9708146                    /usr/lib/x86_64-linux-gnu/libpixman-1.so.0.30.2
7fa3ee90d000-7fa3ee914000 r--p 000a1000 08:03 9708146                    /usr/lib/x86_64-linux-gnu/libpixman-1.so.0.30.2
7fa3ee914000-7fa3ee915000 rw-p 000a8000 08:03 9708146                    /usr/lib/x86_64-linux-gnu/libpixman-1.so.0.30.2
7fa3ee915000-7fa3ee968000 r-xp 00000000 08:03 9707930                    /usr/lib/x86_64-linux-gnu/libharfbuzz.so.0.927.0
7fa3ee968000-7fa3eeb68000 ---p 00053000 08:03 9707930                    /usr/lib/x86_64-linux-gnu/libharfbuzz.so.0.927.0
7fa3eeb68000-7fa3eeb69000 r--p 00053000 08:03 9707930                    /usr/lib/x86_64-linux-gnu/libharfbuzz.so.0.927.0
7fa3eeb69000-7fa3eeb6a000 rw-p 00054000 08:03 9707930                    /usr/lib/x86_64-linux-gnu/libharfbuzz.so.0.927.0
7fa3eeb6a000-7fa3eeb81000 r-xp 00000000 08:03 11283434                   /lib/x86_64-linux-gnu/libresolv-2.19.so
7fa3eeb81000-7fa3eed81000 ---p 00017000 08:03 11283434                   /lib/x86_64-linux-gnu/libresolv-2.19.so
7fa3eed81000-7fa3eed82000 r--p 00017000 08:03 11283434                   /lib/x86_64-linux-gnu/libresolv-2.19.so
7fa3eed82000-7fa3eed83000 rw-p 00018000 08:03 11283434                   /lib/x86_64-linux-gnu/libresolv-2.19.so
7fa3eed83000-7fa3eed85000 rw-p 00000000 00:00 0 
7fa3eed85000-7fa3eeda5000 r-xp 00000000 08:03 11276367                   /lib/x86_64-linux-gnu/libselinux.so.1
7fa3eeda5000-7fa3eefa4000 ---p 00020000 08:03 11276367                   /lib/x86_64-linux-gnu/libselinux.so.1
7fa3eefa4000-7fa3eefa5000 r--p 0001f000 08:03 11276367                   /lib/x86_64-linux-gnu/libselinux.so.1
7fa3eefa5000-7fa3eefa6000 rw-p 00020000 08:03 11276367                   /lib/x86_64-linux-gnu/libselinux.so.1
7fa3eefa6000-7fa3eefa8000 rw-p 00000000 00:00 0 
7fa3eefa8000-7fa3eefc0000 r-xp 00000000 08:03 11276400                   /lib/x86_64-linux-gnu/libz.so.1.2.8
7fa3eefc0000-7fa3ef1bf000 ---p 00018000 08:03 11276400                   /lib/x86_64-linux-gnu/libz.so.1.2.8
7fa3ef1bf000-7fa3ef1c0000 r--p 00017000 08:03 11276400                   /lib/x86_64-linux-gnu/libz.so.1.2.8
7fa3ef1c0000-7fa3ef1c1000 rw-p 00018000 08:03 11276400                   /lib/x86_64-linux-gnu/libz.so.1.2.8
7fa3ef1c1000-7fa3ef1d2000 r-xp 00000000 08:03 9705975                    /usr/lib/x86_64-linux-gnu/libXext.so.6.4.0
7fa3ef1d2000-7fa3ef3d1000 ---p 00011000 08:03 9705975                    /usr/lib/x86_64-linux-gnu/libXext.so.6.4.0
7fa3ef3d1000-7fa3ef3d2000 r--p 00010000 08:03 9705975                    /usr/lib/x86_64-linux-gnu/libXext.so.6.4.0
7fa3ef3d2000-7fa3ef3d3000 rw-p 00011000 08:03 9705975                    /usr/lib/x86_64-linux-gnu/libXext.so.6.4.0
7fa3ef3d3000-7fa3ef3d5000 r-xp 00000000 08:03 9707397                    /usr/lib/x86_64-linux-gnu/libXdamage.so.1.1.0
7fa3ef3d5000-7fa3ef5d4000 ---p 00002000 08:03 9707397                    /usr/lib/x86_64-linux-gnu/libXdamage.so.1.1.0
7fa3ef5d4000-7fa3ef5d5000 r--p 00001000 08:03 9707397                    /usr/lib/x86_64-linux-gnu/libXdamage.so.1.1.0
7fa3ef5d5000-7fa3ef5d6000 rw-p 00002000 08:03 9707397                    /usr/lib/x86_64-linux-gnu/libXdamage.so.1.1.0
7fa3ef5d6000-7fa3ef5d8000 r-xp 00000000 08:03 9707393                    /usr/lib/x86_64-linux-gnu/libXcomposite.so.1.0.0
7fa3ef5d8000-7fa3ef7d7000 ---p 00002000 08:03 9707393                    /usr/lib/x86_64-linux-gnu/libXcomposite.so.1.0.0
7fa3ef7d7000-7fa3ef7d8000 r--p 00001000 08:03 9707393                    /usr/lib/x86_64-linux-gnu/libXcomposite.so.1.0.0
7fa3ef7d8000-7fa3ef7d9000 rw-p 00002000 08:03 9707393                    /usr/lib/x86_64-linux-gnu/libXcomposite.so.1.0.0
7fa3ef7d9000-7fa3ef7e2000 r-xp 00000000 08:03 9707395                    /usr/lib/x86_64-linux-gnu/libXcursor.so.1.0.2
7fa3ef7e2000-7fa3ef9e1000 ---p 00009000 08:03 9707395                    /usr/lib/x86_64-linux-gnu/libXcursor.so.1.0.2
7fa3ef9e1000-7fa3ef9e2000 r--p 00008000 08:03 9707395                    /usr/lib/x86_64-linux-gnu/libXcursor.so.1.0.2
7fa3ef9e2000-7fa3ef9e3000 rw-p 00009000 08:03 9707395                    /usr/lib/x86_64-linux-gnu/libXcursor.so.1.0.2
7fa3ef9e3000-7fa3ef9ec000 r-xp 00000000 08:03 9707421                    /usr/lib/x86_64-linux-gnu/libXrandr.so.2.2.0
7fa3ef9ec000-7fa3efbeb000 ---p 00009000 08:03 9707421                    /usr/lib/x86_64-linux-gnu/libXrandr.so.2.2.0
7fa3efbeb000-7fa3efbec000 r--p 00008000 08:03 9707421                    /usr/lib/x86_64-linux-gnu/libXrandr.so.2.2.0
7fa3efbec000-7fa3efbed000 rw-p 00009000 08:03 9707421                    /usr/lib/x86_64-linux-gnu/libXrandr.so.2.2.0
7fa3efbed000-7fa3efbfc000 r-xp 00000000 08:03 9706596                    /usr/lib/x86_64-linux-gnu/libXi.so.6.1.0
7fa3efbfc000-7fa3efdfb000 ---p 0000f000 08:03 9706596                    /usr/lib/x86_64-linux-gnu/libXi.so.6.1.0
7fa3efdfb000-7fa3efdfc000 r--p 0000e000 08:03 9706596                    /usr/lib/x86_64-linux-gnu/libXi.so.6.1.0
7fa3efdfc000-7fa3efdfd000 rw-p 0000f000 08:03 9706596                    /usr/lib/x86_64-linux-gnu/libXi.so.6.1.0
7fa3efdfd000-7fa3efdff000 r-xp 00000000 08:03 9707411                    /usr/lib/x86_64-linux-gnu/libXinerama.so.1.0.0
7fa3efdff000-7fa3efffe000 ---p 00002000 08:03 9707411                    /usr/lib/x86_64-linux-gnu/libXinerama.so.1.0.0
7fa3efffe000-7fa3effff000 r--p 00001000 08:03 9707411                    /usr/lib/x86_64-linux-gnu/libXinerama.so.1.0.0
7fa3effff000-7fa3f0000000 rw-p 00002000 08:03 9707411                    /usr/lib/x86_64-linux-gnu/libXinerama.so.1.0.0
7fa3f0000000-7fa3f0021000 rw-p 00000000 00:00 0 
7fa3f0021000-7fa3f4000000 ---p 00000000 00:00 0 
7fa3f4000000-7fa3f5e4e000 rw-p 00000000 00:00 0 
7fa3f5e4e000-7fa3f8000000 ---p 00000000 00:00 0 
7fa3f8000000-7fa3f8021000 rw-p 00000000 00:00 0 
7fa3f8021000-7fa3fc000000 ---p 00000000 00:00 0 
7fa3fc000000-7fa3fc428000 rw-p 00000000 00:00 0 
7fa3fc428000-7fa400000000 ---p 00000000 00:00 0 
7fa400000000-7fa400001000 r--s 00000000 08:03 527396                     /var/cache/fontconfig/4794a0821666d79190d59a36cb4f44b5-le64.cache-4
7fa400001000-7fa400002000 r--s 00000000 08:03 526150                     /var/cache/fontconfig/56cf4f4769d0f4abc89a4895d7bd3ae1-le64.cache-4
7fa400002000-7fa400003000 r--s 00000000 08:03 526162                     /var/cache/fontconfig/b9d506c9ac06c20b433354fa67a72993-le64.cache-4
7fa400003000-7fa40000c000 r--s 00000000 08:03 527548                     /var/cache/fontconfig/52f7bdb7ce746bfd7eaa1985bd9cfa93-le64.cache-4
7fa40000c000-7fa40001f000 r--s 00000000 08:03 526167                     /var/cache/fontconfig/d52a8644073d54c13679302ca1180695-le64.cache-4
7fa40001f000-7fa400028000 r--s 00000000 08:03 527397                     /var/cache/fontconfig/3f7329c5293ffd510edef78f73874cfd-le64.cache-4
7fa400028000-7fa400033000 r--s 00000000 08:03 529955                     /var/cache/fontconfig/d589a48862398ed80a3d6066f4f56f4c-le64.cache-4
7fa400033000-7fa400040000 r--s 00000000 08:03 526149                     /var/cache/fontconfig/e13b20fdb08344e0e664864cc2ede53d-le64.cache-4
7fa400040000-7fa400044000 r--s 00000000 08:03 526224                     /var/cache/fontconfig/7ef2298fde41cc6eeb7af42e48b7d293-le64.cache-4
7fa400044000-7fa40004b000 r--s 00049000 08:03 4593731                    /home/dexterastin/Java/JavaClass/lib/httpcore-4.4.3.jar
7fa40004b000-7fa400058000 r--s 000a6000 08:03 4593727                    /home/dexterastin/Java/JavaClass/lib/httpclient-4.5.1.jar
7fa400058000-7fa40009a000 r--p 00000000 08:03 10761820                   /usr/share/glib-2.0/schemas/gschemas.compiled
7fa40009a000-7fa4000a3000 r-xp 00000000 08:03 9706586                    /usr/lib/x86_64-linux-gnu/libXrender.so.1.3.0
7fa4000a3000-7fa4002a2000 ---p 00009000 08:03 9706586                    /usr/lib/x86_64-linux-gnu/libXrender.so.1.3.0
7fa4002a2000-7fa4002a3000 r--p 00008000 08:03 9706586                    /usr/lib/x86_64-linux-gnu/libXrender.so.1.3.0
7fa4002a3000-7fa4002a4000 rw-p 00009000 08:03 9706586                    /usr/lib/x86_64-linux-gnu/libXrender.so.1.3.0
7fa4002a4000-7fa4002a9000 r-xp 00000000 08:03 9710704                    /usr/lib/x86_64-linux-gnu/libXfixes.so.3.1.0
7fa4002a9000-7fa4004a8000 ---p 00005000 08:03 9710704                    /usr/lib/x86_64-linux-gnu/libXfixes.so.3.1.0
7fa4004a8000-7fa4004a9000 r--p 00004000 08:03 9710704                    /usr/lib/x86_64-linux-gnu/libXfixes.so.3.1.0
7fa4004a9000-7fa4004aa000 rw-p 00005000 08:03 9710704                    /usr/lib/x86_64-linux-gnu/libXfixes.so.3.1.0
7fa4004aa000-7fa4004c0000 r-xp 00000000 08:03 11276264                   /lib/x86_64-linux-gnu/libgcc_s.so.1
7fa4004c0000-7fa4006bf000 ---p 00016000 08:03 11276264                   /lib/x86_64-linux-gnu/libgcc_s.so.1
7fa4006bf000-7fa4006c0000 rw-p 00015000 08:03 11276264                   /lib/x86_64-linux-gnu/libgcc_s.so.1
7fa4006c0000-7fa4007a6000 r-xp 00000000 08:03 9703313                    /usr/lib/x86_64-linux-gnu/libstdc++.so.6.0.19
7fa4007a6000-7fa4009a5000 ---p 000e6000 08:03 9703313                    /usr/lib/x86_64-linux-gnu/libstdc++.so.6.0.19
7fa4009a5000-7fa4009ad000 r--p 000e5000 08:03 9703313                    /usr/lib/x86_64-linux-gnu/libstdc++.so.6.0.19
7fa4009ad000-7fa4009af000 rw-p 000ed000 08:03 9703313                    /usr/lib/x86_64-linux-gnu/libstdc++.so.6.0.19
7fa4009af000-7fa4009c4000 rw-p 00000000 00:00 0 
7fa4009c4000-7fa400a50000 r-xp 00000000 08:03 10093974                   /usr/lib/x86_64-linux-gnu/mesa/libGL.so.1.2.0
7fa400a50000-7fa400c4f000 ---p 0008c000 08:03 10093974                   /usr/lib/x86_64-linux-gnu/mesa/libGL.so.1.2.0
7fa400c4f000-7fa400c52000 r--p 0008b000 08:03 10093974                   /usr/lib/x86_64-linux-gnu/mesa/libGL.so.1.2.0
7fa400c52000-7fa400c53000 rw-p 0008e000 08:03 10093974                   /usr/lib/x86_64-linux-gnu/mesa/libGL.so.1.2.0
7fa400c53000-7fa400c54000 rw-p 00000000 00:00 0 
7fa400c54000-7fa400c58000 r-xp 00000000 08:03 9707439                    /usr/lib/x86_64-linux-gnu/libXxf86vm.so.1.0.0
7fa400c58000-7fa400e58000 ---p 00004000 08:03 9707439                    /usr/lib/x86_64-linux-gnu/libXxf86vm.so.1.0.0
7fa400e58000-7fa400e59000 r--p 00004000 08:03 9707439                    /usr/lib/x86_64-linux-gnu/libXxf86vm.so.1.0.0
7fa400e59000-7fa400e5a000 rw-p 00005000 08:03 9707439                    /usr/lib/x86_64-linux-gnu/libXxf86vm.so.1.0.0
7fa400e5a000-7fa400f8a000 r-xp 00000000 08:03 9707384                    /usr/lib/x86_64-linux-gnu/libX11.so.6.3.0
7fa400f8a000-7fa40118a000 ---p 00130000 08:03 9707384                    /usr/lib/x86_64-linux-gnu/libX11.so.6.3.0
7fa40118a000-7fa40118b000 r--p 00130000 08:03 9707384                    /usr/lib/x86_64-linux-gnu/libX11.so.6.3.0
7fa40118b000-7fa40118f000 rw-p 00131000 08:03 9707384                    /usr/lib/x86_64-linux-gnu/libX11.so.6.3.0
7fa40118f000-7fa401194000 r-xp 00000000 08:03 9707429                    /usr/lib/x86_64-linux-gnu/libXtst.so.6.1.0
7fa401194000-7fa401393000 ---p 00005000 08:03 9707429                    /usr/lib/x86_64-linux-gnu/libXtst.so.6.1.0
7fa401393000-7fa401394000 r--p 00004000 08:03 9707429                    /usr/lib/x86_64-linux-gnu/libXtst.so.6.1.0
7fa401394000-7fa401395000 rw-p 00005000 08:03 9707429                    /usr/lib/x86_64-linux-gnu/libXtst.so.6.1.0
7fa401395000-7fa40149b000 r-xp 00000000 08:03 11276268                   /lib/x86_64-linux-gnu/libglib-2.0.so.0.4002.0
7fa40149b000-7fa40169a000 ---p 00106000 08:03 11276268                   /lib/x86_64-linux-gnu/libglib-2.0.so.0.4002.0
7fa40169a000-7fa40169b000 r--p 00105000 08:03 11276268                   /lib/x86_64-linux-gnu/libglib-2.0.so.0.4002.0
7fa40169b000-7fa40169c000 rw-p 00106000 08:03 11276268                   /lib/x86_64-linux-gnu/libglib-2.0.so.0.4002.0
7fa40169c000-7fa40169d000 rw-p 00000000 00:00 0 
7fa40169d000-7fa40169e000 r-xp 00000000 08:03 9707906                    /usr/lib/x86_64-linux-gnu/libgthread-2.0.so.0.4002.0
7fa40169e000-7fa40189d000 ---p 00001000 08:03 9707906                    /usr/lib/x86_64-linux-gnu/libgthread-2.0.so.0.4002.0
7fa40189d000-7fa40189e000 r--p 00000000 08:03 9707906                    /usr/lib/x86_64-linux-gnu/libgthread-2.0.so.0.4002.0
7fa40189e000-7fa40189f000 rw-p 00001000 08:03 9707906                    /usr/lib/x86_64-linux-gnu/libgthread-2.0.so.0.4002.0
7fa40189f000-7fa4018a2000 r-xp 00000000 08:03 9707783                    /usr/lib/x86_64-linux-gnu/libgmodule-2.0.so.0.4002.0
7fa4018a2000-7fa401aa1000 ---p 00003000 08:03 9707783                    /usr/lib/x86_64-linux-gnu/libgmodule-2.0.so.0.4002.0
7fa401aa1000-7fa401aa2000 r--p 00002000 08:03 9707783                    /usr/lib/x86_64-linux-gnu/libgmodule-2.0.so.0.4002.0
7fa401aa2000-7fa401aa3000 rw-p 00003000 08:03 9707783                    /usr/lib/x86_64-linux-gnu/libgmodule-2.0.so.0.4002.0
7fa401aa3000-7fa401af2000 r-xp 00000000 08:03 9707799                    /usr/lib/x86_64-linux-gnu/libgobject-2.0.so.0.4002.0
7fa401af2000-7fa401cf2000 ---p 0004f000 08:03 9707799                    /usr/lib/x86_64-linux-gnu/libgobject-2.0.so.0.4002.0
7fa401cf2000-7fa401cf3000 r--p 0004f000 08:03 9707799                    /usr/lib/x86_64-linux-gnu/libgobject-2.0.so.0.4002.0
7fa401cf3000-7fa401cf4000 rw-p 00050000 08:03 9707799                    /usr/lib/x86_64-linux-gnu/libgobject-2.0.so.0.4002.0
7fa401cf4000-7fa401d2e000 r-xp 00000000 08:03 9707684                    /usr/lib/x86_64-linux-gnu/libfontconfig.so.1.8.0
7fa401d2e000-7fa401f2d000 ---p 0003a000 08:03 9707684                    /usr/lib/x86_64-linux-gnu/libfontconfig.so.1.8.0
7fa401f2d000-7fa401f2f000 r--p 00039000 08:03 9707684                    /usr/lib/x86_64-linux-gnu/libfontconfig.so.1.8.0
7fa401f2f000-7fa401f30000 rw-p 0003b000 08:03 9707684                    /usr/lib/x86_64-linux-gnu/libfontconfig.so.1.8.0
7fa401f30000-7fa401fcd000 r-xp 00000000 08:03 9718020                    /usr/lib/x86_64-linux-gnu/libfreetype.so.6.11.1
7fa401fcd000-7fa4021cc000 ---p 0009d000 08:03 9718020                    /usr/lib/x86_64-linux-gnu/libfreetype.so.6.11.1
7fa4021cc000-7fa4021d2000 r--p 0009c000 08:03 9718020                    /usr/lib/x86_64-linux-gnu/libfreetype.so.6.11.1
7fa4021d2000-7fa4021d3000 rw-p 000a2000 08:03 9718020                    /usr/lib/x86_64-linux-gnu/libfreetype.so.6.11.1
7fa4021d3000-7fa40221d000 r-xp 00000000 08:03 9708123                    /usr/lib/x86_64-linux-gnu/libpango-1.0.so.0.3600.3
7fa40221d000-7fa40241d000 ---p 0004a000 08:03 9708123                    /usr/lib/x86_64-linux-gnu/libpango-1.0.so.0.3600.3
7fa40241d000-7fa40241f000 r--p 0004a000 08:03 9708123                    /usr/lib/x86_64-linux-gnu/libpango-1.0.so.0.3600.3
7fa40241f000-7fa402420000 rw-p 0004c000 08:03 9708123                    /usr/lib/x86_64-linux-gnu/libpango-1.0.so.0.3600.3
7fa402420000-7fa402526000 r-xp 00000000 08:03 9707519                    /usr/lib/x86_64-linux-gnu/libcairo.so.2.11301.0
7fa402526000-7fa402725000 ---p 00106000 08:03 9707519                    /usr/lib/x86_64-linux-gnu/libcairo.so.2.11301.0
7fa402725000-7fa402728000 r--p 00105000 08:03 9707519                    /usr/lib/x86_64-linux-gnu/libcairo.so.2.11301.0
7fa402728000-7fa402729000 rw-p 00108000 08:03 9707519                    /usr/lib/x86_64-linux-gnu/libcairo.so.2.11301.0
7fa402729000-7fa40272b000 rw-p 00000000 00:00 0 
7fa40272b000-7fa402736000 r-xp 00000000 08:03 9708125                    /usr/lib/x86_64-linux-gnu/libpangocairo-1.0.so.0.3600.3
7fa402736000-7fa402936000 ---p 0000b000 08:03 9708125                    /usr/lib/x86_64-linux-gnu/libpangocairo-1.0.so.0.3600.3
7fa402936000-7fa402937000 r--p 0000b000 08:03 9708125                    /usr/lib/x86_64-linux-gnu/libpangocairo-1.0.so.0.3600.3
7fa402937000-7fa402938000 rw-p 0000c000 08:03 9708125                    /usr/lib/x86_64-linux-gnu/libpangocairo-1.0.so.0.3600.3
7fa402938000-7fa402957000 r-xp 00000000 08:03 9703410                    /usr/lib/x86_64-linux-gnu/libgdk_pixbuf-2.0.so.0.3000.7
7fa402957000-7fa402b57000 ---p 0001f000 08:03 9703410                    /usr/lib/x86_64-linux-gnu/libgdk_pixbuf-2.0.so.0.3000.7
7fa402b57000-7fa402b58000 r--p 0001f000 08:03 9703410                    /usr/lib/x86_64-linux-gnu/libgdk_pixbuf-2.0.so.0.3000.7
7fa402b58000-7fa402b59000 rw-p 00020000 08:03 9703410                    /usr/lib/x86_64-linux-gnu/libgdk_pixbuf-2.0.so.0.3000.7
7fa402b59000-7fa402b6d000 r-xp 00000000 08:03 9708127                    /usr/lib/x86_64-linux-gnu/libpangoft2-1.0.so.0.3600.3
7fa402b6d000-7fa402d6c000 ---p 00014000 08:03 9708127                    /usr/lib/x86_64-linux-gnu/libpangoft2-1.0.so.0.3600.3
7fa402d6c000-7fa402d6d000 r--p 00013000 08:03 9708127                    /usr/lib/x86_64-linux-gnu/libpangoft2-1.0.so.0.3600.3
7fa402d6d000-7fa402d6e000 rw-p 00014000 08:03 9708127                    /usr/lib/x86_64-linux-gnu/libpangoft2-1.0.so.0.3600.3
7fa402d6e000-7fa402eda000 r-xp 00000000 08:03 9707771                    /usr/lib/x86_64-linux-gnu/libgio-2.0.so.0.4002.0
7fa402eda000-7fa4030d9000 ---p 0016c000 08:03 9707771                    /usr/lib/x86_64-linux-gnu/libgio-2.0.so.0.4002.0
7fa4030d9000-7fa4030dd000 r--p 0016b000 08:03 9707771                    /usr/lib/x86_64-linux-gnu/libgio-2.0.so.0.4002.0
7fa4030dd000-7fa4030df000 rw-p 0016f000 08:03 9707771                    /usr/lib/x86_64-linux-gnu/libgio-2.0.so.0.4002.0
7fa4030df000-7fa4030e1000 rw-p 00000000 00:00 0 
7fa4030e1000-7fa403100000 r-xp 00000000 08:03 9707480                    /usr/lib/x86_64-linux-gnu/libatk-1.0.so.0.21009.1
7fa403100000-7fa403300000 ---p 0001f000 08:03 9707480                    /usr/lib/x86_64-linux-gnu/libatk-1.0.so.0.21009.1
7fa403300000-7fa403302000 r--p 0001f000 08:03 9707480                    /usr/lib/x86_64-linux-gnu/libatk-1.0.so.0.21009.1
7fa403302000-7fa403303000 rw-p 00021000 08:03 9707480                    /usr/lib/x86_64-linux-gnu/libatk-1.0.so.0.21009.1
7fa403303000-7fa4033b0000 r-xp 00000000 08:03 9706813                    /usr/lib/x86_64-linux-gnu/libgdk-x11-2.0.so.0.2400.23
7fa4033b0000-7fa4035af000 ---p 000ad000 08:03 9706813                    /usr/lib/x86_64-linux-gnu/libgdk-x11-2.0.so.0.2400.23
7fa4035af000-7fa4035b3000 r--p 000ac000 08:03 9706813                    /usr/lib/x86_64-linux-gnu/libgdk-x11-2.0.so.0.2400.23
7fa4035b3000-7fa4035b5000 rw-p 000b0000 08:03 9706813                    /usr/lib/x86_64-linux-gnu/libgdk-x11-2.0.so.0.2400.23
7fa4035b5000-7fa4039e4000 r-xp 00000000 08:03 9706819                    /usr/lib/x86_64-linux-gnu/libgtk-x11-2.0.so.0.2400.23
7fa4039e4000-7fa403be3000 ---p 0042f000 08:03 9706819                    /usr/lib/x86_64-linux-gnu/libgtk-x11-2.0.so.0.2400.23
7fa403be3000-7fa403bea000 r--p 0042e000 08:03 9706819                    /usr/lib/x86_64-linux-gnu/libgtk-x11-2.0.so.0.2400.23
7fa403bea000-7fa403bee000 rw-p 00435000 08:03 9706819                    /usr/lib/x86_64-linux-gnu/libgtk-x11-2.0.so.0.2400.23
7fa403bee000-7fa403bf1000 rw-p 00000000 00:00 0 
7fa403bf1000-7fa403bfd000 r-xp 00000000 08:03 3937186                    /usr/lib/jvm/jre1.8.0_51/lib/amd64/libprism_es2.so
7fa403bfd000-7fa403dfc000 ---p 0000c000 08:03 3937186                    /usr/lib/jvm/jre1.8.0_51/lib/amd64/libprism_es2.so
7fa403dfc000-7fa403dfd000 r--p 0000b000 08:03 3937186                    /usr/lib/jvm/jre1.8.0_51/lib/amd64/libprism_es2.so
7fa403dfd000-7fa403dfe000 rw-p 0000c000 08:03 3937186                    /usr/lib/jvm/jre1.8.0_51/lib/amd64/libprism_es2.so
7fa403dfe000-7fa403e01000 ---p 00000000 00:00 0 
7fa403e01000-7fa403eff000 rw-p 00000000 00:00 0                          [stack:12873]
7fa403eff000-7fa403f00000 ---p 00000000 00:00 0 
7fa403f00000-7fa404000000 rw-p 00000000 00:00 0                          [stack:12872]
7fa404000000-7fa40439f000 rw-p 00000000 00:00 0 
7fa40439f000-7fa408000000 ---p 00000000 00:00 0 
7fa408000000-7fa408366000 rw-p 00000000 00:00 0 
7fa408366000-7fa40c000000 ---p 00000000 00:00 0 
7fa40c000000-7fa40c021000 rw-p 00000000 00:00 0 
7fa40c021000-7fa410000000 ---p 00000000 00:00 0 
7fa410000000-7fa410021000 rw-p 00000000 00:00 0 
7fa410021000-7fa414000000 ---p 00000000 00:00 0 
7fa414000000-7fa414021000 rw-p 00000000 00:00 0 
7fa414021000-7fa418000000 ---p 00000000 00:00 0 
7fa418000000-7fa418021000 rw-p 00000000 00:00 0 
7fa418021000-7fa41c000000 ---p 00000000 00:00 0 
7fa41c000000-7fa41c021000 rw-p 00000000 00:00 0 
7fa41c021000-7fa420000000 ---p 00000000 00:00 0 
7fa420000000-7fa420021000 rw-p 00000000 00:00 0 
7fa420021000-7fa424000000 ---p 00000000 00:00 0 
7fa424000000-7fa424021000 rw-p 00000000 00:00 0 
7fa424021000-7fa428000000 ---p 00000000 00:00 0 
7fa428000000-7fa428001000 r--s 00000000 08:03 526139                     /var/cache/fontconfig/0c9eb80ebd1c36541ebe2852d3bb0c49-le64.cache-4
7fa428001000-7fa428003000 r--s 0000e000 08:03 4593428                    /home/dexterastin/Java/JavaClass/lib/commons-logging-1.2.jar
7fa428003000-7fa428004000 r--s 00005000 08:03 4593031                    /home/dexterastin/Java/JavaClass/lib/json-simple-1.1.1.jar
7fa428004000-7fa428006000 r--s 00003000 08:03 4593730                    /home/dexterastin/Java/JavaClass/lib/httpclient-win-4.5.1.jar
7fa428006000-7fa428009000 r--s 00024000 08:03 4593729                    /home/dexterastin/Java/JavaClass/lib/httpclient-cache-4.5.1.jar
7fa428009000-7fa428011000 rw-s 00000000 00:04 152326                     /drm mm object (deleted)
7fa428011000-7fa428019000 rw-s 00000000 00:04 152325                     /drm mm object (deleted)
7fa428019000-7fa428021000 rw-s 00000000 00:04 152321                     /drm mm object (deleted)
7fa428021000-7fa428027000 r--p 00000000 08:03 3943301                    /home/dexterastin/.config/dconf/user
7fa428027000-7fa428041000 r--p 00000000 08:03 10358167                   /usr/share/locale-langpack/ko/LC_MESSAGES/glib20.mo
7fa428041000-7fa428069000 r--p 00000000 08:03 10358202                   /usr/share/locale-langpack/ko/LC_MESSAGES/gtk20-properties.mo
7fa428069000-7fa4280fe000 r--s 010fb000 08:03 3937228                    /usr/lib/jvm/jre1.8.0_51/lib/ext/jfxrt.jar
7fa4280fe000-7fa428101000 ---p 00000000 00:00 0 
7fa428101000-7fa4281ff000 rw-p 00000000 00:00 0                          [stack:12871]
7fa4281ff000-7fa428202000 ---p 00000000 00:00 0 
7fa428202000-7fa428300000 rw-p 00000000 00:00 0                          [stack:12870]
7fa428300000-7fa428303000 ---p 00000000 00:00 0 
7fa428303000-7fa428401000 rw-p 00000000 00:00 0                          [stack:12869]
7fa428401000-7fa428404000 ---p 00000000 00:00 0 
7fa428404000-7fa428502000 rw-p 00000000 00:00 0                          [stack:12868]
7fa428502000-7fa428505000 ---p 00000000 00:00 0 
7fa428505000-7fa428603000 rw-p 00000000 00:00 0                          [stack:12867]
7fa428603000-7fa428e16000 r--p 00000000 08:03 9706382                    /usr/lib/locale/locale-archive
7fa428e16000-7fa428e19000 ---p 00000000 00:00 0 
7fa428e19000-7fa428f17000 rw-p 00000000 00:00 0                          [stack:12866]
7fa428f17000-7fa428f1a000 ---p 00000000 00:00 0 
7fa428f1a000-7fa429018000 rw-p 00000000 00:00 0                          [stack:12865]
7fa429018000-7fa429019000 ---p 00000000 00:00 0 
7fa429019000-7fa42a028000 rw-p 00000000 00:00 0                          [stack:12864]
7fa42a028000-7fa42a200000 r--s 03d0c000 08:03 3937214                    /usr/lib/jvm/jre1.8.0_51/lib/rt.jar
7fa42a200000-7fa42c000000 rw-p 00000000 00:00 0 
7fa42c000000-7fa42c021000 rw-p 00000000 00:00 0 
7fa42c021000-7fa430000000 ---p 00000000 00:00 0 
7fa430000000-7fa430001000 r--s 00009000 08:03 4593732                    /home/dexterastin/Java/JavaClass/lib/httpmime-4.5.1.jar
7fa430001000-7fa430002000 rw-s 00000000 00:04 152322                     /drm mm object (deleted)
7fa430002000-7fa430011000 r--p 00000000 08:03 10358204                   /usr/share/locale-langpack/ko/LC_MESSAGES/gtk20.mo
7fa430011000-7fa430037000 r--p 00000000 08:03 10358353                   /usr/share/locale-langpack/ko/LC_MESSAGES/libc.mo
7fa430037000-7fa430abc000 rw-p 00000000 00:00 0 
7fa430abc000-7fa430abd000 ---p 00000000 00:00 0 
7fa430abd000-7fa430bbd000 rw-p 00000000 00:00 0                          [stack:12863]
7fa430bbd000-7fa430bbe000 ---p 00000000 00:00 0 
7fa430bbe000-7fa430cbe000 rw-p 00000000 00:00 0                          [stack:12862]
7fa430cbe000-7fa430cbf000 ---p 00000000 00:00 0 
7fa430cbf000-7fa430dbf000 rw-p 00000000 00:00 0                          [stack:12861]
7fa430dbf000-7fa430dc0000 ---p 00000000 00:00 0 
7fa430dc0000-7fa430ed4000 rw-p 00000000 00:00 0                          [stack:12860]
7fa430ed4000-7fa431000000 ---p 00000000 00:00 0 
7fa431000000-7fa431670000 rwxp 00000000 00:00 0 
7fa431670000-7fa440000000 ---p 00000000 00:00 0 
7fa440000000-7fa440400000 rw-p 00000000 00:00 0 
7fa440400000-7fa444000000 ---p 00000000 00:00 0 
7fa444000000-7fa444008000 rw-s 00000000 00:04 152733                     /drm mm object (deleted)
7fa444008000-7fa444010000 rw-s 00000000 00:04 152729                     /drm mm object (deleted)
7fa444010000-7fa44409a000 rw-p 00000000 00:00 0 
7fa44409a000-7fa4441c6000 ---p 00000000 00:00 0 
7fa4441c6000-7fa4441d8000 rw-p 00000000 00:00 0 
7fa4441d8000-7fa444266000 ---p 00000000 00:00 0 
7fa444266000-7fa444281000 rw-p 00000000 00:00 0 
7fa444281000-7fa444627000 ---p 00000000 00:00 0 
7fa444627000-7fa444641000 r-xp 00000000 08:03 3937165                    /usr/lib/jvm/jre1.8.0_51/lib/amd64/libzip.so
7fa444641000-7fa444841000 ---p 0001a000 08:03 3937165                    /usr/lib/jvm/jre1.8.0_51/lib/amd64/libzip.so
7fa444841000-7fa444842000 rw-p 0001a000 08:03 3937165                    /usr/lib/jvm/jre1.8.0_51/lib/amd64/libzip.so
7fa444842000-7fa44484d000 r-xp 00000000 08:03 11283436                   /lib/x86_64-linux-gnu/libnss_files-2.19.so
7fa44484d000-7fa444a4c000 ---p 0000b000 08:03 11283436                   /lib/x86_64-linux-gnu/libnss_files-2.19.so
7fa444a4c000-7fa444a4d000 r--p 0000a000 08:03 11283436                   /lib/x86_64-linux-gnu/libnss_files-2.19.so
7fa444a4d000-7fa444a4e000 rw-p 0000b000 08:03 11283436                   /lib/x86_64-linux-gnu/libnss_files-2.19.so
7fa444a4e000-7fa444a59000 r-xp 00000000 08:03 11283456                   /lib/x86_64-linux-gnu/libnss_nis-2.19.so
7fa444a59000-7fa444c58000 ---p 0000b000 08:03 11283456                   /lib/x86_64-linux-gnu/libnss_nis-2.19.so
7fa444c58000-7fa444c59000 r--p 0000a000 08:03 11283456                   /lib/x86_64-linux-gnu/libnss_nis-2.19.so
7fa444c59000-7fa444c5a000 rw-p 0000b000 08:03 11283456                   /lib/x86_64-linux-gnu/libnss_nis-2.19.so
7fa444c5a000-7fa444c71000 r-xp 00000000 08:03 11283445                   /lib/x86_64-linux-gnu/libnsl-2.19.so
7fa444c71000-7fa444e70000 ---p 00017000 08:03 11283445                   /lib/x86_64-linux-gnu/libnsl-2.19.so
7fa444e70000-7fa444e71000 r--p 00016000 08:03 11283445                   /lib/x86_64-linux-gnu/libnsl-2.19.so
7fa444e71000-7fa444e72000 rw-p 00017000 08:03 11283445                   /lib/x86_64-linux-gnu/libnsl-2.19.so
7fa444e72000-7fa444e74000 rw-p 00000000 00:00 0 
7fa444e74000-7fa444e7d000 r-xp 00000000 08:03 11283444                   /lib/x86_64-linux-gnu/libnss_compat-2.19.so
7fa444e7d000-7fa44507c000 ---p 00009000 08:03 11283444                   /lib/x86_64-linux-gnu/libnss_compat-2.19.so
7fa44507c000-7fa44507d000 r--p 00008000 08:03 11283444                   /lib/x86_64-linux-gnu/libnss_compat-2.19.so
7fa44507d000-7fa44507e000 rw-p 00009000 08:03 11283444                   /lib/x86_64-linux-gnu/libnss_compat-2.19.so
7fa44507e000-7fa4450a8000 r-xp 00000000 08:03 3937144                    /usr/lib/jvm/jre1.8.0_51/lib/amd64/libjava.so
7fa4450a8000-7fa4452a8000 ---p 0002a000 08:03 3937144                    /usr/lib/jvm/jre1.8.0_51/lib/amd64/libjava.so
7fa4452a8000-7fa4452aa000 rw-p 0002a000 08:03 3937144                    /usr/lib/jvm/jre1.8.0_51/lib/amd64/libjava.so
7fa4452aa000-7fa4452b7000 r-xp 00000000 08:03 3937159                    /usr/lib/jvm/jre1.8.0_51/lib/amd64/libverify.so
7fa4452b7000-7fa4454b7000 ---p 0000d000 08:03 3937159                    /usr/lib/jvm/jre1.8.0_51/lib/amd64/libverify.so
7fa4454b7000-7fa4454b9000 rw-p 0000d000 08:03 3937159                    /usr/lib/jvm/jre1.8.0_51/lib/amd64/libverify.so
7fa4454b9000-7fa4454c0000 r-xp 00000000 08:03 11283453                   /lib/x86_64-linux-gnu/librt-2.19.so
7fa4454c0000-7fa4456bf000 ---p 00007000 08:03 11283453                   /lib/x86_64-linux-gnu/librt-2.19.so
7fa4456bf000-7fa4456c0000 r--p 00006000 08:03 11283453                   /lib/x86_64-linux-gnu/librt-2.19.so
7fa4456c0000-7fa4456c1000 rw-p 00007000 08:03 11283453                   /lib/x86_64-linux-gnu/librt-2.19.so
7fa4456c1000-7fa4457c6000 r-xp 00000000 08:03 11283435                   /lib/x86_64-linux-gnu/libm-2.19.so
7fa4457c6000-7fa4459c5000 ---p 00105000 08:03 11283435                   /lib/x86_64-linux-gnu/libm-2.19.so
7fa4459c5000-7fa4459c6000 r--p 00104000 08:03 11283435                   /lib/x86_64-linux-gnu/libm-2.19.so
7fa4459c6000-7fa4459c7000 rw-p 00105000 08:03 11283435                   /lib/x86_64-linux-gnu/libm-2.19.so
7fa4459c7000-7fa446675000 r-xp 00000000 08:03 3937180                    /usr/lib/jvm/jre1.8.0_51/lib/amd64/server/libjvm.so
7fa446675000-7fa446875000 ---p 00cae000 08:03 3937180                    /usr/lib/jvm/jre1.8.0_51/lib/amd64/server/libjvm.so
7fa446875000-7fa44694c000 rw-p 00cae000 08:03 3937180                    /usr/lib/jvm/jre1.8.0_51/lib/amd64/server/libjvm.so
7fa44694c000-7fa446990000 rw-p 00000000 00:00 0 
7fa446990000-7fa446b4b000 r-xp 00000000 08:03 11283450                   /lib/x86_64-linux-gnu/libc-2.19.so
7fa446b4b000-7fa446d4a000 ---p 001bb000 08:03 11283450                   /lib/x86_64-linux-gnu/libc-2.19.so
7fa446d4a000-7fa446d4e000 r--p 001ba000 08:03 11283450                   /lib/x86_64-linux-gnu/libc-2.19.so
7fa446d4e000-7fa446d50000 rw-p 001be000 08:03 11283450                   /lib/x86_64-linux-gnu/libc-2.19.so
7fa446d50000-7fa446d55000 rw-p 00000000 00:00 0 
7fa446d55000-7fa446d58000 r-xp 00000000 08:03 11283439                   /lib/x86_64-linux-gnu/libdl-2.19.so
7fa446d58000-7fa446f57000 ---p 00003000 08:03 11283439                   /lib/x86_64-linux-gnu/libdl-2.19.so
7fa446f57000-7fa446f58000 r--p 00002000 08:03 11283439                   /lib/x86_64-linux-gnu/libdl-2.19.so
7fa446f58000-7fa446f59000 rw-p 00003000 08:03 11283439                   /lib/x86_64-linux-gnu/libdl-2.19.so
7fa446f59000-7fa446f6e000 r-xp 00000000 08:03 3937154                    /usr/lib/jvm/jre1.8.0_51/lib/amd64/jli/libjli.so
7fa446f6e000-7fa44716e000 ---p 00015000 08:03 3937154                    /usr/lib/jvm/jre1.8.0_51/lib/amd64/jli/libjli.so
7fa44716e000-7fa44716f000 rw-p 00015000 08:03 3937154                    /usr/lib/jvm/jre1.8.0_51/lib/amd64/jli/libjli.so
7fa44716f000-7fa447188000 r-xp 00000000 08:03 11283451                   /lib/x86_64-linux-gnu/libpthread-2.19.so
7fa447188000-7fa447387000 ---p 00019000 08:03 11283451                   /lib/x86_64-linux-gnu/libpthread-2.19.so
7fa447387000-7fa447388000 r--p 00018000 08:03 11283451                   /lib/x86_64-linux-gnu/libpthread-2.19.so
7fa447388000-7fa447389000 rw-p 00019000 08:03 11283451                   /lib/x86_64-linux-gnu/libpthread-2.19.so
7fa447389000-7fa44738d000 rw-p 00000000 00:00 0 
7fa44738d000-7fa4473b0000 r-xp 00000000 08:03 11283447                   /lib/x86_64-linux-gnu/ld-2.19.so
7fa4473b0000-7fa4473b1000 r--s 00000000 00:15 151855                     /run/user/1000/dconf/user
7fa4473b1000-7fa4473b8000 r--s 00000000 08:03 10101283                   /usr/lib/x86_64-linux-gnu/gconv/gconv-modules.cache
7fa4473b8000-7fa44748a000 rw-p 00000000 00:00 0 
7fa44748a000-7fa44748d000 ---p 00000000 00:00 0 
7fa44748d000-7fa44758f000 rw-p 00000000 00:00 0                          [stack:12859]
7fa44758f000-7fa447590000 rw-s 00000000 00:04 152730                     /drm mm object (deleted)
7fa447590000-7fa4475a3000 rw-p 00000000 00:00 0 
7fa4475a3000-7fa4475ab000 rw-s 00000000 08:03 8258283                    /tmp/hsperfdata_dexterastin/12854
7fa4475ab000-7fa4475ac000 rw-p 00000000 00:00 0 
7fa4475ac000-7fa4475ad000 r--p 00000000 00:00 0 
7fa4475ad000-7fa4475af000 rw-p 00000000 00:00 0 
7fa4475af000-7fa4475b0000 r--p 00022000 08:03 11283447                   /lib/x86_64-linux-gnu/ld-2.19.so
7fa4475b0000-7fa4475b1000 rw-p 00023000 08:03 11283447                   /lib/x86_64-linux-gnu/ld-2.19.so
7fa4475b1000-7fa4475b2000 rw-p 00000000 00:00 0 
7ffe69803000-7ffe69824000 rw-p 00000000 00:00 0                          [stack]
7ffe699df000-7ffe699e1000 r-xp 00000000 00:00 0                          [vdso]
7ffe699e1000-7ffe699e3000 r--p 00000000 00:00 0                          [vvar]
ffffffffff600000-ffffffffff601000 r-xp 00000000 00:00 0                  [vsyscall]

VM Arguments:
jvm_args: -Dfile.encoding=UTF-8 
java_command: org.dimigo.pay.ShopMain
java_class_path (initial): /home/dexterastin/git/OnlyOne/Pay/bin:/home/dexterastin/Java/JavaClass/lib/httpclient-4.5.1.jar:/home/dexterastin/Java/JavaClass/lib/httpclient-cache-4.5.1.jar:/home/dexterastin/Java/JavaClass/lib/httpclient-win-4.5.1.jar:/home/dexterastin/Java/JavaClass/lib/httpcore-4.4.3.jar:/home/dexterastin/Java/JavaClass/lib/httpmime-4.5.1.jar:/home/dexterastin/Java/JavaClass/lib/json-simple-1.1.1.jar:/home/dexterastin/Java/JavaClass/lib/commons-logging-1.2.jar
Launcher Type: SUN_STANDARD

Environment Variables:
JAVA_HOME=/usr/lib/jvm/java-7-oracle
PATH=/usr/local/sbin:/usr/local/bin:/usr/sbin:/usr/bin:/sbin:/bin:/usr/games:/usr/local/games:/usr/lib/java/jdk1.8.0_51:/usr/lib/jvm/java-7-oracle/bin:/usr/lib/jvm/java-7-oracle/db/bin:/usr/lib/jvm/java-7-oracle/jre/bin:/usr/local/go/bin
SHELL=/bin/bash
DISPLAY=:0

Signal Handlers:
SIGSEGV: [libjvm.so+0xaad540], sa_mask[0]=11111111011111111101111111111110, sa_flags=SA_RESTART|SA_SIGINFO
SIGBUS: [libjvm.so+0xaad540], sa_mask[0]=11111111011111111101111111111110, sa_flags=SA_RESTART|SA_SIGINFO
SIGFPE: [libjvm.so+0x90b6b0], sa_mask[0]=11111111011111111101111111111110, sa_flags=SA_RESTART|SA_SIGINFO
SIGPIPE: SIG_IGN, sa_mask[0]=00000000000010000000000000000000, sa_flags=SA_RESTART
SIGXFSZ: [libjvm.so+0x90b6b0], sa_mask[0]=11111111011111111101111111111110, sa_flags=SA_RESTART|SA_SIGINFO
SIGILL: [libjvm.so+0x90b6b0], sa_mask[0]=11111111011111111101111111111110, sa_flags=SA_RESTART|SA_SIGINFO
SIGUSR1: SIG_DFL, sa_mask[0]=00000000000000000000000000000000, sa_flags=none
SIGUSR2: [libjvm.so+0x90ccf0], sa_mask[0]=00100000000000000000000000000000, sa_flags=SA_RESTART|SA_SIGINFO
SIGHUP: [libjvm.so+0x90e040], sa_mask[0]=11111111011111111101111111111110, sa_flags=SA_RESTART|SA_SIGINFO
SIGINT: [libjvm.so+0x90e040], sa_mask[0]=11111111011111111101111111111110, sa_flags=SA_RESTART|SA_SIGINFO
SIGTERM: [libjvm.so+0x90e040], sa_mask[0]=11111111011111111101111111111110, sa_flags=SA_RESTART|SA_SIGINFO
SIGQUIT: [libjvm.so+0x90e040], sa_mask[0]=11111111011111111101111111111110, sa_flags=SA_RESTART|SA_SIGINFO


---------------  S Y S T E M  ---------------

OS:DISTRIB_ID=Ubuntu
DISTRIB_RELEASE=14.04
DISTRIB_CODENAME=trusty
DISTRIB_DESCRIPTION="Ubuntu 14.04.3 LTS"

uname:Linux 3.16.0-49-generic #65~14.04.1-Ubuntu SMP Wed Sep 9 10:03:23 UTC 2015 x86_64
libc:glibc 2.19 NPTL 2.19 
rlimit: STACK 8192k, CORE 0k, NPROC 15271, NOFILE 4096, AS infinity
load average:1.14 0.64 0.48

/proc/meminfo:
MemTotal:        3930944 kB
MemFree:          309504 kB
MemAvailable:     667312 kB
Buffers:           25200 kB
Cached:           981652 kB
SwapCached:        23380 kB
Active:          2377748 kB
Inactive:        1010940 kB
Active(anon):    2085232 kB
Inactive(anon):   803364 kB
Active(file):     292516 kB
Inactive(file):   207576 kB
Unevictable:          48 kB
Mlocked:              48 kB
SwapTotal:      14401532 kB
SwapFree:       14260328 kB
Dirty:               116 kB
Writeback:             0 kB
AnonPages:       2358896 kB
Mapped:           392680 kB
Shmem:            506760 kB
Slab:              87920 kB
SReclaimable:      53320 kB
SUnreclaim:        34600 kB
KernelStack:       11040 kB
PageTables:        45784 kB
NFS_Unstable:          0 kB
Bounce:                0 kB
WritebackTmp:          0 kB
CommitLimit:    16367004 kB
Committed_AS:    7409160 kB
VmallocTotal:   34359738367 kB
VmallocUsed:      366508 kB
VmallocChunk:   34359361020 kB
HardwareCorrupted:     0 kB
AnonHugePages:   1179648 kB
HugePages_Total:       0
HugePages_Free:        0
HugePages_Rsvd:        0
HugePages_Surp:        0
Hugepagesize:       2048 kB
DirectMap4k:       79772 kB
DirectMap2M:     3997696 kB


CPU:total 4 (2 cores per cpu, 2 threads per core) family 6 model 58 stepping 9, cmov, cx8, fxsr, mmx, sse, sse2, sse3, ssse3, sse4.1, sse4.2, popcnt, avx, aes, clmul, erms, ht, tsc, tscinvbit, tscinv

/proc/cpuinfo:
processor	: 0
vendor_id	: GenuineIntel
cpu family	: 6
model		: 58
model name	: Intel(R) Core(TM) i5-3230M CPU @ 2.60GHz
stepping	: 9
microcode	: 0x17
cpu MHz		: 1231.648
cache size	: 3072 KB
physical id	: 0
siblings	: 4
core id		: 0
cpu cores	: 2
apicid		: 0
initial apicid	: 0
fpu		: yes
fpu_exception	: yes
cpuid level	: 13
wp		: yes
flags		: fpu vme de pse tsc msr pae mce cx8 apic sep mtrr pge mca cmov pat pse36 clflush dts acpi mmx fxsr sse sse2 ss ht tm pbe syscall nx rdtscp lm constant_tsc arch_perfmon pebs bts rep_good nopl xtopology nonstop_tsc aperfmperf eagerfpu pni pclmulqdq dtes64 monitor ds_cpl vmx est tm2 ssse3 cx16 xtpr pdcm pcid sse4_1 sse4_2 x2apic popcnt tsc_deadline_timer aes xsave avx f16c rdrand lahf_lm ida arat epb xsaveopt pln pts dtherm tpr_shadow vnmi flexpriority ept vpid fsgsbase smep erms
bogomips	: 5188.16
clflush size	: 64
cache_alignment	: 64
address sizes	: 36 bits physical, 48 bits virtual
power management:

processor	: 1
vendor_id	: GenuineIntel
cpu family	: 6
model		: 58
model name	: Intel(R) Core(TM) i5-3230M CPU @ 2.60GHz
stepping	: 9
microcode	: 0x17
cpu MHz		: 1242.312
cache size	: 3072 KB
physical id	: 0
siblings	: 4
core id		: 1
cpu cores	: 2
apicid		: 2
initial apicid	: 2
fpu		: yes
fpu_exception	: yes
cpuid level	: 13
wp		: yes
flags		: fpu vme de pse tsc msr pae mce cx8 apic sep mtrr pge mca cmov pat pse36 clflush dts acpi mmx fxsr sse sse2 ss ht tm pbe syscall nx rdtscp lm constant_tsc arch_perfmon pebs bts rep_good nopl xtopology nonstop_tsc aperfmperf eagerfpu pni pclmulqdq dtes64 monitor ds_cpl vmx est tm2 ssse3 cx16 xtpr pdcm pcid sse4_1 sse4_2 x2apic popcnt tsc_deadline_timer aes xsave avx f16c rdrand lahf_lm ida arat epb xsaveopt pln pts dtherm tpr_shadow vnmi flexpriority ept vpid fsgsbase smep erms
bogomips	: 5188.16
clflush size	: 64
cache_alignment	: 64
address sizes	: 36 bits physical, 48 bits virtual
power management:

processor	: 2
vendor_id	: GenuineIntel
cpu family	: 6
model		: 58
model name	: Intel(R) Core(TM) i5-3230M CPU @ 2.60GHz
stepping	: 9
microcode	: 0x17
cpu MHz		: 1212.757
cache size	: 3072 KB
physical id	: 0
siblings	: 4
core id		: 0
cpu cores	: 2
apicid		: 1
initial apicid	: 1
fpu		: yes
fpu_exception	: yes
cpuid level	: 13
wp		: yes
flags		: fpu vme de pse tsc msr pae mce cx8 apic sep mtrr pge mca cmov pat pse36 clflush dts acpi mmx fxsr sse sse2 ss ht tm pbe syscall nx rdtscp lm constant_tsc arch_perfmon pebs bts rep_good nopl xtopology nonstop_tsc aperfmperf eagerfpu pni pclmulqdq dtes64 monitor ds_cpl vmx est tm2 ssse3 cx16 xtpr pdcm pcid sse4_1 sse4_2 x2apic popcnt tsc_deadline_timer aes xsave avx f16c rdrand lahf_lm ida arat epb xsaveopt pln pts dtherm tpr_shadow vnmi flexpriority ept vpid fsgsbase smep erms
bogomips	: 5188.16
clflush size	: 64
cache_alignment	: 64
address sizes	: 36 bits physical, 48 bits virtual
power management:

processor	: 3
vendor_id	: GenuineIntel
cpu family	: 6
model		: 58
model name	: Intel(R) Core(TM) i5-3230M CPU @ 2.60GHz
stepping	: 9
microcode	: 0x17
cpu MHz		: 1399.226
cache size	: 3072 KB
physical id	: 0
siblings	: 4
core id		: 1
cpu cores	: 2
apicid		: 3
initial apicid	: 3
fpu		: yes
fpu_exception	: yes
cpuid level	: 13
wp		: yes
flags		: fpu vme de pse tsc msr pae mce cx8 apic sep mtrr pge mca cmov pat pse36 clflush dts acpi mmx fxsr sse sse2 ss ht tm pbe syscall nx rdtscp lm constant_tsc arch_perfmon pebs bts rep_good nopl xtopology nonstop_tsc aperfmperf eagerfpu pni pclmulqdq dtes64 monitor ds_cpl vmx est tm2 ssse3 cx16 xtpr pdcm pcid sse4_1 sse4_2 x2apic popcnt tsc_deadline_timer aes xsave avx f16c rdrand lahf_lm ida arat epb xsaveopt pln pts dtherm tpr_shadow vnmi flexpriority ept vpid fsgsbase smep erms
bogomips	: 5188.16
clflush size	: 64
cache_alignment	: 64
address sizes	: 36 bits physical, 48 bits virtual
power management:



Memory: 4k page, physical 3930944k(309504k free), swap 14401532k(14260328k free)

vm_info: Java HotSpot(TM) 64-Bit Server VM (25.51-b03) for linux-amd64 JRE (1.8.0_51-b16), built on Jun  8 2015 19:28:07 by "java_re" with gcc 4.3.0 20080428 (Red Hat 4.3.0-8)

time: Sat Nov 28 16:58:44 2015
elapsed time: 7 seconds (0d 0h 0m 7s)

