#
# A fatal error has been detected by the Java Runtime Environment:
#
#  SIGSEGV (0xb) at pc=0x00007f0159020e28, pid=9540, tid=139642544289536
#
# JRE version: Java(TM) SE Runtime Environment (8.0_51-b16) (build 1.8.0_51-b16)
# Java VM: Java HotSpot(TM) 64-Bit Server VM (25.51-b03 mixed mode linux-amd64 compressed oops)
# Problematic frame:
# j  com.sun.glass.ui.gtk.GtkView.notifyInputMethodDraw(Ljava/lang/String;III[B)V+16
#
# Failed to write core dump. Core dumps have been disabled. To enable core dumping, try "ulimit -c unlimited" before starting Java again
#
# If you would like to submit a bug report, please visit:
#   http://bugreport.java.com/bugreport/crash.jsp
#

---------------  T H R E A D  ---------------

Current thread (0x00007f0168265800):  JavaThread "JavaFX Application Thread" [_thread_in_Java, id=9563, stack(0x00007f01102f7000,0x00007f01103f8000)]

siginfo: si_signo: 11 (SIGSEGV), si_code: 1 (SEGV_MAPERR), si_addr: 0x00007f40ed15d386

Registers:
RAX=0x00000000ec3f7588, RBX=0x000000000000003c, RCX=0x0000003f80b40386, RDX=0x0000000000000000
RSP=0x00007f01103f54e0, RBP=0x00007f01103f5520, RSI=0x00007f01103f5480, RDI=0x0000000000000260
R8 =0x0000000000000000, R9 =0x0000000000000002, R10=0x00007f016c61d000, R11=0x00007f01594357a0
R12=0x0000000000000000, R13=0x00007f0156ee6233, R14=0x00007f01103f5598, R15=0x00007f0168265800
RIP=0x00007f0159020e28, EFLAGS=0x0000000000010202, CSGSFS=0x0000000000000033, ERR=0x0000000000000006
  TRAPNO=0x000000000000000e

Top of Stack: (sp=0x00007f01103f54e0)
0x00007f01103f54e0:   00007f01103f54e0 00007f0156ee6230
0x00007f01103f54f0:   00007f01103f5598 00007f0156efb1b0
0x00007f01103f5500:   0000000000000000 00007f0156ee6420
0x00007f01103f5510:   0000000000000000 00007f01103f5570
0x00007f01103f5520:   00007f01103f5600 00007f01590007a7
0x00007f01103f5530:   0000000000000000 0000000000000000
0x00007f01103f5540:   0000000000000000 0000000000000000
0x00007f01103f5550:   0000000000000000 0000000000000000
0x00007f01103f5560:   0000000000000000 0000000000000000
0x00007f01103f5570:   00000000ec3f7570 00007f0100000001
0x00007f01103f5580:   00007f0100000000 00007f0100000000
0x00007f01103f5590:   00000000ec3f7540 00007f0168070c40
0x00007f01103f55a0:   0000000000001fa0 00007f0168265478
0x00007f01103f55b0:   00007f0168265800 00007f01103f5680
0x00007f01103f55c0:   00007f0168070c40 00007f01103f5640
0x00007f01103f55d0:   00007f01103f5640 00007f01103f5998
0x00007f01103f55e0:   00007f010000000a 00007f0156ee6420
0x00007f01103f55f0:   00007f0159010c00 00007f01103f57e8
0x00007f01103f5600:   00007f01103f5770 00007f016ebffa26
0x00007f01103f5610:   00007f0100000006 00007f0168265800
0x00007f01103f5620:   00007f01103f57e0 00007f01103f5990
0x00007f01103f5630:   00007f0159010c00 000000000000000a
0x00007f01103f5640:   00007f0168265800 00007f0100000a30
0x00007f01103f5650:   00007f0156ee6420 00007f0168070c40
0x00007f01103f5660:   00007f01103f6700 00007f0159015968
0x00007f01103f5670:   00007f01103f6760 00007f01103f5990
0x00007f01103f5680:   00007f0168265800 00007f0168265420
0x00007f01103f5690:   00007f0168265460 00007f0168265480
0x00007f01103f56a0:   00007f0168265548 00000000000000d8
0x00007f01103f56b0:   00007f01103f6990 00007f01103f59d0
0x00007f01103f56c0:   00007f0156ee6420 00007f0168265800
0x00007f01103f56d0:   00007f0168265460 b3399d5cf317f300 

Instructions: (pc=0x00007f0159020e28)
0x00007f0159020e08:   00 83 f8 07 0f 85 4b 00 00 00 58 59 48 3b 01 89
0x00007f0159020e18:   04 19 48 c1 e9 09 49 ba 00 d0 61 6c 01 7f 00 00
0x00007f0159020e28:   41 c6 04 0a 00 41 0f b7 4d 01 48 8b 5d d8 c1 e1
0x00007f0159020e38:   02 8b 5c cb 10 c1 eb 18 81 e3 ff 00 00 00 b9 d3 

Register to memory mapping:

RAX=0x00000000ec3f7588 is an oop
java.nio.HeapByteBuffer 
 - klass: 'java/nio/HeapByteBuffer'
RBX=0x000000000000003c is an unknown value
RCX=0x0000003f80b40386 is an unknown value
RDX=0x0000000000000000 is an unknown value
RSP=0x00007f01103f54e0 is pointing into the stack for thread: 0x00007f0168265800
RBP=0x00007f01103f5520 is pointing into the stack for thread: 0x00007f0168265800
RSI=0x00007f01103f5480 is pointing into the stack for thread: 0x00007f0168265800
RDI=0x0000000000000260 is an unknown value
R8 =0x0000000000000000 is an unknown value
R9 =0x0000000000000002 is an unknown value
R10=0x00007f016c61d000 is an unknown value
R11=0x00007f01594357a0 is at entry_point+32 in (nmethod*)0x00007f0159435610
R12=0x0000000000000000 is an unknown value
R13=0x00007f0156ee6233 is pointing into metadata
R14=0x00007f01103f5598 is pointing into the stack for thread: 0x00007f0168265800
R15=0x00007f0168265800 is a thread


Stack: [0x00007f01102f7000,0x00007f01103f8000],  sp=0x00007f01103f54e0,  free space=1017k
Native frames: (J=compiled Java code, j=interpreted, Vv=VM code, C=native code)
j  com.sun.glass.ui.gtk.GtkView.notifyInputMethodDraw(Ljava/lang/String;III[B)V+16
v  ~StubRoutines::call_stub
V  [libjvm.so+0x681a26]  JavaCalls::call_helper(JavaValue*, methodHandle*, JavaCallArguments*, Thread*)+0x1056
V  [libjvm.so+0x6c432b]  jni_invoke_nonstatic(JNIEnv_*, JavaValue*, _jobject*, JNICallType, _jmethodID*, JNI_ArgumentPusher*, Thread*)+0x41b
V  [libjvm.so+0x6c86ef]  jni_CallVoidMethodV+0x10f
C  [libglass.so+0x1b798]  JNIEnv_::CallVoidMethod(_jobject*, _jmethodID*, ...)+0x98
C  [libglass.so+0x22955]  im_preedit_draw(_XIM*, char*, char*)+0x1f5
C  [libX11.so.6+0x591d8]
C  0x0000000000000001


---------------  P R O C E S S  ---------------

Java Threads: ( => current thread )
  0x00007f01002ad000 JavaThread "Prism Font Disposer" daemon [_thread_blocked, id=9565, stack(0x00007f010a894000,0x00007f010a995000)]
  0x00007f0168269800 JavaThread "JavaFX-Launcher" [_thread_blocked, id=9564, stack(0x00007f01101f6000,0x00007f01102f7000)]
=>0x00007f0168265800 JavaThread "JavaFX Application Thread" [_thread_in_Java, id=9563, stack(0x00007f01102f7000,0x00007f01103f8000)]
  0x00007f0168260000 JavaThread "Thread-1" daemon [_thread_blocked, id=9562, stack(0x00007f0154047000,0x00007f0154148000)]
  0x00007f01681a7000 JavaThread "QuantumRenderer-0" daemon [_thread_blocked, id=9559, stack(0x00007f0154a41000,0x00007f0154b42000)]
  0x00007f01680c2000 JavaThread "Service Thread" daemon [_thread_blocked, id=9557, stack(0x00007f0154cd8000,0x00007f0154dd9000)]
  0x00007f01680bd000 JavaThread "C1 CompilerThread2" daemon [_thread_blocked, id=9556, stack(0x00007f0154dd9000,0x00007f0154eda000)]
  0x00007f01680bb000 JavaThread "C2 CompilerThread1" daemon [_thread_blocked, id=9555, stack(0x00007f0154eda000,0x00007f0154fdb000)]
  0x00007f01680b8000 JavaThread "C2 CompilerThread0" daemon [_thread_blocked, id=9554, stack(0x00007f0154fdb000,0x00007f01550dc000)]
  0x00007f01680b6800 JavaThread "Signal Dispatcher" daemon [_thread_blocked, id=9553, stack(0x00007f01550dc000,0x00007f01551dd000)]
  0x00007f016807f000 JavaThread "Finalizer" daemon [_thread_blocked, id=9552, stack(0x00007f01559f0000,0x00007f0155af1000)]
  0x00007f016807c800 JavaThread "Reference Handler" daemon [_thread_blocked, id=9551, stack(0x00007f0155af1000,0x00007f0155bf2000)]
  0x00007f016800a000 JavaThread "main" [_thread_blocked, id=9542, stack(0x00007f0170041000,0x00007f0170142000)]

Other Threads:
  0x00007f0168077800 VMThread [stack: 0x00007f0155bf2000,0x00007f0155cf3000] [id=9550]
  0x00007f01680c4800 WatcherThread [stack: 0x00007f0154bd7000,0x00007f0154cd8000] [id=9558]

VM state:not at safepoint (normal execution)

VM Mutex/Monitor currently owned by a thread: None

Heap:
 PSYoungGen      total 17920K, used 6976K [0x00000000ec000000, 0x00000000ee300000, 0x0000000100000000)
  eden space 15360K, 28% used [0x00000000ec000000,0x00000000ec456430,0x00000000ecf00000)
  from space 2560K, 99% used [0x00000000ed180000,0x00000000ed3f9f28,0x00000000ed400000)
  to   space 2560K, 0% used [0x00000000ecf00000,0x00000000ecf00000,0x00000000ed180000)
 ParOldGen       total 40960K, used 2595K [0x00000000c4000000, 0x00000000c6800000, 0x00000000ec000000)
  object space 40960K, 6% used [0x00000000c4000000,0x00000000c4288cb8,0x00000000c6800000)
 Metaspace       used 16433K, capacity 17422K, committed 17536K, reserved 1064960K
  class space    used 2418K, capacity 2614K, committed 2688K, reserved 1048576K

Card table byte_map: [0x00007f016cc3d000,0x00007f016ce1e000] byte_map_base: 0x00007f016c61d000

Marking Bits: (ParMarkBitMap*) 0x00007f016f51c660
 Begin Bits: [0x00007f0157200000, 0x00007f0158100000)
 End Bits:   [0x00007f0158100000, 0x00007f0159000000)

Polling page: 0x00007f0170163000

CodeCache: size=245760Kb used=4936Kb max_used=4936Kb free=240823Kb
 bounds [0x00007f0159000000, 0x00007f01594e0000, 0x00007f0168000000]
 total_blobs=2204 nmethods=1574 adapters=543
 compilation: enabled

Compilation events (10 events):
Event: 3.288 Thread 0x00007f01680bd000 1570       1       javafx.scene.Scene::access$100 (5 bytes)
Event: 3.288 Thread 0x00007f01680bd000 nmethod 1570 0x00007f01594d2410 code [0x00007f01594d2560, 0x00007f01594d2650]
Event: 3.333 Thread 0x00007f01680bd000 1572       3       com.sun.javafx.event.EventHandlerManager::dispatchBubblingEvent (23 bytes)
Event: 3.334 Thread 0x00007f01680bd000 nmethod 1572 0x00007f01594d26d0 code [0x00007f01594d28c0, 0x00007f01594d3248]
Event: 3.334 Thread 0x00007f01680bd000 1571       3       com.sun.javafx.event.CompositeEventDispatcher::dispatchBubblingEvent (35 bytes)
Event: 3.334 Thread 0x00007f01680bd000 nmethod 1571 0x00007f01594d35d0 code [0x00007f01594d3760, 0x00007f01594d3c58]
Event: 3.338 Thread 0x00007f01680bd000 1573       3       java.util.concurrent.LinkedBlockingDeque::unlinkFirst (74 bytes)
Event: 3.339 Thread 0x00007f01680bd000 nmethod 1573 0x00007f01594d3dd0 code [0x00007f01594d3f80, 0x00007f01594d44c8]
Event: 3.372 Thread 0x00007f01680bd000 1574       1       java.util.concurrent.CopyOnWriteArrayList::getArray (5 bytes)
Event: 3.372 Thread 0x00007f01680bd000 nmethod 1574 0x00007f01594d4750 code [0x00007f01594d48a0, 0x00007f01594d49b0]

GC Heap History (4 events):
Event: 0.573 GC heap before
{Heap before GC invocations=1 (full 0):
 PSYoungGen      total 17920K, used 15360K [0x00000000ec000000, 0x00000000ed400000, 0x0000000100000000)
  eden space 15360K, 100% used [0x00000000ec000000,0x00000000ecf00000,0x00000000ecf00000)
  from space 2560K, 0% used [0x00000000ed180000,0x00000000ed180000,0x00000000ed400000)
  to   space 2560K, 0% used [0x00000000ecf00000,0x00000000ecf00000,0x00000000ed180000)
 ParOldGen       total 40960K, used 0K [0x00000000c4000000, 0x00000000c6800000, 0x00000000ec000000)
  object space 40960K, 0% used [0x00000000c4000000,0x00000000c4000000,0x00000000c6800000)
 Metaspace       used 9500K, capacity 9916K, committed 10112K, reserved 1058816K
  class space    used 1197K, capacity 1321K, committed 1408K, reserved 1048576K
Event: 0.578 GC heap after
Heap after GC invocations=1 (full 0):
 PSYoungGen      total 17920K, used 2544K [0x00000000ec000000, 0x00000000ed400000, 0x0000000100000000)
  eden space 15360K, 0% used [0x00000000ec000000,0x00000000ec000000,0x00000000ecf00000)
  from space 2560K, 99% used [0x00000000ecf00000,0x00000000ed17c060,0x00000000ed180000)
  to   space 2560K, 0% used [0x00000000ed180000,0x00000000ed180000,0x00000000ed400000)
 ParOldGen       total 40960K, used 256K [0x00000000c4000000, 0x00000000c6800000, 0x00000000ec000000)
  object space 40960K, 0% used [0x00000000c4000000,0x00000000c4040000,0x00000000c6800000)
 Metaspace       used 9500K, capacity 9916K, committed 10112K, reserved 1058816K
  class space    used 1197K, capacity 1321K, committed 1408K, reserved 1048576K
}
Event: 1.146 GC heap before
{Heap before GC invocations=2 (full 0):
 PSYoungGen      total 17920K, used 17899K [0x00000000ec000000, 0x00000000ed400000, 0x0000000100000000)
  eden space 15360K, 99% used [0x00000000ec000000,0x00000000ecefed48,0x00000000ecf00000)
  from space 2560K, 99% used [0x00000000ecf00000,0x00000000ed17c060,0x00000000ed180000)
  to   space 2560K, 0% used [0x00000000ed180000,0x00000000ed180000,0x00000000ed400000)
 ParOldGen       total 40960K, used 256K [0x00000000c4000000, 0x00000000c6800000, 0x00000000ec000000)
  object space 40960K, 0% used [0x00000000c4000000,0x00000000c4040000,0x00000000c6800000)
 Metaspace       used 15213K, capacity 16008K, committed 16128K, reserved 1062912K
  class space    used 2280K, capacity 2444K, committed 2560K, reserved 1048576K
Event: 1.154 GC heap after
Heap after GC invocations=2 (full 0):
 PSYoungGen      total 17920K, used 2535K [0x00000000ec000000, 0x00000000ee300000, 0x0000000100000000)
  eden space 15360K, 0% used [0x00000000ec000000,0x00000000ec000000,0x00000000ecf00000)
  from space 2560K, 99% used [0x00000000ed180000,0x00000000ed3f9f28,0x00000000ed400000)
  to   space 2560K, 0% used [0x00000000ecf00000,0x00000000ecf00000,0x00000000ed180000)
 ParOldGen       total 40960K, used 2595K [0x00000000c4000000, 0x00000000c6800000, 0x00000000ec000000)
  object space 40960K, 6% used [0x00000000c4000000,0x00000000c4288cb8,0x00000000c6800000)
 Metaspace       used 15213K, capacity 16008K, committed 16128K, reserved 1062912K
  class space    used 2280K, capacity 2444K, committed 2560K, reserved 1048576K
}

Deoptimization events (10 events):
Event: 0.856 Thread 0x00007f0168265800 Uncommon trap: reason=class_check action=maybe_recompile pc=0x00007f015924dcf4 method=java.io.DataInputStream.readShort()S @ 4
Event: 0.857 Thread 0x00007f0168265800 Uncommon trap: reason=class_check action=maybe_recompile pc=0x00007f015924dcf4 method=java.io.DataInputStream.readShort()S @ 4
Event: 0.857 Thread 0x00007f0168265800 Uncommon trap: reason=class_check action=maybe_recompile pc=0x00007f015924dcf4 method=java.io.DataInputStream.readShort()S @ 4
Event: 0.864 Thread 0x00007f0168265800 Uncommon trap: reason=class_check action=maybe_recompile pc=0x00007f0159120838 method=java.lang.String.equals(Ljava/lang/Object;)Z @ 8
Event: 0.864 Thread 0x00007f0168265800 Uncommon trap: reason=class_check action=maybe_recompile pc=0x00007f0159120838 method=java.lang.String.equals(Ljava/lang/Object;)Z @ 8
Event: 0.864 Thread 0x00007f0168265800 Uncommon trap: reason=class_check action=maybe_recompile pc=0x00007f0159120838 method=java.lang.String.equals(Ljava/lang/Object;)Z @ 8
Event: 0.867 Thread 0x00007f0168265800 Uncommon trap: reason=class_check action=maybe_recompile pc=0x00007f0159120838 method=java.lang.String.equals(Ljava/lang/Object;)Z @ 8
Event: 1.128 Thread 0x00007f0168265800 Uncommon trap: reason=unstable_if action=reinterpret pc=0x00007f0159240ae0 method=java.lang.CharacterData.of(I)Ljava/lang/CharacterData; @ 4
Event: 1.271 Thread 0x00007f0168265800 Uncommon trap: reason=unstable_if action=reinterpret pc=0x00007f01593492a4 method=jdk.internal.org.objectweb.asm.Type.getArgumentsAndReturnSizes(Ljava/lang/String;)I @ 47
Event: 3.028 Thread 0x00007f01681a7000 Uncommon trap: reason=unstable_if action=reinterpret pc=0x00007f0159440714 method=java.lang.StrictMath.floorOrCeil(DDDD)D @ 115

Internal exceptions (10 events):
Event: 0.189 Thread 0x00007f016800a000 Exception <a 'java/lang/NullPointerException'> (0x00000000ec2c58b8) thrown at [/HUDSON/workspace/8-2-build-linux-amd64/jdk8u51/3951/hotspot/src/share/vm/interpreter/linkResolver.cpp, line 1178]
Event: 0.449 Thread 0x00007f0168265800 Exception <a 'java/lang/NullPointerException'> (0x00000000ecb12728) thrown at [/HUDSON/workspace/8-2-build-linux-amd64/jdk8u51/3951/hotspot/src/share/vm/interpreter/linkResolver.cpp, line 1178]
Event: 0.449 Thread 0x00007f0168265800 Exception <a 'java/lang/NullPointerException'> (0x00000000ecb12728) thrown at [/HUDSON/workspace/8-2-build-linux-amd64/jdk8u51/3951/hotspot/src/share/vm/prims/jvm.cpp, line 1386]
Event: 0.624 Thread 0x00007f0168265800 Exception <a 'java/lang/ArrayIndexOutOfBoundsException'> (0x00000000ec19a8d0) thrown at [/HUDSON/workspace/8-2-build-linux-amd64/jdk8u51/3951/hotspot/src/share/vm/runtime/sharedRuntime.cpp, line 605]
Event: 0.624 Thread 0x00007f0168265800 Exception <a 'java/lang/ArrayIndexOutOfBoundsException'> (0x00000000ec19b520) thrown at [/HUDSON/workspace/8-2-build-linux-amd64/jdk8u51/3951/hotspot/src/share/vm/runtime/sharedRuntime.cpp, line 605]
Event: 0.625 Thread 0x00007f0168265800 Exception <a 'java/lang/ArrayIndexOutOfBoundsException'> (0x00000000ec19c818) thrown at [/HUDSON/workspace/8-2-build-linux-amd64/jdk8u51/3951/hotspot/src/share/vm/runtime/sharedRuntime.cpp, line 605]
Event: 0.661 Thread 0x00007f0168265800 Exception <a 'java/lang/ArrayIndexOutOfBoundsException'> (0x00000000ec31e4f0) thrown at [/HUDSON/workspace/8-2-build-linux-amd64/jdk8u51/3951/hotspot/src/share/vm/runtime/sharedRuntime.cpp, line 605]
Event: 0.661 Thread 0x00007f0168265800 Exception <a 'java/lang/ArrayIndexOutOfBoundsException'> (0x00000000ec31f440) thrown at [/HUDSON/workspace/8-2-build-linux-amd64/jdk8u51/3951/hotspot/src/share/vm/runtime/sharedRuntime.cpp, line 605]
Event: 0.661 Thread 0x00007f0168265800 Exception <a 'java/lang/ArrayIndexOutOfBoundsException'> (0x00000000ec320c00) thrown at [/HUDSON/workspace/8-2-build-linux-amd64/jdk8u51/3951/hotspot/src/share/vm/runtime/sharedRuntime.cpp, line 605]
Event: 0.770 Thread 0x00007f0168265800 Implicit null exception at 0x00007f01592697b5 to 0x00007f0159269999

Events (10 events):
Event: 3.052 loading class com/sun/javafx/tk/quantum/GlassScene
Event: 3.052 loading class com/sun/javafx/tk/quantum/GlassScene done
Event: 3.052 loading class com/sun/javafx/tk/quantum/WindowStage
Event: 3.052 loading class com/sun/javafx/tk/quantum/WindowStage done
Event: 3.053 loading class com/sun/prism/GraphicsResource
Event: 3.053 loading class com/sun/prism/GraphicsResource done
Event: 3.053 loading class com/sun/prism/GraphicsResource
Event: 3.053 loading class com/sun/prism/GraphicsResource done
Event: 3.055 loading class com/sun/javafx/tk/quantum/ViewScene
Event: 3.055 loading class com/sun/javafx/tk/quantum/ViewScene done


Dynamic libraries:
00400000-00401000 r-xp 00000000 08:03 3937306                            /usr/lib/jvm/jre1.8.0_51/bin/java
00600000-00601000 rw-p 00000000 08:03 3937306                            /usr/lib/jvm/jre1.8.0_51/bin/java
008ad000-008ce000 rw-p 00000000 00:00 0                                  [heap]
c4000000-c6800000 rw-p 00000000 00:00 0 
c6800000-ec000000 ---p 00000000 00:00 0 
ec000000-ee300000 rw-p 00000000 00:00 0 
ee300000-100000000 ---p 00000000 00:00 0 
100000000-1002a0000 rw-p 00000000 00:00 0 
1002a0000-140000000 ---p 00000000 00:00 0 
7f00f4000000-7f00f4021000 rw-p 00000000 00:00 0 
7f00f4021000-7f00f8000000 ---p 00000000 00:00 0 
7f00f8000000-7f00f8021000 rw-p 00000000 00:00 0 
7f00f8021000-7f00fc000000 ---p 00000000 00:00 0 
7f00fc000000-7f00fc021000 rw-p 00000000 00:00 0 
7f00fc021000-7f0100000000 ---p 00000000 00:00 0 
7f0100000000-7f010061f000 rw-p 00000000 00:00 0 
7f010061f000-7f0104000000 ---p 00000000 00:00 0 
7f0104000000-7f0104022000 rw-p 00000000 00:00 0 
7f0104022000-7f0108000000 ---p 00000000 00:00 0 
7f0109dd8000-7f0109ddb000 rw-p 00000000 00:00 0 
7f0109ddb000-7f0109ddc000 rw-s 00000000 00:04 111320                     /drm mm object (deleted)
7f0109ddc000-7f0109dec000 rw-s 00000000 00:04 111323                     /drm mm object (deleted)
7f0109dec000-7f0109dfc000 rw-s 00000000 00:04 115101                     /drm mm object (deleted)
7f0109dfc000-7f0109e04000 rw-s 00000000 00:04 114309                     /drm mm object (deleted)
7f0109e04000-7f0109e08000 rw-s 00000000 00:04 114308                     /drm mm object (deleted)
7f0109e08000-7f0109fc8000 rw-s 00000000 00:04 114305                     /drm mm object (deleted)
7f0109fc8000-7f0109fca000 rw-s 00000000 00:04 114307                     /drm mm object (deleted)
7f0109fca000-7f0109fcc000 rw-s 00000000 00:04 114304                     /drm mm object (deleted)
7f0109fcc000-7f0109fce000 rw-s 00000000 00:04 114303                     /drm mm object (deleted)
7f0109fce000-7f0109fcf000 rw-s 00000000 00:04 111318                     /drm mm object (deleted)
7f0109fcf000-7f010a02f000 rw-s 00000000 00:04 114302                     /drm mm object (deleted)
7f010a02f000-7f010a03d000 rw-s 00000000 00:04 114301                     /drm mm object (deleted)
7f010a03d000-7f010a0bd000 rw-p 00000000 00:00 0 
7f010a0bd000-7f010a23d000 ---p 00000000 00:00 0 
7f010a23d000-7f010a23e000 rw-s 00000000 00:04 111317                     /drm mm object (deleted)
7f010a23e000-7f010a24e000 rw-s 00000000 00:04 114298                     /drm mm object (deleted)
7f010a24e000-7f010a25e000 rw-s 00000000 00:04 111321                     /drm mm object (deleted)
7f010a25e000-7f010a26a000 rw-s 00000000 00:04 115093                     /drm mm object (deleted)
7f010a26a000-7f010a27d000 r--s 00344000 08:03 3937243                    /usr/lib/jvm/jre1.8.0_51/lib/resources.jar
7f010a27d000-7f010a694000 r--p 00000000 08:03 10748738                   /usr/share/fonts/truetype/nanum/NanumGothicBold.ttf
7f010a694000-7f010a894000 rw-p 00000000 00:00 0 
7f010a894000-7f010a897000 ---p 00000000 00:00 0 
7f010a897000-7f010a995000 rw-p 00000000 00:00 0                          [stack:9565]
7f010a995000-7f010adba000 r--p 00000000 08:03 10748737                   /usr/share/fonts/truetype/nanum/NanumGothic.ttf
7f010adba000-7f010afba000 rw-p 00000000 00:00 0 
7f010afba000-7f010afdd000 r--p 00000000 08:03 8259164                    /usr/share/fonts/truetype/msttcorefonts/Georgia.ttf
7f010afdd000-7f010aff0000 r--p 00000000 08:03 3937208                    /usr/lib/jvm/jre1.8.0_51/lib/fonts/LucidaBrightDemiBold.ttf
7f010aff0000-7f010aff4000 r-xp 00000000 08:03 3937192                    /usr/lib/jvm/jre1.8.0_51/lib/amd64/libjavafx_font_pango.so
7f010aff4000-7f010b1f3000 ---p 00004000 08:03 3937192                    /usr/lib/jvm/jre1.8.0_51/lib/amd64/libjavafx_font_pango.so
7f010b1f3000-7f010b1f4000 r--p 00003000 08:03 3937192                    /usr/lib/jvm/jre1.8.0_51/lib/amd64/libjavafx_font_pango.so
7f010b1f4000-7f010b1f5000 rw-p 00004000 08:03 3937192                    /usr/lib/jvm/jre1.8.0_51/lib/amd64/libjavafx_font_pango.so
7f010b1f5000-7f010b1fa000 r-xp 00000000 08:03 3937136                    /usr/lib/jvm/jre1.8.0_51/lib/amd64/libjavafx_font_freetype.so
7f010b1fa000-7f010b3f9000 ---p 00005000 08:03 3937136                    /usr/lib/jvm/jre1.8.0_51/lib/amd64/libjavafx_font_freetype.so
7f010b3f9000-7f010b3fa000 r--p 00004000 08:03 3937136                    /usr/lib/jvm/jre1.8.0_51/lib/amd64/libjavafx_font_freetype.so
7f010b3fa000-7f010b3fb000 rw-p 00005000 08:03 3937136                    /usr/lib/jvm/jre1.8.0_51/lib/amd64/libjavafx_font_freetype.so
7f010b3fb000-7f010b3fe000 r-xp 00000000 08:03 3937140                    /usr/lib/jvm/jre1.8.0_51/lib/amd64/libjavafx_font.so
7f010b3fe000-7f010b5fd000 ---p 00003000 08:03 3937140                    /usr/lib/jvm/jre1.8.0_51/lib/amd64/libjavafx_font.so
7f010b5fd000-7f010b5fe000 r--p 00002000 08:03 3937140                    /usr/lib/jvm/jre1.8.0_51/lib/amd64/libjavafx_font.so
7f010b5fe000-7f010b5ff000 rw-p 00003000 08:03 3937140                    /usr/lib/jvm/jre1.8.0_51/lib/amd64/libjavafx_font.so
7f010b5ff000-7f010b7ff000 rw-p 00000000 00:00 0 
7f010b7ff000-7f010b800000 ---p 00000000 00:00 0 
7f010b800000-7f010c000000 rw-p 00000000 00:00 0                          [stack:9561]
7f010c000000-7f010c021000 rw-p 00000000 00:00 0 
7f010c021000-7f0110000000 ---p 00000000 00:00 0 
7f0110000000-7f011004e000 r--p 00000000 08:03 3937209                    /usr/lib/jvm/jre1.8.0_51/lib/fonts/LucidaSansDemiBold.ttf
7f011004e000-7f01100a3000 r--p 00000000 08:03 3937204                    /usr/lib/jvm/jre1.8.0_51/lib/fonts/LucidaBrightRegular.ttf
7f01100a3000-7f01100b7000 r--p 00000000 08:03 3937203                    /usr/lib/jvm/jre1.8.0_51/lib/fonts/LucidaBrightItalic.ttf
7f01100b7000-7f01100f1000 r--p 00000000 08:03 3937205                    /usr/lib/jvm/jre1.8.0_51/lib/fonts/LucidaTypewriterBold.ttf
7f01100f1000-7f011012d000 r--p 00000000 08:03 3937202                    /usr/lib/jvm/jre1.8.0_51/lib/fonts/LucidaTypewriterRegular.ttf
7f011012d000-7f0110140000 r--p 00000000 08:03 3937207                    /usr/lib/jvm/jre1.8.0_51/lib/fonts/LucidaBrightDemiItalic.ttf
7f0110140000-7f01101eb000 r--p 00000000 08:03 3937206                    /usr/lib/jvm/jre1.8.0_51/lib/fonts/LucidaSansRegular.ttf
7f01101eb000-7f01101f6000 r--s 00000000 08:03 526157                     /var/cache/fontconfig/945677eb7aeaf62f1d50efc3fb3ec7d8-le64.cache-4
7f01101f6000-7f01101f9000 ---p 00000000 00:00 0 
7f01101f9000-7f01102f7000 rw-p 00000000 00:00 0                          [stack:9564]
7f01102f7000-7f01102fa000 ---p 00000000 00:00 0 
7f01102fa000-7f01103f8000 rw-p 00000000 00:00 0                          [stack:9563]
7f01103f8000-7f01103f9000 ---p 00000000 00:00 0 
7f01103f9000-7f0110bf9000 rw-p 00000000 00:00 0                          [stack:9560]
7f0110bf9000-7f0110c04000 r-xp 00000000 08:03 10093528                   /usr/lib/x86_64-linux-gnu/gio/modules/libdconfsettings.so
7f0110c04000-7f0110e04000 ---p 0000b000 08:03 10093528                   /usr/lib/x86_64-linux-gnu/gio/modules/libdconfsettings.so
7f0110e04000-7f0110e05000 r--p 0000b000 08:03 10093528                   /usr/lib/x86_64-linux-gnu/gio/modules/libdconfsettings.so
7f0110e05000-7f0110e06000 rw-p 0000c000 08:03 10093528                   /usr/lib/x86_64-linux-gnu/gio/modules/libdconfsettings.so
7f0110e06000-7f0110e0d000 r-xp 00000000 08:03 9708107                    /usr/lib/x86_64-linux-gnu/libogg.so.0.8.1
7f0110e0d000-7f011100d000 ---p 00007000 08:03 9708107                    /usr/lib/x86_64-linux-gnu/libogg.so.0.8.1
7f011100d000-7f011100e000 r--p 00007000 08:03 9708107                    /usr/lib/x86_64-linux-gnu/libogg.so.0.8.1
7f011100e000-7f011100f000 rw-p 00008000 08:03 9708107                    /usr/lib/x86_64-linux-gnu/libogg.so.0.8.1
7f011100f000-7f011103b000 r-xp 00000000 08:03 9708383                    /usr/lib/x86_64-linux-gnu/libvorbis.so.0.4.5
7f011103b000-7f011123a000 ---p 0002c000 08:03 9708383                    /usr/lib/x86_64-linux-gnu/libvorbis.so.0.4.5
7f011123a000-7f011123b000 r--p 0002b000 08:03 9708383                    /usr/lib/x86_64-linux-gnu/libvorbis.so.0.4.5
7f011123b000-7f011123c000 rw-p 0002c000 08:03 9708383                    /usr/lib/x86_64-linux-gnu/libvorbis.so.0.4.5
7f011123c000-7f0111245000 r-xp 00000000 08:03 9708013                    /usr/lib/x86_64-linux-gnu/libltdl.so.7.3.0
7f0111245000-7f0111444000 ---p 00009000 08:03 9708013                    /usr/lib/x86_64-linux-gnu/libltdl.so.7.3.0
7f0111444000-7f0111445000 r--p 00008000 08:03 9708013                    /usr/lib/x86_64-linux-gnu/libltdl.so.7.3.0
7f0111445000-7f0111446000 rw-p 00009000 08:03 9708013                    /usr/lib/x86_64-linux-gnu/libltdl.so.7.3.0
7f0111446000-7f0111457000 r-xp 00000000 08:03 9708302                    /usr/lib/x86_64-linux-gnu/libtdb.so.1.2.12
7f0111457000-7f0111656000 ---p 00011000 08:03 9708302                    /usr/lib/x86_64-linux-gnu/libtdb.so.1.2.12
7f0111656000-7f0111657000 r--p 00010000 08:03 9708302                    /usr/lib/x86_64-linux-gnu/libtdb.so.1.2.12
7f0111657000-7f0111658000 rw-p 00011000 08:03 9708302                    /usr/lib/x86_64-linux-gnu/libtdb.so.1.2.12
7f0111658000-7f011165f000 r-xp 00000000 08:03 9708387                    /usr/lib/x86_64-linux-gnu/libvorbisfile.so.3.3.4
7f011165f000-7f011185e000 ---p 00007000 08:03 9708387                    /usr/lib/x86_64-linux-gnu/libvorbisfile.so.3.3.4
7f011185e000-7f011185f000 r--p 00006000 08:03 9708387                    /usr/lib/x86_64-linux-gnu/libvorbisfile.so.3.3.4
7f011185f000-7f0111860000 rw-p 00007000 08:03 9708387                    /usr/lib/x86_64-linux-gnu/libvorbisfile.so.3.3.4
7f0111860000-7f011186f000 r-xp 00000000 08:03 9707527                    /usr/lib/x86_64-linux-gnu/libcanberra.so.0.2.5
7f011186f000-7f0111a6e000 ---p 0000f000 08:03 9707527                    /usr/lib/x86_64-linux-gnu/libcanberra.so.0.2.5
7f0111a6e000-7f0111a6f000 r--p 0000e000 08:03 9707527                    /usr/lib/x86_64-linux-gnu/libcanberra.so.0.2.5
7f0111a6f000-7f0111a70000 rw-p 0000f000 08:03 9707527                    /usr/lib/x86_64-linux-gnu/libcanberra.so.0.2.5
7f0111a70000-7f0111a74000 r-xp 00000000 08:03 9707523                    /usr/lib/x86_64-linux-gnu/libcanberra-gtk.so.0.1.9
7f0111a74000-7f0111c73000 ---p 00004000 08:03 9707523                    /usr/lib/x86_64-linux-gnu/libcanberra-gtk.so.0.1.9
7f0111c73000-7f0111c74000 r--p 00003000 08:03 9707523                    /usr/lib/x86_64-linux-gnu/libcanberra-gtk.so.0.1.9
7f0111c74000-7f0111c75000 rw-p 00004000 08:03 9707523                    /usr/lib/x86_64-linux-gnu/libcanberra-gtk.so.0.1.9
7f0111c75000-7f0111c7a000 r-xp 00000000 08:03 10093783                   /usr/lib/x86_64-linux-gnu/gtk-2.0/modules/libcanberra-gtk-module.so
7f0111c7a000-7f0111e79000 ---p 00005000 08:03 10093783                   /usr/lib/x86_64-linux-gnu/gtk-2.0/modules/libcanberra-gtk-module.so
7f0111e79000-7f0111e7a000 r--p 00004000 08:03 10093783                   /usr/lib/x86_64-linux-gnu/gtk-2.0/modules/libcanberra-gtk-module.so
7f0111e7a000-7f0111e7b000 rw-p 00005000 08:03 10093783                   /usr/lib/x86_64-linux-gnu/gtk-2.0/modules/libcanberra-gtk-module.so
7f0111e7b000-7f0111eaa000 r-xp 00000000 08:03 10093765                   /usr/lib/x86_64-linux-gnu/gtk-2.0/2.10.0/engines/libmurrine.so
7f0111eaa000-7f01120aa000 ---p 0002f000 08:03 10093765                   /usr/lib/x86_64-linux-gnu/gtk-2.0/2.10.0/engines/libmurrine.so
7f01120aa000-7f01120ab000 r--p 0002f000 08:03 10093765                   /usr/lib/x86_64-linux-gnu/gtk-2.0/2.10.0/engines/libmurrine.so
7f01120ab000-7f01120ac000 rw-p 00030000 08:03 10093765                   /usr/lib/x86_64-linux-gnu/gtk-2.0/2.10.0/engines/libmurrine.so
7f01120ac000-7f01120bc000 r-xp 00000000 08:03 9708351                    /usr/lib/x86_64-linux-gnu/libunity-gtk2-parser.so.0.0.0
7f01120bc000-7f01122bb000 ---p 00010000 08:03 9708351                    /usr/lib/x86_64-linux-gnu/libunity-gtk2-parser.so.0.0.0
7f01122bb000-7f01122bc000 r--p 0000f000 08:03 9708351                    /usr/lib/x86_64-linux-gnu/libunity-gtk2-parser.so.0.0.0
7f01122bc000-7f01122bd000 rw-p 00010000 08:03 9708351                    /usr/lib/x86_64-linux-gnu/libunity-gtk2-parser.so.0.0.0
7f01122bd000-7f01122c2000 r-xp 00000000 08:03 10093787                   /usr/lib/x86_64-linux-gnu/gtk-2.0/modules/libunity-gtk-module.so
7f01122c2000-7f01124c1000 ---p 00005000 08:03 10093787                   /usr/lib/x86_64-linux-gnu/gtk-2.0/modules/libunity-gtk-module.so
7f01124c1000-7f01124c2000 r--p 00004000 08:03 10093787                   /usr/lib/x86_64-linux-gnu/gtk-2.0/modules/libunity-gtk-module.so
7f01124c2000-7f01124c3000 rw-p 00005000 08:03 10093787                   /usr/lib/x86_64-linux-gnu/gtk-2.0/modules/libunity-gtk-module.so
7f01124c3000-7f01124d4000 r-xp 00000000 08:03 10093786                   /usr/lib/x86_64-linux-gnu/gtk-2.0/modules/liboverlay-scrollbar.so
7f01124d4000-7f01126d3000 ---p 00011000 08:03 10093786                   /usr/lib/x86_64-linux-gnu/gtk-2.0/modules/liboverlay-scrollbar.so
7f01126d3000-7f01126d4000 r--p 00010000 08:03 10093786                   /usr/lib/x86_64-linux-gnu/gtk-2.0/modules/liboverlay-scrollbar.so
7f01126d4000-7f01126d5000 rw-p 00011000 08:03 10093786                   /usr/lib/x86_64-linux-gnu/gtk-2.0/modules/liboverlay-scrollbar.so
7f01126d5000-7f0112700000 r-xp 00000000 08:03 3937145                    /usr/lib/jvm/jre1.8.0_51/lib/amd64/libglass.so
7f0112700000-7f01128ff000 ---p 0002b000 08:03 3937145                    /usr/lib/jvm/jre1.8.0_51/lib/amd64/libglass.so
7f01128ff000-7f0112901000 r--p 0002a000 08:03 3937145                    /usr/lib/jvm/jre1.8.0_51/lib/amd64/libglass.so
7f0112901000-7f0112902000 rw-p 0002c000 08:03 3937145                    /usr/lib/jvm/jre1.8.0_51/lib/amd64/libglass.so
7f0112902000-7f0112903000 rw-p 00000000 00:00 0 
7f0112903000-7f011293a000 r-xp 00000000 08:03 9708334                    /usr/lib/x86_64-linux-gnu/libtxc_dxtn_s2tc.so.0.0.0
7f011293a000-7f0112b39000 ---p 00037000 08:03 9708334                    /usr/lib/x86_64-linux-gnu/libtxc_dxtn_s2tc.so.0.0.0
7f0112b39000-7f0112b3a000 r--p 00036000 08:03 9708334                    /usr/lib/x86_64-linux-gnu/libtxc_dxtn_s2tc.so.0.0.0
7f0112b3a000-7f0112b3b000 rw-p 00037000 08:03 9708334                    /usr/lib/x86_64-linux-gnu/libtxc_dxtn_s2tc.so.0.0.0
7f0112b3b000-7f0112b43000 r-xp 00000000 08:03 9708139                    /usr/lib/x86_64-linux-gnu/libpciaccess.so.0.11.1
7f0112b43000-7f0112d42000 ---p 00008000 08:03 9708139                    /usr/lib/x86_64-linux-gnu/libpciaccess.so.0.11.1
7f0112d42000-7f0112d43000 r--p 00007000 08:03 9708139                    /usr/lib/x86_64-linux-gnu/libpciaccess.so.0.11.1
7f0112d43000-7f0112d44000 rw-p 00008000 08:03 9708139                    /usr/lib/x86_64-linux-gnu/libpciaccess.so.0.11.1
7f0112d44000-7f0112d50000 r-xp 00000000 08:03 9710672                    /usr/lib/x86_64-linux-gnu/libdrm_radeon.so.1.0.1
7f0112d50000-7f0112f4f000 ---p 0000c000 08:03 9710672                    /usr/lib/x86_64-linux-gnu/libdrm_radeon.so.1.0.1
7f0112f4f000-7f0112f50000 r--p 0000b000 08:03 9710672                    /usr/lib/x86_64-linux-gnu/libdrm_radeon.so.1.0.1
7f0112f50000-7f0112f51000 rw-p 0000c000 08:03 9710672                    /usr/lib/x86_64-linux-gnu/libdrm_radeon.so.1.0.1
7f0112f51000-7f0112f57000 r-xp 00000000 08:03 9710669                    /usr/lib/x86_64-linux-gnu/libdrm_nouveau.so.2.0.0
7f0112f57000-7f0113156000 ---p 00006000 08:03 9710669                    /usr/lib/x86_64-linux-gnu/libdrm_nouveau.so.2.0.0
7f0113156000-7f0113157000 r--p 00005000 08:03 9710669                    /usr/lib/x86_64-linux-gnu/libdrm_nouveau.so.2.0.0
7f0113157000-7f0113158000 rw-p 00006000 08:03 9710669                    /usr/lib/x86_64-linux-gnu/libdrm_nouveau.so.2.0.0
7f0113158000-7f0113178000 r-xp 00000000 08:03 9710664                    /usr/lib/x86_64-linux-gnu/libdrm_intel.so.1.0.0
7f0113178000-7f0113377000 ---p 00020000 08:03 9710664                    /usr/lib/x86_64-linux-gnu/libdrm_intel.so.1.0.0
7f0113377000-7f0113378000 r--p 0001f000 08:03 9710664                    /usr/lib/x86_64-linux-gnu/libdrm_intel.so.1.0.0
7f0113378000-7f0113379000 rw-p 00020000 08:03 9710664                    /usr/lib/x86_64-linux-gnu/libdrm_intel.so.1.0.0
7f0113379000-7f0113881000 r-xp 00000000 08:03 10092866                   /usr/lib/x86_64-linux-gnu/dri/i965_dri.so
7f0113881000-7f0113a80000 ---p 00508000 08:03 10092866                   /usr/lib/x86_64-linux-gnu/dri/i965_dri.so
7f0113a80000-7f0113a9a000 r--p 00507000 08:03 10092866                   /usr/lib/x86_64-linux-gnu/dri/i965_dri.so
7f0113a9a000-7f0113aa0000 rw-p 00521000 08:03 10092866                   /usr/lib/x86_64-linux-gnu/dri/i965_dri.so
7f0113aa0000-7f0113aab000 rw-p 00000000 00:00 0 
7f0113aab000-7f0113aef000 r-xp 00000000 08:03 11276251                   /lib/x86_64-linux-gnu/libdbus-1.so.3.7.6
7f0113aef000-7f0113cee000 ---p 00044000 08:03 11276251                   /lib/x86_64-linux-gnu/libdbus-1.so.3.7.6
7f0113cee000-7f0113cef000 r--p 00043000 08:03 11276251                   /lib/x86_64-linux-gnu/libdbus-1.so.3.7.6
7f0113cef000-7f0113cf0000 rw-p 00044000 08:03 11276251                   /lib/x86_64-linux-gnu/libdbus-1.so.3.7.6
7f0113cf0000-7f0113cf8000 r-xp 00000000 08:03 11276299                   /lib/x86_64-linux-gnu/libnih-dbus.so.1.0.0
7f0113cf8000-7f0113ef8000 ---p 00008000 08:03 11276299                   /lib/x86_64-linux-gnu/libnih-dbus.so.1.0.0
7f0113ef8000-7f0113ef9000 r--p 00008000 08:03 11276299                   /lib/x86_64-linux-gnu/libnih-dbus.so.1.0.0
7f0113ef9000-7f0113efa000 rw-p 00009000 08:03 11276299                   /lib/x86_64-linux-gnu/libnih-dbus.so.1.0.0
7f0113efa000-7f0113f11000 r-xp 00000000 08:03 11276301                   /lib/x86_64-linux-gnu/libnih.so.1.0.0
7f0113f11000-7f0114110000 ---p 00017000 08:03 11276301                   /lib/x86_64-linux-gnu/libnih.so.1.0.0
7f0114110000-7f0114111000 r--p 00016000 08:03 11276301                   /lib/x86_64-linux-gnu/libnih.so.1.0.0
7f0114111000-7f0114112000 rw-p 00017000 08:03 11276301                   /lib/x86_64-linux-gnu/libnih.so.1.0.0
7f0114112000-7f011412b000 r-xp 00000000 08:03 11276242                   /lib/x86_64-linux-gnu/libcgmanager.so.0.0.0
7f011412b000-7f011432a000 ---p 00019000 08:03 11276242                   /lib/x86_64-linux-gnu/libcgmanager.so.0.0.0
7f011432a000-7f011432c000 r--p 00018000 08:03 11276242                   /lib/x86_64-linux-gnu/libcgmanager.so.0.0.0
7f011432c000-7f011432d000 rw-p 0001a000 08:03 11276242                   /lib/x86_64-linux-gnu/libcgmanager.so.0.0.0
7f011432d000-7f011433d000 r-xp 00000000 08:03 11276384                   /lib/x86_64-linux-gnu/libudev.so.1.3.5
7f011433d000-7f011453c000 ---p 00010000 08:03 11276384                   /lib/x86_64-linux-gnu/libudev.so.1.3.5
7f011453c000-7f011453d000 r--p 0000f000 08:03 11276384                   /lib/x86_64-linux-gnu/libudev.so.1.3.5
7f011453d000-7f011453e000 rw-p 00010000 08:03 11276384                   /lib/x86_64-linux-gnu/libudev.so.1.3.5
7f011453e000-7f0114544000 r-xp 00000000 08:03 9707591                    /usr/lib/x86_64-linux-gnu/libdatrie.so.1.3.1
7f0114544000-7f0114743000 ---p 00006000 08:03 9707591                    /usr/lib/x86_64-linux-gnu/libdatrie.so.1.3.1
7f0114743000-7f0114744000 r--p 00005000 08:03 9707591                    /usr/lib/x86_64-linux-gnu/libdatrie.so.1.3.1
7f0114744000-7f0114745000 rw-p 00006000 08:03 9707591                    /usr/lib/x86_64-linux-gnu/libdatrie.so.1.3.1
7f0114745000-7f011474a000 r-xp 00000000 08:03 9707399                    /usr/lib/x86_64-linux-gnu/libXdmcp.so.6.0.0
7f011474a000-7f0114949000 ---p 00005000 08:03 9707399                    /usr/lib/x86_64-linux-gnu/libXdmcp.so.6.0.0
7f0114949000-7f011494a000 r--p 00004000 08:03 9707399                    /usr/lib/x86_64-linux-gnu/libXdmcp.so.6.0.0
7f011494a000-7f011494b000 rw-p 00005000 08:03 9707399                    /usr/lib/x86_64-linux-gnu/libXdmcp.so.6.0.0
7f011494b000-7f011494d000 r-xp 00000000 08:03 9707388                    /usr/lib/x86_64-linux-gnu/libXau.so.6.0.0
7f011494d000-7f0114b4d000 ---p 00002000 08:03 9707388                    /usr/lib/x86_64-linux-gnu/libXau.so.6.0.0
7f0114b4d000-7f0114b4e000 r--p 00002000 08:03 9707388                    /usr/lib/x86_64-linux-gnu/libXau.so.6.0.0
7f0114b4e000-7f0114b4f000 rw-p 00003000 08:03 9707388                    /usr/lib/x86_64-linux-gnu/libXau.so.6.0.0
7f0114b4f000-7f0114b69000 r-xp 00000000 08:03 9707817                    /usr/lib/x86_64-linux-gnu/libgraphite2.so.3.0.1
7f0114b69000-7f0114d68000 ---p 0001a000 08:03 9707817                    /usr/lib/x86_64-linux-gnu/libgraphite2.so.3.0.1
7f0114d68000-7f0114d6a000 r--p 00019000 08:03 9707817                    /usr/lib/x86_64-linux-gnu/libgraphite2.so.3.0.1
7f0114d6a000-7f0114d6b000 rw-p 0001b000 08:03 9707817                    /usr/lib/x86_64-linux-gnu/libgraphite2.so.3.0.1
7f0114d6b000-7f0114d76000 r-xp 00000000 08:03 9703857                    /usr/lib/x86_64-linux-gnu/libdrm.so.2.4.0
7f0114d76000-7f0114f75000 ---p 0000b000 08:03 9703857                    /usr/lib/x86_64-linux-gnu/libdrm.so.2.4.0
7f0114f75000-7f0114f76000 r--p 0000a000 08:03 9703857                    /usr/lib/x86_64-linux-gnu/libdrm.so.2.4.0
7f0114f76000-7f0114f77000 rw-p 0000b000 08:03 9703857                    /usr/lib/x86_64-linux-gnu/libdrm.so.2.4.0
7f0114f77000-7f0114f78000 r-xp 00000000 08:03 9708466                    /usr/lib/x86_64-linux-gnu/libxshmfence.so.1.0.0
7f0114f78000-7f0115177000 ---p 00001000 08:03 9708466                    /usr/lib/x86_64-linux-gnu/libxshmfence.so.1.0.0
7f0115177000-7f0115178000 r--p 00000000 08:03 9708466                    /usr/lib/x86_64-linux-gnu/libxshmfence.so.1.0.0
7f0115178000-7f0115179000 rw-p 00001000 08:03 9708466                    /usr/lib/x86_64-linux-gnu/libxshmfence.so.1.0.0
7f0115179000-7f011517e000 r-xp 00000000 08:03 9708448                    /usr/lib/x86_64-linux-gnu/libxcb-sync.so.1.0.0
7f011517e000-7f011537d000 ---p 00005000 08:03 9708448                    /usr/lib/x86_64-linux-gnu/libxcb-sync.so.1.0.0
7f011537d000-7f011537e000 r--p 00004000 08:03 9708448                    /usr/lib/x86_64-linux-gnu/libxcb-sync.so.1.0.0
7f011537e000-7f011537f000 rw-p 00005000 08:03 9708448                    /usr/lib/x86_64-linux-gnu/libxcb-sync.so.1.0.0
7f011537f000-7f0115381000 r-xp 00000000 08:03 9708436                    /usr/lib/x86_64-linux-gnu/libxcb-present.so.0.0.0
7f0115381000-7f0115580000 ---p 00002000 08:03 9708436                    /usr/lib/x86_64-linux-gnu/libxcb-present.so.0.0.0
7f0115580000-7f0115581000 r--p 00001000 08:03 9708436                    /usr/lib/x86_64-linux-gnu/libxcb-present.so.0.0.0
7f0115581000-7f0115582000 rw-p 00002000 08:03 9708436                    /usr/lib/x86_64-linux-gnu/libxcb-present.so.0.0.0
7f0115582000-7f0115584000 r-xp 00000000 08:03 9708426                    /usr/lib/x86_64-linux-gnu/libxcb-dri3.so.0.0.0
7f0115584000-7f0115783000 ---p 00002000 08:03 9708426                    /usr/lib/x86_64-linux-gnu/libxcb-dri3.so.0.0.0
7f0115783000-7f0115784000 r--p 00001000 08:03 9708426                    /usr/lib/x86_64-linux-gnu/libxcb-dri3.so.0.0.0
7f0115784000-7f0115785000 rw-p 00002000 08:03 9708426                    /usr/lib/x86_64-linux-gnu/libxcb-dri3.so.0.0.0
7f0115785000-7f0115788000 r-xp 00000000 08:03 9708424                    /usr/lib/x86_64-linux-gnu/libxcb-dri2.so.0.0.0
7f0115788000-7f0115988000 ---p 00003000 08:03 9708424                    /usr/lib/x86_64-linux-gnu/libxcb-dri2.so.0.0.0
7f0115988000-7f0115989000 r--p 00003000 08:03 9708424                    /usr/lib/x86_64-linux-gnu/libxcb-dri2.so.0.0.0
7f0115989000-7f011598a000 rw-p 00004000 08:03 9708424                    /usr/lib/x86_64-linux-gnu/libxcb-dri2.so.0.0.0
7f011598a000-7f011599f000 r-xp 00000000 08:03 9708428                    /usr/lib/x86_64-linux-gnu/libxcb-glx.so.0.0.0
7f011599f000-7f0115b9e000 ---p 00015000 08:03 9708428                    /usr/lib/x86_64-linux-gnu/libxcb-glx.so.0.0.0
7f0115b9e000-7f0115ba0000 r--p 00014000 08:03 9708428                    /usr/lib/x86_64-linux-gnu/libxcb-glx.so.0.0.0
7f0115ba0000-7f0115ba1000 rw-p 00016000 08:03 9708428                    /usr/lib/x86_64-linux-gnu/libxcb-glx.so.0.0.0
7f0115ba1000-7f0115ba2000 r-xp 00000000 08:03 9707382                    /usr/lib/x86_64-linux-gnu/libX11-xcb.so.1.0.0
7f0115ba2000-7f0115da1000 ---p 00001000 08:03 9707382                    /usr/lib/x86_64-linux-gnu/libX11-xcb.so.1.0.0
7f0115da1000-7f0115da2000 r--p 00000000 08:03 9707382                    /usr/lib/x86_64-linux-gnu/libX11-xcb.so.1.0.0
7f0115da2000-7f0115da3000 rw-p 00001000 08:03 9707382                    /usr/lib/x86_64-linux-gnu/libX11-xcb.so.1.0.0
7f0115da3000-7f0115dc7000 r-xp 00000000 08:03 9707775                    /usr/lib/x86_64-linux-gnu/libglapi.so.0.0.0
7f0115dc7000-7f0115fc7000 ---p 00024000 08:03 9707775                    /usr/lib/x86_64-linux-gnu/libglapi.so.0.0.0
7f0115fc7000-7f0115fca000 r--p 00024000 08:03 9707775                    /usr/lib/x86_64-linux-gnu/libglapi.so.0.0.0
7f0115fca000-7f0115fcb000 rw-p 00027000 08:03 9707775                    /usr/lib/x86_64-linux-gnu/libglapi.so.0.0.0
7f0115fcb000-7f0115fcc000 rw-p 00000000 00:00 0 
7f0115fcc000-7f0116009000 r-xp 00000000 08:03 11276290                   /lib/x86_64-linux-gnu/libpcre.so.3.13.1
7f0116009000-7f0116208000 ---p 0003d000 08:03 11276290                   /lib/x86_64-linux-gnu/libpcre.so.3.13.1
7f0116208000-7f0116209000 r--p 0003c000 08:03 11276290                   /lib/x86_64-linux-gnu/libpcre.so.3.13.1
7f0116209000-7f011620a000 rw-p 0003d000 08:03 11276290                   /lib/x86_64-linux-gnu/libpcre.so.3.13.1
7f011620a000-7f0116211000 r-xp 00000000 08:03 9707670                    /usr/lib/x86_64-linux-gnu/libffi.so.6.0.1
7f0116211000-7f0116410000 ---p 00007000 08:03 9707670                    /usr/lib/x86_64-linux-gnu/libffi.so.6.0.1
7f0116410000-7f0116411000 r--p 00006000 08:03 9707670                    /usr/lib/x86_64-linux-gnu/libffi.so.6.0.1
7f0116411000-7f0116412000 rw-p 00007000 08:03 9707670                    /usr/lib/x86_64-linux-gnu/libffi.so.6.0.1
7f0116412000-7f0116439000 r-xp 00000000 08:03 11280221                   /lib/x86_64-linux-gnu/libexpat.so.1.6.0
7f0116439000-7f0116639000 ---p 00027000 08:03 11280221                   /lib/x86_64-linux-gnu/libexpat.so.1.6.0
7f0116639000-7f011663b000 r--p 00027000 08:03 11280221                   /lib/x86_64-linux-gnu/libexpat.so.1.6.0
7f011663b000-7f011663c000 rw-p 00029000 08:03 11280221                   /lib/x86_64-linux-gnu/libexpat.so.1.6.0
7f011663c000-7f0116644000 r-xp 00000000 08:03 9708314                    /usr/lib/x86_64-linux-gnu/libthai.so.0.2.0
7f0116644000-7f0116843000 ---p 00008000 08:03 9708314                    /usr/lib/x86_64-linux-gnu/libthai.so.0.2.0
7f0116843000-7f0116844000 r--p 00007000 08:03 9708314                    /usr/lib/x86_64-linux-gnu/libthai.so.0.2.0
7f0116844000-7f0116845000 rw-p 00008000 08:03 9708314                    /usr/lib/x86_64-linux-gnu/libthai.so.0.2.0
7f0116845000-7f0116862000 r-xp 00000000 08:03 9708456                    /usr/lib/x86_64-linux-gnu/libxcb.so.1.1.0
7f0116862000-7f0116a62000 ---p 0001d000 08:03 9708456                    /usr/lib/x86_64-linux-gnu/libxcb.so.1.1.0
7f0116a62000-7f0116a63000 r--p 0001d000 08:03 9708456                    /usr/lib/x86_64-linux-gnu/libxcb.so.1.1.0
7f0116a63000-7f0116a64000 rw-p 0001e000 08:03 9708456                    /usr/lib/x86_64-linux-gnu/libxcb.so.1.1.0
7f0116a64000-7f0116a6c000 r-xp 00000000 08:03 9708442                    /usr/lib/x86_64-linux-gnu/libxcb-render.so.0.0.0
7f0116a6c000-7f0116c6b000 ---p 00008000 08:03 9708442                    /usr/lib/x86_64-linux-gnu/libxcb-render.so.0.0.0
7f0116c6b000-7f0116c6c000 r--p 00007000 08:03 9708442                    /usr/lib/x86_64-linux-gnu/libxcb-render.so.0.0.0
7f0116c6c000-7f0116c6d000 rw-p 00008000 08:03 9708442                    /usr/lib/x86_64-linux-gnu/libxcb-render.so.0.0.0
7f0116c6d000-7f0116c6f000 r-xp 00000000 08:03 9708446                    /usr/lib/x86_64-linux-gnu/libxcb-shm.so.0.0.0
7f0116c6f000-7f0116e6e000 ---p 00002000 08:03 9708446                    /usr/lib/x86_64-linux-gnu/libxcb-shm.so.0.0.0
7f0116e6e000-7f0116e6f000 r--p 00001000 08:03 9708446                    /usr/lib/x86_64-linux-gnu/libxcb-shm.so.0.0.0
7f0116e6f000-7f0116e70000 rw-p 00002000 08:03 9708446                    /usr/lib/x86_64-linux-gnu/libxcb-shm.so.0.0.0
7f0116e70000-7f0116e95000 r-xp 00000000 08:03 11276352                   /lib/x86_64-linux-gnu/libpng12.so.0.50.0
7f0116e95000-7f0117094000 ---p 00025000 08:03 11276352                   /lib/x86_64-linux-gnu/libpng12.so.0.50.0
7f0117094000-7f0117095000 r--p 00024000 08:03 11276352                   /lib/x86_64-linux-gnu/libpng12.so.0.50.0
7f0117095000-7f0117096000 rw-p 00025000 08:03 11276352                   /lib/x86_64-linux-gnu/libpng12.so.0.50.0
7f0117096000-7f0117137000 r-xp 00000000 08:03 9708146                    /usr/lib/x86_64-linux-gnu/libpixman-1.so.0.30.2
7f0117137000-7f0117337000 ---p 000a1000 08:03 9708146                    /usr/lib/x86_64-linux-gnu/libpixman-1.so.0.30.2
7f0117337000-7f011733e000 r--p 000a1000 08:03 9708146                    /usr/lib/x86_64-linux-gnu/libpixman-1.so.0.30.2
7f011733e000-7f011733f000 rw-p 000a8000 08:03 9708146                    /usr/lib/x86_64-linux-gnu/libpixman-1.so.0.30.2
7f011733f000-7f0117392000 r-xp 00000000 08:03 9707930                    /usr/lib/x86_64-linux-gnu/libharfbuzz.so.0.927.0
7f0117392000-7f0117592000 ---p 00053000 08:03 9707930                    /usr/lib/x86_64-linux-gnu/libharfbuzz.so.0.927.0
7f0117592000-7f0117593000 r--p 00053000 08:03 9707930                    /usr/lib/x86_64-linux-gnu/libharfbuzz.so.0.927.0
7f0117593000-7f0117594000 rw-p 00054000 08:03 9707930                    /usr/lib/x86_64-linux-gnu/libharfbuzz.so.0.927.0
7f0117594000-7f01175ab000 r-xp 00000000 08:03 11283434                   /lib/x86_64-linux-gnu/libresolv-2.19.so
7f01175ab000-7f01177ab000 ---p 00017000 08:03 11283434                   /lib/x86_64-linux-gnu/libresolv-2.19.so
7f01177ab000-7f01177ac000 r--p 00017000 08:03 11283434                   /lib/x86_64-linux-gnu/libresolv-2.19.so
7f01177ac000-7f01177ad000 rw-p 00018000 08:03 11283434                   /lib/x86_64-linux-gnu/libresolv-2.19.so
7f01177ad000-7f01177af000 rw-p 00000000 00:00 0 
7f01177af000-7f01177cf000 r-xp 00000000 08:03 11276367                   /lib/x86_64-linux-gnu/libselinux.so.1
7f01177cf000-7f01179ce000 ---p 00020000 08:03 11276367                   /lib/x86_64-linux-gnu/libselinux.so.1
7f01179ce000-7f01179cf000 r--p 0001f000 08:03 11276367                   /lib/x86_64-linux-gnu/libselinux.so.1
7f01179cf000-7f01179d0000 rw-p 00020000 08:03 11276367                   /lib/x86_64-linux-gnu/libselinux.so.1
7f01179d0000-7f01179d2000 rw-p 00000000 00:00 0 
7f01179d2000-7f01179ea000 r-xp 00000000 08:03 11276400                   /lib/x86_64-linux-gnu/libz.so.1.2.8
7f01179ea000-7f0117be9000 ---p 00018000 08:03 11276400                   /lib/x86_64-linux-gnu/libz.so.1.2.8
7f0117be9000-7f0117bea000 r--p 00017000 08:03 11276400                   /lib/x86_64-linux-gnu/libz.so.1.2.8
7f0117bea000-7f0117beb000 rw-p 00018000 08:03 11276400                   /lib/x86_64-linux-gnu/libz.so.1.2.8
7f0117beb000-7f0117bfc000 r-xp 00000000 08:03 9705975                    /usr/lib/x86_64-linux-gnu/libXext.so.6.4.0
7f0117bfc000-7f0117dfb000 ---p 00011000 08:03 9705975                    /usr/lib/x86_64-linux-gnu/libXext.so.6.4.0
7f0117dfb000-7f0117dfc000 r--p 00010000 08:03 9705975                    /usr/lib/x86_64-linux-gnu/libXext.so.6.4.0
7f0117dfc000-7f0117dfd000 rw-p 00011000 08:03 9705975                    /usr/lib/x86_64-linux-gnu/libXext.so.6.4.0
7f0117dfd000-7f0117dff000 r-xp 00000000 08:03 9707397                    /usr/lib/x86_64-linux-gnu/libXdamage.so.1.1.0
7f0117dff000-7f0117ffe000 ---p 00002000 08:03 9707397                    /usr/lib/x86_64-linux-gnu/libXdamage.so.1.1.0
7f0117ffe000-7f0117fff000 r--p 00001000 08:03 9707397                    /usr/lib/x86_64-linux-gnu/libXdamage.so.1.1.0
7f0117fff000-7f0118000000 rw-p 00002000 08:03 9707397                    /usr/lib/x86_64-linux-gnu/libXdamage.so.1.1.0
7f0118000000-7f0119e02000 rw-p 00000000 00:00 0 
7f0119e02000-7f011c000000 ---p 00000000 00:00 0 
7f011c000000-7f011c001000 rw-s 00000000 00:04 111312                     /drm mm object (deleted)
7f011c001000-7f011c002000 rw-s 00000000 00:04 111322                     /drm mm object (deleted)
7f011c002000-7f011c007000 r--s 00083000 08:03 3937215                    /usr/lib/jvm/jre1.8.0_51/lib/jfr.jar
7f011c007000-7f011c008000 r--s 00000000 08:03 526163                     /var/cache/fontconfig/c05880de57d1f5e948fdfacc138775d9-le64.cache-4
7f011c008000-7f011c00a000 r--s 00000000 08:03 527549                     /var/cache/fontconfig/99e8ed0e538f840c565b6ed5dad60d56-le64.cache-4
7f011c00a000-7f011c013000 r--s 00000000 08:03 526799                     /var/cache/fontconfig/a6d8cf8e4ec09cdbc8633c31745a07dd-le64.cache-4
7f011c013000-7f011c019000 r--s 00000000 08:03 526143                     /var/cache/fontconfig/2cd17615ca594fa2959ae173292e504c-le64.cache-4
7f011c019000-7f011c01a000 r--s 00000000 08:03 526173                     /var/cache/fontconfig/e7071f4a29fa870f4323321c154eba04-le64.cache-4
7f011c01a000-7f011c01b000 r--s 00000000 08:03 526140                     /var/cache/fontconfig/0d8c3b2ac0904cb8a57a757ad11a4a08-le64.cache-4
7f011c01b000-7f011c022000 r--s 00000000 08:03 526160                     /var/cache/fontconfig/a755afe4a08bf5b97852ceb7400b47bc-le64.cache-4
7f011c022000-7f011c036000 r--s 00000000 08:03 526138                     /var/cache/fontconfig/04aabc0a78ac019cf9454389977116d2-le64.cache-4
7f011c036000-7f011c037000 r--s 00000000 08:03 526142                     /var/cache/fontconfig/1ac9eb803944fde146138c791f5cc56a-le64.cache-4
7f011c037000-7f011c03b000 r--s 00000000 08:03 526146                     /var/cache/fontconfig/385c0604a188198f04d133e54aba7fe7-le64.cache-4
7f011c03b000-7f011c03d000 r--s 00000000 08:03 526154                     /var/cache/fontconfig/767a8244fc0220cfb567a839d0392e0b-le64.cache-4
7f011c03d000-7f011c043000 r--s 00000000 08:03 526798                     /var/cache/fontconfig/8801497958630a81b71ace7c5f9b32a8-le64.cache-4
7f011c043000-7f011c07e000 r--s 00000000 08:03 526450                     /var/cache/fontconfig/365b55f210c0a22e9a19e35191240f32-le64.cache-4
7f011c07e000-7f011c085000 r--s 00000000 08:03 526144                     /var/cache/fontconfig/3047814df9a2f067bd2d96a2b9c36e5a-le64.cache-4
7f011c085000-7f011c08b000 r--s 00000000 08:03 526161                     /var/cache/fontconfig/b47c4e1ecd0709278f4910c18777a504-le64.cache-4
7f011c08b000-7f011c094000 r--s 00000000 08:03 527548                     /var/cache/fontconfig/52f7bdb7ce746bfd7eaa1985bd9cfa93-le64.cache-4
7f011c094000-7f011c0a7000 r--s 00000000 08:03 526167                     /var/cache/fontconfig/d52a8644073d54c13679302ca1180695-le64.cache-4
7f011c0a7000-7f011c0b0000 r--s 00000000 08:03 527397                     /var/cache/fontconfig/3f7329c5293ffd510edef78f73874cfd-le64.cache-4
7f011c0b0000-7f011c0bb000 r--s 00000000 08:03 529955                     /var/cache/fontconfig/d589a48862398ed80a3d6066f4f56f4c-le64.cache-4
7f011c0bb000-7f011c0bd000 r-xp 00000000 08:03 9707393                    /usr/lib/x86_64-linux-gnu/libXcomposite.so.1.0.0
7f011c0bd000-7f011c2bc000 ---p 00002000 08:03 9707393                    /usr/lib/x86_64-linux-gnu/libXcomposite.so.1.0.0
7f011c2bc000-7f011c2bd000 r--p 00001000 08:03 9707393                    /usr/lib/x86_64-linux-gnu/libXcomposite.so.1.0.0
7f011c2bd000-7f011c2be000 rw-p 00002000 08:03 9707393                    /usr/lib/x86_64-linux-gnu/libXcomposite.so.1.0.0
7f011c2be000-7f011c2c7000 r-xp 00000000 08:03 9707395                    /usr/lib/x86_64-linux-gnu/libXcursor.so.1.0.2
7f011c2c7000-7f011c4c6000 ---p 00009000 08:03 9707395                    /usr/lib/x86_64-linux-gnu/libXcursor.so.1.0.2
7f011c4c6000-7f011c4c7000 r--p 00008000 08:03 9707395                    /usr/lib/x86_64-linux-gnu/libXcursor.so.1.0.2
7f011c4c7000-7f011c4c8000 rw-p 00009000 08:03 9707395                    /usr/lib/x86_64-linux-gnu/libXcursor.so.1.0.2
7f011c4c8000-7f011c4d1000 r-xp 00000000 08:03 9707421                    /usr/lib/x86_64-linux-gnu/libXrandr.so.2.2.0
7f011c4d1000-7f011c6d0000 ---p 00009000 08:03 9707421                    /usr/lib/x86_64-linux-gnu/libXrandr.so.2.2.0
7f011c6d0000-7f011c6d1000 r--p 00008000 08:03 9707421                    /usr/lib/x86_64-linux-gnu/libXrandr.so.2.2.0
7f011c6d1000-7f011c6d2000 rw-p 00009000 08:03 9707421                    /usr/lib/x86_64-linux-gnu/libXrandr.so.2.2.0
7f011c6d2000-7f011c6e1000 r-xp 00000000 08:03 9706596                    /usr/lib/x86_64-linux-gnu/libXi.so.6.1.0
7f011c6e1000-7f011c8e0000 ---p 0000f000 08:03 9706596                    /usr/lib/x86_64-linux-gnu/libXi.so.6.1.0
7f011c8e0000-7f011c8e1000 r--p 0000e000 08:03 9706596                    /usr/lib/x86_64-linux-gnu/libXi.so.6.1.0
7f011c8e1000-7f011c8e2000 rw-p 0000f000 08:03 9706596                    /usr/lib/x86_64-linux-gnu/libXi.so.6.1.0
7f011c8e2000-7f011c8e4000 r-xp 00000000 08:03 9707411                    /usr/lib/x86_64-linux-gnu/libXinerama.so.1.0.0
7f011c8e4000-7f011cae3000 ---p 00002000 08:03 9707411                    /usr/lib/x86_64-linux-gnu/libXinerama.so.1.0.0
7f011cae3000-7f011cae4000 r--p 00001000 08:03 9707411                    /usr/lib/x86_64-linux-gnu/libXinerama.so.1.0.0
7f011cae4000-7f011cae5000 rw-p 00002000 08:03 9707411                    /usr/lib/x86_64-linux-gnu/libXinerama.so.1.0.0
7f011cae5000-7f011caee000 r-xp 00000000 08:03 9706586                    /usr/lib/x86_64-linux-gnu/libXrender.so.1.3.0
7f011caee000-7f011cced000 ---p 00009000 08:03 9706586                    /usr/lib/x86_64-linux-gnu/libXrender.so.1.3.0
7f011cced000-7f011ccee000 r--p 00008000 08:03 9706586                    /usr/lib/x86_64-linux-gnu/libXrender.so.1.3.0
7f011ccee000-7f011ccef000 rw-p 00009000 08:03 9706586                    /usr/lib/x86_64-linux-gnu/libXrender.so.1.3.0
7f011ccef000-7f011ccf4000 r-xp 00000000 08:03 9710704                    /usr/lib/x86_64-linux-gnu/libXfixes.so.3.1.0
7f011ccf4000-7f011cef3000 ---p 00005000 08:03 9710704                    /usr/lib/x86_64-linux-gnu/libXfixes.so.3.1.0
7f011cef3000-7f011cef4000 r--p 00004000 08:03 9710704                    /usr/lib/x86_64-linux-gnu/libXfixes.so.3.1.0
7f011cef4000-7f011cef5000 rw-p 00005000 08:03 9710704                    /usr/lib/x86_64-linux-gnu/libXfixes.so.3.1.0
7f011cef5000-7f011cf0b000 r-xp 00000000 08:03 11276264                   /lib/x86_64-linux-gnu/libgcc_s.so.1
7f011cf0b000-7f011d10a000 ---p 00016000 08:03 11276264                   /lib/x86_64-linux-gnu/libgcc_s.so.1
7f011d10a000-7f011d10b000 rw-p 00015000 08:03 11276264                   /lib/x86_64-linux-gnu/libgcc_s.so.1
7f011d10b000-7f011d1f1000 r-xp 00000000 08:03 9703313                    /usr/lib/x86_64-linux-gnu/libstdc++.so.6.0.19
7f011d1f1000-7f011d3f0000 ---p 000e6000 08:03 9703313                    /usr/lib/x86_64-linux-gnu/libstdc++.so.6.0.19
7f011d3f0000-7f011d3f8000 r--p 000e5000 08:03 9703313                    /usr/lib/x86_64-linux-gnu/libstdc++.so.6.0.19
7f011d3f8000-7f011d3fa000 rw-p 000ed000 08:03 9703313                    /usr/lib/x86_64-linux-gnu/libstdc++.so.6.0.19
7f011d3fa000-7f011d40f000 rw-p 00000000 00:00 0 
7f011d40f000-7f011d49b000 r-xp 00000000 08:03 10093974                   /usr/lib/x86_64-linux-gnu/mesa/libGL.so.1.2.0
7f011d49b000-7f011d69a000 ---p 0008c000 08:03 10093974                   /usr/lib/x86_64-linux-gnu/mesa/libGL.so.1.2.0
7f011d69a000-7f011d69d000 r--p 0008b000 08:03 10093974                   /usr/lib/x86_64-linux-gnu/mesa/libGL.so.1.2.0
7f011d69d000-7f011d69e000 rw-p 0008e000 08:03 10093974                   /usr/lib/x86_64-linux-gnu/mesa/libGL.so.1.2.0
7f011d69e000-7f011d69f000 rw-p 00000000 00:00 0 
7f011d69f000-7f011d6a3000 r-xp 00000000 08:03 9707439                    /usr/lib/x86_64-linux-gnu/libXxf86vm.so.1.0.0
7f011d6a3000-7f011d8a3000 ---p 00004000 08:03 9707439                    /usr/lib/x86_64-linux-gnu/libXxf86vm.so.1.0.0
7f011d8a3000-7f011d8a4000 r--p 00004000 08:03 9707439                    /usr/lib/x86_64-linux-gnu/libXxf86vm.so.1.0.0
7f011d8a4000-7f011d8a5000 rw-p 00005000 08:03 9707439                    /usr/lib/x86_64-linux-gnu/libXxf86vm.so.1.0.0
7f011d8a5000-7f011d9d5000 r-xp 00000000 08:03 9707384                    /usr/lib/x86_64-linux-gnu/libX11.so.6.3.0
7f011d9d5000-7f011dbd5000 ---p 00130000 08:03 9707384                    /usr/lib/x86_64-linux-gnu/libX11.so.6.3.0
7f011dbd5000-7f011dbd6000 r--p 00130000 08:03 9707384                    /usr/lib/x86_64-linux-gnu/libX11.so.6.3.0
7f011dbd6000-7f011dbda000 rw-p 00131000 08:03 9707384                    /usr/lib/x86_64-linux-gnu/libX11.so.6.3.0
7f011dbda000-7f011dbdf000 r-xp 00000000 08:03 9707429                    /usr/lib/x86_64-linux-gnu/libXtst.so.6.1.0
7f011dbdf000-7f011ddde000 ---p 00005000 08:03 9707429                    /usr/lib/x86_64-linux-gnu/libXtst.so.6.1.0
7f011ddde000-7f011dddf000 r--p 00004000 08:03 9707429                    /usr/lib/x86_64-linux-gnu/libXtst.so.6.1.0
7f011dddf000-7f011dde0000 rw-p 00005000 08:03 9707429                    /usr/lib/x86_64-linux-gnu/libXtst.so.6.1.0
7f011dde0000-7f011dee6000 r-xp 00000000 08:03 11276268                   /lib/x86_64-linux-gnu/libglib-2.0.so.0.4002.0
7f011dee6000-7f011e0e5000 ---p 00106000 08:03 11276268                   /lib/x86_64-linux-gnu/libglib-2.0.so.0.4002.0
7f011e0e5000-7f011e0e6000 r--p 00105000 08:03 11276268                   /lib/x86_64-linux-gnu/libglib-2.0.so.0.4002.0
7f011e0e6000-7f011e0e7000 rw-p 00106000 08:03 11276268                   /lib/x86_64-linux-gnu/libglib-2.0.so.0.4002.0
7f011e0e7000-7f011e0e8000 rw-p 00000000 00:00 0 
7f011e0e8000-7f011e0e9000 r-xp 00000000 08:03 9707906                    /usr/lib/x86_64-linux-gnu/libgthread-2.0.so.0.4002.0
7f011e0e9000-7f011e2e8000 ---p 00001000 08:03 9707906                    /usr/lib/x86_64-linux-gnu/libgthread-2.0.so.0.4002.0
7f011e2e8000-7f011e2e9000 r--p 00000000 08:03 9707906                    /usr/lib/x86_64-linux-gnu/libgthread-2.0.so.0.4002.0
7f011e2e9000-7f011e2ea000 rw-p 00001000 08:03 9707906                    /usr/lib/x86_64-linux-gnu/libgthread-2.0.so.0.4002.0
7f011e2ea000-7f011e2ed000 r-xp 00000000 08:03 9707783                    /usr/lib/x86_64-linux-gnu/libgmodule-2.0.so.0.4002.0
7f011e2ed000-7f011e4ec000 ---p 00003000 08:03 9707783                    /usr/lib/x86_64-linux-gnu/libgmodule-2.0.so.0.4002.0
7f011e4ec000-7f011e4ed000 r--p 00002000 08:03 9707783                    /usr/lib/x86_64-linux-gnu/libgmodule-2.0.so.0.4002.0
7f011e4ed000-7f011e4ee000 rw-p 00003000 08:03 9707783                    /usr/lib/x86_64-linux-gnu/libgmodule-2.0.so.0.4002.0
7f011e4ee000-7f011e53d000 r-xp 00000000 08:03 9707799                    /usr/lib/x86_64-linux-gnu/libgobject-2.0.so.0.4002.0
7f011e53d000-7f011e73d000 ---p 0004f000 08:03 9707799                    /usr/lib/x86_64-linux-gnu/libgobject-2.0.so.0.4002.0
7f011e73d000-7f011e73e000 r--p 0004f000 08:03 9707799                    /usr/lib/x86_64-linux-gnu/libgobject-2.0.so.0.4002.0
7f011e73e000-7f011e73f000 rw-p 00050000 08:03 9707799                    /usr/lib/x86_64-linux-gnu/libgobject-2.0.so.0.4002.0
7f011e73f000-7f011e779000 r-xp 00000000 08:03 9707684                    /usr/lib/x86_64-linux-gnu/libfontconfig.so.1.8.0
7f011e779000-7f011e978000 ---p 0003a000 08:03 9707684                    /usr/lib/x86_64-linux-gnu/libfontconfig.so.1.8.0
7f011e978000-7f011e97a000 r--p 00039000 08:03 9707684                    /usr/lib/x86_64-linux-gnu/libfontconfig.so.1.8.0
7f011e97a000-7f011e97b000 rw-p 0003b000 08:03 9707684                    /usr/lib/x86_64-linux-gnu/libfontconfig.so.1.8.0
7f011e97b000-7f011ea18000 r-xp 00000000 08:03 9718020                    /usr/lib/x86_64-linux-gnu/libfreetype.so.6.11.1
7f011ea18000-7f011ec17000 ---p 0009d000 08:03 9718020                    /usr/lib/x86_64-linux-gnu/libfreetype.so.6.11.1
7f011ec17000-7f011ec1d000 r--p 0009c000 08:03 9718020                    /usr/lib/x86_64-linux-gnu/libfreetype.so.6.11.1
7f011ec1d000-7f011ec1e000 rw-p 000a2000 08:03 9718020                    /usr/lib/x86_64-linux-gnu/libfreetype.so.6.11.1
7f011ec1e000-7f011ec68000 r-xp 00000000 08:03 9708123                    /usr/lib/x86_64-linux-gnu/libpango-1.0.so.0.3600.3
7f011ec68000-7f011ee68000 ---p 0004a000 08:03 9708123                    /usr/lib/x86_64-linux-gnu/libpango-1.0.so.0.3600.3
7f011ee68000-7f011ee6a000 r--p 0004a000 08:03 9708123                    /usr/lib/x86_64-linux-gnu/libpango-1.0.so.0.3600.3
7f011ee6a000-7f011ee6b000 rw-p 0004c000 08:03 9708123                    /usr/lib/x86_64-linux-gnu/libpango-1.0.so.0.3600.3
7f011ee6b000-7f011ef71000 r-xp 00000000 08:03 9707519                    /usr/lib/x86_64-linux-gnu/libcairo.so.2.11301.0
7f011ef71000-7f011f170000 ---p 00106000 08:03 9707519                    /usr/lib/x86_64-linux-gnu/libcairo.so.2.11301.0
7f011f170000-7f011f173000 r--p 00105000 08:03 9707519                    /usr/lib/x86_64-linux-gnu/libcairo.so.2.11301.0
7f011f173000-7f011f174000 rw-p 00108000 08:03 9707519                    /usr/lib/x86_64-linux-gnu/libcairo.so.2.11301.0
7f011f174000-7f011f176000 rw-p 00000000 00:00 0 
7f011f176000-7f011f181000 r-xp 00000000 08:03 9708125                    /usr/lib/x86_64-linux-gnu/libpangocairo-1.0.so.0.3600.3
7f011f181000-7f011f381000 ---p 0000b000 08:03 9708125                    /usr/lib/x86_64-linux-gnu/libpangocairo-1.0.so.0.3600.3
7f011f381000-7f011f382000 r--p 0000b000 08:03 9708125                    /usr/lib/x86_64-linux-gnu/libpangocairo-1.0.so.0.3600.3
7f011f382000-7f011f383000 rw-p 0000c000 08:03 9708125                    /usr/lib/x86_64-linux-gnu/libpangocairo-1.0.so.0.3600.3
7f011f383000-7f011f3a2000 r-xp 00000000 08:03 9703410                    /usr/lib/x86_64-linux-gnu/libgdk_pixbuf-2.0.so.0.3000.7
7f011f3a2000-7f011f5a2000 ---p 0001f000 08:03 9703410                    /usr/lib/x86_64-linux-gnu/libgdk_pixbuf-2.0.so.0.3000.7
7f011f5a2000-7f011f5a3000 r--p 0001f000 08:03 9703410                    /usr/lib/x86_64-linux-gnu/libgdk_pixbuf-2.0.so.0.3000.7
7f011f5a3000-7f011f5a4000 rw-p 00020000 08:03 9703410                    /usr/lib/x86_64-linux-gnu/libgdk_pixbuf-2.0.so.0.3000.7
7f011f5a4000-7f011f5b8000 r-xp 00000000 08:03 9708127                    /usr/lib/x86_64-linux-gnu/libpangoft2-1.0.so.0.3600.3
7f011f5b8000-7f011f7b7000 ---p 00014000 08:03 9708127                    /usr/lib/x86_64-linux-gnu/libpangoft2-1.0.so.0.3600.3
7f011f7b7000-7f011f7b8000 r--p 00013000 08:03 9708127                    /usr/lib/x86_64-linux-gnu/libpangoft2-1.0.so.0.3600.3
7f011f7b8000-7f011f7b9000 rw-p 00014000 08:03 9708127                    /usr/lib/x86_64-linux-gnu/libpangoft2-1.0.so.0.3600.3
7f011f7b9000-7f011f925000 r-xp 00000000 08:03 9707771                    /usr/lib/x86_64-linux-gnu/libgio-2.0.so.0.4002.0
7f011f925000-7f011fb24000 ---p 0016c000 08:03 9707771                    /usr/lib/x86_64-linux-gnu/libgio-2.0.so.0.4002.0
7f011fb24000-7f011fb28000 r--p 0016b000 08:03 9707771                    /usr/lib/x86_64-linux-gnu/libgio-2.0.so.0.4002.0
7f011fb28000-7f011fb2a000 rw-p 0016f000 08:03 9707771                    /usr/lib/x86_64-linux-gnu/libgio-2.0.so.0.4002.0
7f011fb2a000-7f011fb2c000 rw-p 00000000 00:00 0 
7f011fb2c000-7f011fb4b000 r-xp 00000000 08:03 9707480                    /usr/lib/x86_64-linux-gnu/libatk-1.0.so.0.21009.1
7f011fb4b000-7f011fd4b000 ---p 0001f000 08:03 9707480                    /usr/lib/x86_64-linux-gnu/libatk-1.0.so.0.21009.1
7f011fd4b000-7f011fd4d000 r--p 0001f000 08:03 9707480                    /usr/lib/x86_64-linux-gnu/libatk-1.0.so.0.21009.1
7f011fd4d000-7f011fd4e000 rw-p 00021000 08:03 9707480                    /usr/lib/x86_64-linux-gnu/libatk-1.0.so.0.21009.1
7f011fd4e000-7f011fdfb000 r-xp 00000000 08:03 9706813                    /usr/lib/x86_64-linux-gnu/libgdk-x11-2.0.so.0.2400.23
7f011fdfb000-7f011fffa000 ---p 000ad000 08:03 9706813                    /usr/lib/x86_64-linux-gnu/libgdk-x11-2.0.so.0.2400.23
7f011fffa000-7f011fffe000 r--p 000ac000 08:03 9706813                    /usr/lib/x86_64-linux-gnu/libgdk-x11-2.0.so.0.2400.23
7f011fffe000-7f0120000000 rw-p 000b0000 08:03 9706813                    /usr/lib/x86_64-linux-gnu/libgdk-x11-2.0.so.0.2400.23
7f0120000000-7f0120021000 rw-p 00000000 00:00 0 
7f0120021000-7f0124000000 ---p 00000000 00:00 0 
7f0124000000-7f0124021000 rw-p 00000000 00:00 0 
7f0124021000-7f0128000000 ---p 00000000 00:00 0 
7f0128000000-7f01281fc000 rw-p 00000000 00:00 0 
7f01281fc000-7f012c000000 ---p 00000000 00:00 0 
7f012c000000-7f012c2be000 rw-p 00000000 00:00 0 
7f012c2be000-7f0130000000 ---p 00000000 00:00 0 
7f0130000000-7f0130021000 rw-p 00000000 00:00 0 
7f0130021000-7f0134000000 ---p 00000000 00:00 0 
7f0134000000-7f01343d7000 rw-p 00000000 00:00 0 
7f01343d7000-7f0138000000 ---p 00000000 00:00 0 
7f0138000000-7f0138021000 rw-p 00000000 00:00 0 
7f0138021000-7f013c000000 ---p 00000000 00:00 0 
7f013c000000-7f013c021000 rw-p 00000000 00:00 0 
7f013c021000-7f0140000000 ---p 00000000 00:00 0 
7f0140000000-7f0140021000 rw-p 00000000 00:00 0 
7f0140021000-7f0144000000 ---p 00000000 00:00 0 
7f0144000000-7f0144021000 rw-p 00000000 00:00 0 
7f0144021000-7f0148000000 ---p 00000000 00:00 0 
7f0148000000-7f0148021000 rw-p 00000000 00:00 0 
7f0148021000-7f014c000000 ---p 00000000 00:00 0 
7f014c000000-7f014c021000 rw-p 00000000 00:00 0 
7f014c021000-7f0150000000 ---p 00000000 00:00 0 
7f0150000000-7f0150021000 rw-p 00000000 00:00 0 
7f0150021000-7f0154000000 ---p 00000000 00:00 0 
7f0154000000-7f0154001000 r--s 00000000 08:03 526170                     /var/cache/fontconfig/dc05db6664285cc2f12bf69c139ae4c3-le64.cache-4
7f0154001000-7f0154002000 r--s 00000000 08:03 527396                     /var/cache/fontconfig/4794a0821666d79190d59a36cb4f44b5-le64.cache-4
7f0154002000-7f0154003000 r--s 00000000 08:03 526150                     /var/cache/fontconfig/56cf4f4769d0f4abc89a4895d7bd3ae1-le64.cache-4
7f0154003000-7f0154004000 r--s 00000000 08:03 526162                     /var/cache/fontconfig/b9d506c9ac06c20b433354fa67a72993-le64.cache-4
7f0154004000-7f0154005000 r--s 00000000 08:03 526139                     /var/cache/fontconfig/0c9eb80ebd1c36541ebe2852d3bb0c49-le64.cache-4
7f0154005000-7f0154012000 r--s 00000000 08:03 526149                     /var/cache/fontconfig/e13b20fdb08344e0e664864cc2ede53d-le64.cache-4
7f0154012000-7f0154016000 r--s 00000000 08:03 526224                     /var/cache/fontconfig/7ef2298fde41cc6eeb7af42e48b7d293-le64.cache-4
7f0154016000-7f0154018000 r--s 0000e000 08:03 4593428                    /home/dexterastin/Java/JavaClass/lib/commons-logging-1.2.jar
7f0154018000-7f0154019000 r--s 00005000 08:03 4593031                    /home/dexterastin/Java/JavaClass/lib/json-simple-1.1.1.jar
7f0154019000-7f0154020000 r--s 00049000 08:03 4593731                    /home/dexterastin/Java/JavaClass/lib/httpcore-4.4.3.jar
7f0154020000-7f0154022000 r--s 00003000 08:03 4593730                    /home/dexterastin/Java/JavaClass/lib/httpclient-win-4.5.1.jar
7f0154022000-7f015402f000 r--s 000a6000 08:03 4593727                    /home/dexterastin/Java/JavaClass/lib/httpclient-4.5.1.jar
7f015402f000-7f0154037000 rw-s 00000000 00:04 115088                     /drm mm object (deleted)
7f0154037000-7f015403f000 rw-s 00000000 00:04 115087                     /drm mm object (deleted)
7f015403f000-7f0154047000 rw-s 00000000 00:04 115083                     /drm mm object (deleted)
7f0154047000-7f015404a000 ---p 00000000 00:00 0 
7f015404a000-7f0154148000 rw-p 00000000 00:00 0                          [stack:9562]
7f0154148000-7f015414e000 r--p 00000000 08:03 3942604                    /home/dexterastin/.config/dconf/user
7f015414e000-7f0154190000 r--p 00000000 08:03 10761820                   /usr/share/glib-2.0/schemas/gschemas.compiled
7f0154190000-7f01541aa000 r--p 00000000 08:03 10358167                   /usr/share/locale-langpack/ko/LC_MESSAGES/glib20.mo
7f01541aa000-7f01541d2000 r--p 00000000 08:03 10358202                   /usr/share/locale-langpack/ko/LC_MESSAGES/gtk20-properties.mo
7f01541d2000-7f01541f8000 r--p 00000000 08:03 10358353                   /usr/share/locale-langpack/ko/LC_MESSAGES/libc.mo
7f01541f8000-7f0154627000 r-xp 00000000 08:03 9706819                    /usr/lib/x86_64-linux-gnu/libgtk-x11-2.0.so.0.2400.23
7f0154627000-7f0154826000 ---p 0042f000 08:03 9706819                    /usr/lib/x86_64-linux-gnu/libgtk-x11-2.0.so.0.2400.23
7f0154826000-7f015482d000 r--p 0042e000 08:03 9706819                    /usr/lib/x86_64-linux-gnu/libgtk-x11-2.0.so.0.2400.23
7f015482d000-7f0154831000 rw-p 00435000 08:03 9706819                    /usr/lib/x86_64-linux-gnu/libgtk-x11-2.0.so.0.2400.23
7f0154831000-7f0154834000 rw-p 00000000 00:00 0 
7f0154834000-7f0154840000 r-xp 00000000 08:03 3937186                    /usr/lib/jvm/jre1.8.0_51/lib/amd64/libprism_es2.so
7f0154840000-7f0154a3f000 ---p 0000c000 08:03 3937186                    /usr/lib/jvm/jre1.8.0_51/lib/amd64/libprism_es2.so
7f0154a3f000-7f0154a40000 r--p 0000b000 08:03 3937186                    /usr/lib/jvm/jre1.8.0_51/lib/amd64/libprism_es2.so
7f0154a40000-7f0154a41000 rw-p 0000c000 08:03 3937186                    /usr/lib/jvm/jre1.8.0_51/lib/amd64/libprism_es2.so
7f0154a41000-7f0154a44000 ---p 00000000 00:00 0 
7f0154a44000-7f0154b42000 rw-p 00000000 00:00 0                          [stack:9559]
7f0154b42000-7f0154bd7000 r--s 010fb000 08:03 3937228                    /usr/lib/jvm/jre1.8.0_51/lib/ext/jfxrt.jar
7f0154bd7000-7f0154bd8000 ---p 00000000 00:00 0 
7f0154bd8000-7f0154cd8000 rw-p 00000000 00:00 0                          [stack:9558]
7f0154cd8000-7f0154cdb000 ---p 00000000 00:00 0 
7f0154cdb000-7f0154dd9000 rw-p 00000000 00:00 0                          [stack:9557]
7f0154dd9000-7f0154ddc000 ---p 00000000 00:00 0 
7f0154ddc000-7f0154eda000 rw-p 00000000 00:00 0                          [stack:9556]
7f0154eda000-7f0154edd000 ---p 00000000 00:00 0 
7f0154edd000-7f0154fdb000 rw-p 00000000 00:00 0                          [stack:9555]
7f0154fdb000-7f0154fde000 ---p 00000000 00:00 0 
7f0154fde000-7f01550dc000 rw-p 00000000 00:00 0                          [stack:9554]
7f01550dc000-7f01550df000 ---p 00000000 00:00 0 
7f01550df000-7f01551dd000 rw-p 00000000 00:00 0                          [stack:9553]
7f01551dd000-7f01559f0000 r--p 00000000 08:03 9706382                    /usr/lib/locale/locale-archive
7f01559f0000-7f01559f3000 ---p 00000000 00:00 0 
7f01559f3000-7f0155af1000 rw-p 00000000 00:00 0                          [stack:9552]
7f0155af1000-7f0155af4000 ---p 00000000 00:00 0 
7f0155af4000-7f0155bf2000 rw-p 00000000 00:00 0                          [stack:9551]
7f0155bf2000-7f0155bf3000 ---p 00000000 00:00 0 
7f0155bf3000-7f0159000000 rw-p 00000000 00:00 0                          [stack:9550]
7f0159000000-7f01594e0000 rwxp 00000000 00:00 0 
7f01594e0000-7f0168000000 ---p 00000000 00:00 0 
7f0168000000-7f01683f2000 rw-p 00000000 00:00 0 
7f01683f2000-7f016c000000 ---p 00000000 00:00 0 
7f016c000000-7f016c001000 r--s 00009000 08:03 4593732                    /home/dexterastin/Java/JavaClass/lib/httpmime-4.5.1.jar
7f016c001000-7f016c004000 r--s 00024000 08:03 4593729                    /home/dexterastin/Java/JavaClass/lib/httpclient-cache-4.5.1.jar
7f016c004000-7f016c005000 rw-s 00000000 00:04 115084                     /drm mm object (deleted)
7f016c005000-7f016c014000 r--p 00000000 08:03 10358204                   /usr/share/locale-langpack/ko/LC_MESSAGES/gtk20.mo
7f016c014000-7f016c01c000 rw-s 00000000 00:04 114284                     /drm mm object (deleted)
7f016c01c000-7f016c024000 rw-s 00000000 00:04 114280                     /drm mm object (deleted)
7f016c024000-7f016c2cb000 rw-p 00000000 00:00 0 
7f016c2cb000-7f016c4a3000 r--s 03d0c000 08:03 3937214                    /usr/lib/jvm/jre1.8.0_51/lib/rt.jar
7f016c4a3000-7f016c6f9000 rw-p 00000000 00:00 0 
7f016c6f9000-7f016c6fa000 ---p 00000000 00:00 0 
7f016c6fa000-7f016c7fa000 rw-p 00000000 00:00 0                          [stack:9549]
7f016c7fa000-7f016c7fb000 ---p 00000000 00:00 0 
7f016c7fb000-7f016c8fb000 rw-p 00000000 00:00 0                          [stack:9548]
7f016c8fb000-7f016c8fc000 ---p 00000000 00:00 0 
7f016c8fc000-7f016c9fc000 rw-p 00000000 00:00 0                          [stack:9547]
7f016c9fc000-7f016c9fd000 ---p 00000000 00:00 0 
7f016c9fd000-7f016cb11000 rw-p 00000000 00:00 0                          [stack:9546]
7f016cb11000-7f016cc3d000 ---p 00000000 00:00 0 
7f016cc3d000-7f016cc51000 rw-p 00000000 00:00 0 
7f016cc51000-7f016cd7d000 ---p 00000000 00:00 0 
7f016cd7d000-7f016cd8f000 rw-p 00000000 00:00 0 
7f016cd8f000-7f016ce1d000 ---p 00000000 00:00 0 
7f016ce1d000-7f016ce32000 rw-p 00000000 00:00 0 
7f016ce32000-7f016d1de000 ---p 00000000 00:00 0 
7f016d1de000-7f016d1f8000 r-xp 00000000 08:03 3937165                    /usr/lib/jvm/jre1.8.0_51/lib/amd64/libzip.so
7f016d1f8000-7f016d3f8000 ---p 0001a000 08:03 3937165                    /usr/lib/jvm/jre1.8.0_51/lib/amd64/libzip.so
7f016d3f8000-7f016d3f9000 rw-p 0001a000 08:03 3937165                    /usr/lib/jvm/jre1.8.0_51/lib/amd64/libzip.so
7f016d3f9000-7f016d404000 r-xp 00000000 08:03 11283436                   /lib/x86_64-linux-gnu/libnss_files-2.19.so
7f016d404000-7f016d603000 ---p 0000b000 08:03 11283436                   /lib/x86_64-linux-gnu/libnss_files-2.19.so
7f016d603000-7f016d604000 r--p 0000a000 08:03 11283436                   /lib/x86_64-linux-gnu/libnss_files-2.19.so
7f016d604000-7f016d605000 rw-p 0000b000 08:03 11283436                   /lib/x86_64-linux-gnu/libnss_files-2.19.so
7f016d605000-7f016d610000 r-xp 00000000 08:03 11283456                   /lib/x86_64-linux-gnu/libnss_nis-2.19.so
7f016d610000-7f016d80f000 ---p 0000b000 08:03 11283456                   /lib/x86_64-linux-gnu/libnss_nis-2.19.so
7f016d80f000-7f016d810000 r--p 0000a000 08:03 11283456                   /lib/x86_64-linux-gnu/libnss_nis-2.19.so
7f016d810000-7f016d811000 rw-p 0000b000 08:03 11283456                   /lib/x86_64-linux-gnu/libnss_nis-2.19.so
7f016d811000-7f016d828000 r-xp 00000000 08:03 11283445                   /lib/x86_64-linux-gnu/libnsl-2.19.so
7f016d828000-7f016da27000 ---p 00017000 08:03 11283445                   /lib/x86_64-linux-gnu/libnsl-2.19.so
7f016da27000-7f016da28000 r--p 00016000 08:03 11283445                   /lib/x86_64-linux-gnu/libnsl-2.19.so
7f016da28000-7f016da29000 rw-p 00017000 08:03 11283445                   /lib/x86_64-linux-gnu/libnsl-2.19.so
7f016da29000-7f016da2b000 rw-p 00000000 00:00 0 
7f016da2b000-7f016da34000 r-xp 00000000 08:03 11283444                   /lib/x86_64-linux-gnu/libnss_compat-2.19.so
7f016da34000-7f016dc33000 ---p 00009000 08:03 11283444                   /lib/x86_64-linux-gnu/libnss_compat-2.19.so
7f016dc33000-7f016dc34000 r--p 00008000 08:03 11283444                   /lib/x86_64-linux-gnu/libnss_compat-2.19.so
7f016dc34000-7f016dc35000 rw-p 00009000 08:03 11283444                   /lib/x86_64-linux-gnu/libnss_compat-2.19.so
7f016dc35000-7f016dc5f000 r-xp 00000000 08:03 3937144                    /usr/lib/jvm/jre1.8.0_51/lib/amd64/libjava.so
7f016dc5f000-7f016de5f000 ---p 0002a000 08:03 3937144                    /usr/lib/jvm/jre1.8.0_51/lib/amd64/libjava.so
7f016de5f000-7f016de61000 rw-p 0002a000 08:03 3937144                    /usr/lib/jvm/jre1.8.0_51/lib/amd64/libjava.so
7f016de61000-7f016de6e000 r-xp 00000000 08:03 3937159                    /usr/lib/jvm/jre1.8.0_51/lib/amd64/libverify.so
7f016de6e000-7f016e06e000 ---p 0000d000 08:03 3937159                    /usr/lib/jvm/jre1.8.0_51/lib/amd64/libverify.so
7f016e06e000-7f016e070000 rw-p 0000d000 08:03 3937159                    /usr/lib/jvm/jre1.8.0_51/lib/amd64/libverify.so
7f016e070000-7f016e077000 r-xp 00000000 08:03 11283453                   /lib/x86_64-linux-gnu/librt-2.19.so
7f016e077000-7f016e276000 ---p 00007000 08:03 11283453                   /lib/x86_64-linux-gnu/librt-2.19.so
7f016e276000-7f016e277000 r--p 00006000 08:03 11283453                   /lib/x86_64-linux-gnu/librt-2.19.so
7f016e277000-7f016e278000 rw-p 00007000 08:03 11283453                   /lib/x86_64-linux-gnu/librt-2.19.so
7f016e278000-7f016e37d000 r-xp 00000000 08:03 11283435                   /lib/x86_64-linux-gnu/libm-2.19.so
7f016e37d000-7f016e57c000 ---p 00105000 08:03 11283435                   /lib/x86_64-linux-gnu/libm-2.19.so
7f016e57c000-7f016e57d000 r--p 00104000 08:03 11283435                   /lib/x86_64-linux-gnu/libm-2.19.so
7f016e57d000-7f016e57e000 rw-p 00105000 08:03 11283435                   /lib/x86_64-linux-gnu/libm-2.19.so
7f016e57e000-7f016f22c000 r-xp 00000000 08:03 3937180                    /usr/lib/jvm/jre1.8.0_51/lib/amd64/server/libjvm.so
7f016f22c000-7f016f42c000 ---p 00cae000 08:03 3937180                    /usr/lib/jvm/jre1.8.0_51/lib/amd64/server/libjvm.so
7f016f42c000-7f016f503000 rw-p 00cae000 08:03 3937180                    /usr/lib/jvm/jre1.8.0_51/lib/amd64/server/libjvm.so
7f016f503000-7f016f547000 rw-p 00000000 00:00 0 
7f016f547000-7f016f702000 r-xp 00000000 08:03 11283450                   /lib/x86_64-linux-gnu/libc-2.19.so
7f016f702000-7f016f901000 ---p 001bb000 08:03 11283450                   /lib/x86_64-linux-gnu/libc-2.19.so
7f016f901000-7f016f905000 r--p 001ba000 08:03 11283450                   /lib/x86_64-linux-gnu/libc-2.19.so
7f016f905000-7f016f907000 rw-p 001be000 08:03 11283450                   /lib/x86_64-linux-gnu/libc-2.19.so
7f016f907000-7f016f90c000 rw-p 00000000 00:00 0 
7f016f90c000-7f016f90f000 r-xp 00000000 08:03 11283439                   /lib/x86_64-linux-gnu/libdl-2.19.so
7f016f90f000-7f016fb0e000 ---p 00003000 08:03 11283439                   /lib/x86_64-linux-gnu/libdl-2.19.so
7f016fb0e000-7f016fb0f000 r--p 00002000 08:03 11283439                   /lib/x86_64-linux-gnu/libdl-2.19.so
7f016fb0f000-7f016fb10000 rw-p 00003000 08:03 11283439                   /lib/x86_64-linux-gnu/libdl-2.19.so
7f016fb10000-7f016fb25000 r-xp 00000000 08:03 3937154                    /usr/lib/jvm/jre1.8.0_51/lib/amd64/jli/libjli.so
7f016fb25000-7f016fd25000 ---p 00015000 08:03 3937154                    /usr/lib/jvm/jre1.8.0_51/lib/amd64/jli/libjli.so
7f016fd25000-7f016fd26000 rw-p 00015000 08:03 3937154                    /usr/lib/jvm/jre1.8.0_51/lib/amd64/jli/libjli.so
7f016fd26000-7f016fd3f000 r-xp 00000000 08:03 11283451                   /lib/x86_64-linux-gnu/libpthread-2.19.so
7f016fd3f000-7f016ff3e000 ---p 00019000 08:03 11283451                   /lib/x86_64-linux-gnu/libpthread-2.19.so
7f016ff3e000-7f016ff3f000 r--p 00018000 08:03 11283451                   /lib/x86_64-linux-gnu/libpthread-2.19.so
7f016ff3f000-7f016ff40000 rw-p 00019000 08:03 11283451                   /lib/x86_64-linux-gnu/libpthread-2.19.so
7f016ff40000-7f016ff44000 rw-p 00000000 00:00 0 
7f016ff44000-7f016ff67000 r-xp 00000000 08:03 11283447                   /lib/x86_64-linux-gnu/ld-2.19.so
7f016ff67000-7f016ff68000 r--s 00000000 00:15 113204                     /run/user/1000/dconf/user
7f016ff68000-7f016ff6f000 r--s 00000000 08:03 10101283                   /usr/lib/x86_64-linux-gnu/gconv/gconv-modules.cache
7f016ff6f000-7f0170041000 rw-p 00000000 00:00 0 
7f0170041000-7f0170044000 ---p 00000000 00:00 0 
7f0170044000-7f0170146000 rw-p 00000000 00:00 0                          [stack:9542]
7f0170146000-7f0170147000 rw-s 00000000 00:04 114281                     /drm mm object (deleted)
7f0170147000-7f017015a000 rw-p 00000000 00:00 0 
7f017015a000-7f0170162000 rw-s 00000000 08:03 8258281                    /tmp/hsperfdata_dexterastin/9540
7f0170162000-7f0170163000 rw-p 00000000 00:00 0 
7f0170163000-7f0170164000 r--p 00000000 00:00 0 
7f0170164000-7f0170166000 rw-p 00000000 00:00 0 
7f0170166000-7f0170167000 r--p 00022000 08:03 11283447                   /lib/x86_64-linux-gnu/ld-2.19.so
7f0170167000-7f0170168000 rw-p 00023000 08:03 11283447                   /lib/x86_64-linux-gnu/ld-2.19.so
7f0170168000-7f0170169000 rw-p 00000000 00:00 0 
7ffd11063000-7ffd11084000 rw-p 00000000 00:00 0                          [stack]
7ffd11093000-7ffd11095000 r-xp 00000000 00:00 0                          [vdso]
7ffd11095000-7ffd11097000 r--p 00000000 00:00 0                          [vvar]
ffffffffff600000-ffffffffff601000 r-xp 00000000 00:00 0                  [vsyscall]

VM Arguments:
jvm_args: -Dfile.encoding=UTF-8 
java_command: org.dimigo.pay.ShopMain
java_class_path (initial): /home/dexterastin/git/OnlyOne/Pay/bin:/home/dexterastin/Java/JavaClass/lib/httpclient-4.5.1.jar:/home/dexterastin/Java/JavaClass/lib/httpclient-cache-4.5.1.jar:/home/dexterastin/Java/JavaClass/lib/httpclient-win-4.5.1.jar:/home/dexterastin/Java/JavaClass/lib/httpcore-4.4.3.jar:/home/dexterastin/Java/JavaClass/lib/httpmime-4.5.1.jar:/home/dexterastin/Java/JavaClass/lib/json-simple-1.1.1.jar:/home/dexterastin/Java/JavaClass/lib/commons-logging-1.2.jar
Launcher Type: SUN_STANDARD

Environment Variables:
JAVA_HOME=/usr/lib/jvm/java-7-oracle
PATH=/usr/local/sbin:/usr/local/bin:/usr/sbin:/usr/bin:/sbin:/bin:/usr/games:/usr/local/games:/usr/lib/java/jdk1.8.0_51:/usr/lib/jvm/java-7-oracle/bin:/usr/lib/jvm/java-7-oracle/db/bin:/usr/lib/jvm/java-7-oracle/jre/bin:/usr/local/go/bin
SHELL=/bin/bash
DISPLAY=:0

Signal Handlers:
SIGSEGV: [libjvm.so+0xaad540], sa_mask[0]=11111111011111111101111111111110, sa_flags=SA_RESTART|SA_SIGINFO
SIGBUS: [libjvm.so+0xaad540], sa_mask[0]=11111111011111111101111111111110, sa_flags=SA_RESTART|SA_SIGINFO
SIGFPE: [libjvm.so+0x90b6b0], sa_mask[0]=11111111011111111101111111111110, sa_flags=SA_RESTART|SA_SIGINFO
SIGPIPE: SIG_IGN, sa_mask[0]=00000000000010000000000000000000, sa_flags=SA_RESTART
SIGXFSZ: [libjvm.so+0x90b6b0], sa_mask[0]=11111111011111111101111111111110, sa_flags=SA_RESTART|SA_SIGINFO
SIGILL: [libjvm.so+0x90b6b0], sa_mask[0]=11111111011111111101111111111110, sa_flags=SA_RESTART|SA_SIGINFO
SIGUSR1: SIG_DFL, sa_mask[0]=00000000000000000000000000000000, sa_flags=none
SIGUSR2: [libjvm.so+0x90ccf0], sa_mask[0]=00100000000000000000000000000000, sa_flags=SA_RESTART|SA_SIGINFO
SIGHUP: [libjvm.so+0x90e040], sa_mask[0]=11111111011111111101111111111110, sa_flags=SA_RESTART|SA_SIGINFO
SIGINT: [libjvm.so+0x90e040], sa_mask[0]=11111111011111111101111111111110, sa_flags=SA_RESTART|SA_SIGINFO
SIGTERM: [libjvm.so+0x90e040], sa_mask[0]=11111111011111111101111111111110, sa_flags=SA_RESTART|SA_SIGINFO
SIGQUIT: [libjvm.so+0x90e040], sa_mask[0]=11111111011111111101111111111110, sa_flags=SA_RESTART|SA_SIGINFO


---------------  S Y S T E M  ---------------

OS:DISTRIB_ID=Ubuntu
DISTRIB_RELEASE=14.04
DISTRIB_CODENAME=trusty
DISTRIB_DESCRIPTION="Ubuntu 14.04.3 LTS"

uname:Linux 3.16.0-49-generic #65~14.04.1-Ubuntu SMP Wed Sep 9 10:03:23 UTC 2015 x86_64
libc:glibc 2.19 NPTL 2.19 
rlimit: STACK 8192k, CORE 0k, NPROC 15271, NOFILE 4096, AS infinity
load average:0.26 0.41 0.42

/proc/meminfo:
MemTotal:        3930944 kB
MemFree:          579652 kB
MemAvailable:    1059480 kB
Buffers:           44916 kB
Cached:          1043936 kB
SwapCached:         1716 kB
Active:          2146428 kB
Inactive:         977804 kB
Active(anon):    1791304 kB
Inactive(anon):   710284 kB
Active(file):     355124 kB
Inactive(file):   267520 kB
Unevictable:          48 kB
Mlocked:              48 kB
SwapTotal:      14401532 kB
SwapFree:       14350228 kB
Dirty:               224 kB
Writeback:             0 kB
AnonPages:       2034264 kB
Mapped:           437532 kB
Shmem:            465988 kB
Slab:              86180 kB
SReclaimable:      52252 kB
SUnreclaim:        33928 kB
KernelStack:       10128 kB
PageTables:        42380 kB
NFS_Unstable:          0 kB
Bounce:                0 kB
WritebackTmp:          0 kB
CommitLimit:    16367004 kB
Committed_AS:    6628660 kB
VmallocTotal:   34359738367 kB
VmallocUsed:      366508 kB
VmallocChunk:   34359361020 kB
HardwareCorrupted:     0 kB
AnonHugePages:   1089536 kB
HugePages_Total:       0
HugePages_Free:        0
HugePages_Rsvd:        0
HugePages_Surp:        0
Hugepagesize:       2048 kB
DirectMap4k:       79772 kB
DirectMap2M:     3997696 kB


CPU:total 4 (2 cores per cpu, 2 threads per core) family 6 model 58 stepping 9, cmov, cx8, fxsr, mmx, sse, sse2, sse3, ssse3, sse4.1, sse4.2, popcnt, avx, aes, clmul, erms, ht, tsc, tscinvbit, tscinv

/proc/cpuinfo:
processor	: 0
vendor_id	: GenuineIntel
cpu family	: 6
model		: 58
model name	: Intel(R) Core(TM) i5-3230M CPU @ 2.60GHz
stepping	: 9
microcode	: 0x17
cpu MHz		: 1217.023
cache size	: 3072 KB
physical id	: 0
siblings	: 4
core id		: 0
cpu cores	: 2
apicid		: 0
initial apicid	: 0
fpu		: yes
fpu_exception	: yes
cpuid level	: 13
wp		: yes
flags		: fpu vme de pse tsc msr pae mce cx8 apic sep mtrr pge mca cmov pat pse36 clflush dts acpi mmx fxsr sse sse2 ss ht tm pbe syscall nx rdtscp lm constant_tsc arch_perfmon pebs bts rep_good nopl xtopology nonstop_tsc aperfmperf eagerfpu pni pclmulqdq dtes64 monitor ds_cpl vmx est tm2 ssse3 cx16 xtpr pdcm pcid sse4_1 sse4_2 x2apic popcnt tsc_deadline_timer aes xsave avx f16c rdrand lahf_lm ida arat epb xsaveopt pln pts dtherm tpr_shadow vnmi flexpriority ept vpid fsgsbase smep erms
bogomips	: 5188.16
clflush size	: 64
cache_alignment	: 64
address sizes	: 36 bits physical, 48 bits virtual
power management:

processor	: 1
vendor_id	: GenuineIntel
cpu family	: 6
model		: 58
model name	: Intel(R) Core(TM) i5-3230M CPU @ 2.60GHz
stepping	: 9
microcode	: 0x17
cpu MHz		: 1299.085
cache size	: 3072 KB
physical id	: 0
siblings	: 4
core id		: 1
cpu cores	: 2
apicid		: 2
initial apicid	: 2
fpu		: yes
fpu_exception	: yes
cpuid level	: 13
wp		: yes
flags		: fpu vme de pse tsc msr pae mce cx8 apic sep mtrr pge mca cmov pat pse36 clflush dts acpi mmx fxsr sse sse2 ss ht tm pbe syscall nx rdtscp lm constant_tsc arch_perfmon pebs bts rep_good nopl xtopology nonstop_tsc aperfmperf eagerfpu pni pclmulqdq dtes64 monitor ds_cpl vmx est tm2 ssse3 cx16 xtpr pdcm pcid sse4_1 sse4_2 x2apic popcnt tsc_deadline_timer aes xsave avx f16c rdrand lahf_lm ida arat epb xsaveopt pln pts dtherm tpr_shadow vnmi flexpriority ept vpid fsgsbase smep erms
bogomips	: 5188.16
clflush size	: 64
cache_alignment	: 64
address sizes	: 36 bits physical, 48 bits virtual
power management:

processor	: 2
vendor_id	: GenuineIntel
cpu family	: 6
model		: 58
model name	: Intel(R) Core(TM) i5-3230M CPU @ 2.60GHz
stepping	: 9
microcode	: 0x17
cpu MHz		: 1231.343
cache size	: 3072 KB
physical id	: 0
siblings	: 4
core id		: 0
cpu cores	: 2
apicid		: 1
initial apicid	: 1
fpu		: yes
fpu_exception	: yes
cpuid level	: 13
wp		: yes
flags		: fpu vme de pse tsc msr pae mce cx8 apic sep mtrr pge mca cmov pat pse36 clflush dts acpi mmx fxsr sse sse2 ss ht tm pbe syscall nx rdtscp lm constant_tsc arch_perfmon pebs bts rep_good nopl xtopology nonstop_tsc aperfmperf eagerfpu pni pclmulqdq dtes64 monitor ds_cpl vmx est tm2 ssse3 cx16 xtpr pdcm pcid sse4_1 sse4_2 x2apic popcnt tsc_deadline_timer aes xsave avx f16c rdrand lahf_lm ida arat epb xsaveopt pln pts dtherm tpr_shadow vnmi flexpriority ept vpid fsgsbase smep erms
bogomips	: 5188.16
clflush size	: 64
cache_alignment	: 64
address sizes	: 36 bits physical, 48 bits virtual
power management:

processor	: 3
vendor_id	: GenuineIntel
cpu family	: 6
model		: 58
model name	: Intel(R) Core(TM) i5-3230M CPU @ 2.60GHz
stepping	: 9
microcode	: 0x17
cpu MHz		: 1254.398
cache size	: 3072 KB
physical id	: 0
siblings	: 4
core id		: 1
cpu cores	: 2
apicid		: 3
initial apicid	: 3
fpu		: yes
fpu_exception	: yes
cpuid level	: 13
wp		: yes
flags		: fpu vme de pse tsc msr pae mce cx8 apic sep mtrr pge mca cmov pat pse36 clflush dts acpi mmx fxsr sse sse2 ss ht tm pbe syscall nx rdtscp lm constant_tsc arch_perfmon pebs bts rep_good nopl xtopology nonstop_tsc aperfmperf eagerfpu pni pclmulqdq dtes64 monitor ds_cpl vmx est tm2 ssse3 cx16 xtpr pdcm pcid sse4_1 sse4_2 x2apic popcnt tsc_deadline_timer aes xsave avx f16c rdrand lahf_lm ida arat epb xsaveopt pln pts dtherm tpr_shadow vnmi flexpriority ept vpid fsgsbase smep erms
bogomips	: 5188.16
clflush size	: 64
cache_alignment	: 64
address sizes	: 36 bits physical, 48 bits virtual
power management:



Memory: 4k page, physical 3930944k(579652k free), swap 14401532k(14350228k free)

vm_info: Java HotSpot(TM) 64-Bit Server VM (25.51-b03) for linux-amd64 JRE (1.8.0_51-b16), built on Jun  8 2015 19:28:07 by "java_re" with gcc 4.3.0 20080428 (Red Hat 4.3.0-8)

time: Sat Nov 28 16:10:01 2015
elapsed time: 3 seconds (0d 0h 0m 3s)

