#
# A fatal error has been detected by the Java Runtime Environment:
#
#  SIGSEGV (0xb) at pc=0x00007f5e3dbff613, pid=9569, tid=140041144227584
#
# JRE version: Java(TM) SE Runtime Environment (8.0_51-b16) (build 1.8.0_51-b16)
# Java VM: Java HotSpot(TM) 64-Bit Server VM (25.51-b03 mixed mode linux-amd64 compressed oops)
# Problematic frame:
# V  [libjvm.so+0x7e8613]  LinkResolver::resolve_invokevirtual(CallInfo&, Handle, constantPoolHandle, int, Thread*)+0x233
#
# Failed to write core dump. Core dumps have been disabled. To enable core dumping, try "ulimit -c unlimited" before starting Java again
#
# If you would like to submit a bug report, please visit:
#   http://bugreport.java.com/bugreport/crash.jsp
#

---------------  T H R E A D  ---------------

Current thread (0x00007f5e3825f000):  JavaThread "JavaFX Application Thread" [_thread_in_vm, id=9592, stack(0x00007f5dde97d000,0x00007f5ddea7e000)]

siginfo: si_signo: 11 (SIGSEGV), si_code: 1 (SEGV_MAPERR), si_addr: 0x0000000038070c78

Registers:
RAX=0x00007f5e3e3882b0, RBX=0x00007f5e3825eba0, RCX=0x000000000000001e, RDX=0x0000000038070c70
RSP=0x00007f5ddea7aec0, RBP=0x00007f5ddea7af60, RSI=0x00007f5e21ee4c60, RDI=0x000000000000000c
R8 =0x00007f5e3825eba0, R9 =0x000000000000000c, R10=0x000000000000000b, R11=0x000000010000da28
R12=0x0000000000000000, R13=0x00007f5e3825f000, R14=0x00007f5e21ee4c60, R15=0x0000000000000019
RIP=0x00007f5e3dbff613, EFLAGS=0x0000000000010202, CSGSFS=0x0000000000000033, ERR=0x0000000000000004
  TRAPNO=0x000000000000000e

Top of Stack: (sp=0x00007f5ddea7aec0)
0x00007f5ddea7aec0:   00007f5e3825f000 00007f5e3ebce8b9
0x00007f5ddea7aed0:   0000000000000000 00007f5de9801069
0x00007f5ddea7aee0:   00007f5e3825ead0 00007f5ddea7b080
0x00007f5ddea7aef0:   00007f5e21ee4c60 00007f5e3825f000
0x00007f5ddea7af00:   000000010009b348 00007f5e381d2af0
0x00007f5ddea7af10:   00007f5e3ee7c870 00007f5e3ee5d850
0x00007f5ddea7af20:   000000010000da28 0000000000000000
0x00007f5ddea7af30:   00007f5ddea7af10 00007f5e3825eba0
0x00007f5ddea7af40:   0000000000000000 00007f5e3825f000
0x00007f5ddea7af50:   0000000000000019 00007f5ddea7b080
0x00007f5ddea7af60:   00007f5ddea7b010 00007f5e3dc00f64
0x00007f5ddea7af70:   00007f5ddea7afe0 00007f5e3de2f5f6
0x00007f5ddea7af80:   00007f5ddea7afa0 00007f5e3dce8749
0x00007f5ddea7af90:   00007f5ddea7afd0 0000000000000000
0x00007f5ddea7afa0:   00007f5ddea7afc0 00007f5e3da93135
0x00007f5ddea7afb0:   00007f5e21ee4c60 00007f5e3825f000
0x00007f5ddea7afc0:   00007f5ddea7b010 00007f5e3da931d0
0x00007f5ddea7afd0:   00007f5ddea7b340 00007f5e290210c3
0x00007f5ddea7afe0:   00007f5e290055d0 0000000000000019
0x00007f5ddea7aff0:   0000000000000000 00007f5e3825f000
0x00007f5ddea7b000:   00007f5ddea7b1f0 00007f5ddea7b080
0x00007f5ddea7b010:   00007f5ddea7b320 00007f5e3da91972
0x00007f5ddea7b020:   0000000000000000 00000000ed1e5fc8
0x00007f5ddea7b030:   0000000000000000 00007f5e381a8a70
0x00007f5ddea7b040:   00007f5ddea7b0a0 0000000000000000
0x00007f5ddea7b050:   000000b6dea7b070 00007f5e00011280
0x00007f5ddea7b060:   00007f5e00011290 00007f5e00011668
0x00007f5ddea7b070:   00000000000003d8 00007f5e3825ead0
0x00007f5ddea7b080:   0000000000000000 0000000000000000
0x00007f5ddea7b090:   0000000000000000 0000000000000000
0x00007f5ddea7b0a0:   0000000000000000 0000000000000000
0x00007f5ddea7b0b0:   00007f5e381d2b64 0000000000000000 

Instructions: (pc=0x00007f5e3dbff613)
0x00007f5e3dbff5f3:   83 7d 80 00 74 26 48 8b 45 80 48 8b 10 48 8b 05
0x00007f5e3dbff603:   49 c3 76 00 80 38 00 74 69 48 8b 05 a5 9d 76 00
0x00007f5e3dbff613:   8b 52 08 8b 48 08 48 d3 e2 48 03 10 48 8b 4d c0
0x00007f5e3dbff623:   4c 89 6c 24 18 c7 44 24 10 01 00 00 00 c7 44 24 

Register to memory mapping:

RAX=0x00007f5e3e3882b0: <offset 0xf712b0> in /usr/lib/jvm/jre1.8.0_51/lib/amd64/server/libjvm.so at 0x00007f5e3d417000
RBX=0x00007f5e3825eba0 is an unknown value
RCX=0x000000000000001e is an unknown value
RDX=0x0000000038070c70 is an unknown value
RSP=0x00007f5ddea7aec0 is pointing into the stack for thread: 0x00007f5e3825f000
RBP=0x00007f5ddea7af60 is pointing into the stack for thread: 0x00007f5e3825f000
RSI=0x00007f5e21ee4c60 is pointing into metadata
RDI=0x000000000000000c is an unknown value
R8 =0x00007f5e3825eba0 is an unknown value
R9 =0x000000000000000c is an unknown value
R10=0x000000000000000b is an unknown value
R11=0x000000010000da28 is pointing into metadata
R12=0x0000000000000000 is an unknown value
R13=0x00007f5e3825f000 is a thread
R14=0x00007f5e21ee4c60 is pointing into metadata
R15=0x0000000000000019 is an unknown value


Stack: [0x00007f5dde97d000,0x00007f5ddea7e000],  sp=0x00007f5ddea7aec0,  free space=1015k
Native frames: (J=compiled Java code, j=interpreted, Vv=VM code, C=native code)
V  [libjvm.so+0x7e8613]  LinkResolver::resolve_invokevirtual(CallInfo&, Handle, constantPoolHandle, int, Thread*)+0x233
V  [libjvm.so+0x7e9f64]  LinkResolver::resolve_invoke(CallInfo&, Handle, constantPoolHandle, int, Bytecodes::Code, Thread*)+0x2e4
V  [libjvm.so+0x67a972]  InterpreterRuntime::resolve_invoke(JavaThread*, Bytecodes::Code)+0x1b2
j  com.sun.glass.ui.gtk.GtkView.notifyInputMethodDraw(Ljava/lang/String;III[B)V+36
v  ~StubRoutines::call_stub
V  [libjvm.so+0x681a26]  JavaCalls::call_helper(JavaValue*, methodHandle*, JavaCallArguments*, Thread*)+0x1056
V  [libjvm.so+0x6c432b]  jni_invoke_nonstatic(JNIEnv_*, JavaValue*, _jobject*, JNICallType, _jmethodID*, JNI_ArgumentPusher*, Thread*)+0x41b
V  [libjvm.so+0x6c86ef]  jni_CallVoidMethodV+0x10f
C  [libglass.so+0x1b798]  JNIEnv_::CallVoidMethod(_jobject*, _jmethodID*, ...)+0x98
C  [libglass.so+0x22955]  im_preedit_draw(_XIM*, char*, char*)+0x1f5
C  [libX11.so.6+0x591d8]
C  0x0000000000000002

Java frames: (J=compiled Java code, j=interpreted, Vv=VM code)
j  com.sun.glass.ui.gtk.GtkView.notifyInputMethodDraw(Ljava/lang/String;III[B)V+36
v  ~StubRoutines::call_stub
j  com.sun.glass.ui.gtk.GtkApplication._runLoop(Ljava/lang/Runnable;Z)V+0
j  com.sun.glass.ui.gtk.GtkApplication.lambda$null$48(Ljava/lang/Runnable;Z)V+7
j  com.sun.glass.ui.gtk.GtkApplication$$Lambda$41.run()V+12
j  java.lang.Thread.run()V+11
v  ~StubRoutines::call_stub

---------------  P R O C E S S  ---------------

Java Threads: ( => current thread )
  0x00007f5dc82fa800 JavaThread "Prism Font Disposer" daemon [_thread_blocked, id=9594, stack(0x00007f5ddd726000,0x00007f5ddd827000)]
  0x00007f5e38262800 JavaThread "JavaFX-Launcher" [_thread_blocked, id=9593, stack(0x00007f5dde87c000,0x00007f5dde97d000)]
=>0x00007f5e3825f000 JavaThread "JavaFX Application Thread" [_thread_in_vm, id=9592, stack(0x00007f5dde97d000,0x00007f5ddea7e000)]
  0x00007f5e38259000 JavaThread "Thread-1" daemon [_thread_blocked, id=9591, stack(0x00007f5de8028000,0x00007f5de8129000)]
  0x00007f5e3819f000 JavaThread "QuantumRenderer-0" daemon [_thread_blocked, id=9588, stack(0x00007f5e1b864000,0x00007f5e1b965000)]
  0x00007f5e380c9800 JavaThread "Service Thread" daemon [_thread_blocked, id=9586, stack(0x00007f5e1bafb000,0x00007f5e1bbfc000)]
  0x00007f5e380bc800 JavaThread "C1 CompilerThread2" daemon [_thread_blocked, id=9585, stack(0x00007f5e1bbfc000,0x00007f5e1bcfd000)]
  0x00007f5e380bb000 JavaThread "C2 CompilerThread1" daemon [_thread_blocked, id=9584, stack(0x00007f5e1bcfd000,0x00007f5e1bdfe000)]
  0x00007f5e380b8000 JavaThread "C2 CompilerThread0" daemon [_thread_blocked, id=9583, stack(0x00007f5e1bdfe000,0x00007f5e1beff000)]
  0x00007f5e380b6800 JavaThread "Signal Dispatcher" daemon [_thread_blocked, id=9582, stack(0x00007f5e1beff000,0x00007f5e1c000000)]
  0x00007f5e3807f000 JavaThread "Finalizer" daemon [_thread_blocked, id=9581, stack(0x00007f5e2088c000,0x00007f5e2098d000)]
  0x00007f5e3807c800 JavaThread "Reference Handler" daemon [_thread_blocked, id=9580, stack(0x00007f5e2098d000,0x00007f5e20a8e000)]
  0x00007f5e3800a000 JavaThread "main" [_thread_blocked, id=9574, stack(0x00007f5e3eeda000,0x00007f5e3efdb000)]

Other Threads:
  0x00007f5e38077800 VMThread [stack: 0x00007f5e20a8e000,0x00007f5e20b8f000] [id=9579]
  0x00007f5e380cc800 WatcherThread [stack: 0x00007f5e1b9fa000,0x00007f5e1bafb000] [id=9587]

VM state:not at safepoint (normal execution)

VM Mutex/Monitor currently owned by a thread: None

Heap:
 PSYoungGen      total 17920K, used 6969K [0x00000000ec000000, 0x00000000ee300000, 0x0000000100000000)
  eden space 15360K, 28% used [0x00000000ec000000,0x00000000ec4548b0,0x00000000ecf00000)
  from space 2560K, 99% used [0x00000000ed180000,0x00000000ed3f9f28,0x00000000ed400000)
  to   space 2560K, 0% used [0x00000000ecf00000,0x00000000ecf00000,0x00000000ed180000)
 ParOldGen       total 40960K, used 2584K [0x00000000c4000000, 0x00000000c6800000, 0x00000000ec000000)
  object space 40960K, 6% used [0x00000000c4000000,0x00000000c4286208,0x00000000c6800000)
 Metaspace       used 16477K, capacity 17492K, committed 17792K, reserved 1064960K
  class space    used 2421K, capacity 2615K, committed 2688K, reserved 1048576K

Card table byte_map: [0x00007f5e28a5f000,0x00007f5e28c40000] byte_map_base: 0x00007f5e2843f000

Marking Bits: (ParMarkBitMap*) 0x00007f5e3e3b5660
 Begin Bits: [0x00007f5e22200000, 0x00007f5e23100000)
 End Bits:   [0x00007f5e23100000, 0x00007f5e24000000)

Polling page: 0x00007f5e3effc000

CodeCache: size=245760Kb used=5062Kb max_used=5062Kb free=240697Kb
 bounds [0x00007f5e29000000, 0x00007f5e29500000, 0x00007f5e38000000]
 total_blobs=2247 nmethods=1617 adapters=543
 compilation: enabled

Compilation events (10 events):
Event: 3.264 Thread 0x00007f5e380bc800 1613       3       java.nio.ByteBuffer::arrayOffset (35 bytes)
Event: 3.265 Thread 0x00007f5e380bc800 nmethod 1613 0x00007f5e294f26d0 code [0x00007f5e294f2860, 0x00007f5e294f2b78]
Event: 3.277 Thread 0x00007f5e380bc800 1614       1       com.sun.scenario.animation.AbstractMasterTimer::access$200 (5 bytes)
Event: 3.277 Thread 0x00007f5e380bc800 nmethod 1614 0x00007f5e294f2cd0 code [0x00007f5e294f2e20, 0x00007f5e294f2f10]
Event: 3.392 Thread 0x00007f5e380bc800 1615       1       javafx.scene.input.KeyCode::impl_getCode (5 bytes)
Event: 3.392 Thread 0x00007f5e380bc800 nmethod 1615 0x00007f5e294f2f90 code [0x00007f5e294f30e0, 0x00007f5e294f31f0]
Event: 3.392 Thread 0x00007f5e380bc800 1616       3       javafx.scene.input.InputEvent::getEventType (5 bytes)
Event: 3.392 Thread 0x00007f5e380bc800 nmethod 1616 0x00007f5e294f3250 code [0x00007f5e294f33c0, 0x00007f5e294f3530]
Event: 3.460 Thread 0x00007f5e380bc800 1617       3       javafx.scene.Scene$MouseHandler::updateCursorFrame (61 bytes)
Event: 3.461 Thread 0x00007f5e380bc800 nmethod 1617 0x00007f5e294f35d0 code [0x00007f5e294f3760, 0x00007f5e294f3b98]

GC Heap History (4 events):
Event: 0.508 GC heap before
{Heap before GC invocations=1 (full 0):
 PSYoungGen      total 17920K, used 15360K [0x00000000ec000000, 0x00000000ed400000, 0x0000000100000000)
  eden space 15360K, 100% used [0x00000000ec000000,0x00000000ecf00000,0x00000000ecf00000)
  from space 2560K, 0% used [0x00000000ed180000,0x00000000ed180000,0x00000000ed400000)
  to   space 2560K, 0% used [0x00000000ecf00000,0x00000000ecf00000,0x00000000ed180000)
 ParOldGen       total 40960K, used 0K [0x00000000c4000000, 0x00000000c6800000, 0x00000000ec000000)
  object space 40960K, 0% used [0x00000000c4000000,0x00000000c4000000,0x00000000c6800000)
 Metaspace       used 9506K, capacity 9916K, committed 10112K, reserved 1058816K
  class space    used 1197K, capacity 1321K, committed 1408K, reserved 1048576K
Event: 0.512 GC heap after
Heap after GC invocations=1 (full 0):
 PSYoungGen      total 17920K, used 2528K [0x00000000ec000000, 0x00000000ed400000, 0x0000000100000000)
  eden space 15360K, 0% used [0x00000000ec000000,0x00000000ec000000,0x00000000ecf00000)
  from space 2560K, 98% used [0x00000000ecf00000,0x00000000ed178050,0x00000000ed180000)
  to   space 2560K, 0% used [0x00000000ed180000,0x00000000ed180000,0x00000000ed400000)
 ParOldGen       total 40960K, used 272K [0x00000000c4000000, 0x00000000c6800000, 0x00000000ec000000)
  object space 40960K, 0% used [0x00000000c4000000,0x00000000c4044000,0x00000000c6800000)
 Metaspace       used 9506K, capacity 9916K, committed 10112K, reserved 1058816K
  class space    used 1197K, capacity 1321K, committed 1408K, reserved 1048576K
}
Event: 1.008 GC heap before
{Heap before GC invocations=2 (full 0):
 PSYoungGen      total 17920K, used 17874K [0x00000000ec000000, 0x00000000ed400000, 0x0000000100000000)
  eden space 15360K, 99% used [0x00000000ec000000,0x00000000ecefcb88,0x00000000ecf00000)
  from space 2560K, 98% used [0x00000000ecf00000,0x00000000ed178050,0x00000000ed180000)
  to   space 2560K, 0% used [0x00000000ed180000,0x00000000ed180000,0x00000000ed400000)
 ParOldGen       total 40960K, used 272K [0x00000000c4000000, 0x00000000c6800000, 0x00000000ec000000)
  object space 40960K, 0% used [0x00000000c4000000,0x00000000c4044000,0x00000000c6800000)
 Metaspace       used 15218K, capacity 16072K, committed 16384K, reserved 1062912K
  class space    used 2280K, capacity 2444K, committed 2560K, reserved 1048576K
Event: 1.015 GC heap after
Heap after GC invocations=2 (full 0):
 PSYoungGen      total 17920K, used 2535K [0x00000000ec000000, 0x00000000ee300000, 0x0000000100000000)
  eden space 15360K, 0% used [0x00000000ec000000,0x00000000ec000000,0x00000000ecf00000)
  from space 2560K, 99% used [0x00000000ed180000,0x00000000ed3f9f28,0x00000000ed400000)
  to   space 2560K, 0% used [0x00000000ecf00000,0x00000000ecf00000,0x00000000ed180000)
 ParOldGen       total 40960K, used 2584K [0x00000000c4000000, 0x00000000c6800000, 0x00000000ec000000)
  object space 40960K, 6% used [0x00000000c4000000,0x00000000c4286208,0x00000000c6800000)
 Metaspace       used 15218K, capacity 16072K, committed 16384K, reserved 1062912K
  class space    used 2280K, capacity 2444K, committed 2560K, reserved 1048576K
}

Deoptimization events (10 events):
Event: 0.770 Thread 0x00007f5e3825f000 Uncommon trap: reason=class_check action=maybe_recompile pc=0x00007f5e29249b34 method=java.io.DataInputStream.readShort()S @ 4
Event: 0.771 Thread 0x00007f5e3825f000 Uncommon trap: reason=class_check action=maybe_recompile pc=0x00007f5e29249b34 method=java.io.DataInputStream.readShort()S @ 4
Event: 0.771 Thread 0x00007f5e3825f000 Uncommon trap: reason=class_check action=maybe_recompile pc=0x00007f5e29249b34 method=java.io.DataInputStream.readShort()S @ 4
Event: 0.778 Thread 0x00007f5e3825f000 Uncommon trap: reason=class_check action=maybe_recompile pc=0x00007f5e2911ed78 method=java.lang.String.equals(Ljava/lang/Object;)Z @ 8
Event: 0.778 Thread 0x00007f5e3825f000 Uncommon trap: reason=class_check action=maybe_recompile pc=0x00007f5e2911ed78 method=java.lang.String.equals(Ljava/lang/Object;)Z @ 8
Event: 0.778 Thread 0x00007f5e3825f000 Uncommon trap: reason=class_check action=maybe_recompile pc=0x00007f5e2911ed78 method=java.lang.String.equals(Ljava/lang/Object;)Z @ 8
Event: 0.781 Thread 0x00007f5e3825f000 Uncommon trap: reason=class_check action=maybe_recompile pc=0x00007f5e2911ed78 method=java.lang.String.equals(Ljava/lang/Object;)Z @ 8
Event: 0.991 Thread 0x00007f5e3825f000 Uncommon trap: reason=unstable_if action=reinterpret pc=0x00007f5e2923dd20 method=java.lang.CharacterData.of(I)Ljava/lang/CharacterData; @ 4
Event: 1.149 Thread 0x00007f5e3825f000 Uncommon trap: reason=unstable_if action=reinterpret pc=0x00007f5e293667a4 method=jdk.internal.org.objectweb.asm.Type.getArgumentsAndReturnSizes(Ljava/lang/String;)I @ 47
Event: 2.408 Thread 0x00007f5e3819f000 Uncommon trap: reason=unstable_if action=reinterpret pc=0x00007f5e29453c54 method=java.lang.StrictMath.floorOrCeil(DDDD)D @ 115

Internal exceptions (10 events):
Event: 0.420 Thread 0x00007f5e3825f000 Exception <a 'java/lang/NullPointerException'> (0x00000000ecb12678) thrown at [/HUDSON/workspace/8-2-build-linux-amd64/jdk8u51/3951/hotspot/src/share/vm/interpreter/linkResolver.cpp, line 1178]
Event: 0.421 Thread 0x00007f5e3825f000 Exception <a 'java/lang/NullPointerException'> (0x00000000ecb12678) thrown at [/HUDSON/workspace/8-2-build-linux-amd64/jdk8u51/3951/hotspot/src/share/vm/prims/jvm.cpp, line 1386]
Event: 0.560 Thread 0x00007f5e3825f000 Exception <a 'java/lang/ArrayIndexOutOfBoundsException'> (0x00000000ec19a8d0) thrown at [/HUDSON/workspace/8-2-build-linux-amd64/jdk8u51/3951/hotspot/src/share/vm/runtime/sharedRuntime.cpp, line 605]
Event: 0.560 Thread 0x00007f5e3825f000 Exception <a 'java/lang/ArrayIndexOutOfBoundsException'> (0x00000000ec19b520) thrown at [/HUDSON/workspace/8-2-build-linux-amd64/jdk8u51/3951/hotspot/src/share/vm/runtime/sharedRuntime.cpp, line 605]
Event: 0.560 Thread 0x00007f5e3825f000 Exception <a 'java/lang/ArrayIndexOutOfBoundsException'> (0x00000000ec19c818) thrown at [/HUDSON/workspace/8-2-build-linux-amd64/jdk8u51/3951/hotspot/src/share/vm/runtime/sharedRuntime.cpp, line 605]
Event: 0.597 Thread 0x00007f5e3825f000 Exception <a 'java/lang/ArrayIndexOutOfBoundsException'> (0x00000000ec31e4f0) thrown at [/HUDSON/workspace/8-2-build-linux-amd64/jdk8u51/3951/hotspot/src/share/vm/runtime/sharedRuntime.cpp, line 605]
Event: 0.597 Thread 0x00007f5e3825f000 Exception <a 'java/lang/ArrayIndexOutOfBoundsException'> (0x00000000ec31f440) thrown at [/HUDSON/workspace/8-2-build-linux-amd64/jdk8u51/3951/hotspot/src/share/vm/runtime/sharedRuntime.cpp, line 605]
Event: 0.598 Thread 0x00007f5e3825f000 Exception <a 'java/lang/ArrayIndexOutOfBoundsException'> (0x00000000ec320c00) thrown at [/HUDSON/workspace/8-2-build-linux-amd64/jdk8u51/3951/hotspot/src/share/vm/runtime/sharedRuntime.cpp, line 605]
Event: 0.700 Thread 0x00007f5e3825f000 Implicit null exception at 0x00007f5e292dccb5 to 0x00007f5e292dced1
Event: 3.263 Thread 0x00007f5e3825f000 Exception <a 'java/lang/NullPointerException'> (0x00000000ec42a738) thrown at [/HUDSON/workspace/8-2-build-linux-amd64/jdk8u51/3951/hotspot/src/share/vm/interpreter/linkResolver.cpp, line 1178]

Events (10 events):
Event: 3.263 loading class java/lang/Throwable$WrappedPrintStream
Event: 3.263 loading class java/lang/Throwable$PrintStreamOrWriter
Event: 3.263 loading class java/lang/Throwable$PrintStreamOrWriter done
Event: 3.263 loading class java/lang/Throwable$WrappedPrintStream done
Event: 3.264 loading class java/util/IdentityHashMap$KeySet
Event: 3.264 loading class java/util/IdentityHashMap$KeySet done
Event: 3.390 loading class com/sun/javafx/tk/quantum/GlassViewEventHandler
Event: 3.390 loading class com/sun/javafx/tk/quantum/GlassViewEventHandler done
Event: 3.391 loading class com/sun/javafx/scene/input/KeyCodeMap
Event: 3.391 loading class com/sun/javafx/scene/input/KeyCodeMap done


Dynamic libraries:
00400000-00401000 r-xp 00000000 08:03 3937306                            /usr/lib/jvm/jre1.8.0_51/bin/java
00600000-00601000 rw-p 00000000 08:03 3937306                            /usr/lib/jvm/jre1.8.0_51/bin/java
021a0000-021c1000 rw-p 00000000 00:00 0                                  [heap]
c4000000-c6800000 rw-p 00000000 00:00 0 
c6800000-ec000000 ---p 00000000 00:00 0 
ec000000-ee300000 rw-p 00000000 00:00 0 
ee300000-100000000 ---p 00000000 00:00 0 
100000000-1002a0000 rw-p 00000000 00:00 0 
1002a0000-140000000 ---p 00000000 00:00 0 
7f5dc0000000-7f5dc0021000 rw-p 00000000 00:00 0 
7f5dc0021000-7f5dc4000000 ---p 00000000 00:00 0 
7f5dc8000000-7f5dc8624000 rw-p 00000000 00:00 0 
7f5dc8624000-7f5dcc000000 ---p 00000000 00:00 0 
7f5dcc000000-7f5dcc021000 rw-p 00000000 00:00 0 
7f5dcc021000-7f5dd0000000 ---p 00000000 00:00 0 
7f5dd0000000-7f5dd0022000 rw-p 00000000 00:00 0 
7f5dd0022000-7f5dd4000000 ---p 00000000 00:00 0 
7f5dd4000000-7f5dd4021000 rw-p 00000000 00:00 0 
7f5dd4021000-7f5dd8000000 ---p 00000000 00:00 0 
7f5dd8000000-7f5dd8021000 rw-p 00000000 00:00 0 
7f5dd8021000-7f5ddc000000 ---p 00000000 00:00 0 
7f5ddcc80000-7f5ddcc83000 rw-p 00000000 00:00 0 
7f5ddcc83000-7f5ddcc84000 rw-s 00000000 00:04 114378                     /drm mm object (deleted)
7f5ddcc84000-7f5ddcc94000 rw-s 00000000 00:04 115217                     /drm mm object (deleted)
7f5ddcc94000-7f5ddcc9c000 rw-s 00000000 00:04 115212                     /drm mm object (deleted)
7f5ddcc9c000-7f5ddcca0000 rw-s 00000000 00:04 115211                     /drm mm object (deleted)
7f5ddcca0000-7f5ddce60000 rw-s 00000000 00:04 115208                     /drm mm object (deleted)
7f5ddce60000-7f5ddce62000 rw-s 00000000 00:04 115210                     /drm mm object (deleted)
7f5ddce62000-7f5ddcec2000 rw-s 00000000 00:04 115205                     /drm mm object (deleted)
7f5ddcec2000-7f5ddced0000 rw-s 00000000 00:04 115204                     /drm mm object (deleted)
7f5ddced0000-7f5ddcf90000 rw-p 00000000 00:00 0 
7f5ddcf90000-7f5ddd0d0000 ---p 00000000 00:00 0 
7f5ddd0d0000-7f5ddd0e0000 rw-s 00000000 00:04 114370                     /drm mm object (deleted)
7f5ddd0e0000-7f5ddd0f0000 rw-s 00000000 00:04 114368                     /drm mm object (deleted)
7f5ddd0f0000-7f5ddd0fc000 rw-s 00000000 00:04 111545                     /drm mm object (deleted)
7f5ddd0fc000-7f5ddd10f000 r--s 00344000 08:03 3937243                    /usr/lib/jvm/jre1.8.0_51/lib/resources.jar
7f5ddd10f000-7f5ddd526000 r--p 00000000 08:03 10748738                   /usr/share/fonts/truetype/nanum/NanumGothicBold.ttf
7f5ddd526000-7f5ddd726000 rw-p 00000000 00:00 0 
7f5ddd726000-7f5ddd729000 ---p 00000000 00:00 0 
7f5ddd729000-7f5ddd827000 rw-p 00000000 00:00 0                          [stack:9594]
7f5ddd827000-7f5dddc4c000 r--p 00000000 08:03 10748737                   /usr/share/fonts/truetype/nanum/NanumGothic.ttf
7f5dddc4c000-7f5ddde4c000 rw-p 00000000 00:00 0 
7f5ddde4c000-7f5ddde6f000 r--p 00000000 08:03 8259164                    /usr/share/fonts/truetype/msttcorefonts/Georgia.ttf
7f5ddde6f000-7f5ddde82000 r--p 00000000 08:03 3937208                    /usr/lib/jvm/jre1.8.0_51/lib/fonts/LucidaBrightDemiBold.ttf
7f5ddde82000-7f5ddded0000 r--p 00000000 08:03 3937209                    /usr/lib/jvm/jre1.8.0_51/lib/fonts/LucidaSansDemiBold.ttf
7f5ddded0000-7f5dddf25000 r--p 00000000 08:03 3937204                    /usr/lib/jvm/jre1.8.0_51/lib/fonts/LucidaBrightRegular.ttf
7f5dddf25000-7f5dddf39000 r--p 00000000 08:03 3937203                    /usr/lib/jvm/jre1.8.0_51/lib/fonts/LucidaBrightItalic.ttf
7f5dddf39000-7f5dddf73000 r--p 00000000 08:03 3937205                    /usr/lib/jvm/jre1.8.0_51/lib/fonts/LucidaTypewriterBold.ttf
7f5dddf73000-7f5dddfaf000 r--p 00000000 08:03 3937202                    /usr/lib/jvm/jre1.8.0_51/lib/fonts/LucidaTypewriterRegular.ttf
7f5dddfaf000-7f5dddfc2000 r--p 00000000 08:03 3937207                    /usr/lib/jvm/jre1.8.0_51/lib/fonts/LucidaBrightDemiItalic.ttf
7f5dddfc2000-7f5dde06d000 r--p 00000000 08:03 3937206                    /usr/lib/jvm/jre1.8.0_51/lib/fonts/LucidaSansRegular.ttf
7f5dde06d000-7f5dde071000 r-xp 00000000 08:03 3937192                    /usr/lib/jvm/jre1.8.0_51/lib/amd64/libjavafx_font_pango.so
7f5dde071000-7f5dde270000 ---p 00004000 08:03 3937192                    /usr/lib/jvm/jre1.8.0_51/lib/amd64/libjavafx_font_pango.so
7f5dde270000-7f5dde271000 r--p 00003000 08:03 3937192                    /usr/lib/jvm/jre1.8.0_51/lib/amd64/libjavafx_font_pango.so
7f5dde271000-7f5dde272000 rw-p 00004000 08:03 3937192                    /usr/lib/jvm/jre1.8.0_51/lib/amd64/libjavafx_font_pango.so
7f5dde272000-7f5dde277000 r-xp 00000000 08:03 3937136                    /usr/lib/jvm/jre1.8.0_51/lib/amd64/libjavafx_font_freetype.so
7f5dde277000-7f5dde476000 ---p 00005000 08:03 3937136                    /usr/lib/jvm/jre1.8.0_51/lib/amd64/libjavafx_font_freetype.so
7f5dde476000-7f5dde477000 r--p 00004000 08:03 3937136                    /usr/lib/jvm/jre1.8.0_51/lib/amd64/libjavafx_font_freetype.so
7f5dde477000-7f5dde478000 rw-p 00005000 08:03 3937136                    /usr/lib/jvm/jre1.8.0_51/lib/amd64/libjavafx_font_freetype.so
7f5dde478000-7f5dde47b000 r-xp 00000000 08:03 3937140                    /usr/lib/jvm/jre1.8.0_51/lib/amd64/libjavafx_font.so
7f5dde47b000-7f5dde67a000 ---p 00003000 08:03 3937140                    /usr/lib/jvm/jre1.8.0_51/lib/amd64/libjavafx_font.so
7f5dde67a000-7f5dde67b000 r--p 00002000 08:03 3937140                    /usr/lib/jvm/jre1.8.0_51/lib/amd64/libjavafx_font.so
7f5dde67b000-7f5dde67c000 rw-p 00003000 08:03 3937140                    /usr/lib/jvm/jre1.8.0_51/lib/amd64/libjavafx_font.so
7f5dde67c000-7f5dde87c000 rw-p 00000000 00:00 0 
7f5dde87c000-7f5dde87f000 ---p 00000000 00:00 0 
7f5dde87f000-7f5dde97d000 rw-p 00000000 00:00 0                          [stack:9593]
7f5dde97d000-7f5dde980000 ---p 00000000 00:00 0 
7f5dde980000-7f5ddea7e000 rw-p 00000000 00:00 0                          [stack:9592]
7f5ddea7e000-7f5ddea7f000 ---p 00000000 00:00 0 
7f5ddea7f000-7f5ddf27f000 rw-p 00000000 00:00 0                          [stack:9590]
7f5ddf27f000-7f5ddf280000 ---p 00000000 00:00 0 
7f5ddf280000-7f5ddfa80000 rw-p 00000000 00:00 0                          [stack:9589]
7f5ddfa80000-7f5ddfa8b000 r-xp 00000000 08:03 10093528                   /usr/lib/x86_64-linux-gnu/gio/modules/libdconfsettings.so
7f5ddfa8b000-7f5ddfc8b000 ---p 0000b000 08:03 10093528                   /usr/lib/x86_64-linux-gnu/gio/modules/libdconfsettings.so
7f5ddfc8b000-7f5ddfc8c000 r--p 0000b000 08:03 10093528                   /usr/lib/x86_64-linux-gnu/gio/modules/libdconfsettings.so
7f5ddfc8c000-7f5ddfc8d000 rw-p 0000c000 08:03 10093528                   /usr/lib/x86_64-linux-gnu/gio/modules/libdconfsettings.so
7f5ddfc8d000-7f5ddfc94000 r-xp 00000000 08:03 9708107                    /usr/lib/x86_64-linux-gnu/libogg.so.0.8.1
7f5ddfc94000-7f5ddfe94000 ---p 00007000 08:03 9708107                    /usr/lib/x86_64-linux-gnu/libogg.so.0.8.1
7f5ddfe94000-7f5ddfe95000 r--p 00007000 08:03 9708107                    /usr/lib/x86_64-linux-gnu/libogg.so.0.8.1
7f5ddfe95000-7f5ddfe96000 rw-p 00008000 08:03 9708107                    /usr/lib/x86_64-linux-gnu/libogg.so.0.8.1
7f5ddfe96000-7f5ddfec2000 r-xp 00000000 08:03 9708383                    /usr/lib/x86_64-linux-gnu/libvorbis.so.0.4.5
7f5ddfec2000-7f5de00c1000 ---p 0002c000 08:03 9708383                    /usr/lib/x86_64-linux-gnu/libvorbis.so.0.4.5
7f5de00c1000-7f5de00c2000 r--p 0002b000 08:03 9708383                    /usr/lib/x86_64-linux-gnu/libvorbis.so.0.4.5
7f5de00c2000-7f5de00c3000 rw-p 0002c000 08:03 9708383                    /usr/lib/x86_64-linux-gnu/libvorbis.so.0.4.5
7f5de00c3000-7f5de00cc000 r-xp 00000000 08:03 9708013                    /usr/lib/x86_64-linux-gnu/libltdl.so.7.3.0
7f5de00cc000-7f5de02cb000 ---p 00009000 08:03 9708013                    /usr/lib/x86_64-linux-gnu/libltdl.so.7.3.0
7f5de02cb000-7f5de02cc000 r--p 00008000 08:03 9708013                    /usr/lib/x86_64-linux-gnu/libltdl.so.7.3.0
7f5de02cc000-7f5de02cd000 rw-p 00009000 08:03 9708013                    /usr/lib/x86_64-linux-gnu/libltdl.so.7.3.0
7f5de02cd000-7f5de02de000 r-xp 00000000 08:03 9708302                    /usr/lib/x86_64-linux-gnu/libtdb.so.1.2.12
7f5de02de000-7f5de04dd000 ---p 00011000 08:03 9708302                    /usr/lib/x86_64-linux-gnu/libtdb.so.1.2.12
7f5de04dd000-7f5de04de000 r--p 00010000 08:03 9708302                    /usr/lib/x86_64-linux-gnu/libtdb.so.1.2.12
7f5de04de000-7f5de04df000 rw-p 00011000 08:03 9708302                    /usr/lib/x86_64-linux-gnu/libtdb.so.1.2.12
7f5de04df000-7f5de04e6000 r-xp 00000000 08:03 9708387                    /usr/lib/x86_64-linux-gnu/libvorbisfile.so.3.3.4
7f5de04e6000-7f5de06e5000 ---p 00007000 08:03 9708387                    /usr/lib/x86_64-linux-gnu/libvorbisfile.so.3.3.4
7f5de06e5000-7f5de06e6000 r--p 00006000 08:03 9708387                    /usr/lib/x86_64-linux-gnu/libvorbisfile.so.3.3.4
7f5de06e6000-7f5de06e7000 rw-p 00007000 08:03 9708387                    /usr/lib/x86_64-linux-gnu/libvorbisfile.so.3.3.4
7f5de06e7000-7f5de06f6000 r-xp 00000000 08:03 9707527                    /usr/lib/x86_64-linux-gnu/libcanberra.so.0.2.5
7f5de06f6000-7f5de08f5000 ---p 0000f000 08:03 9707527                    /usr/lib/x86_64-linux-gnu/libcanberra.so.0.2.5
7f5de08f5000-7f5de08f6000 r--p 0000e000 08:03 9707527                    /usr/lib/x86_64-linux-gnu/libcanberra.so.0.2.5
7f5de08f6000-7f5de08f7000 rw-p 0000f000 08:03 9707527                    /usr/lib/x86_64-linux-gnu/libcanberra.so.0.2.5
7f5de08f7000-7f5de08fb000 r-xp 00000000 08:03 9707523                    /usr/lib/x86_64-linux-gnu/libcanberra-gtk.so.0.1.9
7f5de08fb000-7f5de0afa000 ---p 00004000 08:03 9707523                    /usr/lib/x86_64-linux-gnu/libcanberra-gtk.so.0.1.9
7f5de0afa000-7f5de0afb000 r--p 00003000 08:03 9707523                    /usr/lib/x86_64-linux-gnu/libcanberra-gtk.so.0.1.9
7f5de0afb000-7f5de0afc000 rw-p 00004000 08:03 9707523                    /usr/lib/x86_64-linux-gnu/libcanberra-gtk.so.0.1.9
7f5de0afc000-7f5de0b01000 r-xp 00000000 08:03 10093783                   /usr/lib/x86_64-linux-gnu/gtk-2.0/modules/libcanberra-gtk-module.so
7f5de0b01000-7f5de0d00000 ---p 00005000 08:03 10093783                   /usr/lib/x86_64-linux-gnu/gtk-2.0/modules/libcanberra-gtk-module.so
7f5de0d00000-7f5de0d01000 r--p 00004000 08:03 10093783                   /usr/lib/x86_64-linux-gnu/gtk-2.0/modules/libcanberra-gtk-module.so
7f5de0d01000-7f5de0d02000 rw-p 00005000 08:03 10093783                   /usr/lib/x86_64-linux-gnu/gtk-2.0/modules/libcanberra-gtk-module.so
7f5de0d02000-7f5de0d31000 r-xp 00000000 08:03 10093765                   /usr/lib/x86_64-linux-gnu/gtk-2.0/2.10.0/engines/libmurrine.so
7f5de0d31000-7f5de0f31000 ---p 0002f000 08:03 10093765                   /usr/lib/x86_64-linux-gnu/gtk-2.0/2.10.0/engines/libmurrine.so
7f5de0f31000-7f5de0f32000 r--p 0002f000 08:03 10093765                   /usr/lib/x86_64-linux-gnu/gtk-2.0/2.10.0/engines/libmurrine.so
7f5de0f32000-7f5de0f33000 rw-p 00030000 08:03 10093765                   /usr/lib/x86_64-linux-gnu/gtk-2.0/2.10.0/engines/libmurrine.so
7f5de0f33000-7f5de0f43000 r-xp 00000000 08:03 9708351                    /usr/lib/x86_64-linux-gnu/libunity-gtk2-parser.so.0.0.0
7f5de0f43000-7f5de1142000 ---p 00010000 08:03 9708351                    /usr/lib/x86_64-linux-gnu/libunity-gtk2-parser.so.0.0.0
7f5de1142000-7f5de1143000 r--p 0000f000 08:03 9708351                    /usr/lib/x86_64-linux-gnu/libunity-gtk2-parser.so.0.0.0
7f5de1143000-7f5de1144000 rw-p 00010000 08:03 9708351                    /usr/lib/x86_64-linux-gnu/libunity-gtk2-parser.so.0.0.0
7f5de1144000-7f5de1149000 r-xp 00000000 08:03 10093787                   /usr/lib/x86_64-linux-gnu/gtk-2.0/modules/libunity-gtk-module.so
7f5de1149000-7f5de1348000 ---p 00005000 08:03 10093787                   /usr/lib/x86_64-linux-gnu/gtk-2.0/modules/libunity-gtk-module.so
7f5de1348000-7f5de1349000 r--p 00004000 08:03 10093787                   /usr/lib/x86_64-linux-gnu/gtk-2.0/modules/libunity-gtk-module.so
7f5de1349000-7f5de134a000 rw-p 00005000 08:03 10093787                   /usr/lib/x86_64-linux-gnu/gtk-2.0/modules/libunity-gtk-module.so
7f5de134a000-7f5de135b000 r-xp 00000000 08:03 10093786                   /usr/lib/x86_64-linux-gnu/gtk-2.0/modules/liboverlay-scrollbar.so
7f5de135b000-7f5de155a000 ---p 00011000 08:03 10093786                   /usr/lib/x86_64-linux-gnu/gtk-2.0/modules/liboverlay-scrollbar.so
7f5de155a000-7f5de155b000 r--p 00010000 08:03 10093786                   /usr/lib/x86_64-linux-gnu/gtk-2.0/modules/liboverlay-scrollbar.so
7f5de155b000-7f5de155c000 rw-p 00011000 08:03 10093786                   /usr/lib/x86_64-linux-gnu/gtk-2.0/modules/liboverlay-scrollbar.so
7f5de155c000-7f5de1587000 r-xp 00000000 08:03 3937145                    /usr/lib/jvm/jre1.8.0_51/lib/amd64/libglass.so
7f5de1587000-7f5de1786000 ---p 0002b000 08:03 3937145                    /usr/lib/jvm/jre1.8.0_51/lib/amd64/libglass.so
7f5de1786000-7f5de1788000 r--p 0002a000 08:03 3937145                    /usr/lib/jvm/jre1.8.0_51/lib/amd64/libglass.so
7f5de1788000-7f5de1789000 rw-p 0002c000 08:03 3937145                    /usr/lib/jvm/jre1.8.0_51/lib/amd64/libglass.so
7f5de1789000-7f5de178a000 rw-p 00000000 00:00 0 
7f5de178a000-7f5de17c1000 r-xp 00000000 08:03 9708334                    /usr/lib/x86_64-linux-gnu/libtxc_dxtn_s2tc.so.0.0.0
7f5de17c1000-7f5de19c0000 ---p 00037000 08:03 9708334                    /usr/lib/x86_64-linux-gnu/libtxc_dxtn_s2tc.so.0.0.0
7f5de19c0000-7f5de19c1000 r--p 00036000 08:03 9708334                    /usr/lib/x86_64-linux-gnu/libtxc_dxtn_s2tc.so.0.0.0
7f5de19c1000-7f5de19c2000 rw-p 00037000 08:03 9708334                    /usr/lib/x86_64-linux-gnu/libtxc_dxtn_s2tc.so.0.0.0
7f5de19c2000-7f5de19ca000 r-xp 00000000 08:03 9708139                    /usr/lib/x86_64-linux-gnu/libpciaccess.so.0.11.1
7f5de19ca000-7f5de1bc9000 ---p 00008000 08:03 9708139                    /usr/lib/x86_64-linux-gnu/libpciaccess.so.0.11.1
7f5de1bc9000-7f5de1bca000 r--p 00007000 08:03 9708139                    /usr/lib/x86_64-linux-gnu/libpciaccess.so.0.11.1
7f5de1bca000-7f5de1bcb000 rw-p 00008000 08:03 9708139                    /usr/lib/x86_64-linux-gnu/libpciaccess.so.0.11.1
7f5de1bcb000-7f5de1bd7000 r-xp 00000000 08:03 9710672                    /usr/lib/x86_64-linux-gnu/libdrm_radeon.so.1.0.1
7f5de1bd7000-7f5de1dd6000 ---p 0000c000 08:03 9710672                    /usr/lib/x86_64-linux-gnu/libdrm_radeon.so.1.0.1
7f5de1dd6000-7f5de1dd7000 r--p 0000b000 08:03 9710672                    /usr/lib/x86_64-linux-gnu/libdrm_radeon.so.1.0.1
7f5de1dd7000-7f5de1dd8000 rw-p 0000c000 08:03 9710672                    /usr/lib/x86_64-linux-gnu/libdrm_radeon.so.1.0.1
7f5de1dd8000-7f5de1dde000 r-xp 00000000 08:03 9710669                    /usr/lib/x86_64-linux-gnu/libdrm_nouveau.so.2.0.0
7f5de1dde000-7f5de1fdd000 ---p 00006000 08:03 9710669                    /usr/lib/x86_64-linux-gnu/libdrm_nouveau.so.2.0.0
7f5de1fdd000-7f5de1fde000 r--p 00005000 08:03 9710669                    /usr/lib/x86_64-linux-gnu/libdrm_nouveau.so.2.0.0
7f5de1fde000-7f5de1fdf000 rw-p 00006000 08:03 9710669                    /usr/lib/x86_64-linux-gnu/libdrm_nouveau.so.2.0.0
7f5de1fdf000-7f5de1fff000 r-xp 00000000 08:03 9710664                    /usr/lib/x86_64-linux-gnu/libdrm_intel.so.1.0.0
7f5de1fff000-7f5de21fe000 ---p 00020000 08:03 9710664                    /usr/lib/x86_64-linux-gnu/libdrm_intel.so.1.0.0
7f5de21fe000-7f5de21ff000 r--p 0001f000 08:03 9710664                    /usr/lib/x86_64-linux-gnu/libdrm_intel.so.1.0.0
7f5de21ff000-7f5de2200000 rw-p 00020000 08:03 9710664                    /usr/lib/x86_64-linux-gnu/libdrm_intel.so.1.0.0
7f5de2200000-7f5de2708000 r-xp 00000000 08:03 10092866                   /usr/lib/x86_64-linux-gnu/dri/i965_dri.so
7f5de2708000-7f5de2907000 ---p 00508000 08:03 10092866                   /usr/lib/x86_64-linux-gnu/dri/i965_dri.so
7f5de2907000-7f5de2921000 r--p 00507000 08:03 10092866                   /usr/lib/x86_64-linux-gnu/dri/i965_dri.so
7f5de2921000-7f5de2927000 rw-p 00521000 08:03 10092866                   /usr/lib/x86_64-linux-gnu/dri/i965_dri.so
7f5de2927000-7f5de2932000 rw-p 00000000 00:00 0 
7f5de2932000-7f5de2976000 r-xp 00000000 08:03 11276251                   /lib/x86_64-linux-gnu/libdbus-1.so.3.7.6
7f5de2976000-7f5de2b75000 ---p 00044000 08:03 11276251                   /lib/x86_64-linux-gnu/libdbus-1.so.3.7.6
7f5de2b75000-7f5de2b76000 r--p 00043000 08:03 11276251                   /lib/x86_64-linux-gnu/libdbus-1.so.3.7.6
7f5de2b76000-7f5de2b77000 rw-p 00044000 08:03 11276251                   /lib/x86_64-linux-gnu/libdbus-1.so.3.7.6
7f5de2b77000-7f5de2b7f000 r-xp 00000000 08:03 11276299                   /lib/x86_64-linux-gnu/libnih-dbus.so.1.0.0
7f5de2b7f000-7f5de2d7f000 ---p 00008000 08:03 11276299                   /lib/x86_64-linux-gnu/libnih-dbus.so.1.0.0
7f5de2d7f000-7f5de2d80000 r--p 00008000 08:03 11276299                   /lib/x86_64-linux-gnu/libnih-dbus.so.1.0.0
7f5de2d80000-7f5de2d81000 rw-p 00009000 08:03 11276299                   /lib/x86_64-linux-gnu/libnih-dbus.so.1.0.0
7f5de2d81000-7f5de2d98000 r-xp 00000000 08:03 11276301                   /lib/x86_64-linux-gnu/libnih.so.1.0.0
7f5de2d98000-7f5de2f97000 ---p 00017000 08:03 11276301                   /lib/x86_64-linux-gnu/libnih.so.1.0.0
7f5de2f97000-7f5de2f98000 r--p 00016000 08:03 11276301                   /lib/x86_64-linux-gnu/libnih.so.1.0.0
7f5de2f98000-7f5de2f99000 rw-p 00017000 08:03 11276301                   /lib/x86_64-linux-gnu/libnih.so.1.0.0
7f5de2f99000-7f5de2fb2000 r-xp 00000000 08:03 11276242                   /lib/x86_64-linux-gnu/libcgmanager.so.0.0.0
7f5de2fb2000-7f5de31b1000 ---p 00019000 08:03 11276242                   /lib/x86_64-linux-gnu/libcgmanager.so.0.0.0
7f5de31b1000-7f5de31b3000 r--p 00018000 08:03 11276242                   /lib/x86_64-linux-gnu/libcgmanager.so.0.0.0
7f5de31b3000-7f5de31b4000 rw-p 0001a000 08:03 11276242                   /lib/x86_64-linux-gnu/libcgmanager.so.0.0.0
7f5de31b4000-7f5de31c4000 r-xp 00000000 08:03 11276384                   /lib/x86_64-linux-gnu/libudev.so.1.3.5
7f5de31c4000-7f5de33c3000 ---p 00010000 08:03 11276384                   /lib/x86_64-linux-gnu/libudev.so.1.3.5
7f5de33c3000-7f5de33c4000 r--p 0000f000 08:03 11276384                   /lib/x86_64-linux-gnu/libudev.so.1.3.5
7f5de33c4000-7f5de33c5000 rw-p 00010000 08:03 11276384                   /lib/x86_64-linux-gnu/libudev.so.1.3.5
7f5de33c5000-7f5de33cb000 r-xp 00000000 08:03 9707591                    /usr/lib/x86_64-linux-gnu/libdatrie.so.1.3.1
7f5de33cb000-7f5de35ca000 ---p 00006000 08:03 9707591                    /usr/lib/x86_64-linux-gnu/libdatrie.so.1.3.1
7f5de35ca000-7f5de35cb000 r--p 00005000 08:03 9707591                    /usr/lib/x86_64-linux-gnu/libdatrie.so.1.3.1
7f5de35cb000-7f5de35cc000 rw-p 00006000 08:03 9707591                    /usr/lib/x86_64-linux-gnu/libdatrie.so.1.3.1
7f5de35cc000-7f5de35d1000 r-xp 00000000 08:03 9707399                    /usr/lib/x86_64-linux-gnu/libXdmcp.so.6.0.0
7f5de35d1000-7f5de37d0000 ---p 00005000 08:03 9707399                    /usr/lib/x86_64-linux-gnu/libXdmcp.so.6.0.0
7f5de37d0000-7f5de37d1000 r--p 00004000 08:03 9707399                    /usr/lib/x86_64-linux-gnu/libXdmcp.so.6.0.0
7f5de37d1000-7f5de37d2000 rw-p 00005000 08:03 9707399                    /usr/lib/x86_64-linux-gnu/libXdmcp.so.6.0.0
7f5de37d2000-7f5de37d4000 r-xp 00000000 08:03 9707388                    /usr/lib/x86_64-linux-gnu/libXau.so.6.0.0
7f5de37d4000-7f5de39d4000 ---p 00002000 08:03 9707388                    /usr/lib/x86_64-linux-gnu/libXau.so.6.0.0
7f5de39d4000-7f5de39d5000 r--p 00002000 08:03 9707388                    /usr/lib/x86_64-linux-gnu/libXau.so.6.0.0
7f5de39d5000-7f5de39d6000 rw-p 00003000 08:03 9707388                    /usr/lib/x86_64-linux-gnu/libXau.so.6.0.0
7f5de39d6000-7f5de39f0000 r-xp 00000000 08:03 9707817                    /usr/lib/x86_64-linux-gnu/libgraphite2.so.3.0.1
7f5de39f0000-7f5de3bef000 ---p 0001a000 08:03 9707817                    /usr/lib/x86_64-linux-gnu/libgraphite2.so.3.0.1
7f5de3bef000-7f5de3bf1000 r--p 00019000 08:03 9707817                    /usr/lib/x86_64-linux-gnu/libgraphite2.so.3.0.1
7f5de3bf1000-7f5de3bf2000 rw-p 0001b000 08:03 9707817                    /usr/lib/x86_64-linux-gnu/libgraphite2.so.3.0.1
7f5de3bf2000-7f5de3bfd000 r-xp 00000000 08:03 9703857                    /usr/lib/x86_64-linux-gnu/libdrm.so.2.4.0
7f5de3bfd000-7f5de3dfc000 ---p 0000b000 08:03 9703857                    /usr/lib/x86_64-linux-gnu/libdrm.so.2.4.0
7f5de3dfc000-7f5de3dfd000 r--p 0000a000 08:03 9703857                    /usr/lib/x86_64-linux-gnu/libdrm.so.2.4.0
7f5de3dfd000-7f5de3dfe000 rw-p 0000b000 08:03 9703857                    /usr/lib/x86_64-linux-gnu/libdrm.so.2.4.0
7f5de3dfe000-7f5de3dff000 r-xp 00000000 08:03 9708466                    /usr/lib/x86_64-linux-gnu/libxshmfence.so.1.0.0
7f5de3dff000-7f5de3ffe000 ---p 00001000 08:03 9708466                    /usr/lib/x86_64-linux-gnu/libxshmfence.so.1.0.0
7f5de3ffe000-7f5de3fff000 r--p 00000000 08:03 9708466                    /usr/lib/x86_64-linux-gnu/libxshmfence.so.1.0.0
7f5de3fff000-7f5de4000000 rw-p 00001000 08:03 9708466                    /usr/lib/x86_64-linux-gnu/libxshmfence.so.1.0.0
7f5de4000000-7f5de5e02000 rw-p 00000000 00:00 0 
7f5de5e02000-7f5de8000000 ---p 00000000 00:00 0 
7f5de8000000-7f5de8001000 rw-s 00000000 00:04 114367                     /drm mm object (deleted)
7f5de8001000-7f5de8003000 rw-s 00000000 00:04 115207                     /drm mm object (deleted)
7f5de8003000-7f5de8005000 rw-s 00000000 00:04 115206                     /drm mm object (deleted)
7f5de8005000-7f5de8006000 rw-s 00000000 00:04 114365                     /drm mm object (deleted)
7f5de8006000-7f5de8007000 rw-s 00000000 00:04 114364                     /drm mm object (deleted)
7f5de8007000-7f5de8008000 rw-s 00000000 00:04 111550                     /drm mm object (deleted)
7f5de8008000-7f5de8009000 rw-s 00000000 00:04 114369                     /drm mm object (deleted)
7f5de8009000-7f5de800e000 r--s 00083000 08:03 3937215                    /usr/lib/jvm/jre1.8.0_51/lib/jfr.jar
7f5de800e000-7f5de8019000 r--s 00000000 08:03 526157                     /var/cache/fontconfig/945677eb7aeaf62f1d50efc3fb3ec7d8-le64.cache-4
7f5de8019000-7f5de8022000 r--s 00000000 08:03 526799                     /var/cache/fontconfig/a6d8cf8e4ec09cdbc8633c31745a07dd-le64.cache-4
7f5de8022000-7f5de8028000 r--s 00000000 08:03 526143                     /var/cache/fontconfig/2cd17615ca594fa2959ae173292e504c-le64.cache-4
7f5de8028000-7f5de802b000 ---p 00000000 00:00 0 
7f5de802b000-7f5de8129000 rw-p 00000000 00:00 0                          [stack:9591]
7f5de8129000-7f5de812e000 r-xp 00000000 08:03 9708448                    /usr/lib/x86_64-linux-gnu/libxcb-sync.so.1.0.0
7f5de812e000-7f5de832d000 ---p 00005000 08:03 9708448                    /usr/lib/x86_64-linux-gnu/libxcb-sync.so.1.0.0
7f5de832d000-7f5de832e000 r--p 00004000 08:03 9708448                    /usr/lib/x86_64-linux-gnu/libxcb-sync.so.1.0.0
7f5de832e000-7f5de832f000 rw-p 00005000 08:03 9708448                    /usr/lib/x86_64-linux-gnu/libxcb-sync.so.1.0.0
7f5de832f000-7f5de8331000 r-xp 00000000 08:03 9708436                    /usr/lib/x86_64-linux-gnu/libxcb-present.so.0.0.0
7f5de8331000-7f5de8530000 ---p 00002000 08:03 9708436                    /usr/lib/x86_64-linux-gnu/libxcb-present.so.0.0.0
7f5de8530000-7f5de8531000 r--p 00001000 08:03 9708436                    /usr/lib/x86_64-linux-gnu/libxcb-present.so.0.0.0
7f5de8531000-7f5de8532000 rw-p 00002000 08:03 9708436                    /usr/lib/x86_64-linux-gnu/libxcb-present.so.0.0.0
7f5de8532000-7f5de8534000 r-xp 00000000 08:03 9708426                    /usr/lib/x86_64-linux-gnu/libxcb-dri3.so.0.0.0
7f5de8534000-7f5de8733000 ---p 00002000 08:03 9708426                    /usr/lib/x86_64-linux-gnu/libxcb-dri3.so.0.0.0
7f5de8733000-7f5de8734000 r--p 00001000 08:03 9708426                    /usr/lib/x86_64-linux-gnu/libxcb-dri3.so.0.0.0
7f5de8734000-7f5de8735000 rw-p 00002000 08:03 9708426                    /usr/lib/x86_64-linux-gnu/libxcb-dri3.so.0.0.0
7f5de8735000-7f5de8738000 r-xp 00000000 08:03 9708424                    /usr/lib/x86_64-linux-gnu/libxcb-dri2.so.0.0.0
7f5de8738000-7f5de8938000 ---p 00003000 08:03 9708424                    /usr/lib/x86_64-linux-gnu/libxcb-dri2.so.0.0.0
7f5de8938000-7f5de8939000 r--p 00003000 08:03 9708424                    /usr/lib/x86_64-linux-gnu/libxcb-dri2.so.0.0.0
7f5de8939000-7f5de893a000 rw-p 00004000 08:03 9708424                    /usr/lib/x86_64-linux-gnu/libxcb-dri2.so.0.0.0
7f5de893a000-7f5de894f000 r-xp 00000000 08:03 9708428                    /usr/lib/x86_64-linux-gnu/libxcb-glx.so.0.0.0
7f5de894f000-7f5de8b4e000 ---p 00015000 08:03 9708428                    /usr/lib/x86_64-linux-gnu/libxcb-glx.so.0.0.0
7f5de8b4e000-7f5de8b50000 r--p 00014000 08:03 9708428                    /usr/lib/x86_64-linux-gnu/libxcb-glx.so.0.0.0
7f5de8b50000-7f5de8b51000 rw-p 00016000 08:03 9708428                    /usr/lib/x86_64-linux-gnu/libxcb-glx.so.0.0.0
7f5de8b51000-7f5de8b52000 r-xp 00000000 08:03 9707382                    /usr/lib/x86_64-linux-gnu/libX11-xcb.so.1.0.0
7f5de8b52000-7f5de8d51000 ---p 00001000 08:03 9707382                    /usr/lib/x86_64-linux-gnu/libX11-xcb.so.1.0.0
7f5de8d51000-7f5de8d52000 r--p 00000000 08:03 9707382                    /usr/lib/x86_64-linux-gnu/libX11-xcb.so.1.0.0
7f5de8d52000-7f5de8d53000 rw-p 00001000 08:03 9707382                    /usr/lib/x86_64-linux-gnu/libX11-xcb.so.1.0.0
7f5de8d53000-7f5de8d77000 r-xp 00000000 08:03 9707775                    /usr/lib/x86_64-linux-gnu/libglapi.so.0.0.0
7f5de8d77000-7f5de8f77000 ---p 00024000 08:03 9707775                    /usr/lib/x86_64-linux-gnu/libglapi.so.0.0.0
7f5de8f77000-7f5de8f7a000 r--p 00024000 08:03 9707775                    /usr/lib/x86_64-linux-gnu/libglapi.so.0.0.0
7f5de8f7a000-7f5de8f7b000 rw-p 00027000 08:03 9707775                    /usr/lib/x86_64-linux-gnu/libglapi.so.0.0.0
7f5de8f7b000-7f5de8f7c000 rw-p 00000000 00:00 0 
7f5de8f7c000-7f5de8fb9000 r-xp 00000000 08:03 11276290                   /lib/x86_64-linux-gnu/libpcre.so.3.13.1
7f5de8fb9000-7f5de91b8000 ---p 0003d000 08:03 11276290                   /lib/x86_64-linux-gnu/libpcre.so.3.13.1
7f5de91b8000-7f5de91b9000 r--p 0003c000 08:03 11276290                   /lib/x86_64-linux-gnu/libpcre.so.3.13.1
7f5de91b9000-7f5de91ba000 rw-p 0003d000 08:03 11276290                   /lib/x86_64-linux-gnu/libpcre.so.3.13.1
7f5de91ba000-7f5de91c1000 r-xp 00000000 08:03 9707670                    /usr/lib/x86_64-linux-gnu/libffi.so.6.0.1
7f5de91c1000-7f5de93c0000 ---p 00007000 08:03 9707670                    /usr/lib/x86_64-linux-gnu/libffi.so.6.0.1
7f5de93c0000-7f5de93c1000 r--p 00006000 08:03 9707670                    /usr/lib/x86_64-linux-gnu/libffi.so.6.0.1
7f5de93c1000-7f5de93c2000 rw-p 00007000 08:03 9707670                    /usr/lib/x86_64-linux-gnu/libffi.so.6.0.1
7f5de93c2000-7f5de93e9000 r-xp 00000000 08:03 11280221                   /lib/x86_64-linux-gnu/libexpat.so.1.6.0
7f5de93e9000-7f5de95e9000 ---p 00027000 08:03 11280221                   /lib/x86_64-linux-gnu/libexpat.so.1.6.0
7f5de95e9000-7f5de95eb000 r--p 00027000 08:03 11280221                   /lib/x86_64-linux-gnu/libexpat.so.1.6.0
7f5de95eb000-7f5de95ec000 rw-p 00029000 08:03 11280221                   /lib/x86_64-linux-gnu/libexpat.so.1.6.0
7f5de95ec000-7f5de95f4000 r-xp 00000000 08:03 9708314                    /usr/lib/x86_64-linux-gnu/libthai.so.0.2.0
7f5de95f4000-7f5de97f3000 ---p 00008000 08:03 9708314                    /usr/lib/x86_64-linux-gnu/libthai.so.0.2.0
7f5de97f3000-7f5de97f4000 r--p 00007000 08:03 9708314                    /usr/lib/x86_64-linux-gnu/libthai.so.0.2.0
7f5de97f4000-7f5de97f5000 rw-p 00008000 08:03 9708314                    /usr/lib/x86_64-linux-gnu/libthai.so.0.2.0
7f5de97f5000-7f5de9812000 r-xp 00000000 08:03 9708456                    /usr/lib/x86_64-linux-gnu/libxcb.so.1.1.0
7f5de9812000-7f5de9a12000 ---p 0001d000 08:03 9708456                    /usr/lib/x86_64-linux-gnu/libxcb.so.1.1.0
7f5de9a12000-7f5de9a13000 r--p 0001d000 08:03 9708456                    /usr/lib/x86_64-linux-gnu/libxcb.so.1.1.0
7f5de9a13000-7f5de9a14000 rw-p 0001e000 08:03 9708456                    /usr/lib/x86_64-linux-gnu/libxcb.so.1.1.0
7f5de9a14000-7f5de9a1c000 r-xp 00000000 08:03 9708442                    /usr/lib/x86_64-linux-gnu/libxcb-render.so.0.0.0
7f5de9a1c000-7f5de9c1b000 ---p 00008000 08:03 9708442                    /usr/lib/x86_64-linux-gnu/libxcb-render.so.0.0.0
7f5de9c1b000-7f5de9c1c000 r--p 00007000 08:03 9708442                    /usr/lib/x86_64-linux-gnu/libxcb-render.so.0.0.0
7f5de9c1c000-7f5de9c1d000 rw-p 00008000 08:03 9708442                    /usr/lib/x86_64-linux-gnu/libxcb-render.so.0.0.0
7f5de9c1d000-7f5de9c1f000 r-xp 00000000 08:03 9708446                    /usr/lib/x86_64-linux-gnu/libxcb-shm.so.0.0.0
7f5de9c1f000-7f5de9e1e000 ---p 00002000 08:03 9708446                    /usr/lib/x86_64-linux-gnu/libxcb-shm.so.0.0.0
7f5de9e1e000-7f5de9e1f000 r--p 00001000 08:03 9708446                    /usr/lib/x86_64-linux-gnu/libxcb-shm.so.0.0.0
7f5de9e1f000-7f5de9e20000 rw-p 00002000 08:03 9708446                    /usr/lib/x86_64-linux-gnu/libxcb-shm.so.0.0.0
7f5de9e20000-7f5de9e45000 r-xp 00000000 08:03 11276352                   /lib/x86_64-linux-gnu/libpng12.so.0.50.0
7f5de9e45000-7f5dea044000 ---p 00025000 08:03 11276352                   /lib/x86_64-linux-gnu/libpng12.so.0.50.0
7f5dea044000-7f5dea045000 r--p 00024000 08:03 11276352                   /lib/x86_64-linux-gnu/libpng12.so.0.50.0
7f5dea045000-7f5dea046000 rw-p 00025000 08:03 11276352                   /lib/x86_64-linux-gnu/libpng12.so.0.50.0
7f5dea046000-7f5dea0e7000 r-xp 00000000 08:03 9708146                    /usr/lib/x86_64-linux-gnu/libpixman-1.so.0.30.2
7f5dea0e7000-7f5dea2e7000 ---p 000a1000 08:03 9708146                    /usr/lib/x86_64-linux-gnu/libpixman-1.so.0.30.2
7f5dea2e7000-7f5dea2ee000 r--p 000a1000 08:03 9708146                    /usr/lib/x86_64-linux-gnu/libpixman-1.so.0.30.2
7f5dea2ee000-7f5dea2ef000 rw-p 000a8000 08:03 9708146                    /usr/lib/x86_64-linux-gnu/libpixman-1.so.0.30.2
7f5dea2ef000-7f5dea342000 r-xp 00000000 08:03 9707930                    /usr/lib/x86_64-linux-gnu/libharfbuzz.so.0.927.0
7f5dea342000-7f5dea542000 ---p 00053000 08:03 9707930                    /usr/lib/x86_64-linux-gnu/libharfbuzz.so.0.927.0
7f5dea542000-7f5dea543000 r--p 00053000 08:03 9707930                    /usr/lib/x86_64-linux-gnu/libharfbuzz.so.0.927.0
7f5dea543000-7f5dea544000 rw-p 00054000 08:03 9707930                    /usr/lib/x86_64-linux-gnu/libharfbuzz.so.0.927.0
7f5dea544000-7f5dea55b000 r-xp 00000000 08:03 11283434                   /lib/x86_64-linux-gnu/libresolv-2.19.so
7f5dea55b000-7f5dea75b000 ---p 00017000 08:03 11283434                   /lib/x86_64-linux-gnu/libresolv-2.19.so
7f5dea75b000-7f5dea75c000 r--p 00017000 08:03 11283434                   /lib/x86_64-linux-gnu/libresolv-2.19.so
7f5dea75c000-7f5dea75d000 rw-p 00018000 08:03 11283434                   /lib/x86_64-linux-gnu/libresolv-2.19.so
7f5dea75d000-7f5dea75f000 rw-p 00000000 00:00 0 
7f5dea75f000-7f5dea77f000 r-xp 00000000 08:03 11276367                   /lib/x86_64-linux-gnu/libselinux.so.1
7f5dea77f000-7f5dea97e000 ---p 00020000 08:03 11276367                   /lib/x86_64-linux-gnu/libselinux.so.1
7f5dea97e000-7f5dea97f000 r--p 0001f000 08:03 11276367                   /lib/x86_64-linux-gnu/libselinux.so.1
7f5dea97f000-7f5dea980000 rw-p 00020000 08:03 11276367                   /lib/x86_64-linux-gnu/libselinux.so.1
7f5dea980000-7f5dea982000 rw-p 00000000 00:00 0 
7f5dea982000-7f5dea99a000 r-xp 00000000 08:03 11276400                   /lib/x86_64-linux-gnu/libz.so.1.2.8
7f5dea99a000-7f5deab99000 ---p 00018000 08:03 11276400                   /lib/x86_64-linux-gnu/libz.so.1.2.8
7f5deab99000-7f5deab9a000 r--p 00017000 08:03 11276400                   /lib/x86_64-linux-gnu/libz.so.1.2.8
7f5deab9a000-7f5deab9b000 rw-p 00018000 08:03 11276400                   /lib/x86_64-linux-gnu/libz.so.1.2.8
7f5deab9b000-7f5deabac000 r-xp 00000000 08:03 9705975                    /usr/lib/x86_64-linux-gnu/libXext.so.6.4.0
7f5deabac000-7f5deadab000 ---p 00011000 08:03 9705975                    /usr/lib/x86_64-linux-gnu/libXext.so.6.4.0
7f5deadab000-7f5deadac000 r--p 00010000 08:03 9705975                    /usr/lib/x86_64-linux-gnu/libXext.so.6.4.0
7f5deadac000-7f5deadad000 rw-p 00011000 08:03 9705975                    /usr/lib/x86_64-linux-gnu/libXext.so.6.4.0
7f5deadad000-7f5deadaf000 r-xp 00000000 08:03 9707397                    /usr/lib/x86_64-linux-gnu/libXdamage.so.1.1.0
7f5deadaf000-7f5deafae000 ---p 00002000 08:03 9707397                    /usr/lib/x86_64-linux-gnu/libXdamage.so.1.1.0
7f5deafae000-7f5deafaf000 r--p 00001000 08:03 9707397                    /usr/lib/x86_64-linux-gnu/libXdamage.so.1.1.0
7f5deafaf000-7f5deafb0000 rw-p 00002000 08:03 9707397                    /usr/lib/x86_64-linux-gnu/libXdamage.so.1.1.0
7f5deafb0000-7f5deafb2000 r-xp 00000000 08:03 9707393                    /usr/lib/x86_64-linux-gnu/libXcomposite.so.1.0.0
7f5deafb2000-7f5deb1b1000 ---p 00002000 08:03 9707393                    /usr/lib/x86_64-linux-gnu/libXcomposite.so.1.0.0
7f5deb1b1000-7f5deb1b2000 r--p 00001000 08:03 9707393                    /usr/lib/x86_64-linux-gnu/libXcomposite.so.1.0.0
7f5deb1b2000-7f5deb1b3000 rw-p 00002000 08:03 9707393                    /usr/lib/x86_64-linux-gnu/libXcomposite.so.1.0.0
7f5deb1b3000-7f5deb1bc000 r-xp 00000000 08:03 9707395                    /usr/lib/x86_64-linux-gnu/libXcursor.so.1.0.2
7f5deb1bc000-7f5deb3bb000 ---p 00009000 08:03 9707395                    /usr/lib/x86_64-linux-gnu/libXcursor.so.1.0.2
7f5deb3bb000-7f5deb3bc000 r--p 00008000 08:03 9707395                    /usr/lib/x86_64-linux-gnu/libXcursor.so.1.0.2
7f5deb3bc000-7f5deb3bd000 rw-p 00009000 08:03 9707395                    /usr/lib/x86_64-linux-gnu/libXcursor.so.1.0.2
7f5deb3bd000-7f5deb3c6000 r-xp 00000000 08:03 9707421                    /usr/lib/x86_64-linux-gnu/libXrandr.so.2.2.0
7f5deb3c6000-7f5deb5c5000 ---p 00009000 08:03 9707421                    /usr/lib/x86_64-linux-gnu/libXrandr.so.2.2.0
7f5deb5c5000-7f5deb5c6000 r--p 00008000 08:03 9707421                    /usr/lib/x86_64-linux-gnu/libXrandr.so.2.2.0
7f5deb5c6000-7f5deb5c7000 rw-p 00009000 08:03 9707421                    /usr/lib/x86_64-linux-gnu/libXrandr.so.2.2.0
7f5deb5c7000-7f5deb5d6000 r-xp 00000000 08:03 9706596                    /usr/lib/x86_64-linux-gnu/libXi.so.6.1.0
7f5deb5d6000-7f5deb7d5000 ---p 0000f000 08:03 9706596                    /usr/lib/x86_64-linux-gnu/libXi.so.6.1.0
7f5deb7d5000-7f5deb7d6000 r--p 0000e000 08:03 9706596                    /usr/lib/x86_64-linux-gnu/libXi.so.6.1.0
7f5deb7d6000-7f5deb7d7000 rw-p 0000f000 08:03 9706596                    /usr/lib/x86_64-linux-gnu/libXi.so.6.1.0
7f5deb7d7000-7f5deb7d9000 r-xp 00000000 08:03 9707411                    /usr/lib/x86_64-linux-gnu/libXinerama.so.1.0.0
7f5deb7d9000-7f5deb9d8000 ---p 00002000 08:03 9707411                    /usr/lib/x86_64-linux-gnu/libXinerama.so.1.0.0
7f5deb9d8000-7f5deb9d9000 r--p 00001000 08:03 9707411                    /usr/lib/x86_64-linux-gnu/libXinerama.so.1.0.0
7f5deb9d9000-7f5deb9da000 rw-p 00002000 08:03 9707411                    /usr/lib/x86_64-linux-gnu/libXinerama.so.1.0.0
7f5deb9da000-7f5deb9e3000 r-xp 00000000 08:03 9706586                    /usr/lib/x86_64-linux-gnu/libXrender.so.1.3.0
7f5deb9e3000-7f5debbe2000 ---p 00009000 08:03 9706586                    /usr/lib/x86_64-linux-gnu/libXrender.so.1.3.0
7f5debbe2000-7f5debbe3000 r--p 00008000 08:03 9706586                    /usr/lib/x86_64-linux-gnu/libXrender.so.1.3.0
7f5debbe3000-7f5debbe4000 rw-p 00009000 08:03 9706586                    /usr/lib/x86_64-linux-gnu/libXrender.so.1.3.0
7f5debbe4000-7f5debbe9000 r-xp 00000000 08:03 9710704                    /usr/lib/x86_64-linux-gnu/libXfixes.so.3.1.0
7f5debbe9000-7f5debde8000 ---p 00005000 08:03 9710704                    /usr/lib/x86_64-linux-gnu/libXfixes.so.3.1.0
7f5debde8000-7f5debde9000 r--p 00004000 08:03 9710704                    /usr/lib/x86_64-linux-gnu/libXfixes.so.3.1.0
7f5debde9000-7f5debdea000 rw-p 00005000 08:03 9710704                    /usr/lib/x86_64-linux-gnu/libXfixes.so.3.1.0
7f5debdea000-7f5debe00000 r-xp 00000000 08:03 11276264                   /lib/x86_64-linux-gnu/libgcc_s.so.1
7f5debe00000-7f5debfff000 ---p 00016000 08:03 11276264                   /lib/x86_64-linux-gnu/libgcc_s.so.1
7f5debfff000-7f5dec000000 rw-p 00015000 08:03 11276264                   /lib/x86_64-linux-gnu/libgcc_s.so.1
7f5dec000000-7f5dec021000 rw-p 00000000 00:00 0 
7f5dec021000-7f5df0000000 ---p 00000000 00:00 0 
7f5df0000000-7f5df0021000 rw-p 00000000 00:00 0 
7f5df0021000-7f5df4000000 ---p 00000000 00:00 0 
7f5df4000000-7f5df435a000 rw-p 00000000 00:00 0 
7f5df435a000-7f5df8000000 ---p 00000000 00:00 0 
7f5df8000000-7f5df82d0000 rw-p 00000000 00:00 0 
7f5df82d0000-7f5dfc000000 ---p 00000000 00:00 0 
7f5dfc000000-7f5dfc021000 rw-p 00000000 00:00 0 
7f5dfc021000-7f5e00000000 ---p 00000000 00:00 0 
7f5e00000000-7f5e0030b000 rw-p 00000000 00:00 0 
7f5e0030b000-7f5e04000000 ---p 00000000 00:00 0 
7f5e04000000-7f5e04021000 rw-p 00000000 00:00 0 
7f5e04021000-7f5e08000000 ---p 00000000 00:00 0 
7f5e08000000-7f5e08021000 rw-p 00000000 00:00 0 
7f5e08021000-7f5e0c000000 ---p 00000000 00:00 0 
7f5e0c000000-7f5e0c021000 rw-p 00000000 00:00 0 
7f5e0c021000-7f5e10000000 ---p 00000000 00:00 0 
7f5e10000000-7f5e10021000 rw-p 00000000 00:00 0 
7f5e10021000-7f5e14000000 ---p 00000000 00:00 0 
7f5e14000000-7f5e14021000 rw-p 00000000 00:00 0 
7f5e14021000-7f5e18000000 ---p 00000000 00:00 0 
7f5e18000000-7f5e18001000 r--s 00000000 08:03 526163                     /var/cache/fontconfig/c05880de57d1f5e948fdfacc138775d9-le64.cache-4
7f5e18001000-7f5e18003000 r--s 00000000 08:03 527549                     /var/cache/fontconfig/99e8ed0e538f840c565b6ed5dad60d56-le64.cache-4
7f5e18003000-7f5e18004000 r--s 00000000 08:03 526173                     /var/cache/fontconfig/e7071f4a29fa870f4323321c154eba04-le64.cache-4
7f5e18004000-7f5e18005000 r--s 00000000 08:03 526140                     /var/cache/fontconfig/0d8c3b2ac0904cb8a57a757ad11a4a08-le64.cache-4
7f5e18005000-7f5e1800c000 r--s 00000000 08:03 526160                     /var/cache/fontconfig/a755afe4a08bf5b97852ceb7400b47bc-le64.cache-4
7f5e1800c000-7f5e18020000 r--s 00000000 08:03 526138                     /var/cache/fontconfig/04aabc0a78ac019cf9454389977116d2-le64.cache-4
7f5e18020000-7f5e18021000 r--s 00000000 08:03 526142                     /var/cache/fontconfig/1ac9eb803944fde146138c791f5cc56a-le64.cache-4
7f5e18021000-7f5e18025000 r--s 00000000 08:03 526146                     /var/cache/fontconfig/385c0604a188198f04d133e54aba7fe7-le64.cache-4
7f5e18025000-7f5e18026000 r--s 00000000 08:03 526170                     /var/cache/fontconfig/dc05db6664285cc2f12bf69c139ae4c3-le64.cache-4
7f5e18026000-7f5e18028000 r--s 00000000 08:03 526154                     /var/cache/fontconfig/767a8244fc0220cfb567a839d0392e0b-le64.cache-4
7f5e18028000-7f5e18029000 r--s 00000000 08:03 527396                     /var/cache/fontconfig/4794a0821666d79190d59a36cb4f44b5-le64.cache-4
7f5e18029000-7f5e1802f000 r--s 00000000 08:03 526798                     /var/cache/fontconfig/8801497958630a81b71ace7c5f9b32a8-le64.cache-4
7f5e1802f000-7f5e1806a000 r--s 00000000 08:03 526450                     /var/cache/fontconfig/365b55f210c0a22e9a19e35191240f32-le64.cache-4
7f5e1806a000-7f5e18071000 r--s 00000000 08:03 526144                     /var/cache/fontconfig/3047814df9a2f067bd2d96a2b9c36e5a-le64.cache-4
7f5e18071000-7f5e18072000 r--s 00000000 08:03 526150                     /var/cache/fontconfig/56cf4f4769d0f4abc89a4895d7bd3ae1-le64.cache-4
7f5e18072000-7f5e18073000 r--s 00000000 08:03 526162                     /var/cache/fontconfig/b9d506c9ac06c20b433354fa67a72993-le64.cache-4
7f5e18073000-7f5e18079000 r--s 00000000 08:03 526161                     /var/cache/fontconfig/b47c4e1ecd0709278f4910c18777a504-le64.cache-4
7f5e18079000-7f5e18082000 r--s 00000000 08:03 527548                     /var/cache/fontconfig/52f7bdb7ce746bfd7eaa1985bd9cfa93-le64.cache-4
7f5e18082000-7f5e18095000 r--s 00000000 08:03 526167                     /var/cache/fontconfig/d52a8644073d54c13679302ca1180695-le64.cache-4
7f5e18095000-7f5e1809e000 r--s 00000000 08:03 527397                     /var/cache/fontconfig/3f7329c5293ffd510edef78f73874cfd-le64.cache-4
7f5e1809e000-7f5e180a9000 r--s 00000000 08:03 529955                     /var/cache/fontconfig/d589a48862398ed80a3d6066f4f56f4c-le64.cache-4
7f5e180a9000-7f5e180aa000 r--s 00000000 08:03 526139                     /var/cache/fontconfig/0c9eb80ebd1c36541ebe2852d3bb0c49-le64.cache-4
7f5e180aa000-7f5e180b7000 r--s 00000000 08:03 526149                     /var/cache/fontconfig/e13b20fdb08344e0e664864cc2ede53d-le64.cache-4
7f5e180b7000-7f5e180bb000 r--s 00000000 08:03 526224                     /var/cache/fontconfig/7ef2298fde41cc6eeb7af42e48b7d293-le64.cache-4
7f5e180bb000-7f5e180bd000 r--s 0000e000 08:03 4593428                    /home/dexterastin/Java/JavaClass/lib/commons-logging-1.2.jar
7f5e180bd000-7f5e180be000 r--s 00005000 08:03 4593031                    /home/dexterastin/Java/JavaClass/lib/json-simple-1.1.1.jar
7f5e180be000-7f5e180c5000 r--s 00049000 08:03 4593731                    /home/dexterastin/Java/JavaClass/lib/httpcore-4.4.3.jar
7f5e180c5000-7f5e180c7000 r--s 00003000 08:03 4593730                    /home/dexterastin/Java/JavaClass/lib/httpclient-win-4.5.1.jar
7f5e180c7000-7f5e180d4000 r--s 000a6000 08:03 4593727                    /home/dexterastin/Java/JavaClass/lib/httpclient-4.5.1.jar
7f5e180d4000-7f5e180dc000 rw-s 00000000 00:04 111540                     /drm mm object (deleted)
7f5e180dc000-7f5e180e4000 rw-s 00000000 00:04 111539                     /drm mm object (deleted)
7f5e180e4000-7f5e18126000 r--p 00000000 08:03 10761820                   /usr/share/glib-2.0/schemas/gschemas.compiled
7f5e18126000-7f5e1820c000 r-xp 00000000 08:03 9703313                    /usr/lib/x86_64-linux-gnu/libstdc++.so.6.0.19
7f5e1820c000-7f5e1840b000 ---p 000e6000 08:03 9703313                    /usr/lib/x86_64-linux-gnu/libstdc++.so.6.0.19
7f5e1840b000-7f5e18413000 r--p 000e5000 08:03 9703313                    /usr/lib/x86_64-linux-gnu/libstdc++.so.6.0.19
7f5e18413000-7f5e18415000 rw-p 000ed000 08:03 9703313                    /usr/lib/x86_64-linux-gnu/libstdc++.so.6.0.19
7f5e18415000-7f5e1842a000 rw-p 00000000 00:00 0 
7f5e1842a000-7f5e184b6000 r-xp 00000000 08:03 10093974                   /usr/lib/x86_64-linux-gnu/mesa/libGL.so.1.2.0
7f5e184b6000-7f5e186b5000 ---p 0008c000 08:03 10093974                   /usr/lib/x86_64-linux-gnu/mesa/libGL.so.1.2.0
7f5e186b5000-7f5e186b8000 r--p 0008b000 08:03 10093974                   /usr/lib/x86_64-linux-gnu/mesa/libGL.so.1.2.0
7f5e186b8000-7f5e186b9000 rw-p 0008e000 08:03 10093974                   /usr/lib/x86_64-linux-gnu/mesa/libGL.so.1.2.0
7f5e186b9000-7f5e186ba000 rw-p 00000000 00:00 0 
7f5e186ba000-7f5e186be000 r-xp 00000000 08:03 9707439                    /usr/lib/x86_64-linux-gnu/libXxf86vm.so.1.0.0
7f5e186be000-7f5e188be000 ---p 00004000 08:03 9707439                    /usr/lib/x86_64-linux-gnu/libXxf86vm.so.1.0.0
7f5e188be000-7f5e188bf000 r--p 00004000 08:03 9707439                    /usr/lib/x86_64-linux-gnu/libXxf86vm.so.1.0.0
7f5e188bf000-7f5e188c0000 rw-p 00005000 08:03 9707439                    /usr/lib/x86_64-linux-gnu/libXxf86vm.so.1.0.0
7f5e188c0000-7f5e189f0000 r-xp 00000000 08:03 9707384                    /usr/lib/x86_64-linux-gnu/libX11.so.6.3.0
7f5e189f0000-7f5e18bf0000 ---p 00130000 08:03 9707384                    /usr/lib/x86_64-linux-gnu/libX11.so.6.3.0
7f5e18bf0000-7f5e18bf1000 r--p 00130000 08:03 9707384                    /usr/lib/x86_64-linux-gnu/libX11.so.6.3.0
7f5e18bf1000-7f5e18bf5000 rw-p 00131000 08:03 9707384                    /usr/lib/x86_64-linux-gnu/libX11.so.6.3.0
7f5e18bf5000-7f5e18bfa000 r-xp 00000000 08:03 9707429                    /usr/lib/x86_64-linux-gnu/libXtst.so.6.1.0
7f5e18bfa000-7f5e18df9000 ---p 00005000 08:03 9707429                    /usr/lib/x86_64-linux-gnu/libXtst.so.6.1.0
7f5e18df9000-7f5e18dfa000 r--p 00004000 08:03 9707429                    /usr/lib/x86_64-linux-gnu/libXtst.so.6.1.0
7f5e18dfa000-7f5e18dfb000 rw-p 00005000 08:03 9707429                    /usr/lib/x86_64-linux-gnu/libXtst.so.6.1.0
7f5e18dfb000-7f5e18f01000 r-xp 00000000 08:03 11276268                   /lib/x86_64-linux-gnu/libglib-2.0.so.0.4002.0
7f5e18f01000-7f5e19100000 ---p 00106000 08:03 11276268                   /lib/x86_64-linux-gnu/libglib-2.0.so.0.4002.0
7f5e19100000-7f5e19101000 r--p 00105000 08:03 11276268                   /lib/x86_64-linux-gnu/libglib-2.0.so.0.4002.0
7f5e19101000-7f5e19102000 rw-p 00106000 08:03 11276268                   /lib/x86_64-linux-gnu/libglib-2.0.so.0.4002.0
7f5e19102000-7f5e19103000 rw-p 00000000 00:00 0 
7f5e19103000-7f5e19104000 r-xp 00000000 08:03 9707906                    /usr/lib/x86_64-linux-gnu/libgthread-2.0.so.0.4002.0
7f5e19104000-7f5e19303000 ---p 00001000 08:03 9707906                    /usr/lib/x86_64-linux-gnu/libgthread-2.0.so.0.4002.0
7f5e19303000-7f5e19304000 r--p 00000000 08:03 9707906                    /usr/lib/x86_64-linux-gnu/libgthread-2.0.so.0.4002.0
7f5e19304000-7f5e19305000 rw-p 00001000 08:03 9707906                    /usr/lib/x86_64-linux-gnu/libgthread-2.0.so.0.4002.0
7f5e19305000-7f5e19308000 r-xp 00000000 08:03 9707783                    /usr/lib/x86_64-linux-gnu/libgmodule-2.0.so.0.4002.0
7f5e19308000-7f5e19507000 ---p 00003000 08:03 9707783                    /usr/lib/x86_64-linux-gnu/libgmodule-2.0.so.0.4002.0
7f5e19507000-7f5e19508000 r--p 00002000 08:03 9707783                    /usr/lib/x86_64-linux-gnu/libgmodule-2.0.so.0.4002.0
7f5e19508000-7f5e19509000 rw-p 00003000 08:03 9707783                    /usr/lib/x86_64-linux-gnu/libgmodule-2.0.so.0.4002.0
7f5e19509000-7f5e19558000 r-xp 00000000 08:03 9707799                    /usr/lib/x86_64-linux-gnu/libgobject-2.0.so.0.4002.0
7f5e19558000-7f5e19758000 ---p 0004f000 08:03 9707799                    /usr/lib/x86_64-linux-gnu/libgobject-2.0.so.0.4002.0
7f5e19758000-7f5e19759000 r--p 0004f000 08:03 9707799                    /usr/lib/x86_64-linux-gnu/libgobject-2.0.so.0.4002.0
7f5e19759000-7f5e1975a000 rw-p 00050000 08:03 9707799                    /usr/lib/x86_64-linux-gnu/libgobject-2.0.so.0.4002.0
7f5e1975a000-7f5e19794000 r-xp 00000000 08:03 9707684                    /usr/lib/x86_64-linux-gnu/libfontconfig.so.1.8.0
7f5e19794000-7f5e19993000 ---p 0003a000 08:03 9707684                    /usr/lib/x86_64-linux-gnu/libfontconfig.so.1.8.0
7f5e19993000-7f5e19995000 r--p 00039000 08:03 9707684                    /usr/lib/x86_64-linux-gnu/libfontconfig.so.1.8.0
7f5e19995000-7f5e19996000 rw-p 0003b000 08:03 9707684                    /usr/lib/x86_64-linux-gnu/libfontconfig.so.1.8.0
7f5e19996000-7f5e19a33000 r-xp 00000000 08:03 9718020                    /usr/lib/x86_64-linux-gnu/libfreetype.so.6.11.1
7f5e19a33000-7f5e19c32000 ---p 0009d000 08:03 9718020                    /usr/lib/x86_64-linux-gnu/libfreetype.so.6.11.1
7f5e19c32000-7f5e19c38000 r--p 0009c000 08:03 9718020                    /usr/lib/x86_64-linux-gnu/libfreetype.so.6.11.1
7f5e19c38000-7f5e19c39000 rw-p 000a2000 08:03 9718020                    /usr/lib/x86_64-linux-gnu/libfreetype.so.6.11.1
7f5e19c39000-7f5e19c83000 r-xp 00000000 08:03 9708123                    /usr/lib/x86_64-linux-gnu/libpango-1.0.so.0.3600.3
7f5e19c83000-7f5e19e83000 ---p 0004a000 08:03 9708123                    /usr/lib/x86_64-linux-gnu/libpango-1.0.so.0.3600.3
7f5e19e83000-7f5e19e85000 r--p 0004a000 08:03 9708123                    /usr/lib/x86_64-linux-gnu/libpango-1.0.so.0.3600.3
7f5e19e85000-7f5e19e86000 rw-p 0004c000 08:03 9708123                    /usr/lib/x86_64-linux-gnu/libpango-1.0.so.0.3600.3
7f5e19e86000-7f5e19f8c000 r-xp 00000000 08:03 9707519                    /usr/lib/x86_64-linux-gnu/libcairo.so.2.11301.0
7f5e19f8c000-7f5e1a18b000 ---p 00106000 08:03 9707519                    /usr/lib/x86_64-linux-gnu/libcairo.so.2.11301.0
7f5e1a18b000-7f5e1a18e000 r--p 00105000 08:03 9707519                    /usr/lib/x86_64-linux-gnu/libcairo.so.2.11301.0
7f5e1a18e000-7f5e1a18f000 rw-p 00108000 08:03 9707519                    /usr/lib/x86_64-linux-gnu/libcairo.so.2.11301.0
7f5e1a18f000-7f5e1a191000 rw-p 00000000 00:00 0 
7f5e1a191000-7f5e1a19c000 r-xp 00000000 08:03 9708125                    /usr/lib/x86_64-linux-gnu/libpangocairo-1.0.so.0.3600.3
7f5e1a19c000-7f5e1a39c000 ---p 0000b000 08:03 9708125                    /usr/lib/x86_64-linux-gnu/libpangocairo-1.0.so.0.3600.3
7f5e1a39c000-7f5e1a39d000 r--p 0000b000 08:03 9708125                    /usr/lib/x86_64-linux-gnu/libpangocairo-1.0.so.0.3600.3
7f5e1a39d000-7f5e1a39e000 rw-p 0000c000 08:03 9708125                    /usr/lib/x86_64-linux-gnu/libpangocairo-1.0.so.0.3600.3
7f5e1a39e000-7f5e1a3bd000 r-xp 00000000 08:03 9703410                    /usr/lib/x86_64-linux-gnu/libgdk_pixbuf-2.0.so.0.3000.7
7f5e1a3bd000-7f5e1a5bd000 ---p 0001f000 08:03 9703410                    /usr/lib/x86_64-linux-gnu/libgdk_pixbuf-2.0.so.0.3000.7
7f5e1a5bd000-7f5e1a5be000 r--p 0001f000 08:03 9703410                    /usr/lib/x86_64-linux-gnu/libgdk_pixbuf-2.0.so.0.3000.7
7f5e1a5be000-7f5e1a5bf000 rw-p 00020000 08:03 9703410                    /usr/lib/x86_64-linux-gnu/libgdk_pixbuf-2.0.so.0.3000.7
7f5e1a5bf000-7f5e1a5d3000 r-xp 00000000 08:03 9708127                    /usr/lib/x86_64-linux-gnu/libpangoft2-1.0.so.0.3600.3
7f5e1a5d3000-7f5e1a7d2000 ---p 00014000 08:03 9708127                    /usr/lib/x86_64-linux-gnu/libpangoft2-1.0.so.0.3600.3
7f5e1a7d2000-7f5e1a7d3000 r--p 00013000 08:03 9708127                    /usr/lib/x86_64-linux-gnu/libpangoft2-1.0.so.0.3600.3
7f5e1a7d3000-7f5e1a7d4000 rw-p 00014000 08:03 9708127                    /usr/lib/x86_64-linux-gnu/libpangoft2-1.0.so.0.3600.3
7f5e1a7d4000-7f5e1a940000 r-xp 00000000 08:03 9707771                    /usr/lib/x86_64-linux-gnu/libgio-2.0.so.0.4002.0
7f5e1a940000-7f5e1ab3f000 ---p 0016c000 08:03 9707771                    /usr/lib/x86_64-linux-gnu/libgio-2.0.so.0.4002.0
7f5e1ab3f000-7f5e1ab43000 r--p 0016b000 08:03 9707771                    /usr/lib/x86_64-linux-gnu/libgio-2.0.so.0.4002.0
7f5e1ab43000-7f5e1ab45000 rw-p 0016f000 08:03 9707771                    /usr/lib/x86_64-linux-gnu/libgio-2.0.so.0.4002.0
7f5e1ab45000-7f5e1ab47000 rw-p 00000000 00:00 0 
7f5e1ab47000-7f5e1ab66000 r-xp 00000000 08:03 9707480                    /usr/lib/x86_64-linux-gnu/libatk-1.0.so.0.21009.1
7f5e1ab66000-7f5e1ad66000 ---p 0001f000 08:03 9707480                    /usr/lib/x86_64-linux-gnu/libatk-1.0.so.0.21009.1
7f5e1ad66000-7f5e1ad68000 r--p 0001f000 08:03 9707480                    /usr/lib/x86_64-linux-gnu/libatk-1.0.so.0.21009.1
7f5e1ad68000-7f5e1ad69000 rw-p 00021000 08:03 9707480                    /usr/lib/x86_64-linux-gnu/libatk-1.0.so.0.21009.1
7f5e1ad69000-7f5e1ae16000 r-xp 00000000 08:03 9706813                    /usr/lib/x86_64-linux-gnu/libgdk-x11-2.0.so.0.2400.23
7f5e1ae16000-7f5e1b015000 ---p 000ad000 08:03 9706813                    /usr/lib/x86_64-linux-gnu/libgdk-x11-2.0.so.0.2400.23
7f5e1b015000-7f5e1b019000 r--p 000ac000 08:03 9706813                    /usr/lib/x86_64-linux-gnu/libgdk-x11-2.0.so.0.2400.23
7f5e1b019000-7f5e1b01b000 rw-p 000b0000 08:03 9706813                    /usr/lib/x86_64-linux-gnu/libgdk-x11-2.0.so.0.2400.23
7f5e1b01b000-7f5e1b44a000 r-xp 00000000 08:03 9706819                    /usr/lib/x86_64-linux-gnu/libgtk-x11-2.0.so.0.2400.23
7f5e1b44a000-7f5e1b649000 ---p 0042f000 08:03 9706819                    /usr/lib/x86_64-linux-gnu/libgtk-x11-2.0.so.0.2400.23
7f5e1b649000-7f5e1b650000 r--p 0042e000 08:03 9706819                    /usr/lib/x86_64-linux-gnu/libgtk-x11-2.0.so.0.2400.23
7f5e1b650000-7f5e1b654000 rw-p 00435000 08:03 9706819                    /usr/lib/x86_64-linux-gnu/libgtk-x11-2.0.so.0.2400.23
7f5e1b654000-7f5e1b657000 rw-p 00000000 00:00 0 
7f5e1b657000-7f5e1b663000 r-xp 00000000 08:03 3937186                    /usr/lib/jvm/jre1.8.0_51/lib/amd64/libprism_es2.so
7f5e1b663000-7f5e1b862000 ---p 0000c000 08:03 3937186                    /usr/lib/jvm/jre1.8.0_51/lib/amd64/libprism_es2.so
7f5e1b862000-7f5e1b863000 r--p 0000b000 08:03 3937186                    /usr/lib/jvm/jre1.8.0_51/lib/amd64/libprism_es2.so
7f5e1b863000-7f5e1b864000 rw-p 0000c000 08:03 3937186                    /usr/lib/jvm/jre1.8.0_51/lib/amd64/libprism_es2.so
7f5e1b864000-7f5e1b867000 ---p 00000000 00:00 0 
7f5e1b867000-7f5e1b965000 rw-p 00000000 00:00 0                          [stack:9588]
7f5e1b965000-7f5e1b9fa000 r--s 010fb000 08:03 3937228                    /usr/lib/jvm/jre1.8.0_51/lib/ext/jfxrt.jar
7f5e1b9fa000-7f5e1b9fb000 ---p 00000000 00:00 0 
7f5e1b9fb000-7f5e1bafb000 rw-p 00000000 00:00 0                          [stack:9587]
7f5e1bafb000-7f5e1bafe000 ---p 00000000 00:00 0 
7f5e1bafe000-7f5e1bbfc000 rw-p 00000000 00:00 0                          [stack:9586]
7f5e1bbfc000-7f5e1bbff000 ---p 00000000 00:00 0 
7f5e1bbff000-7f5e1bcfd000 rw-p 00000000 00:00 0                          [stack:9585]
7f5e1bcfd000-7f5e1bd00000 ---p 00000000 00:00 0 
7f5e1bd00000-7f5e1bdfe000 rw-p 00000000 00:00 0                          [stack:9584]
7f5e1bdfe000-7f5e1be01000 ---p 00000000 00:00 0 
7f5e1be01000-7f5e1beff000 rw-p 00000000 00:00 0                          [stack:9583]
7f5e1beff000-7f5e1bf02000 ---p 00000000 00:00 0 
7f5e1bf02000-7f5e1c000000 rw-p 00000000 00:00 0                          [stack:9582]
7f5e1c000000-7f5e1c021000 rw-p 00000000 00:00 0 
7f5e1c021000-7f5e20000000 ---p 00000000 00:00 0 
7f5e20000000-7f5e20003000 r--s 00024000 08:03 4593729                    /home/dexterastin/Java/JavaClass/lib/httpclient-cache-4.5.1.jar
7f5e20003000-7f5e2000b000 rw-s 00000000 00:04 111535                     /drm mm object (deleted)
7f5e2000b000-7f5e20011000 r--p 00000000 08:03 3942604                    /home/dexterastin/.config/dconf/user
7f5e20011000-7f5e2002b000 r--p 00000000 08:03 10358167                   /usr/share/locale-langpack/ko/LC_MESSAGES/glib20.mo
7f5e2002b000-7f5e20053000 r--p 00000000 08:03 10358202                   /usr/share/locale-langpack/ko/LC_MESSAGES/gtk20-properties.mo
7f5e20053000-7f5e20079000 r--p 00000000 08:03 10358353                   /usr/share/locale-langpack/ko/LC_MESSAGES/libc.mo
7f5e20079000-7f5e2088c000 r--p 00000000 08:03 9706382                    /usr/lib/locale/locale-archive
7f5e2088c000-7f5e2088f000 ---p 00000000 00:00 0 
7f5e2088f000-7f5e2098d000 rw-p 00000000 00:00 0                          [stack:9581]
7f5e2098d000-7f5e20990000 ---p 00000000 00:00 0 
7f5e20990000-7f5e20a8e000 rw-p 00000000 00:00 0                          [stack:9580]
7f5e20a8e000-7f5e20a8f000 ---p 00000000 00:00 0 
7f5e20a8f000-7f5e24000000 rw-p 00000000 00:00 0                          [stack:9579]
7f5e24000000-7f5e24021000 rw-p 00000000 00:00 0 
7f5e24021000-7f5e28000000 ---p 00000000 00:00 0 
7f5e28000000-7f5e28001000 r--s 00009000 08:03 4593732                    /home/dexterastin/Java/JavaClass/lib/httpmime-4.5.1.jar
7f5e28001000-7f5e28010000 r--p 00000000 08:03 10358204                   /usr/share/locale-langpack/ko/LC_MESSAGES/gtk20.mo
7f5e28010000-7f5e28018000 rw-s 00000000 00:04 111524                     /drm mm object (deleted)
7f5e28018000-7f5e28020000 rw-s 00000000 00:04 111520                     /drm mm object (deleted)
7f5e28020000-7f5e28163000 rw-p 00000000 00:00 0 
7f5e28163000-7f5e2833b000 r--s 03d0c000 08:03 3937214                    /usr/lib/jvm/jre1.8.0_51/lib/rt.jar
7f5e2833b000-7f5e2851b000 rw-p 00000000 00:00 0 
7f5e2851b000-7f5e2851c000 ---p 00000000 00:00 0 
7f5e2851c000-7f5e2861c000 rw-p 00000000 00:00 0                          [stack:9578]
7f5e2861c000-7f5e2861d000 ---p 00000000 00:00 0 
7f5e2861d000-7f5e2871d000 rw-p 00000000 00:00 0                          [stack:9577]
7f5e2871d000-7f5e2871e000 ---p 00000000 00:00 0 
7f5e2871e000-7f5e2881e000 rw-p 00000000 00:00 0                          [stack:9576]
7f5e2881e000-7f5e2881f000 ---p 00000000 00:00 0 
7f5e2881f000-7f5e28933000 rw-p 00000000 00:00 0                          [stack:9575]
7f5e28933000-7f5e28a5f000 ---p 00000000 00:00 0 
7f5e28a5f000-7f5e28a73000 rw-p 00000000 00:00 0 
7f5e28a73000-7f5e28b9f000 ---p 00000000 00:00 0 
7f5e28b9f000-7f5e28bb1000 rw-p 00000000 00:00 0 
7f5e28bb1000-7f5e28c3f000 ---p 00000000 00:00 0 
7f5e28c3f000-7f5e28c54000 rw-p 00000000 00:00 0 
7f5e28c54000-7f5e29000000 ---p 00000000 00:00 0 
7f5e29000000-7f5e29500000 rwxp 00000000 00:00 0 
7f5e29500000-7f5e38000000 ---p 00000000 00:00 0 
7f5e38000000-7f5e383ea000 rw-p 00000000 00:00 0 
7f5e383ea000-7f5e3c000000 ---p 00000000 00:00 0 
7f5e3c000000-7f5e3c001000 rw-s 00000000 00:04 111536                     /drm mm object (deleted)
7f5e3c001000-7f5e3c077000 rw-p 00000000 00:00 0 
7f5e3c077000-7f5e3c091000 r-xp 00000000 08:03 3937165                    /usr/lib/jvm/jre1.8.0_51/lib/amd64/libzip.so
7f5e3c091000-7f5e3c291000 ---p 0001a000 08:03 3937165                    /usr/lib/jvm/jre1.8.0_51/lib/amd64/libzip.so
7f5e3c291000-7f5e3c292000 rw-p 0001a000 08:03 3937165                    /usr/lib/jvm/jre1.8.0_51/lib/amd64/libzip.so
7f5e3c292000-7f5e3c29d000 r-xp 00000000 08:03 11283436                   /lib/x86_64-linux-gnu/libnss_files-2.19.so
7f5e3c29d000-7f5e3c49c000 ---p 0000b000 08:03 11283436                   /lib/x86_64-linux-gnu/libnss_files-2.19.so
7f5e3c49c000-7f5e3c49d000 r--p 0000a000 08:03 11283436                   /lib/x86_64-linux-gnu/libnss_files-2.19.so
7f5e3c49d000-7f5e3c49e000 rw-p 0000b000 08:03 11283436                   /lib/x86_64-linux-gnu/libnss_files-2.19.so
7f5e3c49e000-7f5e3c4a9000 r-xp 00000000 08:03 11283456                   /lib/x86_64-linux-gnu/libnss_nis-2.19.so
7f5e3c4a9000-7f5e3c6a8000 ---p 0000b000 08:03 11283456                   /lib/x86_64-linux-gnu/libnss_nis-2.19.so
7f5e3c6a8000-7f5e3c6a9000 r--p 0000a000 08:03 11283456                   /lib/x86_64-linux-gnu/libnss_nis-2.19.so
7f5e3c6a9000-7f5e3c6aa000 rw-p 0000b000 08:03 11283456                   /lib/x86_64-linux-gnu/libnss_nis-2.19.so
7f5e3c6aa000-7f5e3c6c1000 r-xp 00000000 08:03 11283445                   /lib/x86_64-linux-gnu/libnsl-2.19.so
7f5e3c6c1000-7f5e3c8c0000 ---p 00017000 08:03 11283445                   /lib/x86_64-linux-gnu/libnsl-2.19.so
7f5e3c8c0000-7f5e3c8c1000 r--p 00016000 08:03 11283445                   /lib/x86_64-linux-gnu/libnsl-2.19.so
7f5e3c8c1000-7f5e3c8c2000 rw-p 00017000 08:03 11283445                   /lib/x86_64-linux-gnu/libnsl-2.19.so
7f5e3c8c2000-7f5e3c8c4000 rw-p 00000000 00:00 0 
7f5e3c8c4000-7f5e3c8cd000 r-xp 00000000 08:03 11283444                   /lib/x86_64-linux-gnu/libnss_compat-2.19.so
7f5e3c8cd000-7f5e3cacc000 ---p 00009000 08:03 11283444                   /lib/x86_64-linux-gnu/libnss_compat-2.19.so
7f5e3cacc000-7f5e3cacd000 r--p 00008000 08:03 11283444                   /lib/x86_64-linux-gnu/libnss_compat-2.19.so
7f5e3cacd000-7f5e3cace000 rw-p 00009000 08:03 11283444                   /lib/x86_64-linux-gnu/libnss_compat-2.19.so
7f5e3cace000-7f5e3caf8000 r-xp 00000000 08:03 3937144                    /usr/lib/jvm/jre1.8.0_51/lib/amd64/libjava.so
7f5e3caf8000-7f5e3ccf8000 ---p 0002a000 08:03 3937144                    /usr/lib/jvm/jre1.8.0_51/lib/amd64/libjava.so
7f5e3ccf8000-7f5e3ccfa000 rw-p 0002a000 08:03 3937144                    /usr/lib/jvm/jre1.8.0_51/lib/amd64/libjava.so
7f5e3ccfa000-7f5e3cd07000 r-xp 00000000 08:03 3937159                    /usr/lib/jvm/jre1.8.0_51/lib/amd64/libverify.so
7f5e3cd07000-7f5e3cf07000 ---p 0000d000 08:03 3937159                    /usr/lib/jvm/jre1.8.0_51/lib/amd64/libverify.so
7f5e3cf07000-7f5e3cf09000 rw-p 0000d000 08:03 3937159                    /usr/lib/jvm/jre1.8.0_51/lib/amd64/libverify.so
7f5e3cf09000-7f5e3cf10000 r-xp 00000000 08:03 11283453                   /lib/x86_64-linux-gnu/librt-2.19.so
7f5e3cf10000-7f5e3d10f000 ---p 00007000 08:03 11283453                   /lib/x86_64-linux-gnu/librt-2.19.so
7f5e3d10f000-7f5e3d110000 r--p 00006000 08:03 11283453                   /lib/x86_64-linux-gnu/librt-2.19.so
7f5e3d110000-7f5e3d111000 rw-p 00007000 08:03 11283453                   /lib/x86_64-linux-gnu/librt-2.19.so
7f5e3d111000-7f5e3d216000 r-xp 00000000 08:03 11283435                   /lib/x86_64-linux-gnu/libm-2.19.so
7f5e3d216000-7f5e3d415000 ---p 00105000 08:03 11283435                   /lib/x86_64-linux-gnu/libm-2.19.so
7f5e3d415000-7f5e3d416000 r--p 00104000 08:03 11283435                   /lib/x86_64-linux-gnu/libm-2.19.so
7f5e3d416000-7f5e3d417000 rw-p 00105000 08:03 11283435                   /lib/x86_64-linux-gnu/libm-2.19.so
7f5e3d417000-7f5e3e0c5000 r-xp 00000000 08:03 3937180                    /usr/lib/jvm/jre1.8.0_51/lib/amd64/server/libjvm.so
7f5e3e0c5000-7f5e3e2c5000 ---p 00cae000 08:03 3937180                    /usr/lib/jvm/jre1.8.0_51/lib/amd64/server/libjvm.so
7f5e3e2c5000-7f5e3e39c000 rw-p 00cae000 08:03 3937180                    /usr/lib/jvm/jre1.8.0_51/lib/amd64/server/libjvm.so
7f5e3e39c000-7f5e3e3e0000 rw-p 00000000 00:00 0 
7f5e3e3e0000-7f5e3e59b000 r-xp 00000000 08:03 11283450                   /lib/x86_64-linux-gnu/libc-2.19.so
7f5e3e59b000-7f5e3e79a000 ---p 001bb000 08:03 11283450                   /lib/x86_64-linux-gnu/libc-2.19.so
7f5e3e79a000-7f5e3e79e000 r--p 001ba000 08:03 11283450                   /lib/x86_64-linux-gnu/libc-2.19.so
7f5e3e79e000-7f5e3e7a0000 rw-p 001be000 08:03 11283450                   /lib/x86_64-linux-gnu/libc-2.19.so
7f5e3e7a0000-7f5e3e7a5000 rw-p 00000000 00:00 0 
7f5e3e7a5000-7f5e3e7a8000 r-xp 00000000 08:03 11283439                   /lib/x86_64-linux-gnu/libdl-2.19.so
7f5e3e7a8000-7f5e3e9a7000 ---p 00003000 08:03 11283439                   /lib/x86_64-linux-gnu/libdl-2.19.so
7f5e3e9a7000-7f5e3e9a8000 r--p 00002000 08:03 11283439                   /lib/x86_64-linux-gnu/libdl-2.19.so
7f5e3e9a8000-7f5e3e9a9000 rw-p 00003000 08:03 11283439                   /lib/x86_64-linux-gnu/libdl-2.19.so
7f5e3e9a9000-7f5e3e9be000 r-xp 00000000 08:03 3937154                    /usr/lib/jvm/jre1.8.0_51/lib/amd64/jli/libjli.so
7f5e3e9be000-7f5e3ebbe000 ---p 00015000 08:03 3937154                    /usr/lib/jvm/jre1.8.0_51/lib/amd64/jli/libjli.so
7f5e3ebbe000-7f5e3ebbf000 rw-p 00015000 08:03 3937154                    /usr/lib/jvm/jre1.8.0_51/lib/amd64/jli/libjli.so
7f5e3ebbf000-7f5e3ebd8000 r-xp 00000000 08:03 11283451                   /lib/x86_64-linux-gnu/libpthread-2.19.so
7f5e3ebd8000-7f5e3edd7000 ---p 00019000 08:03 11283451                   /lib/x86_64-linux-gnu/libpthread-2.19.so
7f5e3edd7000-7f5e3edd8000 r--p 00018000 08:03 11283451                   /lib/x86_64-linux-gnu/libpthread-2.19.so
7f5e3edd8000-7f5e3edd9000 rw-p 00019000 08:03 11283451                   /lib/x86_64-linux-gnu/libpthread-2.19.so
7f5e3edd9000-7f5e3eddd000 rw-p 00000000 00:00 0 
7f5e3eddd000-7f5e3ee00000 r-xp 00000000 08:03 11283447                   /lib/x86_64-linux-gnu/ld-2.19.so
7f5e3ee00000-7f5e3ee01000 r--s 00000000 00:15 113204                     /run/user/1000/dconf/user
7f5e3ee01000-7f5e3ee08000 r--s 00000000 08:03 10101283                   /usr/lib/x86_64-linux-gnu/gconv/gconv-modules.cache
7f5e3ee08000-7f5e3eeda000 rw-p 00000000 00:00 0 
7f5e3eeda000-7f5e3eedd000 ---p 00000000 00:00 0 
7f5e3eedd000-7f5e3efdf000 rw-p 00000000 00:00 0                          [stack:9574]
7f5e3efdf000-7f5e3efe0000 rw-s 00000000 00:04 111521                     /drm mm object (deleted)
7f5e3efe0000-7f5e3eff3000 rw-p 00000000 00:00 0 
7f5e3eff3000-7f5e3effb000 rw-s 00000000 08:03 8258281                    /tmp/hsperfdata_dexterastin/9569
7f5e3effb000-7f5e3effc000 rw-p 00000000 00:00 0 
7f5e3effc000-7f5e3effd000 r--p 00000000 00:00 0 
7f5e3effd000-7f5e3efff000 rw-p 00000000 00:00 0 
7f5e3efff000-7f5e3f000000 r--p 00022000 08:03 11283447                   /lib/x86_64-linux-gnu/ld-2.19.so
7f5e3f000000-7f5e3f001000 rw-p 00023000 08:03 11283447                   /lib/x86_64-linux-gnu/ld-2.19.so
7f5e3f001000-7f5e3f002000 rw-p 00000000 00:00 0 
7ffda434f000-7ffda4370000 rw-p 00000000 00:00 0                          [stack]
7ffda43cc000-7ffda43ce000 r-xp 00000000 00:00 0                          [vdso]
7ffda43ce000-7ffda43d0000 r--p 00000000 00:00 0                          [vvar]
ffffffffff600000-ffffffffff601000 r-xp 00000000 00:00 0                  [vsyscall]

VM Arguments:
jvm_args: -Dfile.encoding=UTF-8 
java_command: org.dimigo.pay.ShopMain
java_class_path (initial): /home/dexterastin/git/OnlyOne/Pay/bin:/home/dexterastin/Java/JavaClass/lib/httpclient-4.5.1.jar:/home/dexterastin/Java/JavaClass/lib/httpclient-cache-4.5.1.jar:/home/dexterastin/Java/JavaClass/lib/httpclient-win-4.5.1.jar:/home/dexterastin/Java/JavaClass/lib/httpcore-4.4.3.jar:/home/dexterastin/Java/JavaClass/lib/httpmime-4.5.1.jar:/home/dexterastin/Java/JavaClass/lib/json-simple-1.1.1.jar:/home/dexterastin/Java/JavaClass/lib/commons-logging-1.2.jar
Launcher Type: SUN_STANDARD

Environment Variables:
JAVA_HOME=/usr/lib/jvm/java-7-oracle
PATH=/usr/local/sbin:/usr/local/bin:/usr/sbin:/usr/bin:/sbin:/bin:/usr/games:/usr/local/games:/usr/lib/java/jdk1.8.0_51:/usr/lib/jvm/java-7-oracle/bin:/usr/lib/jvm/java-7-oracle/db/bin:/usr/lib/jvm/java-7-oracle/jre/bin:/usr/local/go/bin
SHELL=/bin/bash
DISPLAY=:0

Signal Handlers:
SIGSEGV: [libjvm.so+0xaad540], sa_mask[0]=11111111011111111101111111111110, sa_flags=SA_RESTART|SA_SIGINFO
SIGBUS: [libjvm.so+0xaad540], sa_mask[0]=11111111011111111101111111111110, sa_flags=SA_RESTART|SA_SIGINFO
SIGFPE: [libjvm.so+0x90b6b0], sa_mask[0]=11111111011111111101111111111110, sa_flags=SA_RESTART|SA_SIGINFO
SIGPIPE: SIG_IGN, sa_mask[0]=00000000000010000000000000000000, sa_flags=SA_RESTART
SIGXFSZ: [libjvm.so+0x90b6b0], sa_mask[0]=11111111011111111101111111111110, sa_flags=SA_RESTART|SA_SIGINFO
SIGILL: [libjvm.so+0x90b6b0], sa_mask[0]=11111111011111111101111111111110, sa_flags=SA_RESTART|SA_SIGINFO
SIGUSR1: SIG_DFL, sa_mask[0]=00000000000000000000000000000000, sa_flags=none
SIGUSR2: [libjvm.so+0x90ccf0], sa_mask[0]=00100000000000000000000000000000, sa_flags=SA_RESTART|SA_SIGINFO
SIGHUP: [libjvm.so+0x90e040], sa_mask[0]=11111111011111111101111111111110, sa_flags=SA_RESTART|SA_SIGINFO
SIGINT: [libjvm.so+0x90e040], sa_mask[0]=11111111011111111101111111111110, sa_flags=SA_RESTART|SA_SIGINFO
SIGTERM: [libjvm.so+0x90e040], sa_mask[0]=11111111011111111101111111111110, sa_flags=SA_RESTART|SA_SIGINFO
SIGQUIT: [libjvm.so+0x90e040], sa_mask[0]=11111111011111111101111111111110, sa_flags=SA_RESTART|SA_SIGINFO


---------------  S Y S T E M  ---------------

OS:DISTRIB_ID=Ubuntu
DISTRIB_RELEASE=14.04
DISTRIB_CODENAME=trusty
DISTRIB_DESCRIPTION="Ubuntu 14.04.3 LTS"

uname:Linux 3.16.0-49-generic #65~14.04.1-Ubuntu SMP Wed Sep 9 10:03:23 UTC 2015 x86_64
libc:glibc 2.19 NPTL 2.19 
rlimit: STACK 8192k, CORE 0k, NPROC 15271, NOFILE 4096, AS infinity
load average:0.17 0.37 0.41

/proc/meminfo:
MemTotal:        3930944 kB
MemFree:          580328 kB
MemAvailable:    1060308 kB
Buffers:           44960 kB
Cached:          1042644 kB
SwapCached:         1716 kB
Active:          2161748 kB
Inactive:         961152 kB
Active(anon):    1790960 kB
Inactive(anon):   709156 kB
Active(file):     370788 kB
Inactive(file):   251996 kB
Unevictable:          48 kB
Mlocked:              48 kB
SwapTotal:      14401532 kB
SwapFree:       14350228 kB
Dirty:                68 kB
Writeback:             0 kB
AnonPages:       2033900 kB
Mapped:           437604 kB
Shmem:            464820 kB
Slab:              86256 kB
SReclaimable:      52280 kB
SUnreclaim:        33976 kB
KernelStack:       10096 kB
PageTables:        42376 kB
NFS_Unstable:          0 kB
Bounce:                0 kB
WritebackTmp:          0 kB
CommitLimit:    16367004 kB
Committed_AS:    6630096 kB
VmallocTotal:   34359738367 kB
VmallocUsed:      366508 kB
VmallocChunk:   34359361020 kB
HardwareCorrupted:     0 kB
AnonHugePages:   1087488 kB
HugePages_Total:       0
HugePages_Free:        0
HugePages_Rsvd:        0
HugePages_Surp:        0
Hugepagesize:       2048 kB
DirectMap4k:       79772 kB
DirectMap2M:     3997696 kB


CPU:total 4 (2 cores per cpu, 2 threads per core) family 6 model 58 stepping 9, cmov, cx8, fxsr, mmx, sse, sse2, sse3, ssse3, sse4.1, sse4.2, popcnt, avx, aes, clmul, erms, ht, tsc, tscinvbit, tscinv

/proc/cpuinfo:
processor	: 0
vendor_id	: GenuineIntel
cpu family	: 6
model		: 58
model name	: Intel(R) Core(TM) i5-3230M CPU @ 2.60GHz
stepping	: 9
microcode	: 0x17
cpu MHz		: 1248.609
cache size	: 3072 KB
physical id	: 0
siblings	: 4
core id		: 0
cpu cores	: 2
apicid		: 0
initial apicid	: 0
fpu		: yes
fpu_exception	: yes
cpuid level	: 13
wp		: yes
flags		: fpu vme de pse tsc msr pae mce cx8 apic sep mtrr pge mca cmov pat pse36 clflush dts acpi mmx fxsr sse sse2 ss ht tm pbe syscall nx rdtscp lm constant_tsc arch_perfmon pebs bts rep_good nopl xtopology nonstop_tsc aperfmperf eagerfpu pni pclmulqdq dtes64 monitor ds_cpl vmx est tm2 ssse3 cx16 xtpr pdcm pcid sse4_1 sse4_2 x2apic popcnt tsc_deadline_timer aes xsave avx f16c rdrand lahf_lm ida arat epb xsaveopt pln pts dtherm tpr_shadow vnmi flexpriority ept vpid fsgsbase smep erms
bogomips	: 5188.16
clflush size	: 64
cache_alignment	: 64
address sizes	: 36 bits physical, 48 bits virtual
power management:

processor	: 1
vendor_id	: GenuineIntel
cpu family	: 6
model		: 58
model name	: Intel(R) Core(TM) i5-3230M CPU @ 2.60GHz
stepping	: 9
microcode	: 0x17
cpu MHz		: 1214.992
cache size	: 3072 KB
physical id	: 0
siblings	: 4
core id		: 1
cpu cores	: 2
apicid		: 2
initial apicid	: 2
fpu		: yes
fpu_exception	: yes
cpuid level	: 13
wp		: yes
flags		: fpu vme de pse tsc msr pae mce cx8 apic sep mtrr pge mca cmov pat pse36 clflush dts acpi mmx fxsr sse sse2 ss ht tm pbe syscall nx rdtscp lm constant_tsc arch_perfmon pebs bts rep_good nopl xtopology nonstop_tsc aperfmperf eagerfpu pni pclmulqdq dtes64 monitor ds_cpl vmx est tm2 ssse3 cx16 xtpr pdcm pcid sse4_1 sse4_2 x2apic popcnt tsc_deadline_timer aes xsave avx f16c rdrand lahf_lm ida arat epb xsaveopt pln pts dtherm tpr_shadow vnmi flexpriority ept vpid fsgsbase smep erms
bogomips	: 5188.16
clflush size	: 64
cache_alignment	: 64
address sizes	: 36 bits physical, 48 bits virtual
power management:

processor	: 2
vendor_id	: GenuineIntel
cpu family	: 6
model		: 58
model name	: Intel(R) Core(TM) i5-3230M CPU @ 2.60GHz
stepping	: 9
microcode	: 0x17
cpu MHz		: 1210.421
cache size	: 3072 KB
physical id	: 0
siblings	: 4
core id		: 0
cpu cores	: 2
apicid		: 1
initial apicid	: 1
fpu		: yes
fpu_exception	: yes
cpuid level	: 13
wp		: yes
flags		: fpu vme de pse tsc msr pae mce cx8 apic sep mtrr pge mca cmov pat pse36 clflush dts acpi mmx fxsr sse sse2 ss ht tm pbe syscall nx rdtscp lm constant_tsc arch_perfmon pebs bts rep_good nopl xtopology nonstop_tsc aperfmperf eagerfpu pni pclmulqdq dtes64 monitor ds_cpl vmx est tm2 ssse3 cx16 xtpr pdcm pcid sse4_1 sse4_2 x2apic popcnt tsc_deadline_timer aes xsave avx f16c rdrand lahf_lm ida arat epb xsaveopt pln pts dtherm tpr_shadow vnmi flexpriority ept vpid fsgsbase smep erms
bogomips	: 5188.16
clflush size	: 64
cache_alignment	: 64
address sizes	: 36 bits physical, 48 bits virtual
power management:

processor	: 3
vendor_id	: GenuineIntel
cpu family	: 6
model		: 58
model name	: Intel(R) Core(TM) i5-3230M CPU @ 2.60GHz
stepping	: 9
microcode	: 0x17
cpu MHz		: 1232.359
cache size	: 3072 KB
physical id	: 0
siblings	: 4
core id		: 1
cpu cores	: 2
apicid		: 3
initial apicid	: 3
fpu		: yes
fpu_exception	: yes
cpuid level	: 13
wp		: yes
flags		: fpu vme de pse tsc msr pae mce cx8 apic sep mtrr pge mca cmov pat pse36 clflush dts acpi mmx fxsr sse sse2 ss ht tm pbe syscall nx rdtscp lm constant_tsc arch_perfmon pebs bts rep_good nopl xtopology nonstop_tsc aperfmperf eagerfpu pni pclmulqdq dtes64 monitor ds_cpl vmx est tm2 ssse3 cx16 xtpr pdcm pcid sse4_1 sse4_2 x2apic popcnt tsc_deadline_timer aes xsave avx f16c rdrand lahf_lm ida arat epb xsaveopt pln pts dtherm tpr_shadow vnmi flexpriority ept vpid fsgsbase smep erms
bogomips	: 5188.16
clflush size	: 64
cache_alignment	: 64
address sizes	: 36 bits physical, 48 bits virtual
power management:



Memory: 4k page, physical 3930944k(580328k free), swap 14401532k(14350228k free)

vm_info: Java HotSpot(TM) 64-Bit Server VM (25.51-b03) for linux-amd64 JRE (1.8.0_51-b16), built on Jun  8 2015 19:28:07 by "java_re" with gcc 4.3.0 20080428 (Red Hat 4.3.0-8)

time: Sat Nov 28 16:10:25 2015
elapsed time: 3 seconds (0d 0h 0m 3s)

